L 08/19/2025 - 10:03:13: Start of error session.
L 08/19/2025 - 10:03:13: Info (map "(null)") (file "addons/amxmodx/logs/error_20250819.log")
L 08/19/2025 - 10:03:13: Unable to load library "engine" (gameconf "common.games")
L 08/19/2025 - 10:03:13: Unable to load library "engine" (gameconf "common.games")
L 08/19/2025 - 10:03:13: Unable to load library "engine" (gameconf "common.games")
L 08/19/2025 - 10:03:13: Unable to load library "engine" (gameconf "common.games")
L 08/19/2025 - 10:03:13: Unable to load library "engine" (gameconf "common.games")
L 08/19/2025 - 10:03:21: Start of error session.
L 08/19/2025 - 10:03:21: Info (map "aim_map_2010") (file "addons/amxmodx/logs/error_20250819.log")
L 08/19/2025 - 10:03:21: [CSTRIKE] Invalid player 1 (not in-game)
L 08/19/2025 - 10:03:21: [AMXX] Displaying debug trace (plugin "roundend_blocker_xashsafe.amxx", version "0.9.1")
L 08/19/2025 - 10:03:21: [AMXX] Run time error 10: native error (native "cs_set_user_team")
L 08/19/2025 - 10:03:21: [AMXX]    [0] roundend_blocker_xashsafe.sma::ensure_keeper_for (line 127)
L 08/19/2025 - 10:03:21: [AMXX]    [1] roundend_blocker_xashsafe.sma::Task_EnsureKeepers (line 91)
L 08/19/2025 - 10:03:35: [CSTRIKE] Invalid player 6 (not in-game)
L 08/19/2025 - 10:03:35: [AMXX] Displaying debug trace (plugin "roundend_blocker_xashsafe.amxx", version "0.9.1")
L 08/19/2025 - 10:03:35: [AMXX] Run time error 10: native error (native "cs_set_user_team")
L 08/19/2025 - 10:03:35: [AMXX]    [0] roundend_blocker_xashsafe.sma::ensure_keeper_for (line 127)
L 08/19/2025 - 10:03:35: [AMXX]    [1] roundend_blocker_xashsafe.sma::Task_EnsureKeepers (line 92)
L 08/19/2025 - 10:07:46: Start of error session.
L 08/19/2025 - 10:07:46: Info (map "aim_map_2010") (file "addons/amxmodx/logs/error_20250819.log")
L 08/19/2025 - 10:07:46: [CSTRIKE] Invalid player 6 (not in-game)
L 08/19/2025 - 10:07:46: [AMXX] Displaying debug trace (plugin "roundend_blocker_xashsafe.amxx", version "0.9.1")
L 08/19/2025 - 10:07:46: [AMXX] Run time error 10: native error (native "cs_set_user_team")
L 08/19/2025 - 10:07:46: [AMXX]    [0] roundend_blocker_xashsafe.sma::ensure_keeper_for (line 127)
L 08/19/2025 - 10:07:46: [AMXX]    [1] roundend_blocker_xashsafe.sma::Task_EnsureKeepers (line 91)
L 08/19/2025 - 10:08:50: [CSTRIKE] Invalid player 7 (not in-game)
L 08/19/2025 - 10:08:50: [AMXX] Displaying debug trace (plugin "roundend_blocker_xashsafe.amxx", version "0.9.1")
L 08/19/2025 - 10:08:50: [AMXX] Run time error 10: native error (native "cs_set_user_team")
L 08/19/2025 - 10:08:50: [AMXX]    [0] roundend_blocker_xashsafe.sma::ensure_keeper_for (line 127)
L 08/19/2025 - 10:08:50: [AMXX]    [1] roundend_blocker_xashsafe.sma::Task_EnsureKeepers (line 92)
L 08/19/2025 - 10:14:59: Start of error session.
L 08/19/2025 - 10:14:59: Info (map "aim_map_2010") (file "addons/amxmodx/logs/error_20250819.log")
L 08/19/2025 - 10:14:59: [CSTRIKE] Invalid player 3 (not in-game)
L 08/19/2025 - 10:14:59: [AMXX] Displaying debug trace (plugin "roundend_blocker_xashsafe.amxx", version "0.9.1")
L 08/19/2025 - 10:14:59: [AMXX] Run time error 10: native error (native "cs_set_user_team")
L 08/19/2025 - 10:14:59: [AMXX]    [0] roundend_blocker_xashsafe.sma::ensure_keeper_for (line 127)
L 08/19/2025 - 10:14:59: [AMXX]    [1] roundend_blocker_xashsafe.sma::Task_EnsureKeepers (line 91)
L 08/19/2025 - 10:15:12: [CSTRIKE] Invalid player 10 (not in-game)
L 08/19/2025 - 10:15:12: [AMXX] Displaying debug trace (plugin "roundend_blocker_xashsafe.amxx", version "0.9.1")
L 08/19/2025 - 10:15:12: [AMXX] Run time error 10: native error (native "cs_set_user_team")
L 08/19/2025 - 10:15:12: [AMXX]    [0] roundend_blocker_xashsafe.sma::ensure_keeper_for (line 127)
L 08/19/2025 - 10:15:12: [AMXX]    [1] roundend_blocker_xashsafe.sma::Task_EnsureKeepers (line 92)
L 08/19/2025 - 11:00:12: Start of error session.
L 08/19/2025 - 11:00:12: Info (map "fy_pool_day") (file "addons/amxmodx/logs/error_20250819.log")
L 08/19/2025 - 11:00:12: [CSTRIKE] Invalid player 2 (not in-game)
L 08/19/2025 - 11:00:12: [AMXX] Displaying debug trace (plugin "roundend_blocker_xashsafe.amxx", version "0.9.1")
L 08/19/2025 - 11:00:12: [AMXX] Run time error 10: native error (native "cs_set_user_team")
L 08/19/2025 - 11:00:12: [AMXX]    [0] roundend_blocker_xashsafe.sma::ensure_keeper_for (line 127)
L 08/19/2025 - 11:00:12: [AMXX]    [1] roundend_blocker_xashsafe.sma::Task_EnsureKeepers (line 91)
L 08/19/2025 - 11:00:26: [CSTRIKE] Invalid player 11 (not in-game)
L 08/19/2025 - 11:00:26: [AMXX] Displaying debug trace (plugin "roundend_blocker_xashsafe.amxx", version "0.9.1")
L 08/19/2025 - 11:00:26: [AMXX] Run time error 10: native error (native "cs_set_user_team")
L 08/19/2025 - 11:00:26: [AMXX]    [0] roundend_blocker_xashsafe.sma::ensure_keeper_for (line 127)
L 08/19/2025 - 11:00:26: [AMXX]    [1] roundend_blocker_xashsafe.sma::Task_EnsureKeepers (line 92)
L 08/19/2025 - 11:41:01: Start of error session.
L 08/19/2025 - 11:41:01: Info (map "(null)") (file "addons/amxmodx/logs/error_20250819.log")
L 08/19/2025 - 11:41:01: Unable to load library "engine" (gameconf "common.games")
L 08/19/2025 - 11:41:01: Unable to load library "engine" (gameconf "common.games")
L 08/19/2025 - 11:41:01: Unable to load library "engine" (gameconf "common.games")
L 08/19/2025 - 11:41:01: Unable to load library "engine" (gameconf "common.games")
L 08/19/2025 - 11:41:01: Unable to load library "engine" (gameconf "common.games")
L 08/19/2025 - 11:41:04: Start of error session.
L 08/19/2025 - 11:41:04: Info (map "aim_map_2010") (file "addons/amxmodx/logs/error_20250819.log")
L 08/19/2025 - 11:41:04: [CSTRIKE] Invalid player 1 (not in-game)
L 08/19/2025 - 11:41:04: [AMXX] Displaying debug trace (plugin "roundend_blocker_xashsafe.amxx", version "0.9.1")
L 08/19/2025 - 11:41:04: [AMXX] Run time error 10: native error (native "cs_set_user_team")
L 08/19/2025 - 11:41:04: [AMXX]    [0] roundend_blocker_xashsafe.sma::ensure_keeper_for (line 127)
L 08/19/2025 - 11:41:04: [AMXX]    [1] roundend_blocker_xashsafe.sma::Task_EnsureKeepers (line 91)
L 08/19/2025 - 11:41:18: [CSTRIKE] Invalid player 6 (not in-game)
L 08/19/2025 - 11:41:18: [AMXX] Displaying debug trace (plugin "roundend_blocker_xashsafe.amxx", version "0.9.1")
L 08/19/2025 - 11:41:18: [AMXX] Run time error 10: native error (native "cs_set_user_team")
L 08/19/2025 - 11:41:18: [AMXX]    [0] roundend_blocker_xashsafe.sma::ensure_keeper_for (line 127)
L 08/19/2025 - 11:41:18: [AMXX]    [1] roundend_blocker_xashsafe.sma::Task_EnsureKeepers (line 92)
L 08/19/2025 - 11:43:04: Start of error session.
L 08/19/2025 - 11:43:04: Info (map "aim_map_2010") (file "addons/amxmodx/logs/error_20250819.log")
L 08/19/2025 - 11:43:04: [CSTRIKE] Invalid player 3 (not in-game)
L 08/19/2025 - 11:43:04: [AMXX] Displaying debug trace (plugin "roundend_blocker_xashsafe.amxx", version "0.9.1")
L 08/19/2025 - 11:43:04: [AMXX] Run time error 10: native error (native "cs_set_user_team")
L 08/19/2025 - 11:43:04: [AMXX]    [0] roundend_blocker_xashsafe.sma::ensure_keeper_for (line 127)
L 08/19/2025 - 11:43:04: [AMXX]    [1] roundend_blocker_xashsafe.sma::Task_EnsureKeepers (line 91)
L 08/19/2025 - 11:43:14: Start of error session.
L 08/19/2025 - 11:43:14: Info (map "aim_map_2010") (file "addons/amxmodx/logs/error_20250819.log")
L 08/19/2025 - 11:43:14: [CSTRIKE] Invalid player 3 (not in-game)
L 08/19/2025 - 11:43:14: [AMXX] Displaying debug trace (plugin "roundend_blocker_xashsafe.amxx", version "0.9.1")
L 08/19/2025 - 11:43:14: [AMXX] Run time error 10: native error (native "cs_set_user_team")
L 08/19/2025 - 11:43:14: [AMXX]    [0] roundend_blocker_xashsafe.sma::ensure_keeper_for (line 127)
L 08/19/2025 - 11:43:14: [AMXX]    [1] roundend_blocker_xashsafe.sma::Task_EnsureKeepers (line 91)
L 08/19/2025 - 11:43:27: [CSTRIKE] Invalid player 7 (not in-game)
L 08/19/2025 - 11:43:27: [AMXX] Displaying debug trace (plugin "roundend_blocker_xashsafe.amxx", version "0.9.1")
L 08/19/2025 - 11:43:27: [AMXX] Run time error 10: native error (native "cs_set_user_team")
L 08/19/2025 - 11:43:27: [AMXX]    [0] roundend_blocker_xashsafe.sma::ensure_keeper_for (line 127)
L 08/19/2025 - 11:43:27: [AMXX]    [1] roundend_blocker_xashsafe.sma::Task_EnsureKeepers (line 92)
L 08/19/2025 - 11:45:28: Start of error session.
L 08/19/2025 - 11:45:28: Info (map "(null)") (file "addons/amxmodx/logs/error_20250819.log")
L 08/19/2025 - 11:45:28: Unable to load library "engine" (gameconf "common.games")
L 08/19/2025 - 11:45:28: Unable to load library "engine" (gameconf "common.games")
L 08/19/2025 - 11:45:28: Unable to load library "engine" (gameconf "common.games")
L 08/19/2025 - 11:45:28: Unable to load library "engine" (gameconf "common.games")
L 08/19/2025 - 11:45:28: Unable to load library "engine" (gameconf "common.games")
L 08/19/2025 - 11:45:31: Start of error session.
L 08/19/2025 - 11:45:31: Info (map "aim_map_2010") (file "addons/amxmodx/logs/error_20250819.log")
L 08/19/2025 - 11:45:31: [CSTRIKE] Invalid player 1 (not in-game)
L 08/19/2025 - 11:45:31: [AMXX] Displaying debug trace (plugin "roundend_blocker_xashsafe.amxx", version "0.9.1")
L 08/19/2025 - 11:45:31: [AMXX] Run time error 10: native error (native "cs_set_user_team")
L 08/19/2025 - 11:45:31: [AMXX]    [0] roundend_blocker_xashsafe.sma::ensure_keeper_for (line 127)
L 08/19/2025 - 11:45:31: [AMXX]    [1] roundend_blocker_xashsafe.sma::Task_EnsureKeepers (line 91)
L 08/19/2025 - 11:45:46: [CSTRIKE] Invalid player 6 (not in-game)
L 08/19/2025 - 11:45:46: [AMXX] Displaying debug trace (plugin "roundend_blocker_xashsafe.amxx", version "0.9.1")
L 08/19/2025 - 11:45:46: [AMXX] Run time error 10: native error (native "cs_set_user_team")
L 08/19/2025 - 11:45:46: [AMXX]    [0] roundend_blocker_xashsafe.sma::ensure_keeper_for (line 127)
L 08/19/2025 - 11:45:46: [AMXX]    [1] roundend_blocker_xashsafe.sma::Task_EnsureKeepers (line 92)
L 08/19/2025 - 11:55:46: Start of error session.
L 08/19/2025 - 11:55:46: Info (map "fy_simpsons") (file "addons/amxmodx/logs/error_20250819.log")
L 08/19/2025 - 11:55:46: [CSTRIKE] Invalid player 2 (not in-game)
L 08/19/2025 - 11:55:46: [AMXX] Displaying debug trace (plugin "roundend_blocker_xashsafe.amxx", version "0.9.1")
L 08/19/2025 - 11:55:46: [AMXX] Run time error 10: native error (native "cs_set_user_team")
L 08/19/2025 - 11:55:46: [AMXX]    [0] roundend_blocker_xashsafe.sma::ensure_keeper_for (line 127)
L 08/19/2025 - 11:55:46: [AMXX]    [1] roundend_blocker_xashsafe.sma::Task_EnsureKeepers (line 91)
L 08/19/2025 - 11:56:00: [CSTRIKE] Invalid player 8 (not in-game)
L 08/19/2025 - 11:56:00: [AMXX] Displaying debug trace (plugin "roundend_blocker_xashsafe.amxx", version "0.9.1")
L 08/19/2025 - 11:56:00: [AMXX] Run time error 10: native error (native "cs_set_user_team")
L 08/19/2025 - 11:56:00: [AMXX]    [0] roundend_blocker_xashsafe.sma::ensure_keeper_for (line 127)
L 08/19/2025 - 11:56:00: [AMXX]    [1] roundend_blocker_xashsafe.sma::Task_EnsureKeepers (line 92)
L 08/19/2025 - 12:06:00: Start of error session.
L 08/19/2025 - 12:06:00: Info (map "aim_ak_colt_duel") (file "addons/amxmodx/logs/error_20250819.log")
L 08/19/2025 - 12:06:00: [CSTRIKE] Invalid player 3 (not in-game)
L 08/19/2025 - 12:06:00: [AMXX] Displaying debug trace (plugin "roundend_blocker_xashsafe.amxx", version "0.9.1")
L 08/19/2025 - 12:06:00: [AMXX] Run time error 10: native error (native "cs_set_user_team")
L 08/19/2025 - 12:06:00: [AMXX]    [0] roundend_blocker_xashsafe.sma::ensure_keeper_for (line 127)
L 08/19/2025 - 12:06:00: [AMXX]    [1] roundend_blocker_xashsafe.sma::Task_EnsureKeepers (line 91)
L 08/19/2025 - 12:06:14: [CSTRIKE] Invalid player 10 (not in-game)
L 08/19/2025 - 12:06:14: [AMXX] Displaying debug trace (plugin "roundend_blocker_xashsafe.amxx", version "0.9.1")
L 08/19/2025 - 12:06:14: [AMXX] Run time error 10: native error (native "cs_set_user_team")
L 08/19/2025 - 12:06:14: [AMXX]    [0] roundend_blocker_xashsafe.sma::ensure_keeper_for (line 127)
L 08/19/2025 - 12:06:14: [AMXX]    [1] roundend_blocker_xashsafe.sma::Task_EnsureKeepers (line 92)
L 08/19/2025 - 12:20:47: Start of error session.
L 08/19/2025 - 12:20:47: Info (map "(null)") (file "addons/amxmodx/logs/error_20250819.log")
L 08/19/2025 - 12:20:47: Unable to load library "engine" (gameconf "common.games")
L 08/19/2025 - 12:20:47: Unable to load library "engine" (gameconf "common.games")
L 08/19/2025 - 12:20:47: Unable to load library "engine" (gameconf "common.games")
L 08/19/2025 - 12:20:47: Unable to load library "engine" (gameconf "common.games")
L 08/19/2025 - 12:20:47: Unable to load library "engine" (gameconf "common.games")
L 08/19/2025 - 12:20:47: Start of error session.
L 08/19/2025 - 12:20:47: Info (map "aim_map_2010") (file "addons/amxmodx/logs/error_20250819.log")
L 08/19/2025 - 12:20:47: [AMXX] Plugin file open error (plugin "roundend_blocker_xashsafe.amxx")
L 08/19/2025 - 12:21:33: Start of error session.
L 08/19/2025 - 12:21:33: Info (map "(null)") (file "addons/amxmodx/logs/error_20250819.log")
L 08/19/2025 - 12:21:33: Unable to load library "engine" (gameconf "common.games")
L 08/19/2025 - 12:21:33: Unable to load library "engine" (gameconf "common.games")
L 08/19/2025 - 12:21:33: Unable to load library "engine" (gameconf "common.games")
L 08/19/2025 - 12:21:33: Unable to load library "engine" (gameconf "common.games")
L 08/19/2025 - 12:21:33: Unable to load library "engine" (gameconf "common.games")
L 08/19/2025 - 12:21:38: Start of error session.
L 08/19/2025 - 12:21:38: Info (map "aim_map_2010") (file "addons/amxmodx/logs/error_20250819.log")
L 08/19/2025 - 12:21:38: [CSTRIKE] Invalid player 2 (not in-game)
L 08/19/2025 - 12:21:38: [AMXX] Displaying debug trace (plugin "roundend_blocker_xashsafe.amxx", version "0.9.1")
L 08/19/2025 - 12:21:38: [AMXX] Run time error 10: native error (native "cs_set_user_team")
L 08/19/2025 - 12:21:38: [AMXX]    [0] roundend_blocker_xashsafe.sma::ensure_keeper_for (line 130)
L 08/19/2025 - 12:21:38: [AMXX]    [1] roundend_blocker_xashsafe.sma::Task_KeepAlive (line 149)
L 08/19/2025 - 12:21:41: [CSTRIKE] Invalid player 6 (not in-game)
L 08/19/2025 - 12:21:41: [AMXX] Displaying debug trace (plugin "roundend_blocker_xashsafe.amxx", version "0.9.1")
L 08/19/2025 - 12:21:41: [AMXX] Run time error 10: native error (native "cs_set_user_team")
L 08/19/2025 - 12:21:41: [AMXX]    [0] roundend_blocker_xashsafe.sma::ensure_keeper_for (line 130)
L 08/19/2025 - 12:21:41: [AMXX]    [1] roundend_blocker_xashsafe.sma::Task_EnsureKeepers (line 95)
L 08/19/2025 - 12:23:39: Start of error session.
L 08/19/2025 - 12:23:39: Info (map "aim_map_2010") (file "addons/amxmodx/logs/error_20250819.log")
L 08/19/2025 - 12:23:39: [CSTRIKE] Invalid player 4 (not in-game)
L 08/19/2025 - 12:23:39: [AMXX] Displaying debug trace (plugin "roundend_blocker_xashsafe.amxx", version "0.9.1")
L 08/19/2025 - 12:23:39: [AMXX] Run time error 10: native error (native "cs_set_user_team")
L 08/19/2025 - 12:23:39: [AMXX]    [0] roundend_blocker_xashsafe.sma::ensure_keeper_for (line 130)
L 08/19/2025 - 12:23:39: [AMXX]    [1] roundend_blocker_xashsafe.sma::Task_KeepAlive (line 149)
L 08/19/2025 - 12:23:42: [CSTRIKE] Invalid player 9 (not in-game)
L 08/19/2025 - 12:23:42: [AMXX] Displaying debug trace (plugin "roundend_blocker_xashsafe.amxx", version "0.9.1")
L 08/19/2025 - 12:23:42: [AMXX] Run time error 10: native error (native "cs_set_user_team")
L 08/19/2025 - 12:23:42: [AMXX]    [0] roundend_blocker_xashsafe.sma::ensure_keeper_for (line 130)
L 08/19/2025 - 12:23:42: [AMXX]    [1] roundend_blocker_xashsafe.sma::Task_EnsureKeepers (line 95)
L 08/19/2025 - 12:23:46: Start of error session.
L 08/19/2025 - 12:23:46: Info (map "(null)") (file "addons/amxmodx/logs/error_20250819.log")
L 08/19/2025 - 12:23:46: Unable to load library "engine" (gameconf "common.games")
L 08/19/2025 - 12:23:46: Unable to load library "engine" (gameconf "common.games")
L 08/19/2025 - 12:23:46: Unable to load library "engine" (gameconf "common.games")
L 08/19/2025 - 12:23:46: Unable to load library "engine" (gameconf "common.games")
L 08/19/2025 - 12:23:46: Unable to load library "engine" (gameconf "common.games")
L 08/19/2025 - 12:23:51: Start of error session.
L 08/19/2025 - 12:23:51: Info (map "aim_map_2010") (file "addons/amxmodx/logs/error_20250819.log")
L 08/19/2025 - 12:23:51: [CSTRIKE] Invalid player 2 (not in-game)
L 08/19/2025 - 12:23:51: [AMXX] Displaying debug trace (plugin "roundend_blocker_xashsafe.amxx", version "0.9.1")
L 08/19/2025 - 12:23:51: [AMXX] Run time error 10: native error (native "cs_set_user_team")
L 08/19/2025 - 12:23:51: [AMXX]    [0] roundend_blocker_xashsafe.sma::ensure_keeper_for (line 130)
L 08/19/2025 - 12:23:51: [AMXX]    [1] roundend_blocker_xashsafe.sma::Task_KeepAlive (line 149)
L 08/19/2025 - 12:23:54: [CSTRIKE] Invalid player 6 (not in-game)
L 08/19/2025 - 12:23:54: [AMXX] Displaying debug trace (plugin "roundend_blocker_xashsafe.amxx", version "0.9.1")
L 08/19/2025 - 12:23:54: [AMXX] Run time error 10: native error (native "cs_set_user_team")
L 08/19/2025 - 12:23:54: [AMXX]    [0] roundend_blocker_xashsafe.sma::ensure_keeper_for (line 130)
L 08/19/2025 - 12:23:54: [AMXX]    [1] roundend_blocker_xashsafe.sma::Task_EnsureKeepers (line 95)
L 08/19/2025 - 12:24:36: Start of error session.
L 08/19/2025 - 12:24:36: Info (map "(null)") (file "addons/amxmodx/logs/error_20250819.log")
L 08/19/2025 - 12:24:36: Unable to load library "engine" (gameconf "common.games")
L 08/19/2025 - 12:24:36: Unable to load library "engine" (gameconf "common.games")
L 08/19/2025 - 12:24:36: Unable to load library "engine" (gameconf "common.games")
L 08/19/2025 - 12:24:36: Unable to load library "engine" (gameconf "common.games")
L 08/19/2025 - 12:24:36: Unable to load library "engine" (gameconf "common.games")
L 08/19/2025 - 12:24:41: Start of error session.
L 08/19/2025 - 12:24:41: Info (map "aim_map_2010") (file "addons/amxmodx/logs/error_20250819.log")
L 08/19/2025 - 12:24:41: [CSTRIKE] Invalid player 2 (not in-game)
L 08/19/2025 - 12:24:41: [AMXX] Displaying debug trace (plugin "roundend_blocker_xashsafe.amxx", version "0.9.1")
L 08/19/2025 - 12:24:41: [AMXX] Run time error 10: native error (native "cs_set_user_team")
L 08/19/2025 - 12:24:41: [AMXX]    [0] roundend_blocker_xashsafe.sma::ensure_keeper_for (line 130)
L 08/19/2025 - 12:24:41: [AMXX]    [1] roundend_blocker_xashsafe.sma::Task_KeepAlive (line 149)
L 08/19/2025 - 12:24:44: [CSTRIKE] Invalid player 5 (not in-game)
L 08/19/2025 - 12:24:44: [AMXX] Displaying debug trace (plugin "roundend_blocker_xashsafe.amxx", version "0.9.1")
L 08/19/2025 - 12:24:44: [AMXX] Run time error 10: native error (native "cs_set_user_team")
L 08/19/2025 - 12:24:44: [AMXX]    [0] roundend_blocker_xashsafe.sma::ensure_keeper_for (line 130)
L 08/19/2025 - 12:24:44: [AMXX]    [1] roundend_blocker_xashsafe.sma::Task_EnsureKeepers (line 95)
L 08/19/2025 - 12:38:21: Start of error session.
L 08/19/2025 - 12:38:21: Info (map "fy_simpsons") (file "addons/amxmodx/logs/error_20250819.log")
L 08/19/2025 - 12:38:21: [CSTRIKE] Invalid player 3 (not in-game)
L 08/19/2025 - 12:38:21: [AMXX] Displaying debug trace (plugin "roundend_blocker_xashsafe.amxx", version "0.9.1")
L 08/19/2025 - 12:38:21: [AMXX] Run time error 10: native error (native "cs_set_user_team")
L 08/19/2025 - 12:38:21: [AMXX]    [0] roundend_blocker_xashsafe.sma::ensure_keeper_for (line 130)
L 08/19/2025 - 12:38:21: [AMXX]    [1] roundend_blocker_xashsafe.sma::Task_KeepAlive (line 149)
L 08/19/2025 - 12:38:24: [CSTRIKE] Invalid player 8 (not in-game)
L 08/19/2025 - 12:38:24: [AMXX] Displaying debug trace (plugin "roundend_blocker_xashsafe.amxx", version "0.9.1")
L 08/19/2025 - 12:38:24: [AMXX] Run time error 10: native error (native "cs_set_user_team")
L 08/19/2025 - 12:38:24: [AMXX]    [0] roundend_blocker_xashsafe.sma::ensure_keeper_for (line 130)
L 08/19/2025 - 12:38:24: [AMXX]    [1] roundend_blocker_xashsafe.sma::Task_EnsureKeepers (line 95)
L 08/19/2025 - 13:03:02: Start of error session.
L 08/19/2025 - 13:03:02: Info (map "(null)") (file "addons/amxmodx/logs/error_20250819.log")
L 08/19/2025 - 13:03:02: Unable to load library "engine" (gameconf "common.games")
L 08/19/2025 - 13:03:02: Unable to load library "engine" (gameconf "common.games")
L 08/19/2025 - 13:03:02: Unable to load library "engine" (gameconf "common.games")
L 08/19/2025 - 13:03:02: Unable to load library "engine" (gameconf "common.games")
L 08/19/2025 - 13:03:02: Unable to load library "engine" (gameconf "common.games")
L 08/19/2025 - 13:03:07: Start of error session.
L 08/19/2025 - 13:03:07: Info (map "aim_map_2010") (file "addons/amxmodx/logs/error_20250819.log")
L 08/19/2025 - 13:03:07: [CSTRIKE] Invalid player 5 (not in-game)
L 08/19/2025 - 13:03:07: [AMXX] Displaying debug trace (plugin "roundend_blocker_xashsafe.amxx", version "0.9.1")
L 08/19/2025 - 13:03:07: [AMXX] Run time error 10: native error (native "cs_set_user_team")
L 08/19/2025 - 13:03:07: [AMXX]    [0] roundend_blocker_xashsafe.sma::ensure_keeper_for (line 130)
L 08/19/2025 - 13:03:07: [AMXX]    [1] roundend_blocker_xashsafe.sma::Task_KeepAlive (line 149)
L 08/19/2025 - 13:03:10: [CSTRIKE] Invalid player 8 (not in-game)
L 08/19/2025 - 13:03:10: [AMXX] Displaying debug trace (plugin "roundend_blocker_xashsafe.amxx", version "0.9.1")
L 08/19/2025 - 13:03:10: [AMXX] Run time error 10: native error (native "cs_set_user_team")
L 08/19/2025 - 13:03:10: [AMXX]    [0] roundend_blocker_xashsafe.sma::ensure_keeper_for (line 130)
L 08/19/2025 - 13:03:10: [AMXX]    [1] roundend_blocker_xashsafe.sma::Task_EnsureKeepers (line 95)
L 08/19/2025 - 13:04:01: Start of error session.
L 08/19/2025 - 13:04:01: Info (map "(null)") (file "addons/amxmodx/logs/error_20250819.log")
L 08/19/2025 - 13:04:01: Unable to load library "engine" (gameconf "common.games")
L 08/19/2025 - 13:04:01: Unable to load library "engine" (gameconf "common.games")
L 08/19/2025 - 13:04:01: Unable to load library "engine" (gameconf "common.games")
L 08/19/2025 - 13:04:01: Unable to load library "engine" (gameconf "common.games")
L 08/19/2025 - 13:04:01: Unable to load library "engine" (gameconf "common.games")
L 08/19/2025 - 13:04:06: Start of error session.
L 08/19/2025 - 13:04:06: Info (map "aim_map_2010") (file "addons/amxmodx/logs/error_20250819.log")
L 08/19/2025 - 13:04:06: [CSTRIKE] Invalid player 5 (not in-game)
L 08/19/2025 - 13:04:06: [AMXX] Displaying debug trace (plugin "roundend_blocker_xashsafe.amxx", version "0.9.1")
L 08/19/2025 - 13:04:06: [AMXX] Run time error 10: native error (native "cs_set_user_team")
L 08/19/2025 - 13:04:06: [AMXX]    [0] roundend_blocker_xashsafe.sma::ensure_keeper_for (line 130)
L 08/19/2025 - 13:04:06: [AMXX]    [1] roundend_blocker_xashsafe.sma::Task_KeepAlive (line 149)
L 08/19/2025 - 13:04:09: [CSTRIKE] Invalid player 8 (not in-game)
L 08/19/2025 - 13:04:09: [AMXX] Displaying debug trace (plugin "roundend_blocker_xashsafe.amxx", version "0.9.1")
L 08/19/2025 - 13:04:09: [AMXX] Run time error 10: native error (native "cs_set_user_team")
L 08/19/2025 - 13:04:09: [AMXX]    [0] roundend_blocker_xashsafe.sma::ensure_keeper_for (line 130)
L 08/19/2025 - 13:04:09: [AMXX]    [1] roundend_blocker_xashsafe.sma::Task_EnsureKeepers (line 95)
L 08/19/2025 - 13:04:44: Start of error session.
L 08/19/2025 - 13:04:44: Info (map "(null)") (file "addons/amxmodx/logs/error_20250819.log")
L 08/19/2025 - 13:04:44: Unable to load library "engine" (gameconf "common.games")
L 08/19/2025 - 13:04:44: Unable to load library "engine" (gameconf "common.games")
L 08/19/2025 - 13:04:44: Unable to load library "engine" (gameconf "common.games")
L 08/19/2025 - 13:04:44: Unable to load library "engine" (gameconf "common.games")
L 08/19/2025 - 13:04:44: Unable to load library "engine" (gameconf "common.games")
L 08/19/2025 - 13:04:49: Start of error session.
L 08/19/2025 - 13:04:49: Info (map "aim_map_2010") (file "addons/amxmodx/logs/error_20250819.log")
L 08/19/2025 - 13:04:49: [CSTRIKE] Invalid player 5 (not in-game)
L 08/19/2025 - 13:04:49: [AMXX] Displaying debug trace (plugin "roundend_blocker_xashsafe.amxx", version "0.9.1")
L 08/19/2025 - 13:04:49: [AMXX] Run time error 10: native error (native "cs_set_user_team")
L 08/19/2025 - 13:04:49: [AMXX]    [0] roundend_blocker_xashsafe.sma::ensure_keeper_for (line 130)
L 08/19/2025 - 13:04:49: [AMXX]    [1] roundend_blocker_xashsafe.sma::Task_KeepAlive (line 149)
L 08/19/2025 - 13:04:52: [CSTRIKE] Invalid player 6 (not in-game)
L 08/19/2025 - 13:04:52: [AMXX] Displaying debug trace (plugin "roundend_blocker_xashsafe.amxx", version "0.9.1")
L 08/19/2025 - 13:04:52: [AMXX] Run time error 10: native error (native "cs_set_user_team")
L 08/19/2025 - 13:04:52: [AMXX]    [0] roundend_blocker_xashsafe.sma::ensure_keeper_for (line 130)
L 08/19/2025 - 13:04:52: [AMXX]    [1] roundend_blocker_xashsafe.sma::Task_EnsureKeepers (line 95)
L 08/19/2025 - 13:08:12: Start of error session.
L 08/19/2025 - 13:08:12: Info (map "aim_map_2010") (file "addons/amxmodx/logs/error_20250819.log")
L 08/19/2025 - 13:08:12: [CSTRIKE] Invalid player 7 (not in-game)
L 08/19/2025 - 13:08:12: [AMXX] Displaying debug trace (plugin "roundend_blocker_xashsafe.amxx", version "0.9.1")
L 08/19/2025 - 13:08:12: [AMXX] Run time error 10: native error (native "cs_set_user_team")
L 08/19/2025 - 13:08:12: [AMXX]    [0] roundend_blocker_xashsafe.sma::ensure_keeper_for (line 130)
L 08/19/2025 - 13:08:12: [AMXX]    [1] roundend_blocker_xashsafe.sma::Task_KeepAlive (line 149)
L 08/19/2025 - 13:08:15: [CSTRIKE] Invalid player 8 (not in-game)
L 08/19/2025 - 13:08:15: [AMXX] Displaying debug trace (plugin "roundend_blocker_xashsafe.amxx", version "0.9.1")
L 08/19/2025 - 13:08:15: [AMXX] Run time error 10: native error (native "cs_set_user_team")
L 08/19/2025 - 13:08:15: [AMXX]    [0] roundend_blocker_xashsafe.sma::ensure_keeper_for (line 130)
L 08/19/2025 - 13:08:15: [AMXX]    [1] roundend_blocker_xashsafe.sma::Task_EnsureKeepers (line 95)
L 08/19/2025 - 13:09:57: Start of error session.
L 08/19/2025 - 13:09:57: Info (map "aim_map_2010") (file "addons/amxmodx/logs/error_20250819.log")
L 08/19/2025 - 13:09:57: [CSTRIKE] Invalid player 9 (not in-game)
L 08/19/2025 - 13:09:57: [AMXX] Displaying debug trace (plugin "roundend_blocker_xashsafe.amxx", version "0.9.1")
L 08/19/2025 - 13:09:57: [AMXX] Run time error 10: native error (native "cs_set_user_team")
L 08/19/2025 - 13:09:57: [AMXX]    [0] roundend_blocker_xashsafe.sma::ensure_keeper_for (line 130)
L 08/19/2025 - 13:09:57: [AMXX]    [1] roundend_blocker_xashsafe.sma::Task_KeepAlive (line 149)
L 08/19/2025 - 13:10:05: Start of error session.
L 08/19/2025 - 13:10:05: Info (map "(null)") (file "addons/amxmodx/logs/error_20250819.log")
L 08/19/2025 - 13:10:05: Unable to load library "engine" (gameconf "common.games")
L 08/19/2025 - 13:10:05: Unable to load library "engine" (gameconf "common.games")
L 08/19/2025 - 13:10:05: Unable to load library "engine" (gameconf "common.games")
L 08/19/2025 - 13:10:05: Unable to load library "engine" (gameconf "common.games")
L 08/19/2025 - 13:10:05: Unable to load library "engine" (gameconf "common.games")
L 08/19/2025 - 13:10:10: Start of error session.
L 08/19/2025 - 13:10:10: Info (map "aim_map_2010") (file "addons/amxmodx/logs/error_20250819.log")
L 08/19/2025 - 13:10:10: [CSTRIKE] Invalid player 5 (not in-game)
L 08/19/2025 - 13:10:10: [AMXX] Displaying debug trace (plugin "roundend_blocker_xashsafe.amxx", version "0.9.1")
L 08/19/2025 - 13:10:10: [AMXX] Run time error 10: native error (native "cs_set_user_team")
L 08/19/2025 - 13:10:10: [AMXX]    [0] roundend_blocker_xashsafe.sma::ensure_keeper_for (line 130)
L 08/19/2025 - 13:10:10: [AMXX]    [1] roundend_blocker_xashsafe.sma::Task_KeepAlive (line 149)
L 08/19/2025 - 13:10:13: [CSTRIKE] Invalid player 6 (not in-game)
L 08/19/2025 - 13:10:13: [AMXX] Displaying debug trace (plugin "roundend_blocker_xashsafe.amxx", version "0.9.1")
L 08/19/2025 - 13:10:13: [AMXX] Run time error 10: native error (native "cs_set_user_team")
L 08/19/2025 - 13:10:13: [AMXX]    [0] roundend_blocker_xashsafe.sma::ensure_keeper_for (line 130)
L 08/19/2025 - 13:10:13: [AMXX]    [1] roundend_blocker_xashsafe.sma::Task_EnsureKeepers (line 95)
L 08/19/2025 - 13:12:15: Start of error session.
L 08/19/2025 - 13:12:15: Info (map "(null)") (file "addons/amxmodx/logs/error_20250819.log")
L 08/19/2025 - 13:12:15: Unable to load library "engine" (gameconf "common.games")
L 08/19/2025 - 13:12:15: Unable to load library "engine" (gameconf "common.games")
L 08/19/2025 - 13:12:15: Unable to load library "engine" (gameconf "common.games")
L 08/19/2025 - 13:12:15: Unable to load library "engine" (gameconf "common.games")
L 08/19/2025 - 13:12:15: Unable to load library "engine" (gameconf "common.games")
L 08/19/2025 - 13:12:20: Start of error session.
L 08/19/2025 - 13:12:20: Info (map "aim_map_2010") (file "addons/amxmodx/logs/error_20250819.log")
L 08/19/2025 - 13:12:20: [CSTRIKE] Invalid player 5 (not in-game)
L 08/19/2025 - 13:12:20: [AMXX] Displaying debug trace (plugin "roundend_blocker_xashsafe.amxx", version "0.9.1")
L 08/19/2025 - 13:12:20: [AMXX] Run time error 10: native error (native "cs_set_user_team")
L 08/19/2025 - 13:12:20: [AMXX]    [0] roundend_blocker_xashsafe.sma::ensure_keeper_for (line 130)
L 08/19/2025 - 13:12:20: [AMXX]    [1] roundend_blocker_xashsafe.sma::Task_KeepAlive (line 149)
L 08/19/2025 - 13:12:23: [CSTRIKE] Invalid player 6 (not in-game)
L 08/19/2025 - 13:12:23: [AMXX] Displaying debug trace (plugin "roundend_blocker_xashsafe.amxx", version "0.9.1")
L 08/19/2025 - 13:12:23: [AMXX] Run time error 10: native error (native "cs_set_user_team")
L 08/19/2025 - 13:12:23: [AMXX]    [0] roundend_blocker_xashsafe.sma::ensure_keeper_for (line 130)
L 08/19/2025 - 13:12:23: [AMXX]    [1] roundend_blocker_xashsafe.sma::Task_EnsureKeepers (line 95)
L 08/19/2025 - 13:23:01: Start of error session.
L 08/19/2025 - 13:23:01: Info (map "(null)") (file "addons/amxmodx/logs/error_20250819.log")
L 08/19/2025 - 13:23:01: Unable to load library "engine" (gameconf "common.games")
L 08/19/2025 - 13:23:01: Unable to load library "engine" (gameconf "common.games")
L 08/19/2025 - 13:23:01: Unable to load library "engine" (gameconf "common.games")
L 08/19/2025 - 13:23:01: Unable to load library "engine" (gameconf "common.games")
L 08/19/2025 - 13:23:01: Unable to load library "engine" (gameconf "common.games")
L 08/19/2025 - 13:25:49: Start of error session.
L 08/19/2025 - 13:25:49: Info (map "(null)") (file "addons/amxmodx/logs/error_20250819.log")
L 08/19/2025 - 13:25:49: Unable to load library "engine" (gameconf "common.games")
L 08/19/2025 - 13:25:49: Unable to load library "engine" (gameconf "common.games")
L 08/19/2025 - 13:25:49: Unable to load library "engine" (gameconf "common.games")
L 08/19/2025 - 13:25:49: Unable to load library "engine" (gameconf "common.games")
L 08/19/2025 - 13:25:49: Unable to load library "engine" (gameconf "common.games")
L 08/19/2025 - 13:29:49: Start of error session.
L 08/19/2025 - 13:29:49: Info (map "(null)") (file "addons/amxmodx/logs/error_20250819.log")
L 08/19/2025 - 13:29:49: Unable to load library "engine" (gameconf "common.games")
L 08/19/2025 - 13:29:49: Unable to load library "engine" (gameconf "common.games")
L 08/19/2025 - 13:29:49: Unable to load library "engine" (gameconf "common.games")
L 08/19/2025 - 13:29:49: Unable to load library "engine" (gameconf "common.games")
L 08/19/2025 - 13:29:49: Unable to load library "engine" (gameconf "common.games")
L 08/19/2025 - 13:30:57: Start of error session.
L 08/19/2025 - 13:30:57: Info (map "(null)") (file "addons/amxmodx/logs/error_20250819.log")
L 08/19/2025 - 13:30:57: Unable to load library "engine" (gameconf "common.games")
L 08/19/2025 - 13:30:57: Unable to load library "engine" (gameconf "common.games")
L 08/19/2025 - 13:30:57: Unable to load library "engine" (gameconf "common.games")
L 08/19/2025 - 13:30:57: Unable to load library "engine" (gameconf "common.games")
L 08/19/2025 - 13:30:57: Unable to load library "engine" (gameconf "common.games")
L 08/19/2025 - 13:32:59: Start of error session.
L 08/19/2025 - 13:32:59: Info (map "(null)") (file "addons/amxmodx/logs/error_20250819.log")
L 08/19/2025 - 13:32:59: Unable to load library "engine" (gameconf "common.games")
L 08/19/2025 - 13:32:59: Unable to load library "engine" (gameconf "common.games")
L 08/19/2025 - 13:32:59: Unable to load library "engine" (gameconf "common.games")
L 08/19/2025 - 13:32:59: Unable to load library "engine" (gameconf "common.games")
L 08/19/2025 - 13:32:59: Unable to load library "engine" (gameconf "common.games")
L 08/19/2025 - 13:36:36: Start of error session.
L 08/19/2025 - 13:36:36: Info (map "(null)") (file "addons/amxmodx/logs/error_20250819.log")
L 08/19/2025 - 13:36:36: Unable to load library "engine" (gameconf "common.games")
L 08/19/2025 - 13:36:36: Unable to load library "engine" (gameconf "common.games")
L 08/19/2025 - 13:36:36: Unable to load library "engine" (gameconf "common.games")
L 08/19/2025 - 13:36:36: Unable to load library "engine" (gameconf "common.games")
L 08/19/2025 - 13:36:36: Unable to load library "engine" (gameconf "common.games")
L 08/19/2025 - 13:38:49: Start of error session.
L 08/19/2025 - 13:38:49: Info (map "(null)") (file "addons/amxmodx/logs/error_20250819.log")
L 08/19/2025 - 13:38:49: Unable to load library "engine" (gameconf "common.games")
L 08/19/2025 - 13:38:49: Unable to load library "engine" (gameconf "common.games")
L 08/19/2025 - 13:38:49: Unable to load library "engine" (gameconf "common.games")
L 08/19/2025 - 13:38:49: Unable to load library "engine" (gameconf "common.games")
L 08/19/2025 - 13:38:49: Unable to load library "engine" (gameconf "common.games")
L 08/19/2025 - 13:39:42: Start of error session.
L 08/19/2025 - 13:39:42: Info (map "(null)") (file "addons/amxmodx/logs/error_20250819.log")
L 08/19/2025 - 13:39:42: Unable to load library "engine" (gameconf "common.games")
L 08/19/2025 - 13:39:42: Unable to load library "engine" (gameconf "common.games")
L 08/19/2025 - 13:39:42: Unable to load library "engine" (gameconf "common.games")
L 08/19/2025 - 13:39:42: Unable to load library "engine" (gameconf "common.games")
L 08/19/2025 - 13:39:42: Unable to load library "engine" (gameconf "common.games")
L 08/19/2025 - 13:46:23: Start of error session.
L 08/19/2025 - 13:46:23: Info (map "(null)") (file "addons/amxmodx/logs/error_20250819.log")
L 08/19/2025 - 13:46:23: Unable to load library "engine" (gameconf "common.games")
L 08/19/2025 - 13:46:23: Unable to load library "engine" (gameconf "common.games")
L 08/19/2025 - 13:46:23: Unable to load library "engine" (gameconf "common.games")
L 08/19/2025 - 13:46:23: Unable to load library "engine" (gameconf "common.games")
L 08/19/2025 - 13:46:23: Unable to load library "engine" (gameconf "common.games")
L 08/19/2025 - 13:48:38: Start of error session.
L 08/19/2025 - 13:48:38: Info (map "(null)") (file "addons/amxmodx/logs/error_20250819.log")
L 08/19/2025 - 13:48:38: Unable to load library "engine" (gameconf "common.games")
L 08/19/2025 - 13:48:38: Unable to load library "engine" (gameconf "common.games")
L 08/19/2025 - 13:48:38: Unable to load library "engine" (gameconf "common.games")
L 08/19/2025 - 13:48:38: Unable to load library "engine" (gameconf "common.games")
L 08/19/2025 - 13:48:38: Unable to load library "engine" (gameconf "common.games")
L 08/19/2025 - 13:51:20: Start of error session.
L 08/19/2025 - 13:51:20: Info (map "(null)") (file "addons/amxmodx/logs/error_20250819.log")
L 08/19/2025 - 13:51:20: Unable to load library "engine" (gameconf "common.games")
L 08/19/2025 - 13:51:20: Unable to load library "engine" (gameconf "common.games")
L 08/19/2025 - 13:51:20: Unable to load library "engine" (gameconf "common.games")
L 08/19/2025 - 13:51:20: Unable to load library "engine" (gameconf "common.games")
L 08/19/2025 - 13:51:20: Unable to load library "engine" (gameconf "common.games")
L 08/19/2025 - 14:01:35: Start of error session.
L 08/19/2025 - 14:01:35: Info (map "(null)") (file "addons/amxmodx/logs/error_20250819.log")
L 08/19/2025 - 14:01:35: Unable to load library "engine" (gameconf "common.games")
L 08/19/2025 - 14:01:35: Unable to load library "engine" (gameconf "common.games")
L 08/19/2025 - 14:01:35: Unable to load library "engine" (gameconf "common.games")
L 08/19/2025 - 14:01:35: Unable to load library "engine" (gameconf "common.games")
L 08/19/2025 - 14:01:35: Unable to load library "engine" (gameconf "common.games")
L 08/19/2025 - 14:06:45: Start of error session.
L 08/19/2025 - 14:06:45: Info (map "(null)") (file "addons/amxmodx/logs/error_20250819.log")
L 08/19/2025 - 14:06:45: Unable to load library "engine" (gameconf "common.games")
L 08/19/2025 - 14:06:45: Unable to load library "engine" (gameconf "common.games")
L 08/19/2025 - 14:06:45: Unable to load library "engine" (gameconf "common.games")
L 08/19/2025 - 14:06:45: Unable to load library "engine" (gameconf "common.games")
L 08/19/2025 - 14:06:45: Unable to load library "engine" (gameconf "common.games")
L 08/19/2025 - 14:11:47: Start of error session.
L 08/19/2025 - 14:11:47: Info (map "(null)") (file "addons/amxmodx/logs/error_20250819.log")
L 08/19/2025 - 14:11:47: Unable to load library "engine" (gameconf "common.games")
L 08/19/2025 - 14:11:47: Unable to load library "engine" (gameconf "common.games")
L 08/19/2025 - 14:11:47: Unable to load library "engine" (gameconf "common.games")
L 08/19/2025 - 14:11:47: Unable to load library "engine" (gameconf "common.games")
L 08/19/2025 - 14:11:47: Unable to load library "engine" (gameconf "common.games")
L 08/19/2025 - 14:12:06: Start of error session.
L 08/19/2025 - 14:12:06: Info (map "(null)") (file "addons/amxmodx/logs/error_20250819.log")
L 08/19/2025 - 14:12:06: Unable to load library "engine" (gameconf "common.games")
L 08/19/2025 - 14:12:06: Unable to load library "engine" (gameconf "common.games")
L 08/19/2025 - 14:12:06: Unable to load library "engine" (gameconf "common.games")
L 08/19/2025 - 14:12:06: Unable to load library "engine" (gameconf "common.games")
L 08/19/2025 - 14:12:06: Unable to load library "engine" (gameconf "common.games")
L 08/19/2025 - 14:29:02: Start of error session.
L 08/19/2025 - 14:29:02: Info (map "(null)") (file "addons/amxmodx/logs/error_20250819.log")
L 08/19/2025 - 14:29:02: Unable to load library "engine" (gameconf "common.games")
L 08/19/2025 - 14:29:02: Unable to load library "engine" (gameconf "common.games")
L 08/19/2025 - 14:29:02: Unable to load library "engine" (gameconf "common.games")
L 08/19/2025 - 14:29:02: Unable to load library "engine" (gameconf "common.games")
L 08/19/2025 - 14:29:02: Unable to load library "engine" (gameconf "common.games")
L 08/19/2025 - 14:29:22: Start of error session.
L 08/19/2025 - 14:29:22: Info (map "(null)") (file "addons/amxmodx/logs/error_20250819.log")
L 08/19/2025 - 14:29:22: Unable to load library "engine" (gameconf "common.games")
L 08/19/2025 - 14:29:22: Unable to load library "engine" (gameconf "common.games")
L 08/19/2025 - 14:29:22: Unable to load library "engine" (gameconf "common.games")
L 08/19/2025 - 14:29:22: Unable to load library "engine" (gameconf "common.games")
L 08/19/2025 - 14:29:22: Unable to load library "engine" (gameconf "common.games")
L 08/19/2025 - 14:29:52: Start of error session.
L 08/19/2025 - 14:29:52: Info (map "(null)") (file "addons/amxmodx/logs/error_20250819.log")
L 08/19/2025 - 14:29:52: Unable to load library "engine" (gameconf "common.games")
L 08/19/2025 - 14:29:52: Unable to load library "engine" (gameconf "common.games")
L 08/19/2025 - 14:29:52: Unable to load library "engine" (gameconf "common.games")
L 08/19/2025 - 14:29:52: Unable to load library "engine" (gameconf "common.games")
L 08/19/2025 - 14:29:52: Unable to load library "engine" (gameconf "common.games")
L 08/19/2025 - 14:35:52: Start of error session.
L 08/19/2025 - 14:35:52: Info (map "(null)") (file "addons/amxmodx/logs/error_20250819.log")
L 08/19/2025 - 14:35:52: Unable to load library "engine" (gameconf "common.games")
L 08/19/2025 - 14:35:52: Unable to load library "engine" (gameconf "common.games")
L 08/19/2025 - 14:35:52: Unable to load library "engine" (gameconf "common.games")
L 08/19/2025 - 14:35:52: Unable to load library "engine" (gameconf "common.games")
L 08/19/2025 - 14:35:52: Unable to load library "engine" (gameconf "common.games")
L 08/19/2025 - 14:41:21: Start of error session.
L 08/19/2025 - 14:41:21: Info (map "(null)") (file "addons/amxmodx/logs/error_20250819.log")
L 08/19/2025 - 14:41:21: Unable to load library "engine" (gameconf "common.games")
L 08/19/2025 - 14:41:21: Unable to load library "engine" (gameconf "common.games")
L 08/19/2025 - 14:41:21: Unable to load library "engine" (gameconf "common.games")
L 08/19/2025 - 14:41:21: Unable to load library "engine" (gameconf "common.games")
L 08/19/2025 - 14:41:21: Unable to load library "engine" (gameconf "common.games")
L 08/19/2025 - 14:46:20: Start of error session.
L 08/19/2025 - 14:46:20: Info (map "(null)") (file "addons/amxmodx/logs/error_20250819.log")
L 08/19/2025 - 14:46:20: Unable to load library "engine" (gameconf "common.games")
L 08/19/2025 - 14:46:20: Unable to load library "engine" (gameconf "common.games")
L 08/19/2025 - 14:46:20: Unable to load library "engine" (gameconf "common.games")
L 08/19/2025 - 14:46:20: Unable to load library "engine" (gameconf "common.games")
L 08/19/2025 - 14:46:20: Unable to load library "engine" (gameconf "common.games")
L 08/19/2025 - 14:46:45: Start of error session.
L 08/19/2025 - 14:46:45: Info (map "(null)") (file "addons/amxmodx/logs/error_20250819.log")
L 08/19/2025 - 14:46:45: Unable to load library "engine" (gameconf "common.games")
L 08/19/2025 - 14:46:45: Unable to load library "engine" (gameconf "common.games")
L 08/19/2025 - 14:46:45: Unable to load library "engine" (gameconf "common.games")
L 08/19/2025 - 14:46:45: Unable to load library "engine" (gameconf "common.games")
L 08/19/2025 - 14:46:45: Unable to load library "engine" (gameconf "common.games")
L 08/19/2025 - 14:55:45: Start of error session.
L 08/19/2025 - 14:55:45: Info (map "(null)") (file "addons/amxmodx/logs/error_20250819.log")
L 08/19/2025 - 14:55:45: Unable to load library "engine" (gameconf "common.games")
L 08/19/2025 - 14:55:45: Unable to load library "engine" (gameconf "common.games")
L 08/19/2025 - 14:55:45: Unable to load library "engine" (gameconf "common.games")
L 08/19/2025 - 14:55:45: Unable to load library "engine" (gameconf "common.games")
L 08/19/2025 - 14:55:45: Unable to load library "engine" (gameconf "common.games")
L 08/19/2025 - 14:55:52: Start of error session.
L 08/19/2025 - 14:55:52: Info (map "(null)") (file "addons/amxmodx/logs/error_20250819.log")
L 08/19/2025 - 14:55:52: Unable to load library "engine" (gameconf "common.games")
L 08/19/2025 - 14:55:52: Unable to load library "engine" (gameconf "common.games")
L 08/19/2025 - 14:55:52: Unable to load library "engine" (gameconf "common.games")
L 08/19/2025 - 14:55:52: Unable to load library "engine" (gameconf "common.games")
L 08/19/2025 - 14:55:52: Unable to load library "engine" (gameconf "common.games")
L 08/19/2025 - 15:12:23: Start of error session.
L 08/19/2025 - 15:12:23: Info (map "(null)") (file "addons/amxmodx/logs/error_20250819.log")
L 08/19/2025 - 15:12:23: Unable to load library "engine" (gameconf "common.games")
L 08/19/2025 - 15:12:23: Unable to load library "engine" (gameconf "common.games")
L 08/19/2025 - 15:12:23: Unable to load library "engine" (gameconf "common.games")
L 08/19/2025 - 15:12:23: Unable to load library "engine" (gameconf "common.games")
L 08/19/2025 - 15:12:23: Unable to load library "engine" (gameconf "common.games")
L 08/19/2025 - 15:26:50: Start of error session.
L 08/19/2025 - 15:26:50: Info (map "fy_simpsons") (file "addons/amxmodx/logs/error_20250819.log")
L 08/19/2025 - 15:26:50: Invalid CVAR pointer
L 08/19/2025 - 15:26:50: [AMXX] Run time error 10 (plugin "gamemodes_menu.amxx") (native "get_pcvar_num") - debug not enabled!
L 08/19/2025 - 15:26:50: [AMXX] To enable debug mode, add "debug" after the plugin name in plugins.ini (without quotes).
L 08/19/2025 - 15:26:50: Invalid CVAR pointer
L 08/19/2025 - 15:26:50: [AMXX] Run time error 10 (plugin "gamemodes_menu.amxx") (native "get_pcvar_num") - debug not enabled!
L 08/19/2025 - 15:26:50: [AMXX] To enable debug mode, add "debug" after the plugin name in plugins.ini (without quotes).
L 08/19/2025 - 15:26:56: Invalid CVAR pointer
L 08/19/2025 - 15:26:56: [AMXX] Run time error 10 (plugin "gamemodes_menu.amxx") (native "get_pcvar_num") - debug not enabled!
L 08/19/2025 - 15:26:56: [AMXX] To enable debug mode, add "debug" after the plugin name in plugins.ini (without quotes).
L 08/19/2025 - 16:06:05: Start of error session.
L 08/19/2025 - 16:06:05: Info (map "fy_mario") (file "addons/amxmodx/logs/error_20250819.log")
L 08/19/2025 - 16:06:05: Invalid CVAR pointer
L 08/19/2025 - 16:06:05: [AMXX] Run time error 10 (plugin "gamemodes_menu.amxx") (native "get_pcvar_num") - debug not enabled!
L 08/19/2025 - 16:06:05: [AMXX] To enable debug mode, add "debug" after the plugin name in plugins.ini (without quotes).
L 08/19/2025 - 16:06:05: Invalid CVAR pointer
L 08/19/2025 - 16:06:05: [AMXX] Run time error 10 (plugin "gamemodes_menu.amxx") (native "get_pcvar_num") - debug not enabled!
L 08/19/2025 - 16:06:05: [AMXX] To enable debug mode, add "debug" after the plugin name in plugins.ini (without quotes).
L 08/19/2025 - 16:06:11: Invalid CVAR pointer
L 08/19/2025 - 16:06:11: [AMXX] Run time error 10 (plugin "gamemodes_menu.amxx") (native "get_pcvar_num") - debug not enabled!
L 08/19/2025 - 16:06:11: [AMXX] To enable debug mode, add "debug" after the plugin name in plugins.ini (without quotes).
L 08/19/2025 - 16:06:12: Start of error session.
L 08/19/2025 - 16:06:12: Info (map "(null)") (file "addons/amxmodx/logs/error_20250819.log")
L 08/19/2025 - 16:06:12: Unable to load library "engine" (gameconf "common.games")
L 08/19/2025 - 16:06:12: Unable to load library "engine" (gameconf "common.games")
L 08/19/2025 - 16:06:12: Unable to load library "engine" (gameconf "common.games")
L 08/19/2025 - 16:06:12: Unable to load library "engine" (gameconf "common.games")
L 08/19/2025 - 16:06:12: Unable to load library "engine" (gameconf "common.games")
L 08/19/2025 - 16:06:18: Start of error session.
L 08/19/2025 - 16:06:18: Info (map "aim_map_2010") (file "addons/amxmodx/logs/error_20250819.log")
L 08/19/2025 - 16:06:18: Invalid CVAR pointer
L 08/19/2025 - 16:06:18: [AMXX] Run time error 10 (plugin "gamemodes_menu.amxx") (native "get_pcvar_num") - debug not enabled!
L 08/19/2025 - 16:06:18: [AMXX] To enable debug mode, add "debug" after the plugin name in plugins.ini (without quotes).
L 08/19/2025 - 16:06:18: Invalid CVAR pointer
L 08/19/2025 - 16:06:18: [AMXX] Run time error 10 (plugin "gamemodes_menu.amxx") (native "get_pcvar_num") - debug not enabled!
L 08/19/2025 - 16:06:18: [AMXX] To enable debug mode, add "debug" after the plugin name in plugins.ini (without quotes).
L 08/19/2025 - 16:06:24: Invalid CVAR pointer
L 08/19/2025 - 16:06:24: [AMXX] Run time error 10 (plugin "gamemodes_menu.amxx") (native "get_pcvar_num") - debug not enabled!
L 08/19/2025 - 16:06:24: [AMXX] To enable debug mode, add "debug" after the plugin name in plugins.ini (without quotes).
L 08/19/2025 - 16:20:46: Start of error session.
L 08/19/2025 - 16:20:46: Info (map "fy_simpsons") (file "addons/amxmodx/logs/error_20250819.log")
L 08/19/2025 - 16:20:46: Invalid CVAR pointer
L 08/19/2025 - 16:20:46: [AMXX] Run time error 10 (plugin "gamemodes_menu.amxx") (native "get_pcvar_num") - debug not enabled!
L 08/19/2025 - 16:20:46: [AMXX] To enable debug mode, add "debug" after the plugin name in plugins.ini (without quotes).
L 08/19/2025 - 16:20:46: Invalid CVAR pointer
L 08/19/2025 - 16:20:46: [AMXX] Run time error 10 (plugin "gamemodes_menu.amxx") (native "get_pcvar_num") - debug not enabled!
L 08/19/2025 - 16:20:46: [AMXX] To enable debug mode, add "debug" after the plugin name in plugins.ini (without quotes).
L 08/19/2025 - 16:20:52: Invalid CVAR pointer
L 08/19/2025 - 16:20:52: [AMXX] Run time error 10 (plugin "gamemodes_menu.amxx") (native "get_pcvar_num") - debug not enabled!
L 08/19/2025 - 16:20:52: [AMXX] To enable debug mode, add "debug" after the plugin name in plugins.ini (without quotes).
L 08/19/2025 - 16:32:32: Start of error session.
L 08/19/2025 - 16:32:32: Info (map "(null)") (file "addons/amxmodx/logs/error_20250819.log")
L 08/19/2025 - 16:32:32: Unable to load library "engine" (gameconf "common.games")
L 08/19/2025 - 16:32:32: Unable to load library "engine" (gameconf "common.games")
L 08/19/2025 - 16:32:32: Unable to load library "engine" (gameconf "common.games")
L 08/19/2025 - 16:32:32: Unable to load library "engine" (gameconf "common.games")
L 08/19/2025 - 16:32:32: Unable to load library "engine" (gameconf "common.games")
L 08/19/2025 - 16:32:38: Start of error session.
L 08/19/2025 - 16:32:38: Info (map "aim_map_2010") (file "addons/amxmodx/logs/error_20250819.log")
L 08/19/2025 - 16:32:38: Invalid CVAR pointer
L 08/19/2025 - 16:32:38: [AMXX] Run time error 10 (plugin "gamemodes_menu.amxx") (native "get_pcvar_num") - debug not enabled!
L 08/19/2025 - 16:32:38: [AMXX] To enable debug mode, add "debug" after the plugin name in plugins.ini (without quotes).
L 08/19/2025 - 16:32:39: Invalid CVAR pointer
L 08/19/2025 - 16:32:39: [AMXX] Run time error 10 (plugin "gamemodes_menu.amxx") (native "get_pcvar_num") - debug not enabled!
L 08/19/2025 - 16:32:39: [AMXX] To enable debug mode, add "debug" after the plugin name in plugins.ini (without quotes).
L 08/19/2025 - 16:32:44: Invalid CVAR pointer
L 08/19/2025 - 16:32:44: [AMXX] Run time error 10 (plugin "gamemodes_menu.amxx") (native "get_pcvar_num") - debug not enabled!
L 08/19/2025 - 16:32:44: [AMXX] To enable debug mode, add "debug" after the plugin name in plugins.ini (without quotes).
L 08/19/2025 - 16:35:06: Start of error session.
L 08/19/2025 - 16:35:06: Info (map "(null)") (file "addons/amxmodx/logs/error_20250819.log")
L 08/19/2025 - 16:35:06: Unable to load library "engine" (gameconf "common.games")
L 08/19/2025 - 16:35:06: Unable to load library "engine" (gameconf "common.games")
L 08/19/2025 - 16:35:06: Unable to load library "engine" (gameconf "common.games")
L 08/19/2025 - 16:35:06: Unable to load library "engine" (gameconf "common.games")
L 08/19/2025 - 16:35:06: Unable to load library "engine" (gameconf "common.games")
L 08/19/2025 - 16:35:12: Start of error session.
L 08/19/2025 - 16:35:12: Info (map "aim_map_2010") (file "addons/amxmodx/logs/error_20250819.log")
L 08/19/2025 - 16:35:12: Invalid CVAR pointer
L 08/19/2025 - 16:35:12: [AMXX] Run time error 10 (plugin "gamemodes_menu.amxx") (native "get_pcvar_num") - debug not enabled!
L 08/19/2025 - 16:35:12: [AMXX] To enable debug mode, add "debug" after the plugin name in plugins.ini (without quotes).
L 08/19/2025 - 16:35:13: Invalid CVAR pointer
L 08/19/2025 - 16:35:13: [AMXX] Run time error 10 (plugin "gamemodes_menu.amxx") (native "get_pcvar_num") - debug not enabled!
L 08/19/2025 - 16:35:13: [AMXX] To enable debug mode, add "debug" after the plugin name in plugins.ini (without quotes).
L 08/19/2025 - 16:35:18: Invalid CVAR pointer
L 08/19/2025 - 16:35:18: [AMXX] Run time error 10 (plugin "gamemodes_menu.amxx") (native "get_pcvar_num") - debug not enabled!
L 08/19/2025 - 16:35:18: [AMXX] To enable debug mode, add "debug" after the plugin name in plugins.ini (without quotes).
L 08/19/2025 - 16:37:06: Start of error session.
L 08/19/2025 - 16:37:06: Info (map "(null)") (file "addons/amxmodx/logs/error_20250819.log")
L 08/19/2025 - 16:37:06: Unable to load library "engine" (gameconf "common.games")
L 08/19/2025 - 16:37:06: Unable to load library "engine" (gameconf "common.games")
L 08/19/2025 - 16:37:06: Unable to load library "engine" (gameconf "common.games")
L 08/19/2025 - 16:37:06: Unable to load library "engine" (gameconf "common.games")
L 08/19/2025 - 16:37:06: Unable to load library "engine" (gameconf "common.games")
L 08/19/2025 - 16:37:12: Start of error session.
L 08/19/2025 - 16:37:12: Info (map "aim_map_2010") (file "addons/amxmodx/logs/error_20250819.log")
L 08/19/2025 - 16:37:12: Invalid CVAR pointer
L 08/19/2025 - 16:37:12: [AMXX] Run time error 10 (plugin "gamemodes_menu.amxx") (native "get_pcvar_num") - debug not enabled!
L 08/19/2025 - 16:37:12: [AMXX] To enable debug mode, add "debug" after the plugin name in plugins.ini (without quotes).
L 08/19/2025 - 16:37:12: Invalid CVAR pointer
L 08/19/2025 - 16:37:12: [AMXX] Run time error 10 (plugin "gamemodes_menu.amxx") (native "get_pcvar_num") - debug not enabled!
L 08/19/2025 - 16:37:12: [AMXX] To enable debug mode, add "debug" after the plugin name in plugins.ini (without quotes).
L 08/19/2025 - 16:37:18: Invalid CVAR pointer
L 08/19/2025 - 16:37:18: [AMXX] Run time error 10 (plugin "gamemodes_menu.amxx") (native "get_pcvar_num") - debug not enabled!
L 08/19/2025 - 16:37:18: [AMXX] To enable debug mode, add "debug" after the plugin name in plugins.ini (without quotes).
L 08/19/2025 - 16:39:36: Start of error session.
L 08/19/2025 - 16:39:36: Info (map "(null)") (file "addons/amxmodx/logs/error_20250819.log")
L 08/19/2025 - 16:39:36: Unable to load library "engine" (gameconf "common.games")
L 08/19/2025 - 16:39:36: Unable to load library "engine" (gameconf "common.games")
L 08/19/2025 - 16:39:36: Unable to load library "engine" (gameconf "common.games")
L 08/19/2025 - 16:39:36: Unable to load library "engine" (gameconf "common.games")
L 08/19/2025 - 16:39:36: Unable to load library "engine" (gameconf "common.games")
L 08/19/2025 - 16:39:42: Start of error session.
L 08/19/2025 - 16:39:42: Info (map "aim_map_2010") (file "addons/amxmodx/logs/error_20250819.log")
L 08/19/2025 - 16:39:42: Invalid CVAR pointer
L 08/19/2025 - 16:39:42: [AMXX] Run time error 10 (plugin "gamemodes_menu.amxx") (native "get_pcvar_num") - debug not enabled!
L 08/19/2025 - 16:39:42: [AMXX] To enable debug mode, add "debug" after the plugin name in plugins.ini (without quotes).
L 08/19/2025 - 16:39:42: Invalid CVAR pointer
L 08/19/2025 - 16:39:42: [AMXX] Run time error 10 (plugin "gamemodes_menu.amxx") (native "get_pcvar_num") - debug not enabled!
L 08/19/2025 - 16:39:42: [AMXX] To enable debug mode, add "debug" after the plugin name in plugins.ini (without quotes).
L 08/19/2025 - 16:40:02: Start of error session.
L 08/19/2025 - 16:40:02: Info (map "(null)") (file "addons/amxmodx/logs/error_20250819.log")
L 08/19/2025 - 16:40:02: Unable to load library "engine" (gameconf "common.games")
L 08/19/2025 - 16:40:02: Unable to load library "engine" (gameconf "common.games")
L 08/19/2025 - 16:40:02: Unable to load library "engine" (gameconf "common.games")
L 08/19/2025 - 16:40:02: Unable to load library "engine" (gameconf "common.games")
L 08/19/2025 - 16:40:02: Unable to load library "engine" (gameconf "common.games")
L 08/19/2025 - 16:40:08: Start of error session.
L 08/19/2025 - 16:40:08: Info (map "aim_map_2010") (file "addons/amxmodx/logs/error_20250819.log")
L 08/19/2025 - 16:40:08: Invalid CVAR pointer
L 08/19/2025 - 16:40:08: [AMXX] Run time error 10 (plugin "gamemodes_menu.amxx") (native "get_pcvar_num") - debug not enabled!
L 08/19/2025 - 16:40:08: [AMXX] To enable debug mode, add "debug" after the plugin name in plugins.ini (without quotes).
L 08/19/2025 - 16:40:08: Invalid CVAR pointer
L 08/19/2025 - 16:40:08: [AMXX] Run time error 10 (plugin "gamemodes_menu.amxx") (native "get_pcvar_num") - debug not enabled!
L 08/19/2025 - 16:40:08: [AMXX] To enable debug mode, add "debug" after the plugin name in plugins.ini (without quotes).
L 08/19/2025 - 16:40:14: Invalid CVAR pointer
L 08/19/2025 - 16:40:14: [AMXX] Run time error 10 (plugin "gamemodes_menu.amxx") (native "get_pcvar_num") - debug not enabled!
L 08/19/2025 - 16:40:14: [AMXX] To enable debug mode, add "debug" after the plugin name in plugins.ini (without quotes).
L 08/19/2025 - 16:42:09: Start of error session.
L 08/19/2025 - 16:42:09: Info (map "(null)") (file "addons/amxmodx/logs/error_20250819.log")
L 08/19/2025 - 16:42:09: Unable to load library "engine" (gameconf "common.games")
L 08/19/2025 - 16:42:09: Unable to load library "engine" (gameconf "common.games")
L 08/19/2025 - 16:42:09: Unable to load library "engine" (gameconf "common.games")
L 08/19/2025 - 16:42:09: Unable to load library "engine" (gameconf "common.games")
L 08/19/2025 - 16:42:09: Unable to load library "engine" (gameconf "common.games")
L 08/19/2025 - 16:44:18: Start of error session.
L 08/19/2025 - 16:44:18: Info (map "(null)") (file "addons/amxmodx/logs/error_20250819.log")
L 08/19/2025 - 16:44:18: Unable to load library "engine" (gameconf "common.games")
L 08/19/2025 - 16:44:18: Unable to load library "engine" (gameconf "common.games")
L 08/19/2025 - 16:44:18: Unable to load library "engine" (gameconf "common.games")
L 08/19/2025 - 16:44:18: Unable to load library "engine" (gameconf "common.games")
L 08/19/2025 - 16:44:18: Unable to load library "engine" (gameconf "common.games")
L 08/19/2025 - 16:44:24: Start of error session.
L 08/19/2025 - 16:44:24: Info (map "aim_map_2010") (file "addons/amxmodx/logs/error_20250819.log")
L 08/19/2025 - 16:44:24: Invalid CVAR pointer
L 08/19/2025 - 16:44:24: [AMXX] Run time error 10 (plugin "gamemodes_menu.amxx") (native "get_pcvar_num") - debug not enabled!
L 08/19/2025 - 16:44:24: [AMXX] To enable debug mode, add "debug" after the plugin name in plugins.ini (without quotes).
L 08/19/2025 - 16:44:25: Invalid CVAR pointer
L 08/19/2025 - 16:44:25: [AMXX] Run time error 10 (plugin "gamemodes_menu.amxx") (native "get_pcvar_num") - debug not enabled!
L 08/19/2025 - 16:44:25: [AMXX] To enable debug mode, add "debug" after the plugin name in plugins.ini (without quotes).
L 08/19/2025 - 16:44:30: Invalid CVAR pointer
L 08/19/2025 - 16:44:30: [AMXX] Run time error 10 (plugin "gamemodes_menu.amxx") (native "get_pcvar_num") - debug not enabled!
L 08/19/2025 - 16:44:30: [AMXX] To enable debug mode, add "debug" after the plugin name in plugins.ini (without quotes).
L 08/19/2025 - 16:47:01: Start of error session.
L 08/19/2025 - 16:47:01: Info (map "(null)") (file "addons/amxmodx/logs/error_20250819.log")
L 08/19/2025 - 16:47:01: Unable to load library "engine" (gameconf "common.games")
L 08/19/2025 - 16:47:01: Unable to load library "engine" (gameconf "common.games")
L 08/19/2025 - 16:47:01: Unable to load library "engine" (gameconf "common.games")
L 08/19/2025 - 16:47:01: Unable to load library "engine" (gameconf "common.games")
L 08/19/2025 - 16:47:01: Unable to load library "engine" (gameconf "common.games")
L 08/19/2025 - 16:47:08: Start of error session.
L 08/19/2025 - 16:47:08: Info (map "aim_map_2010") (file "addons/amxmodx/logs/error_20250819.log")
L 08/19/2025 - 16:47:08: Invalid CVAR pointer
L 08/19/2025 - 16:47:08: [AMXX] Run time error 10 (plugin "gamemodes_menu.amxx") (native "get_pcvar_num") - debug not enabled!
L 08/19/2025 - 16:47:08: [AMXX] To enable debug mode, add "debug" after the plugin name in plugins.ini (without quotes).
L 08/19/2025 - 16:47:08: Invalid CVAR pointer
L 08/19/2025 - 16:47:08: [AMXX] Run time error 10 (plugin "gamemodes_menu.amxx") (native "get_pcvar_num") - debug not enabled!
L 08/19/2025 - 16:47:08: [AMXX] To enable debug mode, add "debug" after the plugin name in plugins.ini (without quotes).
L 08/19/2025 - 16:47:14: Invalid CVAR pointer
L 08/19/2025 - 16:47:14: [AMXX] Run time error 10 (plugin "gamemodes_menu.amxx") (native "get_pcvar_num") - debug not enabled!
L 08/19/2025 - 16:47:14: [AMXX] To enable debug mode, add "debug" after the plugin name in plugins.ini (without quotes).
L 08/19/2025 - 16:51:52: Start of error session.
L 08/19/2025 - 16:51:52: Info (map "(null)") (file "addons/amxmodx/logs/error_20250819.log")
L 08/19/2025 - 16:51:52: Unable to load library "engine" (gameconf "common.games")
L 08/19/2025 - 16:51:52: Unable to load library "engine" (gameconf "common.games")
L 08/19/2025 - 16:51:52: Unable to load library "engine" (gameconf "common.games")
L 08/19/2025 - 16:51:52: Unable to load library "engine" (gameconf "common.games")
L 08/19/2025 - 16:51:52: Unable to load library "engine" (gameconf "common.games")
L 08/19/2025 - 16:51:58: Start of error session.
L 08/19/2025 - 16:51:58: Info (map "aim_map_2010") (file "addons/amxmodx/logs/error_20250819.log")
L 08/19/2025 - 16:51:58: Invalid CVAR pointer
L 08/19/2025 - 16:51:58: [AMXX] Run time error 10 (plugin "gamemodes_menu.amxx") (native "get_pcvar_num") - debug not enabled!
L 08/19/2025 - 16:51:58: [AMXX] To enable debug mode, add "debug" after the plugin name in plugins.ini (without quotes).
L 08/19/2025 - 16:51:58: Invalid CVAR pointer
L 08/19/2025 - 16:51:58: [AMXX] Run time error 10 (plugin "gamemodes_menu.amxx") (native "get_pcvar_num") - debug not enabled!
L 08/19/2025 - 16:51:58: [AMXX] To enable debug mode, add "debug" after the plugin name in plugins.ini (without quotes).
L 08/19/2025 - 16:52:04: Invalid CVAR pointer
L 08/19/2025 - 16:52:04: [AMXX] Run time error 10 (plugin "gamemodes_menu.amxx") (native "get_pcvar_num") - debug not enabled!
L 08/19/2025 - 16:52:04: [AMXX] To enable debug mode, add "debug" after the plugin name in plugins.ini (without quotes).
L 08/19/2025 - 16:53:15: Start of error session.
L 08/19/2025 - 16:53:15: Info (map "(null)") (file "addons/amxmodx/logs/error_20250819.log")
L 08/19/2025 - 16:53:15: Unable to load library "engine" (gameconf "common.games")
L 08/19/2025 - 16:53:15: Unable to load library "engine" (gameconf "common.games")
L 08/19/2025 - 16:53:15: Unable to load library "engine" (gameconf "common.games")
L 08/19/2025 - 16:53:15: Unable to load library "engine" (gameconf "common.games")
L 08/19/2025 - 16:53:15: Unable to load library "engine" (gameconf "common.games")
L 08/19/2025 - 16:53:21: Start of error session.
L 08/19/2025 - 16:53:21: Info (map "aim_map_2010") (file "addons/amxmodx/logs/error_20250819.log")
L 08/19/2025 - 16:53:21: Invalid CVAR pointer
L 08/19/2025 - 16:53:21: [AMXX] Run time error 10 (plugin "gamemodes_menu.amxx") (native "get_pcvar_num") - debug not enabled!
L 08/19/2025 - 16:53:21: [AMXX] To enable debug mode, add "debug" after the plugin name in plugins.ini (without quotes).
L 08/19/2025 - 16:53:21: Invalid CVAR pointer
L 08/19/2025 - 16:53:21: [AMXX] Run time error 10 (plugin "gamemodes_menu.amxx") (native "get_pcvar_num") - debug not enabled!
L 08/19/2025 - 16:53:21: [AMXX] To enable debug mode, add "debug" after the plugin name in plugins.ini (without quotes).
L 08/19/2025 - 16:53:27: Invalid CVAR pointer
L 08/19/2025 - 16:53:27: [AMXX] Run time error 10 (plugin "gamemodes_menu.amxx") (native "get_pcvar_num") - debug not enabled!
L 08/19/2025 - 16:53:27: [AMXX] To enable debug mode, add "debug" after the plugin name in plugins.ini (without quotes).
L 08/19/2025 - 16:56:16: Start of error session.
L 08/19/2025 - 16:56:16: Info (map "(null)") (file "addons/amxmodx/logs/error_20250819.log")
L 08/19/2025 - 16:56:16: Unable to load library "engine" (gameconf "common.games")
L 08/19/2025 - 16:56:16: Unable to load library "engine" (gameconf "common.games")
L 08/19/2025 - 16:56:16: Unable to load library "engine" (gameconf "common.games")
L 08/19/2025 - 16:56:16: Unable to load library "engine" (gameconf "common.games")
L 08/19/2025 - 16:56:16: Unable to load library "engine" (gameconf "common.games")
L 08/19/2025 - 16:56:22: Start of error session.
L 08/19/2025 - 16:56:22: Info (map "aim_map_2010") (file "addons/amxmodx/logs/error_20250819.log")
L 08/19/2025 - 16:56:22: Invalid CVAR pointer
L 08/19/2025 - 16:56:22: [AMXX] Run time error 10 (plugin "gamemodes_menu.amxx") (native "get_pcvar_num") - debug not enabled!
L 08/19/2025 - 16:56:22: [AMXX] To enable debug mode, add "debug" after the plugin name in plugins.ini (without quotes).
L 08/19/2025 - 16:56:22: Invalid CVAR pointer
L 08/19/2025 - 16:56:22: [AMXX] Run time error 10 (plugin "gamemodes_menu.amxx") (native "get_pcvar_num") - debug not enabled!
L 08/19/2025 - 16:56:22: [AMXX] To enable debug mode, add "debug" after the plugin name in plugins.ini (without quotes).
L 08/19/2025 - 16:56:28: Invalid CVAR pointer
L 08/19/2025 - 16:56:28: [AMXX] Run time error 10 (plugin "gamemodes_menu.amxx") (native "get_pcvar_num") - debug not enabled!
L 08/19/2025 - 16:56:28: [AMXX] To enable debug mode, add "debug" after the plugin name in plugins.ini (without quotes).
L 08/19/2025 - 16:59:18: Start of error session.
L 08/19/2025 - 16:59:18: Info (map "(null)") (file "addons/amxmodx/logs/error_20250819.log")
L 08/19/2025 - 16:59:18: Unable to load library "engine" (gameconf "common.games")
L 08/19/2025 - 16:59:18: Unable to load library "engine" (gameconf "common.games")
L 08/19/2025 - 16:59:18: Unable to load library "engine" (gameconf "common.games")
L 08/19/2025 - 16:59:18: Unable to load library "engine" (gameconf "common.games")
L 08/19/2025 - 16:59:18: Unable to load library "engine" (gameconf "common.games")
L 08/19/2025 - 16:59:24: Start of error session.
L 08/19/2025 - 16:59:24: Info (map "aim_map_2010") (file "addons/amxmodx/logs/error_20250819.log")
L 08/19/2025 - 16:59:24: Invalid CVAR pointer
L 08/19/2025 - 16:59:24: [AMXX] Run time error 10 (plugin "gamemodes_menu.amxx") (native "get_pcvar_num") - debug not enabled!
L 08/19/2025 - 16:59:24: [AMXX] To enable debug mode, add "debug" after the plugin name in plugins.ini (without quotes).
L 08/19/2025 - 16:59:24: Invalid CVAR pointer
L 08/19/2025 - 16:59:24: [AMXX] Run time error 10 (plugin "gamemodes_menu.amxx") (native "get_pcvar_num") - debug not enabled!
L 08/19/2025 - 16:59:24: [AMXX] To enable debug mode, add "debug" after the plugin name in plugins.ini (without quotes).
L 08/19/2025 - 16:59:30: Invalid CVAR pointer
L 08/19/2025 - 16:59:30: [AMXX] Run time error 10 (plugin "gamemodes_menu.amxx") (native "get_pcvar_num") - debug not enabled!
L 08/19/2025 - 16:59:30: [AMXX] To enable debug mode, add "debug" after the plugin name in plugins.ini (without quotes).
L 08/19/2025 - 17:07:34: Start of error session.
L 08/19/2025 - 17:07:34: Info (map "(null)") (file "addons/amxmodx/logs/error_20250819.log")
L 08/19/2025 - 17:07:34: Unable to load library "engine" (gameconf "common.games")
L 08/19/2025 - 17:07:34: Unable to load library "engine" (gameconf "common.games")
L 08/19/2025 - 17:07:34: Unable to load library "engine" (gameconf "common.games")
L 08/19/2025 - 17:07:34: Unable to load library "engine" (gameconf "common.games")
L 08/19/2025 - 17:07:34: Unable to load library "engine" (gameconf "common.games")
L 08/19/2025 - 17:07:40: Start of error session.
L 08/19/2025 - 17:07:40: Info (map "aim_map_2010") (file "addons/amxmodx/logs/error_20250819.log")
L 08/19/2025 - 17:07:40: Invalid CVAR pointer
L 08/19/2025 - 17:07:40: [AMXX] Run time error 10 (plugin "gamemodes_menu.amxx") (native "get_pcvar_num") - debug not enabled!
L 08/19/2025 - 17:07:40: [AMXX] To enable debug mode, add "debug" after the plugin name in plugins.ini (without quotes).
L 08/19/2025 - 17:07:46: Invalid CVAR pointer
L 08/19/2025 - 17:07:46: [AMXX] Run time error 10 (plugin "gamemodes_menu.amxx") (native "get_pcvar_num") - debug not enabled!
L 08/19/2025 - 17:07:46: [AMXX] To enable debug mode, add "debug" after the plugin name in plugins.ini (without quotes).
L 08/19/2025 - 17:10:56: Start of error session.
L 08/19/2025 - 17:10:56: Info (map "(null)") (file "addons/amxmodx/logs/error_20250819.log")
L 08/19/2025 - 17:10:56: Unable to load library "engine" (gameconf "common.games")
L 08/19/2025 - 17:10:56: Unable to load library "engine" (gameconf "common.games")
L 08/19/2025 - 17:10:56: Unable to load library "engine" (gameconf "common.games")
L 08/19/2025 - 17:10:56: Unable to load library "engine" (gameconf "common.games")
L 08/19/2025 - 17:10:56: Unable to load library "engine" (gameconf "common.games")
L 08/19/2025 - 17:11:02: Start of error session.
L 08/19/2025 - 17:11:02: Info (map "aim_map_2010") (file "addons/amxmodx/logs/error_20250819.log")
L 08/19/2025 - 17:11:02: Invalid CVAR pointer
L 08/19/2025 - 17:11:02: [AMXX] Run time error 10 (plugin "gamemodes_menu.amxx") (native "get_pcvar_num") - debug not enabled!
L 08/19/2025 - 17:11:02: [AMXX] To enable debug mode, add "debug" after the plugin name in plugins.ini (without quotes).
L 08/19/2025 - 17:11:06: Invalid CVAR pointer
L 08/19/2025 - 17:11:06: [AMXX] Run time error 10 (plugin "gamemodes_menu.amxx") (native "get_pcvar_num") - debug not enabled!
L 08/19/2025 - 17:11:06: [AMXX] To enable debug mode, add "debug" after the plugin name in plugins.ini (without quotes).
L 08/19/2025 - 17:13:07: Start of error session.
L 08/19/2025 - 17:13:07: Info (map "(null)") (file "addons/amxmodx/logs/error_20250819.log")
L 08/19/2025 - 17:13:07: Unable to load library "engine" (gameconf "common.games")
L 08/19/2025 - 17:13:07: Unable to load library "engine" (gameconf "common.games")
L 08/19/2025 - 17:13:07: Unable to load library "engine" (gameconf "common.games")
L 08/19/2025 - 17:13:07: Unable to load library "engine" (gameconf "common.games")
L 08/19/2025 - 17:13:07: Unable to load library "engine" (gameconf "common.games")
L 08/19/2025 - 17:13:13: Start of error session.
L 08/19/2025 - 17:13:13: Info (map "aim_map_2010") (file "addons/amxmodx/logs/error_20250819.log")
L 08/19/2025 - 17:13:13: Invalid CVAR pointer
L 08/19/2025 - 17:13:13: [AMXX] Run time error 10 (plugin "gamemodes_menu.amxx") (native "get_pcvar_num") - debug not enabled!
L 08/19/2025 - 17:13:13: [AMXX] To enable debug mode, add "debug" after the plugin name in plugins.ini (without quotes).
L 08/19/2025 - 17:14:22: Start of error session.
L 08/19/2025 - 17:14:22: Info (map "(null)") (file "addons/amxmodx/logs/error_20250819.log")
L 08/19/2025 - 17:14:22: Unable to load library "engine" (gameconf "common.games")
L 08/19/2025 - 17:14:22: Unable to load library "engine" (gameconf "common.games")
L 08/19/2025 - 17:14:22: Unable to load library "engine" (gameconf "common.games")
L 08/19/2025 - 17:14:22: Unable to load library "engine" (gameconf "common.games")
L 08/19/2025 - 17:14:22: Unable to load library "engine" (gameconf "common.games")
L 08/19/2025 - 17:14:28: Start of error session.
L 08/19/2025 - 17:14:28: Info (map "aim_map_2010") (file "addons/amxmodx/logs/error_20250819.log")
L 08/19/2025 - 17:14:28: Invalid CVAR pointer
L 08/19/2025 - 17:14:28: [AMXX] Run time error 10 (plugin "gamemodes_menu.amxx") (native "get_pcvar_num") - debug not enabled!
L 08/19/2025 - 17:14:28: [AMXX] To enable debug mode, add "debug" after the plugin name in plugins.ini (without quotes).
L 08/19/2025 - 17:14:34: Invalid CVAR pointer
L 08/19/2025 - 17:14:34: [AMXX] Run time error 10 (plugin "gamemodes_menu.amxx") (native "get_pcvar_num") - debug not enabled!
L 08/19/2025 - 17:14:34: [AMXX] To enable debug mode, add "debug" after the plugin name in plugins.ini (without quotes).
L 08/19/2025 - 17:20:07: Invalid CVAR pointer
L 08/19/2025 - 17:20:07: [AMXX] Run time error 10 (plugin "gamemodes_menu.amxx") (native "get_pcvar_num") - debug not enabled!
L 08/19/2025 - 17:20:07: [AMXX] To enable debug mode, add "debug" after the plugin name in plugins.ini (without quotes).
L 08/19/2025 - 17:20:38: Invalid CVAR pointer
L 08/19/2025 - 17:20:38: [AMXX] Run time error 10 (plugin "gamemodes_menu.amxx") (native "get_pcvar_num") - debug not enabled!
L 08/19/2025 - 17:20:38: [AMXX] To enable debug mode, add "debug" after the plugin name in plugins.ini (without quotes).
L 08/19/2025 - 17:20:39: Start of error session.
L 08/19/2025 - 17:20:39: Info (map "(null)") (file "addons/amxmodx/logs/error_20250819.log")
L 08/19/2025 - 17:20:39: Unable to load library "engine" (gameconf "common.games")
L 08/19/2025 - 17:20:39: Unable to load library "engine" (gameconf "common.games")
L 08/19/2025 - 17:20:39: Unable to load library "engine" (gameconf "common.games")
L 08/19/2025 - 17:20:39: Unable to load library "engine" (gameconf "common.games")
L 08/19/2025 - 17:20:39: Unable to load library "engine" (gameconf "common.games")
L 08/19/2025 - 17:20:45: Start of error session.
L 08/19/2025 - 17:20:45: Info (map "aim_map_2010") (file "addons/amxmodx/logs/error_20250819.log")
L 08/19/2025 - 17:20:45: Invalid CVAR pointer
L 08/19/2025 - 17:20:45: [AMXX] Run time error 10 (plugin "gamemodes_menu.amxx") (native "get_pcvar_num") - debug not enabled!
L 08/19/2025 - 17:20:45: [AMXX] To enable debug mode, add "debug" after the plugin name in plugins.ini (without quotes).
L 08/19/2025 - 17:20:51: Invalid CVAR pointer
L 08/19/2025 - 17:20:51: [AMXX] Run time error 10 (plugin "gamemodes_menu.amxx") (native "get_pcvar_num") - debug not enabled!
L 08/19/2025 - 17:20:51: [AMXX] To enable debug mode, add "debug" after the plugin name in plugins.ini (without quotes).
L 08/19/2025 - 17:22:04: Start of error session.
L 08/19/2025 - 17:22:04: Info (map "(null)") (file "addons/amxmodx/logs/error_20250819.log")
L 08/19/2025 - 17:22:04: Unable to load library "engine" (gameconf "common.games")
L 08/19/2025 - 17:22:04: Unable to load library "engine" (gameconf "common.games")
L 08/19/2025 - 17:22:04: Unable to load library "engine" (gameconf "common.games")
L 08/19/2025 - 17:22:04: Unable to load library "engine" (gameconf "common.games")
L 08/19/2025 - 17:22:04: Unable to load library "engine" (gameconf "common.games")
L 08/19/2025 - 17:22:10: Start of error session.
L 08/19/2025 - 17:22:10: Info (map "aim_map_2010") (file "addons/amxmodx/logs/error_20250819.log")
L 08/19/2025 - 17:22:10: Invalid CVAR pointer
L 08/19/2025 - 17:22:10: [AMXX] Run time error 10 (plugin "gamemodes_menu.amxx") (native "get_pcvar_num") - debug not enabled!
L 08/19/2025 - 17:22:10: [AMXX] To enable debug mode, add "debug" after the plugin name in plugins.ini (without quotes).
L 08/19/2025 - 17:22:16: Invalid CVAR pointer
L 08/19/2025 - 17:22:16: [AMXX] Run time error 10 (plugin "gamemodes_menu.amxx") (native "get_pcvar_num") - debug not enabled!
L 08/19/2025 - 17:22:16: [AMXX] To enable debug mode, add "debug" after the plugin name in plugins.ini (without quotes).
L 08/19/2025 - 17:22:24: Invalid CVAR pointer
L 08/19/2025 - 17:22:24: [AMXX] Run time error 10 (plugin "gamemodes_menu.amxx") (native "get_pcvar_num") - debug not enabled!
L 08/19/2025 - 17:22:24: [AMXX] To enable debug mode, add "debug" after the plugin name in plugins.ini (without quotes).
L 08/19/2025 - 17:34:51: Start of error session.
L 08/19/2025 - 17:34:51: Info (map "fy_simpsons") (file "addons/amxmodx/logs/error_20250819.log")
L 08/19/2025 - 17:34:51: Invalid CVAR pointer
L 08/19/2025 - 17:34:51: [AMXX] Run time error 10 (plugin "gamemodes_menu.amxx") (native "get_pcvar_num") - debug not enabled!
L 08/19/2025 - 17:34:51: [AMXX] To enable debug mode, add "debug" after the plugin name in plugins.ini (without quotes).
L 08/19/2025 - 17:34:57: Invalid CVAR pointer
L 08/19/2025 - 17:34:57: [AMXX] Run time error 10 (plugin "gamemodes_menu.amxx") (native "get_pcvar_num") - debug not enabled!
L 08/19/2025 - 17:34:57: [AMXX] To enable debug mode, add "debug" after the plugin name in plugins.ini (without quotes).
L 08/19/2025 - 17:40:29: Start of error session.
L 08/19/2025 - 17:40:29: Info (map "(null)") (file "addons/amxmodx/logs/error_20250819.log")
L 08/19/2025 - 17:40:29: Unable to load library "engine" (gameconf "common.games")
L 08/19/2025 - 17:40:29: Unable to load library "engine" (gameconf "common.games")
L 08/19/2025 - 17:40:29: Unable to load library "engine" (gameconf "common.games")
L 08/19/2025 - 17:40:29: Unable to load library "engine" (gameconf "common.games")
L 08/19/2025 - 17:40:29: Unable to load library "engine" (gameconf "common.games")
L 08/19/2025 - 17:40:35: Start of error session.
L 08/19/2025 - 17:40:35: Info (map "aim_map_2010") (file "addons/amxmodx/logs/error_20250819.log")
L 08/19/2025 - 17:40:35: Invalid CVAR pointer
L 08/19/2025 - 17:40:35: [AMXX] Run time error 10 (plugin "gamemodes_menu.amxx") (native "get_pcvar_num") - debug not enabled!
L 08/19/2025 - 17:40:35: [AMXX] To enable debug mode, add "debug" after the plugin name in plugins.ini (without quotes).
L 08/19/2025 - 17:40:41: Invalid CVAR pointer
L 08/19/2025 - 17:40:41: [AMXX] Run time error 10 (plugin "gamemodes_menu.amxx") (native "get_pcvar_num") - debug not enabled!
L 08/19/2025 - 17:40:41: [AMXX] To enable debug mode, add "debug" after the plugin name in plugins.ini (without quotes).
L 08/19/2025 - 17:45:35: Invalid CVAR pointer
L 08/19/2025 - 17:45:35: [AMXX] Run time error 10 (plugin "gamemodes_menu.amxx") (native "get_pcvar_num") - debug not enabled!
L 08/19/2025 - 17:45:35: [AMXX] To enable debug mode, add "debug" after the plugin name in plugins.ini (without quotes).
L 08/19/2025 - 17:45:47: Start of error session.
L 08/19/2025 - 17:45:47: Info (map "aim_map_2010") (file "addons/amxmodx/logs/error_20250819.log")
L 08/19/2025 - 17:45:47: Invalid CVAR pointer
L 08/19/2025 - 17:45:47: [AMXX] Run time error 10 (plugin "gamemodes_menu.amxx") (native "get_pcvar_num") - debug not enabled!
L 08/19/2025 - 17:45:47: [AMXX] To enable debug mode, add "debug" after the plugin name in plugins.ini (without quotes).
L 08/19/2025 - 17:45:49: Invalid CVAR pointer
L 08/19/2025 - 17:45:49: [AMXX] Run time error 10 (plugin "gamemodes_menu.amxx") (native "get_pcvar_num") - debug not enabled!
L 08/19/2025 - 17:45:49: [AMXX] To enable debug mode, add "debug" after the plugin name in plugins.ini (without quotes).
L 08/19/2025 - 17:46:46: Start of error session.
L 08/19/2025 - 17:46:46: Info (map "(null)") (file "addons/amxmodx/logs/error_20250819.log")
L 08/19/2025 - 17:46:46: Unable to load library "engine" (gameconf "common.games")
L 08/19/2025 - 17:46:46: Unable to load library "engine" (gameconf "common.games")
L 08/19/2025 - 17:46:46: Unable to load library "engine" (gameconf "common.games")
L 08/19/2025 - 17:46:46: Unable to load library "engine" (gameconf "common.games")
L 08/19/2025 - 17:46:46: Unable to load library "engine" (gameconf "common.games")
L 08/19/2025 - 17:46:52: Start of error session.
L 08/19/2025 - 17:46:52: Info (map "aim_map_2010") (file "addons/amxmodx/logs/error_20250819.log")
L 08/19/2025 - 17:46:52: Invalid CVAR pointer
L 08/19/2025 - 17:46:52: [AMXX] Run time error 10 (plugin "gamemodes_menu.amxx") (native "get_pcvar_num") - debug not enabled!
L 08/19/2025 - 17:46:52: [AMXX] To enable debug mode, add "debug" after the plugin name in plugins.ini (without quotes).
L 08/19/2025 - 17:46:54: Invalid CVAR pointer
L 08/19/2025 - 17:46:54: [AMXX] Run time error 10 (plugin "gamemodes_menu.amxx") (native "get_pcvar_num") - debug not enabled!
L 08/19/2025 - 17:46:54: [AMXX] To enable debug mode, add "debug" after the plugin name in plugins.ini (without quotes).
L 08/19/2025 - 17:55:03: Start of error session.
L 08/19/2025 - 17:55:03: Info (map "(null)") (file "addons/amxmodx/logs/error_20250819.log")
L 08/19/2025 - 17:55:03: Unable to load library "engine" (gameconf "common.games")
L 08/19/2025 - 17:55:03: Unable to load library "engine" (gameconf "common.games")
L 08/19/2025 - 17:55:03: Unable to load library "engine" (gameconf "common.games")
L 08/19/2025 - 17:55:03: Unable to load library "engine" (gameconf "common.games")
L 08/19/2025 - 17:55:03: Unable to load library "engine" (gameconf "common.games")
L 08/19/2025 - 17:55:09: Start of error session.
L 08/19/2025 - 17:55:09: Info (map "aim_map_2010") (file "addons/amxmodx/logs/error_20250819.log")
L 08/19/2025 - 17:55:09: Invalid CVAR pointer
L 08/19/2025 - 17:55:09: [AMXX] Run time error 10 (plugin "gamemodes_menu.amxx") (native "get_pcvar_num") - debug not enabled!
L 08/19/2025 - 17:55:09: [AMXX] To enable debug mode, add "debug" after the plugin name in plugins.ini (without quotes).
L 08/19/2025 - 17:55:11: Invalid CVAR pointer
L 08/19/2025 - 17:55:11: [AMXX] Run time error 10 (plugin "gamemodes_menu.amxx") (native "get_pcvar_num") - debug not enabled!
L 08/19/2025 - 17:55:11: [AMXX] To enable debug mode, add "debug" after the plugin name in plugins.ini (without quotes).
L 08/19/2025 - 21:10:04: Start of error session.
L 08/19/2025 - 21:10:04: Info (map "(null)") (file "addons/amxmodx/logs/error_20250819.log")
L 08/19/2025 - 21:10:04: Unable to load library "engine" (gameconf "common.games")
L 08/19/2025 - 21:10:04: Unable to load library "engine" (gameconf "common.games")
L 08/19/2025 - 21:10:04: Unable to load library "engine" (gameconf "common.games")
L 08/19/2025 - 21:10:04: Unable to load library "engine" (gameconf "common.games")
L 08/19/2025 - 21:10:04: Unable to load library "engine" (gameconf "common.games")
L 08/19/2025 - 21:10:13: Start of error session.
L 08/19/2025 - 21:10:13: Info (map "aim_map_2010") (file "addons/amxmodx/logs/error_20250819.log")
L 08/19/2025 - 21:10:13: Invalid CVAR pointer
L 08/19/2025 - 21:10:13: [AMXX] Run time error 10 (plugin "gamemodes_menu.amxx") (native "get_pcvar_num") - debug not enabled!
L 08/19/2025 - 21:10:13: [AMXX] To enable debug mode, add "debug" after the plugin name in plugins.ini (without quotes).
L 08/19/2025 - 21:10:14: Invalid CVAR pointer
L 08/19/2025 - 21:10:14: [AMXX] Run time error 10 (plugin "gamemodes_menu.amxx") (native "get_pcvar_num") - debug not enabled!
L 08/19/2025 - 21:10:14: [AMXX] To enable debug mode, add "debug" after the plugin name in plugins.ini (without quotes).
L 08/19/2025 - 21:10:51: Start of error session.
L 08/19/2025 - 21:10:51: Info (map "(null)") (file "addons/amxmodx/logs/error_20250819.log")
L 08/19/2025 - 21:10:51: Unable to load library "engine" (gameconf "common.games")
L 08/19/2025 - 21:10:51: Unable to load library "engine" (gameconf "common.games")
L 08/19/2025 - 21:10:51: Unable to load library "engine" (gameconf "common.games")
L 08/19/2025 - 21:10:51: Unable to load library "engine" (gameconf "common.games")
L 08/19/2025 - 21:10:51: Unable to load library "engine" (gameconf "common.games")
L 08/19/2025 - 21:10:57: Start of error session.
L 08/19/2025 - 21:10:57: Info (map "aim_map_2010") (file "addons/amxmodx/logs/error_20250819.log")
L 08/19/2025 - 21:10:57: Invalid CVAR pointer
L 08/19/2025 - 21:10:57: [AMXX] Run time error 10 (plugin "gamemodes_menu.amxx") (native "get_pcvar_num") - debug not enabled!
L 08/19/2025 - 21:10:57: [AMXX] To enable debug mode, add "debug" after the plugin name in plugins.ini (without quotes).
L 08/19/2025 - 21:10:59: Invalid CVAR pointer
L 08/19/2025 - 21:10:59: [AMXX] Run time error 10 (plugin "gamemodes_menu.amxx") (native "get_pcvar_num") - debug not enabled!
L 08/19/2025 - 21:10:59: [AMXX] To enable debug mode, add "debug" after the plugin name in plugins.ini (without quotes).
L 08/19/2025 - 21:21:38: Start of error session.
L 08/19/2025 - 21:21:38: Info (map "fy_simpsons") (file "addons/amxmodx/logs/error_20250819.log")
L 08/19/2025 - 21:21:38: Invalid CVAR pointer
L 08/19/2025 - 21:21:38: [AMXX] Run time error 10 (plugin "gamemodes_menu.amxx") (native "get_pcvar_num") - debug not enabled!
L 08/19/2025 - 21:21:38: [AMXX] To enable debug mode, add "debug" after the plugin name in plugins.ini (without quotes).
L 08/19/2025 - 21:21:40: Invalid CVAR pointer
L 08/19/2025 - 21:21:40: [AMXX] Run time error 10 (plugin "gamemodes_menu.amxx") (native "get_pcvar_num") - debug not enabled!
L 08/19/2025 - 21:21:40: [AMXX] To enable debug mode, add "debug" after the plugin name in plugins.ini (without quotes).
L 08/19/2025 - 22:06:21: Start of error session.
L 08/19/2025 - 22:06:21: Info (map "(null)") (file "addons/amxmodx/logs/error_20250819.log")
L 08/19/2025 - 22:06:21: Unable to load library "engine" (gameconf "common.games")
L 08/19/2025 - 22:06:21: Unable to load library "engine" (gameconf "common.games")
L 08/19/2025 - 22:06:21: Unable to load library "engine" (gameconf "common.games")
L 08/19/2025 - 22:06:21: Unable to load library "engine" (gameconf "common.games")
L 08/19/2025 - 22:06:21: Unable to load library "engine" (gameconf "common.games")
L 08/19/2025 - 22:06:28: Start of error session.
L 08/19/2025 - 22:06:28: Info (map "aim_map_2010") (file "addons/amxmodx/logs/error_20250819.log")
L 08/19/2025 - 22:06:28: Invalid CVAR pointer
L 08/19/2025 - 22:06:28: [AMXX] Run time error 10 (plugin "gamemodes_menu.amxx") (native "get_pcvar_num") - debug not enabled!
L 08/19/2025 - 22:06:28: [AMXX] To enable debug mode, add "debug" after the plugin name in plugins.ini (without quotes).
L 08/19/2025 - 22:06:29: Invalid CVAR pointer
L 08/19/2025 - 22:06:29: [AMXX] Run time error 10 (plugin "gamemodes_menu.amxx") (native "get_pcvar_num") - debug not enabled!
L 08/19/2025 - 22:06:29: [AMXX] To enable debug mode, add "debug" after the plugin name in plugins.ini (without quotes).
L 08/19/2025 - 22:11:18: Start of error session.
L 08/19/2025 - 22:11:18: Info (map "(null)") (file "addons/amxmodx/logs/error_20250819.log")
L 08/19/2025 - 22:11:18: Unable to load library "engine" (gameconf "common.games")
L 08/19/2025 - 22:11:18: Unable to load library "engine" (gameconf "common.games")
L 08/19/2025 - 22:11:18: Unable to load library "engine" (gameconf "common.games")
L 08/19/2025 - 22:11:18: Unable to load library "engine" (gameconf "common.games")
L 08/19/2025 - 22:11:18: Unable to load library "engine" (gameconf "common.games")
L 08/19/2025 - 22:11:24: Start of error session.
L 08/19/2025 - 22:11:24: Info (map "aim_map_2010") (file "addons/amxmodx/logs/error_20250819.log")
L 08/19/2025 - 22:11:24: Invalid CVAR pointer
L 08/19/2025 - 22:11:24: [AMXX] Displaying debug trace (plugin "gamemodes_menu.amxx", version "2.4")
L 08/19/2025 - 22:11:24: [AMXX] Run time error 10: native error (native "get_pcvar_num")
L 08/19/2025 - 22:11:24: [AMXX]    [0] gamemodes_menu.sma::ApplyRoundendBlockerForMode (line 227)
L 08/19/2025 - 22:11:24: [AMXX]    [1] gamemodes_menu.sma::ApplyMode (line 186)
L 08/19/2025 - 22:11:24: [AMXX]    [2] gamemodes_menu.sma::OnConfigsExecuted (line 93)
L 08/19/2025 - 22:11:26: Invalid CVAR pointer
L 08/19/2025 - 22:11:26: [AMXX] Displaying debug trace (plugin "gamemodes_menu.amxx", version "2.4")
L 08/19/2025 - 22:11:26: [AMXX] Run time error 10: native error (native "get_pcvar_num")
L 08/19/2025 - 22:11:26: [AMXX]    [0] gamemodes_menu.sma::ApplyRoundendBlockerForMode (line 227)
L 08/19/2025 - 22:11:26: [AMXX]    [1] gamemodes_menu.sma::OnNewRound (line 102)
L 08/19/2025 - 22:16:34: Start of error session.
L 08/19/2025 - 22:16:34: Info (map "(null)") (file "addons/amxmodx/logs/error_20250819.log")
L 08/19/2025 - 22:16:34: Unable to load library "engine" (gameconf "common.games")
L 08/19/2025 - 22:16:34: Unable to load library "engine" (gameconf "common.games")
L 08/19/2025 - 22:16:34: Unable to load library "engine" (gameconf "common.games")
L 08/19/2025 - 22:16:34: Unable to load library "engine" (gameconf "common.games")
L 08/19/2025 - 22:16:34: Unable to load library "engine" (gameconf "common.games")
L 08/19/2025 - 22:16:40: Start of error session.
L 08/19/2025 - 22:16:40: Info (map "aim_map_2010") (file "addons/amxmodx/logs/error_20250819.log")
L 08/19/2025 - 22:16:40: Invalid CVAR pointer
L 08/19/2025 - 22:16:40: [AMXX] Displaying debug trace (plugin "gamemodes_menu.amxx", version "2.4")
L 08/19/2025 - 22:16:40: [AMXX] Run time error 10: native error (native "get_pcvar_num")
L 08/19/2025 - 22:16:40: [AMXX]    [0] gamemodes_menu.sma::ApplyRoundendBlockerForMode (line 227)
L 08/19/2025 - 22:16:40: [AMXX]    [1] gamemodes_menu.sma::ApplyMode (line 186)
L 08/19/2025 - 22:16:40: [AMXX]    [2] gamemodes_menu.sma::OnConfigsExecuted (line 93)
L 08/19/2025 - 22:16:42: Invalid CVAR pointer
L 08/19/2025 - 22:16:42: [AMXX] Displaying debug trace (plugin "gamemodes_menu.amxx", version "2.4")
L 08/19/2025 - 22:16:42: [AMXX] Run time error 10: native error (native "get_pcvar_num")
L 08/19/2025 - 22:16:42: [AMXX]    [0] gamemodes_menu.sma::ApplyRoundendBlockerForMode (line 227)
L 08/19/2025 - 22:16:42: [AMXX]    [1] gamemodes_menu.sma::OnNewRound (line 102)
L 08/19/2025 - 22:19:01: Start of error session.
L 08/19/2025 - 22:19:01: Info (map "(null)") (file "addons/amxmodx/logs/error_20250819.log")
L 08/19/2025 - 22:19:01: Unable to load library "engine" (gameconf "common.games")
L 08/19/2025 - 22:19:01: Unable to load library "engine" (gameconf "common.games")
L 08/19/2025 - 22:19:01: Unable to load library "engine" (gameconf "common.games")
L 08/19/2025 - 22:19:01: Unable to load library "engine" (gameconf "common.games")
L 08/19/2025 - 22:19:01: Unable to load library "engine" (gameconf "common.games")
