L 08/06/2025 - 06:32:40: Start of error session.
L 08/06/2025 - 06:32:40: Info (map "(null)") (file "addons/amxmodx/logs/error_20250806.log")
L 08/06/2025 - 06:32:40: Unable to load library "engine" (gameconf "common.games")
L 08/06/2025 - 06:32:40: Unable to load library "engine" (gameconf "common.games")
L 08/06/2025 - 06:32:40: Unable to load library "engine" (gameconf "common.games")
L 08/06/2025 - 06:32:40: Unable to load library "engine" (gameconf "common.games")
L 08/06/2025 - 06:32:40: Unable to load library "engine" (gameconf "common.games")
L 08/06/2025 - 06:35:23: Start of error session.
L 08/06/2025 - 06:35:23: Info (map "(null)") (file "addons/amxmodx/logs/error_20250806.log")
L 08/06/2025 - 06:35:23: Unable to load library "engine" (gameconf "common.games")
L 08/06/2025 - 06:35:23: Unable to load library "engine" (gameconf "common.games")
L 08/06/2025 - 06:35:23: Unable to load library "engine" (gameconf "common.games")
L 08/06/2025 - 06:35:23: Unable to load library "engine" (gameconf "common.games")
L 08/06/2025 - 06:35:23: Unable to load library "engine" (gameconf "common.games")
L 08/06/2025 - 06:37:09: Start of error session.
L 08/06/2025 - 06:37:09: Info (map "(null)") (file "addons/amxmodx/logs/error_20250806.log")
L 08/06/2025 - 06:37:09: Unable to load library "engine" (gameconf "common.games")
L 08/06/2025 - 06:37:09: Unable to load library "engine" (gameconf "common.games")
L 08/06/2025 - 06:37:09: Unable to load library "engine" (gameconf "common.games")
L 08/06/2025 - 06:37:09: Unable to load library "engine" (gameconf "common.games")
L 08/06/2025 - 06:37:09: Unable to load library "engine" (gameconf "common.games")
L 08/06/2025 - 06:44:10: Start of error session.
L 08/06/2025 - 06:44:10: Info (map "(null)") (file "addons/amxmodx/logs/error_20250806.log")
L 08/06/2025 - 06:44:10: Unable to load library "engine" (gameconf "common.games")
L 08/06/2025 - 06:44:10: Unable to load library "engine" (gameconf "common.games")
L 08/06/2025 - 06:44:10: Unable to load library "engine" (gameconf "common.games")
L 08/06/2025 - 06:44:10: Unable to load library "engine" (gameconf "common.games")
L 08/06/2025 - 06:44:10: Unable to load library "engine" (gameconf "common.games")
L 08/06/2025 - 06:47:09: Start of error session.
L 08/06/2025 - 06:47:09: Info (map "(null)") (file "addons/amxmodx/logs/error_20250806.log")
L 08/06/2025 - 06:47:09: Unable to load library "engine" (gameconf "common.games")
L 08/06/2025 - 06:47:09: Unable to load library "engine" (gameconf "common.games")
L 08/06/2025 - 06:47:09: Unable to load library "engine" (gameconf "common.games")
L 08/06/2025 - 06:47:09: Unable to load library "engine" (gameconf "common.games")
L 08/06/2025 - 06:47:09: Unable to load library "engine" (gameconf "common.games")
L 08/06/2025 - 06:57:06: Start of error session.
L 08/06/2025 - 06:57:06: Info (map "(null)") (file "addons/amxmodx/logs/error_20250806.log")
L 08/06/2025 - 06:57:06: Unable to load library "engine" (gameconf "common.games")
L 08/06/2025 - 06:57:06: Unable to load library "engine" (gameconf "common.games")
L 08/06/2025 - 06:57:06: Unable to load library "engine" (gameconf "common.games")
L 08/06/2025 - 06:57:06: Unable to load library "engine" (gameconf "common.games")
L 08/06/2025 - 06:57:06: Unable to load library "engine" (gameconf "common.games")
L 08/06/2025 - 08:07:23: Start of error session.
L 08/06/2025 - 08:07:23: Info (map "(null)") (file "addons/amxmodx/logs/error_20250806.log")
L 08/06/2025 - 08:07:23: Unable to load library "engine" (gameconf "common.games")
L 08/06/2025 - 08:07:23: Unable to load library "engine" (gameconf "common.games")
L 08/06/2025 - 08:07:23: Unable to load library "engine" (gameconf "common.games")
L 08/06/2025 - 08:07:23: Unable to load library "engine" (gameconf "common.games")
L 08/06/2025 - 08:07:23: Unable to load library "engine" (gameconf "common.games")
L 08/06/2025 - 08:07:23: Start of error session.
L 08/06/2025 - 08:07:23: Info (map "de_dust2") (file "addons/amxmodx/logs/error_20250806.log")
L 08/06/2025 - 08:07:23: Called dynanative into a paused plugin.
L 08/06/2025 - 08:07:23: [AMXX] Run time error 10 (plugin "csdm_ffa.amxx") (native "csdm_main_menu") - debug not enabled!
L 08/06/2025 - 08:07:23: [AMXX] To enable debug mode, add "debug" after the plugin name in plugins.ini (without quotes).
L 08/06/2025 - 08:15:19: Start of error session.
L 08/06/2025 - 08:15:19: Info (map "(null)") (file "addons/amxmodx/logs/error_20250806.log")
L 08/06/2025 - 08:15:19: Unable to load library "engine" (gameconf "common.games")
L 08/06/2025 - 08:15:19: Unable to load library "engine" (gameconf "common.games")
L 08/06/2025 - 08:15:19: Unable to load library "engine" (gameconf "common.games")
L 08/06/2025 - 08:15:19: Unable to load library "engine" (gameconf "common.games")
L 08/06/2025 - 08:15:19: Unable to load library "engine" (gameconf "common.games")
L 08/06/2025 - 08:32:45: Start of error session.
L 08/06/2025 - 08:32:45: Info (map "(null)") (file "addons/amxmodx/logs/error_20250806.log")
L 08/06/2025 - 08:32:45: Unable to load library "engine" (gameconf "common.games")
L 08/06/2025 - 08:32:45: Unable to load library "engine" (gameconf "common.games")
L 08/06/2025 - 08:32:45: Unable to load library "engine" (gameconf "common.games")
L 08/06/2025 - 08:32:45: Unable to load library "engine" (gameconf "common.games")
L 08/06/2025 - 08:32:45: Unable to load library "engine" (gameconf "common.games")
L 08/06/2025 - 08:32:56: Start of error session.
L 08/06/2025 - 08:32:56: Info (map "(null)") (file "addons/amxmodx/logs/error_20250806.log")
L 08/06/2025 - 08:32:56: Unable to load library "engine" (gameconf "common.games")
L 08/06/2025 - 08:32:56: Unable to load library "engine" (gameconf "common.games")
L 08/06/2025 - 08:32:56: Unable to load library "engine" (gameconf "common.games")
L 08/06/2025 - 08:32:56: Unable to load library "engine" (gameconf "common.games")
L 08/06/2025 - 08:32:56: Unable to load library "engine" (gameconf "common.games")
L 08/06/2025 - 08:33:06: Start of error session.
L 08/06/2025 - 08:33:06: Info (map "(null)") (file "addons/amxmodx/logs/error_20250806.log")
L 08/06/2025 - 08:33:06: Unable to load library "engine" (gameconf "common.games")
L 08/06/2025 - 08:33:06: Unable to load library "engine" (gameconf "common.games")
L 08/06/2025 - 08:33:06: Unable to load library "engine" (gameconf "common.games")
L 08/06/2025 - 08:33:06: Unable to load library "engine" (gameconf "common.games")
L 08/06/2025 - 08:33:06: Unable to load library "engine" (gameconf "common.games")
L 08/06/2025 - 08:33:17: Start of error session.
L 08/06/2025 - 08:33:17: Info (map "(null)") (file "addons/amxmodx/logs/error_20250806.log")
L 08/06/2025 - 08:33:17: Unable to load library "engine" (gameconf "common.games")
L 08/06/2025 - 08:33:17: Unable to load library "engine" (gameconf "common.games")
L 08/06/2025 - 08:33:17: Unable to load library "engine" (gameconf "common.games")
L 08/06/2025 - 08:33:17: Unable to load library "engine" (gameconf "common.games")
L 08/06/2025 - 08:33:17: Unable to load library "engine" (gameconf "common.games")
L 08/06/2025 - 08:33:28: Start of error session.
L 08/06/2025 - 08:33:28: Info (map "(null)") (file "addons/amxmodx/logs/error_20250806.log")
L 08/06/2025 - 08:33:28: Unable to load library "engine" (gameconf "common.games")
L 08/06/2025 - 08:33:28: Unable to load library "engine" (gameconf "common.games")
L 08/06/2025 - 08:33:28: Unable to load library "engine" (gameconf "common.games")
L 08/06/2025 - 08:33:28: Unable to load library "engine" (gameconf "common.games")
L 08/06/2025 - 08:33:28: Unable to load library "engine" (gameconf "common.games")
L 08/06/2025 - 08:33:39: Start of error session.
L 08/06/2025 - 08:33:39: Info (map "(null)") (file "addons/amxmodx/logs/error_20250806.log")
L 08/06/2025 - 08:33:39: Unable to load library "engine" (gameconf "common.games")
L 08/06/2025 - 08:33:39: Unable to load library "engine" (gameconf "common.games")
L 08/06/2025 - 08:33:39: Unable to load library "engine" (gameconf "common.games")
L 08/06/2025 - 08:33:39: Unable to load library "engine" (gameconf "common.games")
L 08/06/2025 - 08:33:39: Unable to load library "engine" (gameconf "common.games")
L 08/06/2025 - 08:33:50: Start of error session.
L 08/06/2025 - 08:33:50: Info (map "(null)") (file "addons/amxmodx/logs/error_20250806.log")
L 08/06/2025 - 08:33:50: Unable to load library "engine" (gameconf "common.games")
L 08/06/2025 - 08:33:50: Unable to load library "engine" (gameconf "common.games")
L 08/06/2025 - 08:33:50: Unable to load library "engine" (gameconf "common.games")
L 08/06/2025 - 08:33:50: Unable to load library "engine" (gameconf "common.games")
L 08/06/2025 - 08:33:50: Unable to load library "engine" (gameconf "common.games")
L 08/06/2025 - 08:34:19: Start of error session.
L 08/06/2025 - 08:34:19: Info (map "(null)") (file "addons/amxmodx/logs/error_20250806.log")
L 08/06/2025 - 08:34:19: Unable to load library "engine" (gameconf "common.games")
L 08/06/2025 - 08:34:19: Unable to load library "engine" (gameconf "common.games")
L 08/06/2025 - 08:34:19: Unable to load library "engine" (gameconf "common.games")
L 08/06/2025 - 08:34:19: Unable to load library "engine" (gameconf "common.games")
L 08/06/2025 - 08:34:19: Unable to load library "engine" (gameconf "common.games")
L 08/06/2025 - 08:39:40: Start of error session.
L 08/06/2025 - 08:39:40: Info (map "(null)") (file "addons/amxmodx/logs/error_20250806.log")
L 08/06/2025 - 08:39:40: Unable to load library "engine" (gameconf "common.games")
L 08/06/2025 - 08:39:40: Unable to load library "engine" (gameconf "common.games")
L 08/06/2025 - 08:39:40: Unable to load library "engine" (gameconf "common.games")
L 08/06/2025 - 08:39:40: Unable to load library "engine" (gameconf "common.games")
L 08/06/2025 - 08:39:40: Unable to load library "engine" (gameconf "common.games")
L 08/06/2025 - 08:39:50: Start of error session.
L 08/06/2025 - 08:39:50: Info (map "(null)") (file "addons/amxmodx/logs/error_20250806.log")
L 08/06/2025 - 08:39:50: Unable to load library "engine" (gameconf "common.games")
L 08/06/2025 - 08:39:50: Unable to load library "engine" (gameconf "common.games")
L 08/06/2025 - 08:39:50: Unable to load library "engine" (gameconf "common.games")
L 08/06/2025 - 08:39:50: Unable to load library "engine" (gameconf "common.games")
L 08/06/2025 - 08:39:50: Unable to load library "engine" (gameconf "common.games")
L 08/06/2025 - 08:40:01: Start of error session.
L 08/06/2025 - 08:40:01: Info (map "(null)") (file "addons/amxmodx/logs/error_20250806.log")
L 08/06/2025 - 08:40:01: Unable to load library "engine" (gameconf "common.games")
L 08/06/2025 - 08:40:01: Unable to load library "engine" (gameconf "common.games")
L 08/06/2025 - 08:40:01: Unable to load library "engine" (gameconf "common.games")
L 08/06/2025 - 08:40:01: Unable to load library "engine" (gameconf "common.games")
L 08/06/2025 - 08:40:01: Unable to load library "engine" (gameconf "common.games")
L 08/06/2025 - 08:40:12: Start of error session.
L 08/06/2025 - 08:40:12: Info (map "(null)") (file "addons/amxmodx/logs/error_20250806.log")
L 08/06/2025 - 08:40:12: Unable to load library "engine" (gameconf "common.games")
L 08/06/2025 - 08:40:12: Unable to load library "engine" (gameconf "common.games")
L 08/06/2025 - 08:40:12: Unable to load library "engine" (gameconf "common.games")
L 08/06/2025 - 08:40:12: Unable to load library "engine" (gameconf "common.games")
L 08/06/2025 - 08:40:12: Unable to load library "engine" (gameconf "common.games")
L 08/06/2025 - 08:40:23: Start of error session.
L 08/06/2025 - 08:40:23: Info (map "(null)") (file "addons/amxmodx/logs/error_20250806.log")
L 08/06/2025 - 08:40:23: Unable to load library "engine" (gameconf "common.games")
L 08/06/2025 - 08:40:23: Unable to load library "engine" (gameconf "common.games")
L 08/06/2025 - 08:40:23: Unable to load library "engine" (gameconf "common.games")
L 08/06/2025 - 08:40:23: Unable to load library "engine" (gameconf "common.games")
L 08/06/2025 - 08:40:23: Unable to load library "engine" (gameconf "common.games")
L 08/06/2025 - 08:40:34: Start of error session.
L 08/06/2025 - 08:40:34: Info (map "(null)") (file "addons/amxmodx/logs/error_20250806.log")
L 08/06/2025 - 08:40:34: Unable to load library "engine" (gameconf "common.games")
L 08/06/2025 - 08:40:34: Unable to load library "engine" (gameconf "common.games")
L 08/06/2025 - 08:40:34: Unable to load library "engine" (gameconf "common.games")
L 08/06/2025 - 08:40:34: Unable to load library "engine" (gameconf "common.games")
L 08/06/2025 - 08:40:34: Unable to load library "engine" (gameconf "common.games")
L 08/06/2025 - 08:40:45: Start of error session.
L 08/06/2025 - 08:40:45: Info (map "(null)") (file "addons/amxmodx/logs/error_20250806.log")
L 08/06/2025 - 08:40:45: Unable to load library "engine" (gameconf "common.games")
L 08/06/2025 - 08:40:45: Unable to load library "engine" (gameconf "common.games")
L 08/06/2025 - 08:40:45: Unable to load library "engine" (gameconf "common.games")
L 08/06/2025 - 08:40:45: Unable to load library "engine" (gameconf "common.games")
L 08/06/2025 - 08:40:45: Unable to load library "engine" (gameconf "common.games")
L 08/06/2025 - 08:40:56: Start of error session.
L 08/06/2025 - 08:40:56: Info (map "(null)") (file "addons/amxmodx/logs/error_20250806.log")
L 08/06/2025 - 08:40:56: Unable to load library "engine" (gameconf "common.games")
L 08/06/2025 - 08:40:56: Unable to load library "engine" (gameconf "common.games")
L 08/06/2025 - 08:40:56: Unable to load library "engine" (gameconf "common.games")
L 08/06/2025 - 08:40:56: Unable to load library "engine" (gameconf "common.games")
L 08/06/2025 - 08:40:56: Unable to load library "engine" (gameconf "common.games")
L 08/06/2025 - 08:41:07: Start of error session.
L 08/06/2025 - 08:41:07: Info (map "(null)") (file "addons/amxmodx/logs/error_20250806.log")
L 08/06/2025 - 08:41:07: Unable to load library "engine" (gameconf "common.games")
L 08/06/2025 - 08:41:07: Unable to load library "engine" (gameconf "common.games")
L 08/06/2025 - 08:41:07: Unable to load library "engine" (gameconf "common.games")
L 08/06/2025 - 08:41:07: Unable to load library "engine" (gameconf "common.games")
L 08/06/2025 - 08:41:07: Unable to load library "engine" (gameconf "common.games")
L 08/06/2025 - 08:41:18: Start of error session.
L 08/06/2025 - 08:41:18: Info (map "(null)") (file "addons/amxmodx/logs/error_20250806.log")
L 08/06/2025 - 08:41:18: Unable to load library "engine" (gameconf "common.games")
L 08/06/2025 - 08:41:18: Unable to load library "engine" (gameconf "common.games")
L 08/06/2025 - 08:41:18: Unable to load library "engine" (gameconf "common.games")
L 08/06/2025 - 08:41:18: Unable to load library "engine" (gameconf "common.games")
L 08/06/2025 - 08:41:18: Unable to load library "engine" (gameconf "common.games")
L 08/06/2025 - 08:41:29: Start of error session.
L 08/06/2025 - 08:41:29: Info (map "(null)") (file "addons/amxmodx/logs/error_20250806.log")
L 08/06/2025 - 08:41:29: Unable to load library "engine" (gameconf "common.games")
L 08/06/2025 - 08:41:29: Unable to load library "engine" (gameconf "common.games")
L 08/06/2025 - 08:41:29: Unable to load library "engine" (gameconf "common.games")
L 08/06/2025 - 08:41:29: Unable to load library "engine" (gameconf "common.games")
L 08/06/2025 - 08:41:29: Unable to load library "engine" (gameconf "common.games")
L 08/06/2025 - 08:41:40: Start of error session.
L 08/06/2025 - 08:41:40: Info (map "(null)") (file "addons/amxmodx/logs/error_20250806.log")
L 08/06/2025 - 08:41:40: Unable to load library "engine" (gameconf "common.games")
L 08/06/2025 - 08:41:40: Unable to load library "engine" (gameconf "common.games")
L 08/06/2025 - 08:41:40: Unable to load library "engine" (gameconf "common.games")
L 08/06/2025 - 08:41:40: Unable to load library "engine" (gameconf "common.games")
L 08/06/2025 - 08:41:40: Unable to load library "engine" (gameconf "common.games")
L 08/06/2025 - 08:41:50: Start of error session.
L 08/06/2025 - 08:41:50: Info (map "(null)") (file "addons/amxmodx/logs/error_20250806.log")
L 08/06/2025 - 08:41:50: Unable to load library "engine" (gameconf "common.games")
L 08/06/2025 - 08:41:50: Unable to load library "engine" (gameconf "common.games")
L 08/06/2025 - 08:41:50: Unable to load library "engine" (gameconf "common.games")
L 08/06/2025 - 08:41:50: Unable to load library "engine" (gameconf "common.games")
L 08/06/2025 - 08:41:50: Unable to load library "engine" (gameconf "common.games")
L 08/06/2025 - 08:42:01: Start of error session.
L 08/06/2025 - 08:42:01: Info (map "(null)") (file "addons/amxmodx/logs/error_20250806.log")
L 08/06/2025 - 08:42:01: Unable to load library "engine" (gameconf "common.games")
L 08/06/2025 - 08:42:01: Unable to load library "engine" (gameconf "common.games")
L 08/06/2025 - 08:42:01: Unable to load library "engine" (gameconf "common.games")
L 08/06/2025 - 08:42:01: Unable to load library "engine" (gameconf "common.games")
L 08/06/2025 - 08:42:01: Unable to load library "engine" (gameconf "common.games")
L 08/06/2025 - 08:42:12: Start of error session.
L 08/06/2025 - 08:42:12: Info (map "(null)") (file "addons/amxmodx/logs/error_20250806.log")
L 08/06/2025 - 08:42:12: Unable to load library "engine" (gameconf "common.games")
L 08/06/2025 - 08:42:12: Unable to load library "engine" (gameconf "common.games")
L 08/06/2025 - 08:42:12: Unable to load library "engine" (gameconf "common.games")
L 08/06/2025 - 08:42:12: Unable to load library "engine" (gameconf "common.games")
L 08/06/2025 - 08:42:12: Unable to load library "engine" (gameconf "common.games")
L 08/06/2025 - 08:42:24: Start of error session.
L 08/06/2025 - 08:42:24: Info (map "(null)") (file "addons/amxmodx/logs/error_20250806.log")
L 08/06/2025 - 08:42:24: Unable to load library "engine" (gameconf "common.games")
L 08/06/2025 - 08:42:24: Unable to load library "engine" (gameconf "common.games")
L 08/06/2025 - 08:42:24: Unable to load library "engine" (gameconf "common.games")
L 08/06/2025 - 08:42:24: Unable to load library "engine" (gameconf "common.games")
L 08/06/2025 - 08:42:24: Unable to load library "engine" (gameconf "common.games")
L 08/06/2025 - 08:42:34: Start of error session.
L 08/06/2025 - 08:42:34: Info (map "(null)") (file "addons/amxmodx/logs/error_20250806.log")
L 08/06/2025 - 08:42:34: Unable to load library "engine" (gameconf "common.games")
L 08/06/2025 - 08:42:34: Unable to load library "engine" (gameconf "common.games")
L 08/06/2025 - 08:42:34: Unable to load library "engine" (gameconf "common.games")
L 08/06/2025 - 08:42:34: Unable to load library "engine" (gameconf "common.games")
L 08/06/2025 - 08:42:34: Unable to load library "engine" (gameconf "common.games")
L 08/06/2025 - 08:57:09: Start of error session.
L 08/06/2025 - 08:57:09: Info (map "(null)") (file "addons/amxmodx/logs/error_20250806.log")
L 08/06/2025 - 08:57:09: Unable to load library "engine" (gameconf "common.games")
L 08/06/2025 - 08:57:09: Unable to load library "engine" (gameconf "common.games")
L 08/06/2025 - 08:57:09: Unable to load library "engine" (gameconf "common.games")
L 08/06/2025 - 08:57:09: Unable to load library "engine" (gameconf "common.games")
L 08/06/2025 - 08:57:09: Unable to load library "engine" (gameconf "common.games")
L 08/06/2025 - 08:59:55: Start of error session.
L 08/06/2025 - 08:59:55: Info (map "(null)") (file "addons/amxmodx/logs/error_20250806.log")
L 08/06/2025 - 08:59:55: Unable to load library "engine" (gameconf "common.games")
L 08/06/2025 - 08:59:55: Unable to load library "engine" (gameconf "common.games")
L 08/06/2025 - 08:59:55: Unable to load library "engine" (gameconf "common.games")
L 08/06/2025 - 08:59:55: Unable to load library "engine" (gameconf "common.games")
L 08/06/2025 - 08:59:55: Unable to load library "engine" (gameconf "common.games")
L 08/06/2025 - 09:18:07: Start of error session.
L 08/06/2025 - 09:18:07: Info (map "(null)") (file "addons/amxmodx/logs/error_20250806.log")
L 08/06/2025 - 09:18:07: Unable to load library "engine" (gameconf "common.games")
L 08/06/2025 - 09:18:07: Unable to load library "engine" (gameconf "common.games")
L 08/06/2025 - 09:18:07: Unable to load library "engine" (gameconf "common.games")
L 08/06/2025 - 09:18:07: Unable to load library "engine" (gameconf "common.games")
L 08/06/2025 - 09:18:07: Unable to load library "engine" (gameconf "common.games")
L 08/06/2025 - 09:23:37: Start of error session.
L 08/06/2025 - 09:23:37: Info (map "(null)") (file "addons/amxmodx/logs/error_20250806.log")
L 08/06/2025 - 09:23:37: Unable to load library "engine" (gameconf "common.games")
L 08/06/2025 - 09:23:37: Unable to load library "engine" (gameconf "common.games")
L 08/06/2025 - 09:23:37: Unable to load library "engine" (gameconf "common.games")
L 08/06/2025 - 09:23:37: Unable to load library "engine" (gameconf "common.games")
L 08/06/2025 - 09:23:37: Unable to load library "engine" (gameconf "common.games")
L 08/06/2025 - 09:24:44: Start of error session.
L 08/06/2025 - 09:24:44: Info (map "(null)") (file "addons/amxmodx/logs/error_20250806.log")
L 08/06/2025 - 09:24:44: Unable to load library "engine" (gameconf "common.games")
L 08/06/2025 - 09:24:44: Unable to load library "engine" (gameconf "common.games")
L 08/06/2025 - 09:24:44: Unable to load library "engine" (gameconf "common.games")
L 08/06/2025 - 09:24:44: Unable to load library "engine" (gameconf "common.games")
L 08/06/2025 - 09:24:44: Unable to load library "engine" (gameconf "common.games")
L 08/06/2025 - 09:25:28: Start of error session.
L 08/06/2025 - 09:25:28: Info (map "(null)") (file "addons/amxmodx/logs/error_20250806.log")
L 08/06/2025 - 09:25:28: Unable to load library "engine" (gameconf "common.games")
L 08/06/2025 - 09:25:28: Unable to load library "engine" (gameconf "common.games")
L 08/06/2025 - 09:25:28: Unable to load library "engine" (gameconf "common.games")
L 08/06/2025 - 09:25:28: Unable to load library "engine" (gameconf "common.games")
L 08/06/2025 - 09:25:28: Unable to load library "engine" (gameconf "common.games")
L 08/06/2025 - 09:33:47: Start of error session.
L 08/06/2025 - 09:33:47: Info (map "(null)") (file "addons/amxmodx/logs/error_20250806.log")
L 08/06/2025 - 09:33:47: Unable to load library "engine" (gameconf "common.games")
L 08/06/2025 - 09:33:47: Unable to load library "engine" (gameconf "common.games")
L 08/06/2025 - 09:33:47: Unable to load library "engine" (gameconf "common.games")
L 08/06/2025 - 09:33:47: Unable to load library "engine" (gameconf "common.games")
L 08/06/2025 - 09:33:47: Unable to load library "engine" (gameconf "common.games")
L 08/06/2025 - 10:07:14: Start of error session.
L 08/06/2025 - 10:07:14: Info (map "(null)") (file "addons/amxmodx/logs/error_20250806.log")
L 08/06/2025 - 10:07:14: Unable to load library "engine" (gameconf "common.games")
L 08/06/2025 - 10:07:14: Unable to load library "engine" (gameconf "common.games")
L 08/06/2025 - 10:07:14: Unable to load library "engine" (gameconf "common.games")
L 08/06/2025 - 10:07:14: Unable to load library "engine" (gameconf "common.games")
L 08/06/2025 - 10:07:14: Unable to load library "engine" (gameconf "common.games")
L 08/06/2025 - 10:07:40: Start of error session.
L 08/06/2025 - 10:07:40: Info (map "(null)") (file "addons/amxmodx/logs/error_20250806.log")
L 08/06/2025 - 10:07:40: Unable to load library "engine" (gameconf "common.games")
L 08/06/2025 - 10:07:40: Unable to load library "engine" (gameconf "common.games")
L 08/06/2025 - 10:07:40: Unable to load library "engine" (gameconf "common.games")
L 08/06/2025 - 10:07:40: Unable to load library "engine" (gameconf "common.games")
L 08/06/2025 - 10:07:40: Unable to load library "engine" (gameconf "common.games")
L 08/06/2025 - 10:09:12: Start of error session.
L 08/06/2025 - 10:09:12: Info (map "(null)") (file "addons/amxmodx/logs/error_20250806.log")
L 08/06/2025 - 10:09:12: Unable to load library "engine" (gameconf "common.games")
L 08/06/2025 - 10:09:12: Unable to load library "engine" (gameconf "common.games")
L 08/06/2025 - 10:09:12: Unable to load library "engine" (gameconf "common.games")
L 08/06/2025 - 10:09:12: Unable to load library "engine" (gameconf "common.games")
L 08/06/2025 - 10:09:12: Unable to load library "engine" (gameconf "common.games")
L 08/06/2025 - 10:12:46: Start of error session.
L 08/06/2025 - 10:12:46: Info (map "(null)") (file "addons/amxmodx/logs/error_20250806.log")
L 08/06/2025 - 10:12:46: Unable to load library "engine" (gameconf "common.games")
L 08/06/2025 - 10:12:46: Unable to load library "engine" (gameconf "common.games")
L 08/06/2025 - 10:12:46: Unable to load library "engine" (gameconf "common.games")
L 08/06/2025 - 10:12:46: Unable to load library "engine" (gameconf "common.games")
L 08/06/2025 - 10:12:46: Unable to load library "engine" (gameconf "common.games")
L 08/06/2025 - 10:15:40: Start of error session.
L 08/06/2025 - 10:15:40: Info (map "(null)") (file "addons/amxmodx/logs/error_20250806.log")
L 08/06/2025 - 10:15:40: Unable to load library "engine" (gameconf "common.games")
L 08/06/2025 - 10:15:40: Unable to load library "engine" (gameconf "common.games")
L 08/06/2025 - 10:15:40: Unable to load library "engine" (gameconf "common.games")
L 08/06/2025 - 10:15:40: Unable to load library "engine" (gameconf "common.games")
L 08/06/2025 - 10:15:40: Unable to load library "engine" (gameconf "common.games")
L 08/06/2025 - 10:19:10: Start of error session.
L 08/06/2025 - 10:19:10: Info (map "(null)") (file "addons/amxmodx/logs/error_20250806.log")
L 08/06/2025 - 10:19:10: Unable to load library "engine" (gameconf "common.games")
L 08/06/2025 - 10:19:10: Unable to load library "engine" (gameconf "common.games")
L 08/06/2025 - 10:19:10: Unable to load library "engine" (gameconf "common.games")
L 08/06/2025 - 10:19:10: Unable to load library "engine" (gameconf "common.games")
L 08/06/2025 - 10:19:10: Unable to load library "engine" (gameconf "common.games")
L 08/06/2025 - 10:45:39: Start of error session.
L 08/06/2025 - 10:45:39: Info (map "(null)") (file "addons/amxmodx/logs/error_20250806.log")
L 08/06/2025 - 10:45:39: Unable to load library "engine" (gameconf "common.games")
L 08/06/2025 - 10:45:39: Unable to load library "engine" (gameconf "common.games")
L 08/06/2025 - 10:45:39: Unable to load library "engine" (gameconf "common.games")
L 08/06/2025 - 10:45:39: Unable to load library "engine" (gameconf "common.games")
L 08/06/2025 - 10:45:39: Unable to load library "engine" (gameconf "common.games")
L 08/06/2025 - 10:47:55: Start of error session.
L 08/06/2025 - 10:47:55: Info (map "(null)") (file "addons/amxmodx/logs/error_20250806.log")
L 08/06/2025 - 10:47:55: Unable to load library "engine" (gameconf "common.games")
L 08/06/2025 - 10:47:55: Unable to load library "engine" (gameconf "common.games")
L 08/06/2025 - 10:47:55: Unable to load library "engine" (gameconf "common.games")
L 08/06/2025 - 10:47:55: Unable to load library "engine" (gameconf "common.games")
L 08/06/2025 - 10:47:55: Unable to load library "engine" (gameconf "common.games")
L 08/06/2025 - 10:52:32: Start of error session.
L 08/06/2025 - 10:52:32: Info (map "(null)") (file "addons/amxmodx/logs/error_20250806.log")
L 08/06/2025 - 10:52:32: Unable to load library "engine" (gameconf "common.games")
L 08/06/2025 - 10:52:32: Unable to load library "engine" (gameconf "common.games")
L 08/06/2025 - 10:52:32: Unable to load library "engine" (gameconf "common.games")
L 08/06/2025 - 10:52:32: Unable to load library "engine" (gameconf "common.games")
L 08/06/2025 - 10:52:32: Unable to load library "engine" (gameconf "common.games")
L 08/06/2025 - 10:54:16: Start of error session.
L 08/06/2025 - 10:54:16: Info (map "(null)") (file "addons/amxmodx/logs/error_20250806.log")
L 08/06/2025 - 10:54:16: Unable to load library "engine" (gameconf "common.games")
L 08/06/2025 - 10:54:16: Unable to load library "engine" (gameconf "common.games")
L 08/06/2025 - 10:54:16: Unable to load library "engine" (gameconf "common.games")
L 08/06/2025 - 10:54:16: Unable to load library "engine" (gameconf "common.games")
L 08/06/2025 - 10:54:16: Unable to load library "engine" (gameconf "common.games")
L 08/06/2025 - 10:58:22: Start of error session.
L 08/06/2025 - 10:58:22: Info (map "(null)") (file "addons/amxmodx/logs/error_20250806.log")
L 08/06/2025 - 10:58:22: Unable to load library "engine" (gameconf "common.games")
L 08/06/2025 - 10:58:22: Unable to load library "engine" (gameconf "common.games")
L 08/06/2025 - 10:58:22: Unable to load library "engine" (gameconf "common.games")
L 08/06/2025 - 10:58:22: Unable to load library "engine" (gameconf "common.games")
L 08/06/2025 - 10:58:22: Unable to load library "engine" (gameconf "common.games")
L 08/06/2025 - 11:01:35: Start of error session.
L 08/06/2025 - 11:01:35: Info (map "(null)") (file "addons/amxmodx/logs/error_20250806.log")
L 08/06/2025 - 11:01:35: Unable to load library "engine" (gameconf "common.games")
L 08/06/2025 - 11:01:35: Unable to load library "engine" (gameconf "common.games")
L 08/06/2025 - 11:01:35: Unable to load library "engine" (gameconf "common.games")
L 08/06/2025 - 11:01:35: Unable to load library "engine" (gameconf "common.games")
L 08/06/2025 - 11:01:35: Unable to load library "engine" (gameconf "common.games")
L 08/06/2025 - 11:06:20: Start of error session.
L 08/06/2025 - 11:06:20: Info (map "(null)") (file "addons/amxmodx/logs/error_20250806.log")
L 08/06/2025 - 11:06:20: Unable to load library "engine" (gameconf "common.games")
L 08/06/2025 - 11:06:20: Unable to load library "engine" (gameconf "common.games")
L 08/06/2025 - 11:06:20: Unable to load library "engine" (gameconf "common.games")
L 08/06/2025 - 11:06:20: Unable to load library "engine" (gameconf "common.games")
L 08/06/2025 - 11:06:20: Unable to load library "engine" (gameconf "common.games")
L 08/06/2025 - 11:09:12: Start of error session.
L 08/06/2025 - 11:09:12: Info (map "(null)") (file "addons/amxmodx/logs/error_20250806.log")
L 08/06/2025 - 11:09:12: Unable to load library "engine" (gameconf "common.games")
L 08/06/2025 - 11:09:12: Unable to load library "engine" (gameconf "common.games")
L 08/06/2025 - 11:09:12: Unable to load library "engine" (gameconf "common.games")
L 08/06/2025 - 11:09:12: Unable to load library "engine" (gameconf "common.games")
L 08/06/2025 - 11:09:12: Unable to load library "engine" (gameconf "common.games")
L 08/06/2025 - 11:25:52: Start of error session.
L 08/06/2025 - 11:25:52: Info (map "(null)") (file "addons/amxmodx/logs/error_20250806.log")
L 08/06/2025 - 11:25:52: Unable to load library "engine" (gameconf "common.games")
L 08/06/2025 - 11:25:52: Unable to load library "engine" (gameconf "common.games")
L 08/06/2025 - 11:25:52: Unable to load library "engine" (gameconf "common.games")
L 08/06/2025 - 11:25:52: Unable to load library "engine" (gameconf "common.games")
L 08/06/2025 - 11:25:52: Unable to load library "engine" (gameconf "common.games")
L 08/06/2025 - 11:37:23: Start of error session.
L 08/06/2025 - 11:37:23: Info (map "(null)") (file "addons/amxmodx/logs/error_20250806.log")
L 08/06/2025 - 11:37:23: Unable to load library "engine" (gameconf "common.games")
L 08/06/2025 - 11:37:23: Unable to load library "engine" (gameconf "common.games")
L 08/06/2025 - 11:37:23: Unable to load library "engine" (gameconf "common.games")
L 08/06/2025 - 11:37:23: Unable to load library "engine" (gameconf "common.games")
L 08/06/2025 - 11:37:23: Unable to load library "engine" (gameconf "common.games")
L 08/06/2025 - 11:38:58: Start of error session.
L 08/06/2025 - 11:38:58: Info (map "(null)") (file "addons/amxmodx/logs/error_20250806.log")
L 08/06/2025 - 11:38:58: Unable to load library "engine" (gameconf "common.games")
L 08/06/2025 - 11:38:58: Unable to load library "engine" (gameconf "common.games")
L 08/06/2025 - 11:38:58: Unable to load library "engine" (gameconf "common.games")
L 08/06/2025 - 11:38:58: Unable to load library "engine" (gameconf "common.games")
L 08/06/2025 - 11:38:58: Unable to load library "engine" (gameconf "common.games")
L 08/06/2025 - 11:42:03: Start of error session.
L 08/06/2025 - 11:42:03: Info (map "(null)") (file "addons/amxmodx/logs/error_20250806.log")
L 08/06/2025 - 11:42:03: Unable to load library "engine" (gameconf "common.games")
L 08/06/2025 - 11:42:03: Unable to load library "engine" (gameconf "common.games")
L 08/06/2025 - 11:42:03: Unable to load library "engine" (gameconf "common.games")
L 08/06/2025 - 11:42:03: Unable to load library "engine" (gameconf "common.games")
L 08/06/2025 - 11:42:03: Unable to load library "engine" (gameconf "common.games")
L 08/06/2025 - 11:48:59: Start of error session.
L 08/06/2025 - 11:48:59: Info (map "(null)") (file "addons/amxmodx/logs/error_20250806.log")
L 08/06/2025 - 11:48:59: Unable to load library "engine" (gameconf "common.games")
L 08/06/2025 - 11:48:59: Unable to load library "engine" (gameconf "common.games")
L 08/06/2025 - 11:48:59: Unable to load library "engine" (gameconf "common.games")
L 08/06/2025 - 11:48:59: Unable to load library "engine" (gameconf "common.games")
L 08/06/2025 - 11:48:59: Unable to load library "engine" (gameconf "common.games")
L 08/06/2025 - 12:07:52: Start of error session.
L 08/06/2025 - 12:07:52: Info (map "(null)") (file "addons/amxmodx/logs/error_20250806.log")
L 08/06/2025 - 12:07:52: Unable to load library "engine" (gameconf "common.games")
L 08/06/2025 - 12:07:52: Unable to load library "engine" (gameconf "common.games")
L 08/06/2025 - 12:07:52: Unable to load library "engine" (gameconf "common.games")
L 08/06/2025 - 12:07:52: Unable to load library "engine" (gameconf "common.games")
L 08/06/2025 - 12:07:52: Unable to load library "engine" (gameconf "common.games")
L 08/06/2025 - 14:21:48: Start of error session.
L 08/06/2025 - 14:21:48: Info (map "(null)") (file "addons/amxmodx/logs/error_20250806.log")
L 08/06/2025 - 14:21:48: Unable to load library "engine" (gameconf "common.games")
L 08/06/2025 - 14:21:48: Unable to load library "engine" (gameconf "common.games")
L 08/06/2025 - 14:21:48: Unable to load library "engine" (gameconf "common.games")
L 08/06/2025 - 14:21:48: Unable to load library "engine" (gameconf "common.games")
L 08/06/2025 - 14:21:48: Unable to load library "engine" (gameconf "common.games")
L 08/06/2025 - 15:33:08: Start of error session.
L 08/06/2025 - 15:33:08: Info (map "(null)") (file "addons/amxmodx/logs/error_20250806.log")
L 08/06/2025 - 15:33:08: Unable to load library "engine" (gameconf "common.games")
L 08/06/2025 - 15:33:08: Unable to load library "engine" (gameconf "common.games")
L 08/06/2025 - 15:33:08: Unable to load library "engine" (gameconf "common.games")
L 08/06/2025 - 15:33:08: Unable to load library "engine" (gameconf "common.games")
L 08/06/2025 - 15:33:08: Unable to load library "engine" (gameconf "common.games")
L 08/06/2025 - 15:34:58: Start of error session.
L 08/06/2025 - 15:34:58: Info (map "(null)") (file "addons/amxmodx/logs/error_20250806.log")
L 08/06/2025 - 15:34:58: Unable to load library "engine" (gameconf "common.games")
L 08/06/2025 - 15:34:58: Unable to load library "engine" (gameconf "common.games")
L 08/06/2025 - 15:34:58: Unable to load library "engine" (gameconf "common.games")
L 08/06/2025 - 15:34:58: Unable to load library "engine" (gameconf "common.games")
L 08/06/2025 - 15:34:58: Unable to load library "engine" (gameconf "common.games")
L 08/06/2025 - 15:40:49: Start of error session.
L 08/06/2025 - 15:40:49: Info (map "(null)") (file "addons/amxmodx/logs/error_20250806.log")
L 08/06/2025 - 15:40:49: Unable to load library "engine" (gameconf "common.games")
L 08/06/2025 - 15:40:49: Unable to load library "engine" (gameconf "common.games")
L 08/06/2025 - 15:40:49: Unable to load library "engine" (gameconf "common.games")
L 08/06/2025 - 15:40:49: Unable to load library "engine" (gameconf "common.games")
L 08/06/2025 - 15:40:49: Unable to load library "engine" (gameconf "common.games")
L 08/06/2025 - 15:41:40: Start of error session.
L 08/06/2025 - 15:41:40: Info (map "(null)") (file "addons/amxmodx/logs/error_20250806.log")
L 08/06/2025 - 15:41:40: Unable to load library "engine" (gameconf "common.games")
L 08/06/2025 - 15:41:40: Unable to load library "engine" (gameconf "common.games")
L 08/06/2025 - 15:41:40: Unable to load library "engine" (gameconf "common.games")
L 08/06/2025 - 15:41:40: Unable to load library "engine" (gameconf "common.games")
L 08/06/2025 - 15:41:40: Unable to load library "engine" (gameconf "common.games")
L 08/06/2025 - 16:16:06: Start of error session.
L 08/06/2025 - 16:16:06: Info (map "(null)") (file "addons/amxmodx/logs/error_20250806.log")
L 08/06/2025 - 16:16:06: Unable to load library "engine" (gameconf "common.games")
L 08/06/2025 - 16:16:06: Unable to load library "engine" (gameconf "common.games")
L 08/06/2025 - 16:16:06: Unable to load library "engine" (gameconf "common.games")
L 08/06/2025 - 16:16:06: Unable to load library "engine" (gameconf "common.games")
L 08/06/2025 - 16:16:06: Unable to load library "engine" (gameconf "common.games")
L 08/06/2025 - 16:49:51: Start of error session.
L 08/06/2025 - 16:49:51: Info (map "(null)") (file "addons/amxmodx/logs/error_20250806.log")
L 08/06/2025 - 16:49:51: Unable to load library "engine" (gameconf "common.games")
L 08/06/2025 - 16:49:51: Unable to load library "engine" (gameconf "common.games")
L 08/06/2025 - 16:49:51: Unable to load library "engine" (gameconf "common.games")
L 08/06/2025 - 16:49:51: Unable to load library "engine" (gameconf "common.games")
L 08/06/2025 - 16:49:51: Unable to load library "engine" (gameconf "common.games")
L 08/06/2025 - 16:50:01: Start of error session.
L 08/06/2025 - 16:50:01: Info (map "(null)") (file "addons/amxmodx/logs/error_20250806.log")
L 08/06/2025 - 16:50:01: Unable to load library "engine" (gameconf "common.games")
L 08/06/2025 - 16:50:01: Unable to load library "engine" (gameconf "common.games")
L 08/06/2025 - 16:50:01: Unable to load library "engine" (gameconf "common.games")
L 08/06/2025 - 16:50:01: Unable to load library "engine" (gameconf "common.games")
L 08/06/2025 - 16:50:01: Unable to load library "engine" (gameconf "common.games")
