L 08/15/2025 - 06:46:15: Start of error session.
L 08/15/2025 - 06:46:15: Info (map "(null)") (file "addons/amxmodx/logs/error_20250815.log")
L 08/15/2025 - 06:46:15: Unable to load library "engine" (gameconf "common.games")
L 08/15/2025 - 06:46:15: Unable to load library "engine" (gameconf "common.games")
L 08/15/2025 - 06:46:15: Unable to load library "engine" (gameconf "common.games")
L 08/15/2025 - 06:46:15: Unable to load library "engine" (gameconf "common.games")
L 08/15/2025 - 06:46:15: Unable to load library "engine" (gameconf "common.games")
L 08/15/2025 - 06:51:21: Start of error session.
L 08/15/2025 - 06:51:21: Info (map "(null)") (file "addons/amxmodx/logs/error_20250815.log")
L 08/15/2025 - 06:51:21: Unable to load library "engine" (gameconf "common.games")
L 08/15/2025 - 06:51:21: Unable to load library "engine" (gameconf "common.games")
L 08/15/2025 - 06:51:21: Unable to load library "engine" (gameconf "common.games")
L 08/15/2025 - 06:51:21: Unable to load library "engine" (gameconf "common.games")
L 08/15/2025 - 06:51:21: Unable to load library "engine" (gameconf "common.games")
L 08/15/2025 - 06:53:20: Start of error session.
L 08/15/2025 - 06:53:20: Info (map "(null)") (file "addons/amxmodx/logs/error_20250815.log")
L 08/15/2025 - 06:53:20: Unable to load library "engine" (gameconf "common.games")
L 08/15/2025 - 06:53:20: Unable to load library "engine" (gameconf "common.games")
L 08/15/2025 - 06:53:20: Unable to load library "engine" (gameconf "common.games")
L 08/15/2025 - 06:53:20: Unable to load library "engine" (gameconf "common.games")
L 08/15/2025 - 06:53:20: Unable to load library "engine" (gameconf "common.games")
L 08/15/2025 - 07:09:35: Start of error session.
L 08/15/2025 - 07:09:35: Info (map "(null)") (file "addons/amxmodx/logs/error_20250815.log")
L 08/15/2025 - 07:09:35: Unable to load library "engine" (gameconf "common.games")
L 08/15/2025 - 07:09:35: Unable to load library "engine" (gameconf "common.games")
L 08/15/2025 - 07:09:35: Unable to load library "engine" (gameconf "common.games")
L 08/15/2025 - 07:09:35: Unable to load library "engine" (gameconf "common.games")
L 08/15/2025 - 07:09:35: Unable to load library "engine" (gameconf "common.games")
L 08/15/2025 - 07:18:23: Start of error session.
L 08/15/2025 - 07:18:23: Info (map "(null)") (file "addons/amxmodx/logs/error_20250815.log")
L 08/15/2025 - 07:18:23: Unable to load library "engine" (gameconf "common.games")
L 08/15/2025 - 07:18:23: Unable to load library "engine" (gameconf "common.games")
L 08/15/2025 - 07:18:23: Unable to load library "engine" (gameconf "common.games")
L 08/15/2025 - 07:18:23: Unable to load library "engine" (gameconf "common.games")
L 08/15/2025 - 07:18:23: Unable to load library "engine" (gameconf "common.games")
L 08/15/2025 - 07:19:42: Start of error session.
L 08/15/2025 - 07:19:42: Info (map "(null)") (file "addons/amxmodx/logs/error_20250815.log")
L 08/15/2025 - 07:19:42: Unable to load library "engine" (gameconf "common.games")
L 08/15/2025 - 07:19:42: Unable to load library "engine" (gameconf "common.games")
L 08/15/2025 - 07:19:42: Unable to load library "engine" (gameconf "common.games")
L 08/15/2025 - 07:19:42: Unable to load library "engine" (gameconf "common.games")
L 08/15/2025 - 07:19:42: Unable to load library "engine" (gameconf "common.games")
L 08/15/2025 - 07:21:33: Start of error session.
L 08/15/2025 - 07:21:33: Info (map "(null)") (file "addons/amxmodx/logs/error_20250815.log")
L 08/15/2025 - 07:21:33: Unable to load library "engine" (gameconf "common.games")
L 08/15/2025 - 07:21:33: Unable to load library "engine" (gameconf "common.games")
L 08/15/2025 - 07:21:33: Unable to load library "engine" (gameconf "common.games")
L 08/15/2025 - 07:21:33: Unable to load library "engine" (gameconf "common.games")
L 08/15/2025 - 07:21:33: Unable to load library "engine" (gameconf "common.games")
L 08/15/2025 - 07:26:13: Start of error session.
L 08/15/2025 - 07:26:13: Info (map "(null)") (file "addons/amxmodx/logs/error_20250815.log")
L 08/15/2025 - 07:26:13: Unable to load library "engine" (gameconf "common.games")
L 08/15/2025 - 07:26:13: Unable to load library "engine" (gameconf "common.games")
L 08/15/2025 - 07:26:13: Unable to load library "engine" (gameconf "common.games")
L 08/15/2025 - 07:26:13: Unable to load library "engine" (gameconf "common.games")
L 08/15/2025 - 07:26:13: Unable to load library "engine" (gameconf "common.games")
L 08/15/2025 - 08:38:59: Start of error session.
L 08/15/2025 - 08:38:59: Info (map "(null)") (file "addons/amxmodx/logs/error_20250815.log")
L 08/15/2025 - 08:38:59: Unable to load library "engine" (gameconf "common.games")
L 08/15/2025 - 08:38:59: Unable to load library "engine" (gameconf "common.games")
L 08/15/2025 - 08:38:59: Unable to load library "engine" (gameconf "common.games")
L 08/15/2025 - 08:38:59: Unable to load library "engine" (gameconf "common.games")
L 08/15/2025 - 08:38:59: Unable to load library "engine" (gameconf "common.games")
L 08/15/2025 - 08:41:31: Start of error session.
L 08/15/2025 - 08:41:31: Info (map "(null)") (file "addons/amxmodx/logs/error_20250815.log")
L 08/15/2025 - 08:41:31: Unable to load library "engine" (gameconf "common.games")
L 08/15/2025 - 08:41:31: Unable to load library "engine" (gameconf "common.games")
L 08/15/2025 - 08:41:31: Unable to load library "engine" (gameconf "common.games")
L 08/15/2025 - 08:41:31: Unable to load library "engine" (gameconf "common.games")
L 08/15/2025 - 08:41:31: Unable to load library "engine" (gameconf "common.games")
L 08/15/2025 - 08:43:11: Start of error session.
L 08/15/2025 - 08:43:11: Info (map "(null)") (file "addons/amxmodx/logs/error_20250815.log")
L 08/15/2025 - 08:43:11: Unable to load library "engine" (gameconf "common.games")
L 08/15/2025 - 08:43:11: Unable to load library "engine" (gameconf "common.games")
L 08/15/2025 - 08:43:11: Unable to load library "engine" (gameconf "common.games")
L 08/15/2025 - 08:43:11: Unable to load library "engine" (gameconf "common.games")
L 08/15/2025 - 08:43:11: Unable to load library "engine" (gameconf "common.games")
L 08/15/2025 - 08:45:48: Start of error session.
L 08/15/2025 - 08:45:48: Info (map "(null)") (file "addons/amxmodx/logs/error_20250815.log")
L 08/15/2025 - 08:45:48: Unable to load library "engine" (gameconf "common.games")
L 08/15/2025 - 08:45:48: Unable to load library "engine" (gameconf "common.games")
L 08/15/2025 - 08:45:48: Unable to load library "engine" (gameconf "common.games")
L 08/15/2025 - 08:45:48: Unable to load library "engine" (gameconf "common.games")
L 08/15/2025 - 08:45:48: Unable to load library "engine" (gameconf "common.games")
L 08/15/2025 - 08:48:12: Start of error session.
L 08/15/2025 - 08:48:12: Info (map "(null)") (file "addons/amxmodx/logs/error_20250815.log")
L 08/15/2025 - 08:48:12: Unable to load library "engine" (gameconf "common.games")
L 08/15/2025 - 08:48:12: Unable to load library "engine" (gameconf "common.games")
L 08/15/2025 - 08:48:12: Unable to load library "engine" (gameconf "common.games")
L 08/15/2025 - 08:48:12: Unable to load library "engine" (gameconf "common.games")
L 08/15/2025 - 08:48:12: Unable to load library "engine" (gameconf "common.games")
L 08/15/2025 - 10:06:33: Start of error session.
L 08/15/2025 - 10:06:33: Info (map "(null)") (file "addons/amxmodx/logs/error_20250815.log")
L 08/15/2025 - 10:06:33: Unable to load library "engine" (gameconf "common.games")
L 08/15/2025 - 10:06:33: Unable to load library "engine" (gameconf "common.games")
L 08/15/2025 - 10:06:33: Unable to load library "engine" (gameconf "common.games")
L 08/15/2025 - 10:06:33: Unable to load library "engine" (gameconf "common.games")
L 08/15/2025 - 10:06:33: Unable to load library "engine" (gameconf "common.games")
L 08/15/2025 - 10:10:57: Start of error session.
L 08/15/2025 - 10:10:57: Info (map "(null)") (file "addons/amxmodx/logs/error_20250815.log")
L 08/15/2025 - 10:10:57: Unable to load library "engine" (gameconf "common.games")
L 08/15/2025 - 10:10:57: Unable to load library "engine" (gameconf "common.games")
L 08/15/2025 - 10:10:57: Unable to load library "engine" (gameconf "common.games")
L 08/15/2025 - 10:10:57: Unable to load library "engine" (gameconf "common.games")
L 08/15/2025 - 10:10:57: Unable to load library "engine" (gameconf "common.games")
L 08/15/2025 - 10:17:31: Start of error session.
L 08/15/2025 - 10:17:31: Info (map "(null)") (file "addons/amxmodx/logs/error_20250815.log")
L 08/15/2025 - 10:17:31: Unable to load library "engine" (gameconf "common.games")
L 08/15/2025 - 10:17:31: Unable to load library "engine" (gameconf "common.games")
L 08/15/2025 - 10:17:31: Unable to load library "engine" (gameconf "common.games")
L 08/15/2025 - 10:17:31: Unable to load library "engine" (gameconf "common.games")
L 08/15/2025 - 10:17:31: Unable to load library "engine" (gameconf "common.games")
L 08/15/2025 - 10:46:16: Start of error session.
L 08/15/2025 - 10:46:16: Info (map "(null)") (file "addons/amxmodx/logs/error_20250815.log")
L 08/15/2025 - 10:46:16: Unable to load library "engine" (gameconf "common.games")
L 08/15/2025 - 10:46:16: Unable to load library "engine" (gameconf "common.games")
L 08/15/2025 - 10:46:16: Unable to load library "engine" (gameconf "common.games")
L 08/15/2025 - 10:46:16: Unable to load library "engine" (gameconf "common.games")
L 08/15/2025 - 10:46:16: Unable to load library "engine" (gameconf "common.games")
L 08/15/2025 - 10:49:23: Start of error session.
L 08/15/2025 - 10:49:23: Info (map "(null)") (file "addons/amxmodx/logs/error_20250815.log")
L 08/15/2025 - 10:49:23: Unable to load library "engine" (gameconf "common.games")
L 08/15/2025 - 10:49:23: Unable to load library "engine" (gameconf "common.games")
L 08/15/2025 - 10:49:23: Unable to load library "engine" (gameconf "common.games")
L 08/15/2025 - 10:49:23: Unable to load library "engine" (gameconf "common.games")
L 08/15/2025 - 10:49:23: Unable to load library "engine" (gameconf "common.games")
L 08/15/2025 - 11:00:56: Start of error session.
L 08/15/2025 - 11:00:56: Info (map "(null)") (file "addons/amxmodx/logs/error_20250815.log")
L 08/15/2025 - 11:00:56: Unable to load library "engine" (gameconf "common.games")
L 08/15/2025 - 11:00:56: Unable to load library "engine" (gameconf "common.games")
L 08/15/2025 - 11:00:56: Unable to load library "engine" (gameconf "common.games")
L 08/15/2025 - 11:00:56: Unable to load library "engine" (gameconf "common.games")
L 08/15/2025 - 11:00:56: Unable to load library "engine" (gameconf "common.games")
L 08/15/2025 - 11:06:01: Start of error session.
L 08/15/2025 - 11:06:01: Info (map "(null)") (file "addons/amxmodx/logs/error_20250815.log")
L 08/15/2025 - 11:06:01: Unable to load library "engine" (gameconf "common.games")
L 08/15/2025 - 11:06:01: Unable to load library "engine" (gameconf "common.games")
L 08/15/2025 - 11:06:01: Unable to load library "engine" (gameconf "common.games")
L 08/15/2025 - 11:06:01: Unable to load library "engine" (gameconf "common.games")
L 08/15/2025 - 11:06:01: Unable to load library "engine" (gameconf "common.games")
L 08/15/2025 - 11:13:49: Start of error session.
L 08/15/2025 - 11:13:49: Info (map "(null)") (file "addons/amxmodx/logs/error_20250815.log")
L 08/15/2025 - 11:13:49: Unable to load library "engine" (gameconf "common.games")
L 08/15/2025 - 11:13:49: Unable to load library "engine" (gameconf "common.games")
L 08/15/2025 - 11:13:49: Unable to load library "engine" (gameconf "common.games")
L 08/15/2025 - 11:13:49: Unable to load library "engine" (gameconf "common.games")
L 08/15/2025 - 11:13:49: Unable to load library "engine" (gameconf "common.games")
L 08/15/2025 - 11:20:32: Start of error session.
L 08/15/2025 - 11:20:32: Info (map "(null)") (file "addons/amxmodx/logs/error_20250815.log")
L 08/15/2025 - 11:20:32: Unable to load library "engine" (gameconf "common.games")
L 08/15/2025 - 11:20:32: Unable to load library "engine" (gameconf "common.games")
L 08/15/2025 - 11:20:32: Unable to load library "engine" (gameconf "common.games")
L 08/15/2025 - 11:20:32: Unable to load library "engine" (gameconf "common.games")
L 08/15/2025 - 11:20:32: Unable to load library "engine" (gameconf "common.games")
L 08/15/2025 - 11:23:47: Start of error session.
L 08/15/2025 - 11:23:47: Info (map "(null)") (file "addons/amxmodx/logs/error_20250815.log")
L 08/15/2025 - 11:23:47: Unable to load library "engine" (gameconf "common.games")
L 08/15/2025 - 11:23:47: Unable to load library "engine" (gameconf "common.games")
L 08/15/2025 - 11:23:47: Unable to load library "engine" (gameconf "common.games")
L 08/15/2025 - 11:23:47: Unable to load library "engine" (gameconf "common.games")
L 08/15/2025 - 11:23:47: Unable to load library "engine" (gameconf "common.games")
L 08/15/2025 - 11:25:39: Start of error session.
L 08/15/2025 - 11:25:39: Info (map "(null)") (file "addons/amxmodx/logs/error_20250815.log")
L 08/15/2025 - 11:25:39: Unable to load library "engine" (gameconf "common.games")
L 08/15/2025 - 11:25:39: Unable to load library "engine" (gameconf "common.games")
L 08/15/2025 - 11:25:39: Unable to load library "engine" (gameconf "common.games")
L 08/15/2025 - 11:25:39: Unable to load library "engine" (gameconf "common.games")
L 08/15/2025 - 11:25:39: Unable to load library "engine" (gameconf "common.games")
L 08/15/2025 - 11:27:24: Start of error session.
L 08/15/2025 - 11:27:24: Info (map "(null)") (file "addons/amxmodx/logs/error_20250815.log")
L 08/15/2025 - 11:27:24: Unable to load library "engine" (gameconf "common.games")
L 08/15/2025 - 11:27:24: Unable to load library "engine" (gameconf "common.games")
L 08/15/2025 - 11:27:24: Unable to load library "engine" (gameconf "common.games")
L 08/15/2025 - 11:27:24: Unable to load library "engine" (gameconf "common.games")
L 08/15/2025 - 11:27:24: Unable to load library "engine" (gameconf "common.games")
L 08/15/2025 - 11:28:52: Start of error session.
L 08/15/2025 - 11:28:52: Info (map "(null)") (file "addons/amxmodx/logs/error_20250815.log")
L 08/15/2025 - 11:28:52: Unable to load library "engine" (gameconf "common.games")
L 08/15/2025 - 11:28:52: Unable to load library "engine" (gameconf "common.games")
L 08/15/2025 - 11:28:52: Unable to load library "engine" (gameconf "common.games")
L 08/15/2025 - 11:28:52: Unable to load library "engine" (gameconf "common.games")
L 08/15/2025 - 11:28:52: Unable to load library "engine" (gameconf "common.games")
L 08/15/2025 - 11:32:24: Start of error session.
L 08/15/2025 - 11:32:24: Info (map "(null)") (file "addons/amxmodx/logs/error_20250815.log")
L 08/15/2025 - 11:32:24: Unable to load library "engine" (gameconf "common.games")
L 08/15/2025 - 11:32:24: Unable to load library "engine" (gameconf "common.games")
L 08/15/2025 - 11:32:24: Unable to load library "engine" (gameconf "common.games")
L 08/15/2025 - 11:32:24: Unable to load library "engine" (gameconf "common.games")
L 08/15/2025 - 11:32:24: Unable to load library "engine" (gameconf "common.games")
L 08/15/2025 - 11:43:05: Start of error session.
L 08/15/2025 - 11:43:05: Info (map "(null)") (file "addons/amxmodx/logs/error_20250815.log")
L 08/15/2025 - 11:43:05: Unable to load library "engine" (gameconf "common.games")
L 08/15/2025 - 11:43:05: Unable to load library "engine" (gameconf "common.games")
L 08/15/2025 - 11:43:05: Unable to load library "engine" (gameconf "common.games")
L 08/15/2025 - 11:43:05: Unable to load library "engine" (gameconf "common.games")
L 08/15/2025 - 11:43:05: Unable to load library "engine" (gameconf "common.games")
L 08/15/2025 - 11:55:15: Start of error session.
L 08/15/2025 - 11:55:15: Info (map "(null)") (file "addons/amxmodx/logs/error_20250815.log")
L 08/15/2025 - 11:55:15: Unable to load library "engine" (gameconf "common.games")
L 08/15/2025 - 11:55:15: Unable to load library "engine" (gameconf "common.games")
L 08/15/2025 - 11:55:15: Unable to load library "engine" (gameconf "common.games")
L 08/15/2025 - 11:55:15: Unable to load library "engine" (gameconf "common.games")
L 08/15/2025 - 11:55:15: Unable to load library "engine" (gameconf "common.games")
L 08/15/2025 - 12:07:44: Start of error session.
L 08/15/2025 - 12:07:44: Info (map "(null)") (file "addons/amxmodx/logs/error_20250815.log")
L 08/15/2025 - 12:07:44: Unable to load library "engine" (gameconf "common.games")
L 08/15/2025 - 12:07:44: Unable to load library "engine" (gameconf "common.games")
L 08/15/2025 - 12:07:44: Unable to load library "engine" (gameconf "common.games")
L 08/15/2025 - 12:07:44: Unable to load library "engine" (gameconf "common.games")
L 08/15/2025 - 12:07:44: Unable to load library "engine" (gameconf "common.games")
L 08/15/2025 - 12:18:19: Start of error session.
L 08/15/2025 - 12:18:19: Info (map "(null)") (file "addons/amxmodx/logs/error_20250815.log")
L 08/15/2025 - 12:18:19: Unable to load library "engine" (gameconf "common.games")
L 08/15/2025 - 12:18:19: Unable to load library "engine" (gameconf "common.games")
L 08/15/2025 - 12:18:19: Unable to load library "engine" (gameconf "common.games")
L 08/15/2025 - 12:18:19: Unable to load library "engine" (gameconf "common.games")
L 08/15/2025 - 12:18:19: Unable to load library "engine" (gameconf "common.games")
L 08/15/2025 - 12:42:23: Start of error session.
L 08/15/2025 - 12:42:23: Info (map "(null)") (file "addons/amxmodx/logs/error_20250815.log")
L 08/15/2025 - 12:42:23: Unable to load library "engine" (gameconf "common.games")
L 08/15/2025 - 12:42:23: Unable to load library "engine" (gameconf "common.games")
L 08/15/2025 - 12:42:23: Unable to load library "engine" (gameconf "common.games")
L 08/15/2025 - 12:42:23: Unable to load library "engine" (gameconf "common.games")
L 08/15/2025 - 12:42:23: Unable to load library "engine" (gameconf "common.games")
L 08/15/2025 - 13:13:39: Start of error session.
L 08/15/2025 - 13:13:39: Info (map "(null)") (file "addons/amxmodx/logs/error_20250815.log")
L 08/15/2025 - 13:13:39: Unable to load library "engine" (gameconf "common.games")
L 08/15/2025 - 13:13:39: Unable to load library "engine" (gameconf "common.games")
L 08/15/2025 - 13:13:39: Unable to load library "engine" (gameconf "common.games")
L 08/15/2025 - 13:13:39: Unable to load library "engine" (gameconf "common.games")
L 08/15/2025 - 13:13:39: Unable to load library "engine" (gameconf "common.games")
L 08/15/2025 - 13:16:10: Start of error session.
L 08/15/2025 - 13:16:10: Info (map "(null)") (file "addons/amxmodx/logs/error_20250815.log")
L 08/15/2025 - 13:16:10: Unable to load library "engine" (gameconf "common.games")
L 08/15/2025 - 13:16:10: Unable to load library "engine" (gameconf "common.games")
L 08/15/2025 - 13:16:10: Unable to load library "engine" (gameconf "common.games")
L 08/15/2025 - 13:16:10: Unable to load library "engine" (gameconf "common.games")
L 08/15/2025 - 13:16:10: Unable to load library "engine" (gameconf "common.games")
L 08/15/2025 - 13:49:02: Start of error session.
L 08/15/2025 - 13:49:02: Info (map "(null)") (file "addons/amxmodx/logs/error_20250815.log")
L 08/15/2025 - 13:49:02: Unable to load library "engine" (gameconf "common.games")
L 08/15/2025 - 13:49:02: Unable to load library "engine" (gameconf "common.games")
L 08/15/2025 - 13:49:02: Unable to load library "engine" (gameconf "common.games")
L 08/15/2025 - 13:49:02: Unable to load library "engine" (gameconf "common.games")
L 08/15/2025 - 13:49:02: Unable to load library "engine" (gameconf "common.games")
L 08/15/2025 - 14:27:06: Start of error session.
L 08/15/2025 - 14:27:06: Info (map "(null)") (file "addons/amxmodx/logs/error_20250815.log")
L 08/15/2025 - 14:27:06: Unable to load library "engine" (gameconf "common.games")
L 08/15/2025 - 14:27:06: Unable to load library "engine" (gameconf "common.games")
L 08/15/2025 - 14:27:06: Unable to load library "engine" (gameconf "common.games")
L 08/15/2025 - 14:27:06: Unable to load library "engine" (gameconf "common.games")
L 08/15/2025 - 14:27:06: Unable to load library "engine" (gameconf "common.games")
L 08/15/2025 - 20:00:10: Start of error session.
L 08/15/2025 - 20:00:10: Info (map "fy_simpsons") (file "addons/amxmodx/logs/error_20250815.log")
L 08/15/2025 - 20:00:10: Player 5 is not in game.
L 08/15/2025 - 20:00:10: [AMXX] Run time error 10 (plugin "csdm_equip.amxx") (native "menu_display") - debug not enabled!
L 08/15/2025 - 20:00:10: [AMXX] To enable debug mode, add "debug" after the plugin name in plugins.ini (without quotes).
L 08/15/2025 - 20:02:05: Start of error session.
L 08/15/2025 - 20:02:05: Info (map "(null)") (file "addons/amxmodx/logs/error_20250815.log")
L 08/15/2025 - 20:02:05: Unable to load library "engine" (gameconf "common.games")
L 08/15/2025 - 20:02:05: Unable to load library "engine" (gameconf "common.games")
L 08/15/2025 - 20:02:05: Unable to load library "engine" (gameconf "common.games")
L 08/15/2025 - 20:02:05: Unable to load library "engine" (gameconf "common.games")
L 08/15/2025 - 20:02:05: Unable to load library "engine" (gameconf "common.games")
L 08/15/2025 - 20:23:42: Start of error session.
L 08/15/2025 - 20:23:42: Info (map "(null)") (file "addons/amxmodx/logs/error_20250815.log")
L 08/15/2025 - 20:23:42: Unable to load library "engine" (gameconf "common.games")
L 08/15/2025 - 20:23:42: Unable to load library "engine" (gameconf "common.games")
L 08/15/2025 - 20:23:42: Unable to load library "engine" (gameconf "common.games")
L 08/15/2025 - 20:23:42: Unable to load library "engine" (gameconf "common.games")
L 08/15/2025 - 20:23:42: Unable to load library "engine" (gameconf "common.games")
L 08/15/2025 - 20:28:26: Start of error session.
L 08/15/2025 - 20:28:26: Info (map "(null)") (file "addons/amxmodx/logs/error_20250815.log")
L 08/15/2025 - 20:28:26: Unable to load library "engine" (gameconf "common.games")
L 08/15/2025 - 20:28:26: Unable to load library "engine" (gameconf "common.games")
L 08/15/2025 - 20:28:26: Unable to load library "engine" (gameconf "common.games")
L 08/15/2025 - 20:28:26: Unable to load library "engine" (gameconf "common.games")
L 08/15/2025 - 20:28:26: Unable to load library "engine" (gameconf "common.games")
L 08/15/2025 - 20:35:41: Start of error session.
L 08/15/2025 - 20:35:41: Info (map "(null)") (file "addons/amxmodx/logs/error_20250815.log")
L 08/15/2025 - 20:35:41: Unable to load library "engine" (gameconf "common.games")
L 08/15/2025 - 20:35:41: Unable to load library "engine" (gameconf "common.games")
L 08/15/2025 - 20:35:41: Unable to load library "engine" (gameconf "common.games")
L 08/15/2025 - 20:35:41: Unable to load library "engine" (gameconf "common.games")
L 08/15/2025 - 20:35:41: Unable to load library "engine" (gameconf "common.games")
L 08/15/2025 - 20:40:14: Start of error session.
L 08/15/2025 - 20:40:14: Info (map "(null)") (file "addons/amxmodx/logs/error_20250815.log")
L 08/15/2025 - 20:40:14: Unable to load library "engine" (gameconf "common.games")
L 08/15/2025 - 20:40:14: Unable to load library "engine" (gameconf "common.games")
L 08/15/2025 - 20:40:14: Unable to load library "engine" (gameconf "common.games")
L 08/15/2025 - 20:40:14: Unable to load library "engine" (gameconf "common.games")
L 08/15/2025 - 20:40:14: Unable to load library "engine" (gameconf "common.games")
L 08/15/2025 - 20:42:41: Start of error session.
L 08/15/2025 - 20:42:41: Info (map "(null)") (file "addons/amxmodx/logs/error_20250815.log")
L 08/15/2025 - 20:42:41: Unable to load library "engine" (gameconf "common.games")
L 08/15/2025 - 20:42:41: Unable to load library "engine" (gameconf "common.games")
L 08/15/2025 - 20:42:41: Unable to load library "engine" (gameconf "common.games")
L 08/15/2025 - 20:42:41: Unable to load library "engine" (gameconf "common.games")
L 08/15/2025 - 20:42:41: Unable to load library "engine" (gameconf "common.games")
L 08/15/2025 - 20:43:30: Start of error session.
L 08/15/2025 - 20:43:30: Info (map "(null)") (file "addons/amxmodx/logs/error_20250815.log")
L 08/15/2025 - 20:43:30: Unable to load library "engine" (gameconf "common.games")
L 08/15/2025 - 20:43:30: Unable to load library "engine" (gameconf "common.games")
L 08/15/2025 - 20:43:30: Unable to load library "engine" (gameconf "common.games")
L 08/15/2025 - 20:43:30: Unable to load library "engine" (gameconf "common.games")
L 08/15/2025 - 20:43:30: Unable to load library "engine" (gameconf "common.games")
