L 08/21/2025 - 00:01:37: -------- Mapchange to gg_ak-colt_palm_beach --------
L 08/21/2025 - 00:01:37: [csdm_spawn_preset.amxx] No spawn points file found (addons/amxmodx/configs\csdm\gg_ak-colt_palm_beach.spawns.cfg)
L 08/21/2025 - 00:01:37: [csdm_main.amxx] CSDM spawn mode set to preset
L 08/21/2025 - 00:09:37: [mapchooser.amxx] Vote: Voting for the nextmap started
L 08/21/2025 - 00:09:52: [mapchooser.amxx] Vote: Voting for the nextmap finished. The nextmap will be gg_minecraftempire
L 08/21/2025 - 00:11:55: -------- Mapchange to gg_minecraftempire --------
L 08/21/2025 - 00:11:55: [csdm_spawn_preset.amxx] No spawn points file found (addons/amxmodx/configs\csdm\gg_minecraftempire.spawns.cfg)
L 08/21/2025 - 00:11:55: [csdm_main.amxx] CSDM spawn mode set to preset
L 08/21/2025 - 00:19:55: [mapchooser.amxx] Vote: Voting for the nextmap started
L 08/21/2025 - 00:20:10: [mapchooser.amxx] Vote: Voting for the nextmap finished. The nextmap will be Aim_training
L 08/21/2025 - 00:22:13: -------- Mapchange to Aim_training --------
L 08/21/2025 - 00:22:13: [csdm_spawn_preset.amxx] No spawn points file found (addons/amxmodx/configs\csdm\Aim_training.spawns.cfg)
L 08/21/2025 - 00:22:13: [csdm_main.amxx] CSDM spawn mode set to preset
L 08/21/2025 - 00:30:13: [mapchooser.amxx] Vote: Voting for the nextmap started
L 08/21/2025 - 00:30:28: [mapchooser.amxx] Vote: Voting for the nextmap finished. The nextmap will be fy_simpsons
L 08/21/2025 - 00:32:31: -------- Mapchange to fy_simpsons --------
L 08/21/2025 - 00:32:31: [csdm_spawn_preset.amxx] No spawn points file found (addons/amxmodx/configs\csdm\fy_simpsons.spawns.cfg)
L 08/21/2025 - 00:32:31: [csdm_main.amxx] CSDM spawn mode set to preset
L 08/21/2025 - 00:40:31: [mapchooser.amxx] Vote: Voting for the nextmap started
L 08/21/2025 - 00:40:46: [mapchooser.amxx] Vote: Voting for the nextmap finished. The nextmap will be aim_ak_colt_duel
L 08/21/2025 - 00:42:50: -------- Mapchange to aim_ak_colt_duel --------
L 08/21/2025 - 00:42:50: [csdm_spawn_preset.amxx] No spawn points file found (addons/amxmodx/configs\csdm\aim_ak_colt_duel.spawns.cfg)
L 08/21/2025 - 00:42:50: [csdm_main.amxx] CSDM spawn mode set to preset
L 08/21/2025 - 00:50:50: [mapchooser.amxx] Vote: Voting for the nextmap started
L 08/21/2025 - 00:51:05: [mapchooser.amxx] Vote: Voting for the nextmap finished. The nextmap will be fy_pool_day
L 08/21/2025 - 00:53:08: -------- Mapchange to fy_pool_day --------
L 08/21/2025 - 00:53:08: [csdm_spawn_preset.amxx] No spawn points file found (addons/amxmodx/configs\csdm\fy_pool_day.spawns.cfg)
L 08/21/2025 - 00:53:08: [csdm_main.amxx] CSDM spawn mode set to preset
L 08/21/2025 - 01:01:08: [mapchooser.amxx] Vote: Voting for the nextmap started
L 08/21/2025 - 01:01:23: [mapchooser.amxx] Vote: Voting for the nextmap finished. The nextmap will be aim_sOt
L 08/21/2025 - 01:03:26: -------- Mapchange to aim_sOt --------
L 08/21/2025 - 01:03:26: [csdm_spawn_preset.amxx] No spawn points file found (addons/amxmodx/configs\csdm\aim_sOt.spawns.cfg)
L 08/21/2025 - 01:03:26: [csdm_main.amxx] CSDM spawn mode set to preset
L 08/21/2025 - 01:11:26: [mapchooser.amxx] Vote: Voting for the nextmap started
L 08/21/2025 - 01:11:41: [mapchooser.amxx] Vote: Voting for the nextmap finished. The nextmap will be fy_iceworld
L 08/21/2025 - 01:13:44: -------- Mapchange to fy_iceworld --------
L 08/21/2025 - 01:13:44: [csdm_spawn_preset.amxx] Loaded 11 spawn points for map fy_iceworld.
L 08/21/2025 - 01:13:44: [csdm_main.amxx] CSDM spawn mode set to preset
L 08/21/2025 - 01:21:44: [mapchooser.amxx] Vote: Voting for the nextmap started
L 08/21/2025 - 01:21:59: [mapchooser.amxx] Vote: Voting for the nextmap finished. The nextmap will be aim_DM
L 08/21/2025 - 01:24:02: -------- Mapchange to aim_DM --------
L 08/21/2025 - 01:24:02: [csdm_spawn_preset.amxx] No spawn points file found (addons/amxmodx/configs\csdm\aim_DM.spawns.cfg)
L 08/21/2025 - 01:24:02: [csdm_main.amxx] CSDM spawn mode set to preset
L 08/21/2025 - 01:32:02: [mapchooser.amxx] Vote: Voting for the nextmap started
L 08/21/2025 - 01:32:17: [mapchooser.amxx] Vote: Voting for the nextmap finished. The nextmap will be fy_mario
L 08/21/2025 - 01:34:20: -------- Mapchange to fy_mario --------
L 08/21/2025 - 01:34:20: [csdm_spawn_preset.amxx] No spawn points file found (addons/amxmodx/configs\csdm\fy_mario.spawns.cfg)
L 08/21/2025 - 01:34:20: [csdm_main.amxx] CSDM spawn mode set to preset
L 08/21/2025 - 01:42:20: [mapchooser.amxx] Vote: Voting for the nextmap started
L 08/21/2025 - 01:42:35: [mapchooser.amxx] Vote: Voting for the nextmap finished. The nextmap will be aim_dust2
L 08/21/2025 - 01:44:38: -------- Mapchange to aim_dust2 --------
L 08/21/2025 - 01:44:38: [csdm_spawn_preset.amxx] No spawn points file found (addons/amxmodx/configs\csdm\aim_dust2.spawns.cfg)
L 08/21/2025 - 01:44:38: [csdm_main.amxx] CSDM spawn mode set to preset
L 08/21/2025 - 01:52:38: [mapchooser.amxx] Vote: Voting for the nextmap started
L 08/21/2025 - 01:52:53: [mapchooser.amxx] Vote: Voting for the nextmap finished. The nextmap will be fy_mrvideo
L 08/21/2025 - 01:54:56: -------- Mapchange to fy_mrvideo --------
L 08/21/2025 - 01:54:56: [csdm_spawn_preset.amxx] No spawn points file found (addons/amxmodx/configs\csdm\fy_mrvideo.spawns.cfg)
L 08/21/2025 - 01:54:56: [csdm_main.amxx] CSDM spawn mode set to preset
L 08/21/2025 - 02:02:56: [mapchooser.amxx] Vote: Voting for the nextmap started
L 08/21/2025 - 02:03:11: [mapchooser.amxx] Vote: Voting for the nextmap finished. The nextmap will be aim_headshot2
L 08/21/2025 - 02:05:14: -------- Mapchange to aim_headshot2 --------
L 08/21/2025 - 02:05:14: [csdm_spawn_preset.amxx] No spawn points file found (addons/amxmodx/configs\csdm\aim_headshot2.spawns.cfg)
L 08/21/2025 - 02:05:14: [csdm_main.amxx] CSDM spawn mode set to preset
L 08/21/2025 - 02:13:14: [mapchooser.amxx] Vote: Voting for the nextmap started
L 08/21/2025 - 02:13:29: [mapchooser.amxx] Vote: Voting for the nextmap finished. The nextmap will be fy_snow
L 08/21/2025 - 02:15:32: -------- Mapchange to fy_snow --------
L 08/21/2025 - 02:15:32: [csdm_spawn_preset.amxx] No spawn points file found (addons/amxmodx/configs\csdm\fy_snow.spawns.cfg)
L 08/21/2025 - 02:15:32: [csdm_main.amxx] CSDM spawn mode set to preset
L 08/21/2025 - 02:23:33: [mapchooser.amxx] Vote: Voting for the nextmap started
L 08/21/2025 - 02:23:48: [mapchooser.amxx] Vote: Voting for the nextmap finished. The nextmap will be aim_map_2010
L 08/21/2025 - 02:25:51: -------- Mapchange to aim_map_2010 --------
L 08/21/2025 - 02:25:51: [csdm_spawn_preset.amxx] No spawn points file found (addons/amxmodx/configs\csdm\aim_map_2010.spawns.cfg)
L 08/21/2025 - 02:25:51: [csdm_main.amxx] CSDM spawn mode set to preset
L 08/21/2025 - 02:33:51: [mapchooser.amxx] Vote: Voting for the nextmap started
L 08/21/2025 - 02:34:06: [mapchooser.amxx] Vote: Voting for the nextmap finished. The nextmap will be gg_winterhold
L 08/21/2025 - 02:36:09: -------- Mapchange to gg_winterhold --------
L 08/21/2025 - 02:36:09: [csdm_spawn_preset.amxx] No spawn points file found (addons/amxmodx/configs\csdm\gg_winterhold.spawns.cfg)
L 08/21/2025 - 02:36:09: [csdm_main.amxx] CSDM spawn mode set to preset
L 08/21/2025 - 02:44:09: [mapchooser.amxx] Vote: Voting for the nextmap started
L 08/21/2025 - 02:44:24: [mapchooser.amxx] Vote: Voting for the nextmap finished. The nextmap will be aim_1on1map
L 08/21/2025 - 02:46:27: -------- Mapchange to aim_1on1map --------
L 08/21/2025 - 02:46:27: [csdm_spawn_preset.amxx] No spawn points file found (addons/amxmodx/configs\csdm\aim_1on1map.spawns.cfg)
L 08/21/2025 - 02:46:27: [csdm_main.amxx] CSDM spawn mode set to preset
L 08/21/2025 - 02:54:27: [mapchooser.amxx] Vote: Voting for the nextmap started
L 08/21/2025 - 02:54:42: [mapchooser.amxx] Vote: Voting for the nextmap finished. The nextmap will be fy_nuketown
L 08/21/2025 - 02:56:45: -------- Mapchange to fy_nuketown --------
L 08/21/2025 - 02:56:45: [csdm_spawn_preset.amxx] No spawn points file found (addons/amxmodx/configs\csdm\fy_nuketown.spawns.cfg)
L 08/21/2025 - 02:56:45: [csdm_main.amxx] CSDM spawn mode set to preset
L 08/21/2025 - 03:04:45: [mapchooser.amxx] Vote: Voting for the nextmap started
L 08/21/2025 - 03:05:00: [mapchooser.amxx] Vote: Voting for the nextmap finished. The nextmap will be gg_ak-colt_palm_beach
L 08/21/2025 - 03:07:03: -------- Mapchange to gg_ak-colt_palm_beach --------
L 08/21/2025 - 03:07:03: [csdm_spawn_preset.amxx] No spawn points file found (addons/amxmodx/configs\csdm\gg_ak-colt_palm_beach.spawns.cfg)
L 08/21/2025 - 03:07:03: [csdm_main.amxx] CSDM spawn mode set to preset
L 08/21/2025 - 03:15:03: [mapchooser.amxx] Vote: Voting for the nextmap started
L 08/21/2025 - 03:15:18: [mapchooser.amxx] Vote: Voting for the nextmap finished. The nextmap will be gg_minecraftempire
L 08/21/2025 - 03:17:21: -------- Mapchange to gg_minecraftempire --------
L 08/21/2025 - 03:17:21: [csdm_spawn_preset.amxx] No spawn points file found (addons/amxmodx/configs\csdm\gg_minecraftempire.spawns.cfg)
L 08/21/2025 - 03:17:21: [csdm_main.amxx] CSDM spawn mode set to preset
L 08/21/2025 - 03:25:21: [mapchooser.amxx] Vote: Voting for the nextmap started
L 08/21/2025 - 03:25:36: [mapchooser.amxx] Vote: Voting for the nextmap finished. The nextmap will be Aim_training
L 08/21/2025 - 03:27:39: -------- Mapchange to Aim_training --------
L 08/21/2025 - 03:27:39: [csdm_spawn_preset.amxx] No spawn points file found (addons/amxmodx/configs\csdm\Aim_training.spawns.cfg)
L 08/21/2025 - 03:27:39: [csdm_main.amxx] CSDM spawn mode set to preset
L 08/21/2025 - 03:35:39: [mapchooser.amxx] Vote: Voting for the nextmap started
L 08/21/2025 - 03:35:55: [mapchooser.amxx] Vote: Voting for the nextmap finished. The nextmap will be fy_simpsons
L 08/21/2025 - 03:37:58: -------- Mapchange to fy_simpsons --------
L 08/21/2025 - 03:37:58: [csdm_spawn_preset.amxx] No spawn points file found (addons/amxmodx/configs\csdm\fy_simpsons.spawns.cfg)
L 08/21/2025 - 03:37:58: [csdm_main.amxx] CSDM spawn mode set to preset
L 08/21/2025 - 03:45:58: [mapchooser.amxx] Vote: Voting for the nextmap started
L 08/21/2025 - 03:46:13: [mapchooser.amxx] Vote: Voting for the nextmap finished. The nextmap will be aim_ak_colt_duel
L 08/21/2025 - 03:48:16: -------- Mapchange to aim_ak_colt_duel --------
L 08/21/2025 - 03:48:16: [csdm_spawn_preset.amxx] No spawn points file found (addons/amxmodx/configs\csdm\aim_ak_colt_duel.spawns.cfg)
L 08/21/2025 - 03:48:16: [csdm_main.amxx] CSDM spawn mode set to preset
L 08/21/2025 - 03:56:16: [mapchooser.amxx] Vote: Voting for the nextmap started
L 08/21/2025 - 03:56:31: [mapchooser.amxx] Vote: Voting for the nextmap finished. The nextmap will be fy_pool_day
L 08/21/2025 - 03:58:34: -------- Mapchange to fy_pool_day --------
L 08/21/2025 - 03:58:34: [csdm_spawn_preset.amxx] No spawn points file found (addons/amxmodx/configs\csdm\fy_pool_day.spawns.cfg)
L 08/21/2025 - 03:58:34: [csdm_main.amxx] CSDM spawn mode set to preset
L 08/21/2025 - 04:06:34: [mapchooser.amxx] Vote: Voting for the nextmap started
L 08/21/2025 - 04:06:49: [mapchooser.amxx] Vote: Voting for the nextmap finished. The nextmap will be aim_sOt
L 08/21/2025 - 04:08:52: -------- Mapchange to aim_sOt --------
L 08/21/2025 - 04:08:52: [csdm_spawn_preset.amxx] No spawn points file found (addons/amxmodx/configs\csdm\aim_sOt.spawns.cfg)
L 08/21/2025 - 04:08:52: [csdm_main.amxx] CSDM spawn mode set to preset
L 08/21/2025 - 04:16:52: [mapchooser.amxx] Vote: Voting for the nextmap started
L 08/21/2025 - 04:17:07: [mapchooser.amxx] Vote: Voting for the nextmap finished. The nextmap will be fy_iceworld
L 08/21/2025 - 04:19:10: -------- Mapchange to fy_iceworld --------
L 08/21/2025 - 04:19:10: [csdm_spawn_preset.amxx] Loaded 11 spawn points for map fy_iceworld.
L 08/21/2025 - 04:19:10: [csdm_main.amxx] CSDM spawn mode set to preset
L 08/21/2025 - 04:27:10: [mapchooser.amxx] Vote: Voting for the nextmap started
L 08/21/2025 - 04:27:25: [mapchooser.amxx] Vote: Voting for the nextmap finished. The nextmap will be aim_DM
L 08/21/2025 - 04:29:28: -------- Mapchange to aim_DM --------
L 08/21/2025 - 04:29:28: [csdm_spawn_preset.amxx] No spawn points file found (addons/amxmodx/configs\csdm\aim_DM.spawns.cfg)
L 08/21/2025 - 04:29:28: [csdm_main.amxx] CSDM spawn mode set to preset
L 08/21/2025 - 04:37:28: [mapchooser.amxx] Vote: Voting for the nextmap started
L 08/21/2025 - 04:37:43: [mapchooser.amxx] Vote: Voting for the nextmap finished. The nextmap will be fy_mario
L 08/21/2025 - 04:39:46: -------- Mapchange to fy_mario --------
L 08/21/2025 - 04:39:46: [csdm_spawn_preset.amxx] No spawn points file found (addons/amxmodx/configs\csdm\fy_mario.spawns.cfg)
L 08/21/2025 - 04:39:46: [csdm_main.amxx] CSDM spawn mode set to preset
L 08/21/2025 - 04:47:46: [mapchooser.amxx] Vote: Voting for the nextmap started
L 08/21/2025 - 04:48:01: [mapchooser.amxx] Vote: Voting for the nextmap finished. The nextmap will be aim_dust2
L 08/21/2025 - 04:50:05: -------- Mapchange to aim_dust2 --------
L 08/21/2025 - 04:50:05: [csdm_spawn_preset.amxx] No spawn points file found (addons/amxmodx/configs\csdm\aim_dust2.spawns.cfg)
L 08/21/2025 - 04:50:05: [csdm_main.amxx] CSDM spawn mode set to preset
L 08/21/2025 - 04:58:05: [mapchooser.amxx] Vote: Voting for the nextmap started
L 08/21/2025 - 04:58:20: [mapchooser.amxx] Vote: Voting for the nextmap finished. The nextmap will be fy_mrvideo
L 08/21/2025 - 05:00:23: -------- Mapchange to fy_mrvideo --------
L 08/21/2025 - 05:00:23: [csdm_spawn_preset.amxx] No spawn points file found (addons/amxmodx/configs\csdm\fy_mrvideo.spawns.cfg)
L 08/21/2025 - 05:00:23: [csdm_main.amxx] CSDM spawn mode set to preset
L 08/21/2025 - 05:08:23: [mapchooser.amxx] Vote: Voting for the nextmap started
L 08/21/2025 - 05:08:38: [mapchooser.amxx] Vote: Voting for the nextmap finished. The nextmap will be aim_headshot2
L 08/21/2025 - 05:10:41: -------- Mapchange to aim_headshot2 --------
L 08/21/2025 - 05:10:41: [csdm_spawn_preset.amxx] No spawn points file found (addons/amxmodx/configs\csdm\aim_headshot2.spawns.cfg)
L 08/21/2025 - 05:10:41: [csdm_main.amxx] CSDM spawn mode set to preset
L 08/21/2025 - 05:18:41: [mapchooser.amxx] Vote: Voting for the nextmap started
L 08/21/2025 - 05:18:56: [mapchooser.amxx] Vote: Voting for the nextmap finished. The nextmap will be fy_snow
L 08/21/2025 - 05:20:59: -------- Mapchange to fy_snow --------
L 08/21/2025 - 05:20:59: [csdm_spawn_preset.amxx] No spawn points file found (addons/amxmodx/configs\csdm\fy_snow.spawns.cfg)
L 08/21/2025 - 05:20:59: [csdm_main.amxx] CSDM spawn mode set to preset
L 08/21/2025 - 05:28:59: [mapchooser.amxx] Vote: Voting for the nextmap started
L 08/21/2025 - 05:29:14: [mapchooser.amxx] Vote: Voting for the nextmap finished. The nextmap will be aim_map_2010
L 08/21/2025 - 05:31:17: -------- Mapchange to aim_map_2010 --------
L 08/21/2025 - 05:31:17: [csdm_spawn_preset.amxx] No spawn points file found (addons/amxmodx/configs\csdm\aim_map_2010.spawns.cfg)
L 08/21/2025 - 05:31:17: [csdm_main.amxx] CSDM spawn mode set to preset
L 08/21/2025 - 05:39:17: [mapchooser.amxx] Vote: Voting for the nextmap started
L 08/21/2025 - 05:39:32: [mapchooser.amxx] Vote: Voting for the nextmap finished. The nextmap will be gg_winterhold
L 08/21/2025 - 05:41:35: -------- Mapchange to gg_winterhold --------
L 08/21/2025 - 05:41:35: [csdm_spawn_preset.amxx] No spawn points file found (addons/amxmodx/configs\csdm\gg_winterhold.spawns.cfg)
L 08/21/2025 - 05:41:35: [csdm_main.amxx] CSDM spawn mode set to preset
L 08/21/2025 - 05:49:35: [mapchooser.amxx] Vote: Voting for the nextmap started
L 08/21/2025 - 05:49:50: [mapchooser.amxx] Vote: Voting for the nextmap finished. The nextmap will be aim_1on1map
L 08/21/2025 - 05:51:53: -------- Mapchange to aim_1on1map --------
L 08/21/2025 - 05:51:53: [csdm_spawn_preset.amxx] No spawn points file found (addons/amxmodx/configs\csdm\aim_1on1map.spawns.cfg)
L 08/21/2025 - 05:51:53: [csdm_main.amxx] CSDM spawn mode set to preset
L 08/21/2025 - 05:59:53: [mapchooser.amxx] Vote: Voting for the nextmap started
L 08/21/2025 - 06:00:08: [mapchooser.amxx] Vote: Voting for the nextmap finished. The nextmap will be fy_nuketown
L 08/21/2025 - 06:02:11: -------- Mapchange to fy_nuketown --------
L 08/21/2025 - 06:02:11: [csdm_spawn_preset.amxx] No spawn points file found (addons/amxmodx/configs\csdm\fy_nuketown.spawns.cfg)
L 08/21/2025 - 06:02:11: [csdm_main.amxx] CSDM spawn mode set to preset
L 08/21/2025 - 06:10:11: [mapchooser.amxx] Vote: Voting for the nextmap started
L 08/21/2025 - 06:10:26: [mapchooser.amxx] Vote: Voting for the nextmap finished. The nextmap will be gg_ak-colt_palm_beach
L 08/21/2025 - 06:12:29: -------- Mapchange to gg_ak-colt_palm_beach --------
L 08/21/2025 - 06:12:29: [csdm_spawn_preset.amxx] No spawn points file found (addons/amxmodx/configs\csdm\gg_ak-colt_palm_beach.spawns.cfg)
L 08/21/2025 - 06:12:29: [csdm_main.amxx] CSDM spawn mode set to preset
L 08/21/2025 - 06:20:30: [mapchooser.amxx] Vote: Voting for the nextmap started
L 08/21/2025 - 06:20:45: [mapchooser.amxx] Vote: Voting for the nextmap finished. The nextmap will be gg_minecraftempire
L 08/21/2025 - 06:22:48: -------- Mapchange to gg_minecraftempire --------
L 08/21/2025 - 06:22:48: [csdm_spawn_preset.amxx] No spawn points file found (addons/amxmodx/configs\csdm\gg_minecraftempire.spawns.cfg)
L 08/21/2025 - 06:22:48: [csdm_main.amxx] CSDM spawn mode set to preset
L 08/21/2025 - 06:30:48: [mapchooser.amxx] Vote: Voting for the nextmap started
L 08/21/2025 - 06:31:03: [mapchooser.amxx] Vote: Voting for the nextmap finished. The nextmap will be Aim_training
L 08/21/2025 - 06:33:06: -------- Mapchange to Aim_training --------
L 08/21/2025 - 06:33:06: [csdm_spawn_preset.amxx] No spawn points file found (addons/amxmodx/configs\csdm\Aim_training.spawns.cfg)
L 08/21/2025 - 06:33:06: [csdm_main.amxx] CSDM spawn mode set to preset
L 08/21/2025 - 06:41:06: [mapchooser.amxx] Vote: Voting for the nextmap started
L 08/21/2025 - 06:41:21: [mapchooser.amxx] Vote: Voting for the nextmap finished. The nextmap will be fy_simpsons
L 08/21/2025 - 06:43:24: -------- Mapchange to fy_simpsons --------
L 08/21/2025 - 06:43:24: [csdm_spawn_preset.amxx] No spawn points file found (addons/amxmodx/configs\csdm\fy_simpsons.spawns.cfg)
L 08/21/2025 - 06:43:24: [csdm_main.amxx] CSDM spawn mode set to preset
L 08/21/2025 - 06:51:24: [mapchooser.amxx] Vote: Voting for the nextmap started
L 08/21/2025 - 06:51:39: [mapchooser.amxx] Vote: Voting for the nextmap finished. The nextmap will be aim_ak_colt_duel
L 08/21/2025 - 06:53:42: -------- Mapchange to aim_ak_colt_duel --------
L 08/21/2025 - 06:53:42: [csdm_spawn_preset.amxx] No spawn points file found (addons/amxmodx/configs\csdm\aim_ak_colt_duel.spawns.cfg)
L 08/21/2025 - 06:53:42: [csdm_main.amxx] CSDM spawn mode set to preset
L 08/21/2025 - 07:01:42: [mapchooser.amxx] Vote: Voting for the nextmap started
L 08/21/2025 - 07:01:57: [mapchooser.amxx] Vote: Voting for the nextmap finished. The nextmap will be fy_pool_day
L 08/21/2025 - 07:04:00: -------- Mapchange to fy_pool_day --------
L 08/21/2025 - 07:04:00: [csdm_spawn_preset.amxx] No spawn points file found (addons/amxmodx/configs\csdm\fy_pool_day.spawns.cfg)
L 08/21/2025 - 07:04:00: [csdm_main.amxx] CSDM spawn mode set to preset
L 08/21/2025 - 07:12:00: [mapchooser.amxx] Vote: Voting for the nextmap started
L 08/21/2025 - 07:12:15: [mapchooser.amxx] Vote: Voting for the nextmap finished. The nextmap will be aim_sOt
L 08/21/2025 - 07:14:18: -------- Mapchange to aim_sOt --------
L 08/21/2025 - 07:14:18: [csdm_spawn_preset.amxx] No spawn points file found (addons/amxmodx/configs\csdm\aim_sOt.spawns.cfg)
L 08/21/2025 - 07:14:18: [csdm_main.amxx] CSDM spawn mode set to preset
L 08/21/2025 - 07:15:58: [CSTRIKE] svs global variable is not available
L 08/21/2025 - 07:15:58: [CSTRIKE] sv global variable is not available
L 08/21/2025 - 07:15:58: client_disconnected and client_remove forwards have been disabled - check your gamedata files.
L 08/21/2025 - 07:15:58: Binding/Hooking cvars have been disabled - check your gamedata files.
L 08/21/2025 - 07:15:59: -------- Mapchange to aim_map_2010 --------
L 08/21/2025 - 07:15:59: [csdm_spawn_preset.amxx] No spawn points file found (addons/amxmodx/configs\csdm\aim_map_2010.spawns.cfg)
L 08/21/2025 - 07:15:59: [csdm_main.amxx] CSDM spawn mode set to preset
L 08/21/2025 - 07:15:59: Invalid multi-lingual line (file "cstrike/addons/amxmodx/data/lang/gungame.txt" key "// For GunGame 2.13 - last updated 10:58 PM 1/2/2013" lang "")
L 08/21/2025 - 07:16:04: [CSTRIKE] Postponing of model update disabled, check your gamedata files
L 08/21/2025 - 07:16:04: [CSTRIKE] Postponing of model update disabled, check your gamedata files
L 08/21/2025 - 07:18:23: [admin.amxx] Login: "Johannes<7><ID_7dea362b3fac8e00956a4952a3d4><>" became an admin (account "Johannes") (access "abcdefghijklmnopqrstuv") (address "0.125.7.185")
L 08/21/2025 - 07:18:34: [CSTRIKE] svs global variable is not available
L 08/21/2025 - 07:18:34: [CSTRIKE] sv global variable is not available
L 08/21/2025 - 07:18:34: client_disconnected and client_remove forwards have been disabled - check your gamedata files.
L 08/21/2025 - 07:18:34: Binding/Hooking cvars have been disabled - check your gamedata files.
L 08/21/2025 - 07:18:34: -------- Mapchange to aim_map_2010 --------
L 08/21/2025 - 07:18:34: [csdm_spawn_preset.amxx] No spawn points file found (addons/amxmodx/configs\csdm\aim_map_2010.spawns.cfg)
L 08/21/2025 - 07:18:34: [csdm_main.amxx] CSDM spawn mode set to preset
L 08/21/2025 - 07:18:34: Invalid multi-lingual line (file "cstrike/addons/amxmodx/data/lang/gungame.txt" key "// For GunGame 2.13 - last updated 10:58 PM 1/2/2013" lang "")
L 08/21/2025 - 07:18:40: [CSTRIKE] Postponing of model update disabled, check your gamedata files
L 08/21/2025 - 07:18:40: [CSTRIKE] Postponing of model update disabled, check your gamedata files
L 08/21/2025 - 07:27:19: [CSTRIKE] svs global variable is not available
L 08/21/2025 - 07:27:19: [CSTRIKE] sv global variable is not available
L 08/21/2025 - 07:27:19: client_disconnected and client_remove forwards have been disabled - check your gamedata files.
L 08/21/2025 - 07:27:19: Binding/Hooking cvars have been disabled - check your gamedata files.
L 08/21/2025 - 07:27:19: -------- Mapchange to aim_map_2010 --------
L 08/21/2025 - 07:27:20: [csdm_spawn_preset.amxx] No spawn points file found (addons/amxmodx/configs\csdm\aim_map_2010.spawns.cfg)
L 08/21/2025 - 07:27:20: [csdm_main.amxx] CSDM spawn mode set to preset
L 08/21/2025 - 07:27:20: Invalid multi-lingual line (file "cstrike/addons/amxmodx/data/lang/gungame.txt" key "// For GunGame 2.13 - last updated 10:58 PM 1/2/2013" lang "")
L 08/21/2025 - 07:27:25: [CSTRIKE] Postponing of model update disabled, check your gamedata files
L 08/21/2025 - 07:27:25: [CSTRIKE] Postponing of model update disabled, check your gamedata files
L 08/21/2025 - 07:35:19: [mapchooser.amxx] Vote: Voting for the nextmap started
L 08/21/2025 - 07:35:35: [mapchooser.amxx] Vote: Voting for the nextmap finished. The nextmap will be fy_simpsons
L 08/21/2025 - 07:37:38: -------- Mapchange to fy_simpsons --------
L 08/21/2025 - 07:37:38: [csdm_spawn_preset.amxx] No spawn points file found (addons/amxmodx/configs\csdm\fy_simpsons.spawns.cfg)
L 08/21/2025 - 07:37:38: [csdm_main.amxx] CSDM spawn mode set to preset
L 08/21/2025 - 07:37:43: [CSTRIKE] Postponing of model update disabled, check your gamedata files
L 08/21/2025 - 07:37:43: [CSTRIKE] Postponing of model update disabled, check your gamedata files
L 08/21/2025 - 07:42:25: [admin.amxx] Login: "Johannes<13><ID_7dea362b3fac8e00956a4952a3d4><>" became an admin (account "Johannes") (access "abcdefghijklmnopqrstuv") (address "0.189.69.65")
L 08/21/2025 - 07:42:32: [CSTRIKE] svs global variable is not available
L 08/21/2025 - 07:42:32: [CSTRIKE] sv global variable is not available
L 08/21/2025 - 07:42:32: client_disconnected and client_remove forwards have been disabled - check your gamedata files.
L 08/21/2025 - 07:42:32: Binding/Hooking cvars have been disabled - check your gamedata files.
L 08/21/2025 - 07:42:33: -------- Mapchange to aim_map_2010 --------
L 08/21/2025 - 07:42:33: [csdm_spawn_preset.amxx] No spawn points file found (addons/amxmodx/configs\csdm\aim_map_2010.spawns.cfg)
L 08/21/2025 - 07:42:33: [csdm_main.amxx] CSDM spawn mode set to preset
L 08/21/2025 - 07:42:33: Invalid multi-lingual line (file "cstrike/addons/amxmodx/data/lang/gungame.txt" key "// For GunGame 2.13 - last updated 10:58 PM 1/2/2013" lang "")
L 08/21/2025 - 07:42:38: [CSTRIKE] Postponing of model update disabled, check your gamedata files
L 08/21/2025 - 07:42:38: [CSTRIKE] Postponing of model update disabled, check your gamedata files
L 08/21/2025 - 07:50:33: [mapchooser.amxx] Vote: Voting for the nextmap started
L 08/21/2025 - 07:50:48: [mapchooser.amxx] Vote: Voting for the nextmap finished. The nextmap will be fy_simpsons
L 08/21/2025 - 07:52:51: -------- Mapchange to fy_simpsons --------
L 08/21/2025 - 07:52:51: [csdm_spawn_preset.amxx] No spawn points file found (addons/amxmodx/configs\csdm\fy_simpsons.spawns.cfg)
L 08/21/2025 - 07:52:51: [csdm_main.amxx] CSDM spawn mode set to preset
L 08/21/2025 - 07:52:56: [CSTRIKE] Postponing of model update disabled, check your gamedata files
L 08/21/2025 - 07:52:56: [CSTRIKE] Postponing of model update disabled, check your gamedata files
L 08/21/2025 - 08:00:51: [mapchooser.amxx] Vote: Voting for the nextmap started
L 08/21/2025 - 08:01:06: [mapchooser.amxx] Vote: Voting for the nextmap finished. The nextmap will be aim_ak_colt_duel
L 08/21/2025 - 08:03:09: -------- Mapchange to aim_ak_colt_duel --------
L 08/21/2025 - 08:03:09: [csdm_spawn_preset.amxx] No spawn points file found (addons/amxmodx/configs\csdm\aim_ak_colt_duel.spawns.cfg)
L 08/21/2025 - 08:03:09: [csdm_main.amxx] CSDM spawn mode set to preset
L 08/21/2025 - 08:03:14: [CSTRIKE] Postponing of model update disabled, check your gamedata files
L 08/21/2025 - 08:03:14: [CSTRIKE] Postponing of model update disabled, check your gamedata files
L 08/21/2025 - 08:11:09: [mapchooser.amxx] Vote: Voting for the nextmap started
L 08/21/2025 - 08:11:24: [mapchooser.amxx] Vote: Voting for the nextmap finished. The nextmap will be fy_pool_day
L 08/21/2025 - 08:13:27: -------- Mapchange to fy_pool_day --------
L 08/21/2025 - 08:13:27: [csdm_spawn_preset.amxx] No spawn points file found (addons/amxmodx/configs\csdm\fy_pool_day.spawns.cfg)
L 08/21/2025 - 08:13:27: [csdm_main.amxx] CSDM spawn mode set to preset
L 08/21/2025 - 08:13:32: [CSTRIKE] Postponing of model update disabled, check your gamedata files
L 08/21/2025 - 08:13:32: [CSTRIKE] Postponing of model update disabled, check your gamedata files
L 08/21/2025 - 08:21:27: [mapchooser.amxx] Vote: Voting for the nextmap started
L 08/21/2025 - 08:21:42: [mapchooser.amxx] Vote: Voting for the nextmap finished. The nextmap will be aim_sOt
L 08/21/2025 - 08:23:45: -------- Mapchange to aim_sOt --------
L 08/21/2025 - 08:23:45: [csdm_spawn_preset.amxx] No spawn points file found (addons/amxmodx/configs\csdm\aim_sOt.spawns.cfg)
L 08/21/2025 - 08:23:45: [csdm_main.amxx] CSDM spawn mode set to preset
L 08/21/2025 - 08:23:50: [CSTRIKE] Postponing of model update disabled, check your gamedata files
L 08/21/2025 - 08:23:50: [CSTRIKE] Postponing of model update disabled, check your gamedata files
L 08/21/2025 - 08:31:45: [mapchooser.amxx] Vote: Voting for the nextmap started
L 08/21/2025 - 08:32:00: [mapchooser.amxx] Vote: Voting for the nextmap finished. The nextmap will be fy_iceworld
L 08/21/2025 - 08:58:21: [CSTRIKE] svs global variable is not available
L 08/21/2025 - 08:58:21: [CSTRIKE] sv global variable is not available
L 08/21/2025 - 08:58:21: client_disconnected and client_remove forwards have been disabled - check your gamedata files.
L 08/21/2025 - 08:58:21: Binding/Hooking cvars have been disabled - check your gamedata files.
L 08/21/2025 - 08:58:21: -------- Mapchange to aim_map_2010 --------
L 08/21/2025 - 08:58:21: [csdm_spawn_preset.amxx] No spawn points file found (addons/amxmodx/configs\csdm\aim_map_2010.spawns.cfg)
L 08/21/2025 - 08:58:21: [csdm_main.amxx] CSDM spawn mode set to preset
L 08/21/2025 - 08:58:21: Invalid multi-lingual line (file "cstrike/addons/amxmodx/data/lang/gungame.txt" key "// For GunGame 2.13 - last updated 10:58 PM 1/2/2013" lang "")
L 08/21/2025 - 08:58:26: [CSTRIKE] Postponing of model update disabled, check your gamedata files
L 08/21/2025 - 08:58:26: [CSTRIKE] Postponing of model update disabled, check your gamedata files
L 08/21/2025 - 09:06:21: [mapchooser.amxx] Vote: Voting for the nextmap started
L 08/21/2025 - 09:06:36: [mapchooser.amxx] Vote: Voting for the nextmap finished. The nextmap will be fy_simpsons
L 08/21/2025 - 09:08:39: -------- Mapchange to fy_simpsons --------
L 08/21/2025 - 09:08:39: [csdm_spawn_preset.amxx] No spawn points file found (addons/amxmodx/configs\csdm\fy_simpsons.spawns.cfg)
L 08/21/2025 - 09:08:39: [csdm_main.amxx] CSDM spawn mode set to preset
L 08/21/2025 - 09:08:45: [CSTRIKE] Postponing of model update disabled, check your gamedata files
L 08/21/2025 - 09:08:45: [CSTRIKE] Postponing of model update disabled, check your gamedata files
L 08/21/2025 - 09:11:38: [admin.amxx] Login: "Johannes<9><ID_7dea362b3fac8e00956a4952a3d4><>" became an admin (account "Johannes") (access "abcdefghijklmnopqrstuv") (address "3.160.67.101")
L 08/21/2025 - 09:14:15: [CSTRIKE] svs global variable is not available
L 08/21/2025 - 09:14:15: [CSTRIKE] sv global variable is not available
L 08/21/2025 - 09:14:15: client_disconnected and client_remove forwards have been disabled - check your gamedata files.
L 08/21/2025 - 09:14:15: Binding/Hooking cvars have been disabled - check your gamedata files.
L 08/21/2025 - 09:14:15: -------- Mapchange to aim_map_2010 --------
L 08/21/2025 - 09:14:15: [csdm_spawn_preset.amxx] No spawn points file found (addons/amxmodx/configs\csdm\aim_map_2010.spawns.cfg)
L 08/21/2025 - 09:14:15: [csdm_main.amxx] CSDM spawn mode set to preset
L 08/21/2025 - 09:14:15: Invalid multi-lingual line (file "cstrike/addons/amxmodx/data/lang/gungame.txt" key "// For GunGame 2.13 - last updated 10:58 PM 1/2/2013" lang "")
L 08/21/2025 - 09:14:20: [CSTRIKE] Postponing of model update disabled, check your gamedata files
L 08/21/2025 - 09:14:20: [CSTRIKE] Postponing of model update disabled, check your gamedata files
L 08/21/2025 - 09:15:29: [CSTRIKE] svs global variable is not available
L 08/21/2025 - 09:15:29: [CSTRIKE] sv global variable is not available
L 08/21/2025 - 09:15:29: client_disconnected and client_remove forwards have been disabled - check your gamedata files.
L 08/21/2025 - 09:15:29: Binding/Hooking cvars have been disabled - check your gamedata files.
L 08/21/2025 - 09:15:29: -------- Mapchange to aim_map_2010 --------
L 08/21/2025 - 09:15:29: [csdm_spawn_preset.amxx] No spawn points file found (addons/amxmodx/configs\csdm\aim_map_2010.spawns.cfg)
L 08/21/2025 - 09:15:29: [csdm_main.amxx] CSDM spawn mode set to preset
L 08/21/2025 - 09:15:29: Invalid multi-lingual line (file "cstrike/addons/amxmodx/data/lang/gungame.txt" key "// For GunGame 2.13 - last updated 10:58 PM 1/2/2013" lang "")
L 08/21/2025 - 09:15:34: [CSTRIKE] Postponing of model update disabled, check your gamedata files
L 08/21/2025 - 09:15:34: [CSTRIKE] Postponing of model update disabled, check your gamedata files
L 08/21/2025 - 09:23:29: [mapchooser.amxx] Vote: Voting for the nextmap started
L 08/21/2025 - 09:23:44: [mapchooser.amxx] Vote: Voting for the nextmap finished. The nextmap will be fy_simpsons
L 08/21/2025 - 09:25:38: -------- Mapchange to fy_simpsons --------
L 08/21/2025 - 09:25:38: [csdm_spawn_preset.amxx] No spawn points file found (addons/amxmodx/configs\csdm\fy_simpsons.spawns.cfg)
L 08/21/2025 - 09:25:38: [csdm_main.amxx] CSDM spawn mode set to preset
L 08/21/2025 - 09:25:44: [CSTRIKE] Postponing of model update disabled, check your gamedata files
L 08/21/2025 - 09:25:44: [CSTRIKE] Postponing of model update disabled, check your gamedata files
L 08/21/2025 - 09:33:38: [mapchooser.amxx] Vote: Voting for the nextmap started
L 08/21/2025 - 09:33:53: [mapchooser.amxx] Vote: Voting for the nextmap finished. The nextmap will be aim_ak_colt_duel
L 08/21/2025 - 09:35:47: -------- Mapchange to aim_ak_colt_duel --------
L 08/21/2025 - 09:35:47: [csdm_spawn_preset.amxx] No spawn points file found (addons/amxmodx/configs\csdm\aim_ak_colt_duel.spawns.cfg)
L 08/21/2025 - 09:35:47: [csdm_main.amxx] CSDM spawn mode set to preset
L 08/21/2025 - 09:35:53: [CSTRIKE] Postponing of model update disabled, check your gamedata files
L 08/21/2025 - 09:35:53: [CSTRIKE] Postponing of model update disabled, check your gamedata files
L 08/21/2025 - 09:40:17: [admin.amxx] Login: "Johannes<7><ID_7dea362b3fac8e00956a4952a3d4><>" became an admin (account "Johannes") (access "abcdefghijklmnopqrstuv") (address "2.4.181.15")
L 08/21/2025 - 09:40:21: [admin.amxx] Login: "Johannes<8><ID_7dea362b3fac8e00956a4952a3d4><>" became an admin (account "Johannes") (access "abcdefghijklmnopqrstuv") (address "0.187.76.48")
L 08/21/2025 - 09:40:23: [admin.amxx] Login: "Johannes<9><ID_7dea362b3fac8e00956a4952a3d4><>" became an admin (account "Johannes") (access "abcdefghijklmnopqrstuv") (address "1.19.219.27")
L 08/21/2025 - 09:40:24: [admin.amxx] Login: "Johannes<10><ID_7dea362b3fac8e00956a4952a3d4><>" became an admin (account "Johannes") (access "abcdefghijklmnopqrstuv") (address "4.176.23.179")
L 08/21/2025 - 09:40:25: [admin.amxx] Login: "Johannes<11><ID_7dea362b3fac8e00956a4952a3d4><>" became an admin (account "Johannes") (access "abcdefghijklmnopqrstuv") (address "3.223.232.106")
L 08/21/2025 - 09:48:35: [mapchooser.amxx] Vote: Voting for the nextmap started
L 08/21/2025 - 09:48:51: [mapchooser.amxx] Vote: Voting for the nextmap finished. The nextmap will be fy_pool_day
L 08/21/2025 - 09:49:10: [CSTRIKE] svs global variable is not available
L 08/21/2025 - 09:49:10: [CSTRIKE] sv global variable is not available
L 08/21/2025 - 09:49:10: client_disconnected and client_remove forwards have been disabled - check your gamedata files.
L 08/21/2025 - 09:49:10: Binding/Hooking cvars have been disabled - check your gamedata files.
L 08/21/2025 - 09:49:10: -------- Mapchange to aim_map_2010 --------
L 08/21/2025 - 09:49:10: [csdm_spawn_preset.amxx] No spawn points file found (addons/amxmodx/configs\csdm\aim_map_2010.spawns.cfg)
L 08/21/2025 - 09:49:10: [csdm_main.amxx] CSDM spawn mode set to preset
L 08/21/2025 - 09:49:10: Invalid multi-lingual line (file "cstrike/addons/amxmodx/data/lang/gungame.txt" key "// For GunGame 2.13 - last updated 10:58 PM 1/2/2013" lang "")
L 08/21/2025 - 09:49:15: [CSTRIKE] Postponing of model update disabled, check your gamedata files
L 08/21/2025 - 09:49:15: [CSTRIKE] Postponing of model update disabled, check your gamedata files
L 08/21/2025 - 09:56:11: [CSTRIKE] svs global variable is not available
L 08/21/2025 - 09:56:11: [CSTRIKE] sv global variable is not available
L 08/21/2025 - 09:56:11: client_disconnected and client_remove forwards have been disabled - check your gamedata files.
L 08/21/2025 - 09:56:11: Binding/Hooking cvars have been disabled - check your gamedata files.
L 08/21/2025 - 09:56:11: -------- Mapchange to aim_map_2010 --------
L 08/21/2025 - 09:56:11: [csdm_spawn_preset.amxx] No spawn points file found (addons/amxmodx/configs\csdm\aim_map_2010.spawns.cfg)
L 08/21/2025 - 09:56:11: [csdm_main.amxx] CSDM spawn mode set to preset
L 08/21/2025 - 09:56:11: Invalid multi-lingual line (file "cstrike/addons/amxmodx/data/lang/gungame.txt" key "// For GunGame 2.13 - last updated 10:58 PM 1/2/2013" lang "")
L 08/21/2025 - 09:56:17: [CSTRIKE] Postponing of model update disabled, check your gamedata files
L 08/21/2025 - 09:56:17: [CSTRIKE] Postponing of model update disabled, check your gamedata files
L 08/21/2025 - 09:59:08: [CSTRIKE] svs global variable is not available
L 08/21/2025 - 09:59:08: [CSTRIKE] sv global variable is not available
L 08/21/2025 - 09:59:08: client_disconnected and client_remove forwards have been disabled - check your gamedata files.
L 08/21/2025 - 09:59:08: Binding/Hooking cvars have been disabled - check your gamedata files.
L 08/21/2025 - 09:59:08: -------- Mapchange to aim_map_2010 --------
L 08/21/2025 - 09:59:09: [csdm_spawn_preset.amxx] No spawn points file found (addons/amxmodx/configs\csdm\aim_map_2010.spawns.cfg)
L 08/21/2025 - 09:59:09: [csdm_main.amxx] CSDM spawn mode set to preset
L 08/21/2025 - 09:59:09: Invalid multi-lingual line (file "cstrike/addons/amxmodx/data/lang/gungame.txt" key "// For GunGame 2.13 - last updated 10:58 PM 1/2/2013" lang "")
L 08/21/2025 - 09:59:14: [CSTRIKE] Postponing of model update disabled, check your gamedata files
L 08/21/2025 - 09:59:14: [CSTRIKE] Postponing of model update disabled, check your gamedata files
