L 08/12/2025 - 00:03:41: [mapchooser.amxx] Vote: Voting for the nextmap started
L 08/12/2025 - 00:03:56: [mapchooser.amxx] Vote: Voting for the nextmap finished. The nextmap will be de_dust
L 08/12/2025 - 00:08:59: -------- Mapchange to de_dust --------
L 08/12/2025 - 00:08:59: [csdm_spawn_preset.amxx] Loaded 32 spawn points for map de_dust.
L 08/12/2025 - 00:08:59: [csdm_main.amxx] CSDM spawn mode set to preset
L 08/12/2025 - 00:21:59: [mapchooser.amxx] Vote: Voting for the nextmap started
L 08/12/2025 - 00:22:14: [mapchooser.amxx] Vote: Voting for the nextmap finished. The nextmap will be de_dust2
L 08/12/2025 - 00:27:18: -------- Mapchange to de_dust2 --------
L 08/12/2025 - 00:27:18: [csdm_spawn_preset.amxx] Loaded 40 spawn points for map de_dust2.
L 08/12/2025 - 00:27:18: [csdm_main.amxx] CSDM spawn mode set to preset
L 08/12/2025 - 00:40:18: [mapchooser.amxx] Vote: Voting for the nextmap started
L 08/12/2025 - 00:40:33: [mapchooser.amxx] Vote: Voting for the nextmap finished. The nextmap will be de_dust
L 08/12/2025 - 00:45:36: -------- Mapchange to de_dust --------
L 08/12/2025 - 00:45:36: [csdm_spawn_preset.amxx] Loaded 32 spawn points for map de_dust.
L 08/12/2025 - 00:45:36: [csdm_main.amxx] CSDM spawn mode set to preset
L 08/12/2025 - 00:58:36: [mapchooser.amxx] Vote: Voting for the nextmap started
L 08/12/2025 - 00:58:51: [mapchooser.amxx] Vote: Voting for the nextmap finished. The nextmap will be de_dust2
L 08/12/2025 - 01:03:54: -------- Mapchange to de_dust2 --------
L 08/12/2025 - 01:03:54: [csdm_spawn_preset.amxx] Loaded 40 spawn points for map de_dust2.
L 08/12/2025 - 01:03:54: [csdm_main.amxx] CSDM spawn mode set to preset
L 08/12/2025 - 01:16:54: [mapchooser.amxx] Vote: Voting for the nextmap started
L 08/12/2025 - 01:17:09: [mapchooser.amxx] Vote: Voting for the nextmap finished. The nextmap will be de_dust
L 08/12/2025 - 01:22:12: -------- Mapchange to de_dust --------
L 08/12/2025 - 01:22:12: [csdm_spawn_preset.amxx] Loaded 32 spawn points for map de_dust.
L 08/12/2025 - 01:22:12: [csdm_main.amxx] CSDM spawn mode set to preset
L 08/12/2025 - 01:35:12: [mapchooser.amxx] Vote: Voting for the nextmap started
L 08/12/2025 - 01:35:27: [mapchooser.amxx] Vote: Voting for the nextmap finished. The nextmap will be de_dust2
L 08/12/2025 - 01:40:30: -------- Mapchange to de_dust2 --------
L 08/12/2025 - 01:40:30: [csdm_spawn_preset.amxx] Loaded 40 spawn points for map de_dust2.
L 08/12/2025 - 01:40:30: [csdm_main.amxx] CSDM spawn mode set to preset
L 08/12/2025 - 01:53:31: [mapchooser.amxx] Vote: Voting for the nextmap started
L 08/12/2025 - 01:53:46: [mapchooser.amxx] Vote: Voting for the nextmap finished. The nextmap will be de_dust
L 08/12/2025 - 01:58:49: -------- Mapchange to de_dust --------
L 08/12/2025 - 01:58:49: [csdm_spawn_preset.amxx] Loaded 32 spawn points for map de_dust.
L 08/12/2025 - 01:58:49: [csdm_main.amxx] CSDM spawn mode set to preset
L 08/12/2025 - 02:11:49: [mapchooser.amxx] Vote: Voting for the nextmap started
L 08/12/2025 - 02:12:04: [mapchooser.amxx] Vote: Voting for the nextmap finished. The nextmap will be de_dust2
L 08/12/2025 - 02:17:07: -------- Mapchange to de_dust2 --------
L 08/12/2025 - 02:17:07: [csdm_spawn_preset.amxx] Loaded 40 spawn points for map de_dust2.
L 08/12/2025 - 02:17:07: [csdm_main.amxx] CSDM spawn mode set to preset
L 08/12/2025 - 02:30:07: [mapchooser.amxx] Vote: Voting for the nextmap started
L 08/12/2025 - 02:30:22: [mapchooser.amxx] Vote: Voting for the nextmap finished. The nextmap will be de_dust
L 08/12/2025 - 02:35:25: -------- Mapchange to de_dust --------
L 08/12/2025 - 02:35:25: [csdm_spawn_preset.amxx] Loaded 32 spawn points for map de_dust.
L 08/12/2025 - 02:35:25: [csdm_main.amxx] CSDM spawn mode set to preset
L 08/12/2025 - 02:48:25: [mapchooser.amxx] Vote: Voting for the nextmap started
L 08/12/2025 - 02:48:40: [mapchooser.amxx] Vote: Voting for the nextmap finished. The nextmap will be de_dust2
L 08/12/2025 - 02:53:44: -------- Mapchange to de_dust2 --------
L 08/12/2025 - 02:53:44: [csdm_spawn_preset.amxx] Loaded 40 spawn points for map de_dust2.
L 08/12/2025 - 02:53:44: [csdm_main.amxx] CSDM spawn mode set to preset
L 08/12/2025 - 03:06:44: [mapchooser.amxx] Vote: Voting for the nextmap started
L 08/12/2025 - 03:06:59: [mapchooser.amxx] Vote: Voting for the nextmap finished. The nextmap will be de_dust
L 08/12/2025 - 03:12:02: -------- Mapchange to de_dust --------
L 08/12/2025 - 03:12:02: [csdm_spawn_preset.amxx] Loaded 32 spawn points for map de_dust.
L 08/12/2025 - 03:12:02: [csdm_main.amxx] CSDM spawn mode set to preset
L 08/12/2025 - 03:25:02: [mapchooser.amxx] Vote: Voting for the nextmap started
L 08/12/2025 - 03:25:17: [mapchooser.amxx] Vote: Voting for the nextmap finished. The nextmap will be de_dust2
L 08/12/2025 - 03:30:20: -------- Mapchange to de_dust2 --------
L 08/12/2025 - 03:30:20: [csdm_spawn_preset.amxx] Loaded 40 spawn points for map de_dust2.
L 08/12/2025 - 03:30:20: [csdm_main.amxx] CSDM spawn mode set to preset
L 08/12/2025 - 03:43:20: [mapchooser.amxx] Vote: Voting for the nextmap started
L 08/12/2025 - 03:43:35: [mapchooser.amxx] Vote: Voting for the nextmap finished. The nextmap will be de_dust
L 08/12/2025 - 03:48:38: -------- Mapchange to de_dust --------
L 08/12/2025 - 03:48:38: [csdm_spawn_preset.amxx] Loaded 32 spawn points for map de_dust.
L 08/12/2025 - 03:48:38: [csdm_main.amxx] CSDM spawn mode set to preset
L 08/12/2025 - 04:01:38: [mapchooser.amxx] Vote: Voting for the nextmap started
L 08/12/2025 - 04:01:53: [mapchooser.amxx] Vote: Voting for the nextmap finished. The nextmap will be de_dust2
L 08/12/2025 - 04:06:57: -------- Mapchange to de_dust2 --------
L 08/12/2025 - 04:06:57: [csdm_spawn_preset.amxx] Loaded 40 spawn points for map de_dust2.
L 08/12/2025 - 04:06:57: [csdm_main.amxx] CSDM spawn mode set to preset
L 08/12/2025 - 04:19:57: [mapchooser.amxx] Vote: Voting for the nextmap started
L 08/12/2025 - 04:20:12: [mapchooser.amxx] Vote: Voting for the nextmap finished. The nextmap will be de_dust
L 08/12/2025 - 04:25:15: -------- Mapchange to de_dust --------
L 08/12/2025 - 04:25:15: [csdm_spawn_preset.amxx] Loaded 32 spawn points for map de_dust.
L 08/12/2025 - 04:25:15: [csdm_main.amxx] CSDM spawn mode set to preset
L 08/12/2025 - 04:38:15: [mapchooser.amxx] Vote: Voting for the nextmap started
L 08/12/2025 - 04:38:30: [mapchooser.amxx] Vote: Voting for the nextmap finished. The nextmap will be de_dust2
L 08/12/2025 - 04:43:33: -------- Mapchange to de_dust2 --------
L 08/12/2025 - 04:43:33: [csdm_spawn_preset.amxx] Loaded 40 spawn points for map de_dust2.
L 08/12/2025 - 04:43:33: [csdm_main.amxx] CSDM spawn mode set to preset
L 08/12/2025 - 04:56:33: [mapchooser.amxx] Vote: Voting for the nextmap started
L 08/12/2025 - 04:56:48: [mapchooser.amxx] Vote: Voting for the nextmap finished. The nextmap will be de_dust
L 08/12/2025 - 05:01:51: -------- Mapchange to de_dust --------
L 08/12/2025 - 05:01:51: [csdm_spawn_preset.amxx] Loaded 32 spawn points for map de_dust.
L 08/12/2025 - 05:01:51: [csdm_main.amxx] CSDM spawn mode set to preset
L 08/12/2025 - 05:14:51: [mapchooser.amxx] Vote: Voting for the nextmap started
L 08/12/2025 - 05:15:06: [mapchooser.amxx] Vote: Voting for the nextmap finished. The nextmap will be de_dust2
L 08/12/2025 - 05:20:09: -------- Mapchange to de_dust2 --------
L 08/12/2025 - 05:20:09: [csdm_spawn_preset.amxx] Loaded 40 spawn points for map de_dust2.
L 08/12/2025 - 05:20:09: [csdm_main.amxx] CSDM spawn mode set to preset
L 08/12/2025 - 05:33:10: [mapchooser.amxx] Vote: Voting for the nextmap started
L 08/12/2025 - 05:33:25: [mapchooser.amxx] Vote: Voting for the nextmap finished. The nextmap will be de_dust
L 08/12/2025 - 05:38:28: -------- Mapchange to de_dust --------
L 08/12/2025 - 05:38:28: [csdm_spawn_preset.amxx] Loaded 32 spawn points for map de_dust.
L 08/12/2025 - 05:38:28: [csdm_main.amxx] CSDM spawn mode set to preset
L 08/12/2025 - 05:51:28: [mapchooser.amxx] Vote: Voting for the nextmap started
L 08/12/2025 - 05:51:43: [mapchooser.amxx] Vote: Voting for the nextmap finished. The nextmap will be de_dust2
L 08/12/2025 - 05:56:46: -------- Mapchange to de_dust2 --------
L 08/12/2025 - 05:56:46: [csdm_spawn_preset.amxx] Loaded 40 spawn points for map de_dust2.
L 08/12/2025 - 05:56:46: [csdm_main.amxx] CSDM spawn mode set to preset
L 08/12/2025 - 06:09:46: [mapchooser.amxx] Vote: Voting for the nextmap started
L 08/12/2025 - 06:10:01: [mapchooser.amxx] Vote: Voting for the nextmap finished. The nextmap will be de_dust
L 08/12/2025 - 06:15:04: -------- Mapchange to de_dust --------
L 08/12/2025 - 06:15:04: [csdm_spawn_preset.amxx] Loaded 32 spawn points for map de_dust.
L 08/12/2025 - 06:15:04: [csdm_main.amxx] CSDM spawn mode set to preset
L 08/12/2025 - 06:28:04: [mapchooser.amxx] Vote: Voting for the nextmap started
L 08/12/2025 - 06:28:19: [mapchooser.amxx] Vote: Voting for the nextmap finished. The nextmap will be de_dust2
L 08/12/2025 - 06:33:22: -------- Mapchange to de_dust2 --------
L 08/12/2025 - 06:33:22: [csdm_spawn_preset.amxx] Loaded 40 spawn points for map de_dust2.
L 08/12/2025 - 06:33:22: [csdm_main.amxx] CSDM spawn mode set to preset
L 08/12/2025 - 06:46:23: [mapchooser.amxx] Vote: Voting for the nextmap started
L 08/12/2025 - 06:46:38: [mapchooser.amxx] Vote: Voting for the nextmap finished. The nextmap will be de_dust
L 08/12/2025 - 06:51:41: -------- Mapchange to de_dust --------
L 08/12/2025 - 06:51:41: [csdm_spawn_preset.amxx] Loaded 32 spawn points for map de_dust.
L 08/12/2025 - 06:51:41: [csdm_main.amxx] CSDM spawn mode set to preset
L 08/12/2025 - 07:04:41: [mapchooser.amxx] Vote: Voting for the nextmap started
L 08/12/2025 - 07:04:56: [mapchooser.amxx] Vote: Voting for the nextmap finished. The nextmap will be de_dust2
L 08/12/2025 - 07:09:59: -------- Mapchange to de_dust2 --------
L 08/12/2025 - 07:09:59: [csdm_spawn_preset.amxx] Loaded 40 spawn points for map de_dust2.
L 08/12/2025 - 07:09:59: [csdm_main.amxx] CSDM spawn mode set to preset
L 08/12/2025 - 07:22:59: [mapchooser.amxx] Vote: Voting for the nextmap started
L 08/12/2025 - 07:23:14: [mapchooser.amxx] Vote: Voting for the nextmap finished. The nextmap will be de_dust
L 08/12/2025 - 07:28:17: -------- Mapchange to de_dust --------
L 08/12/2025 - 07:28:17: [csdm_spawn_preset.amxx] Loaded 32 spawn points for map de_dust.
L 08/12/2025 - 07:28:17: [csdm_main.amxx] CSDM spawn mode set to preset
L 08/12/2025 - 07:41:17: [mapchooser.amxx] Vote: Voting for the nextmap started
L 08/12/2025 - 07:41:32: [mapchooser.amxx] Vote: Voting for the nextmap finished. The nextmap will be de_dust2
L 08/12/2025 - 07:46:35: -------- Mapchange to de_dust2 --------
L 08/12/2025 - 07:46:35: [csdm_spawn_preset.amxx] Loaded 40 spawn points for map de_dust2.
L 08/12/2025 - 07:46:35: [csdm_main.amxx] CSDM spawn mode set to preset
L 08/12/2025 - 07:59:33: [admin.amxx] Login: "Johannes<7><ID_7dea362b3fac8e00956a4952a3d4><>" became an admin (account "Johannes") (access "abcdefghijklmnopqrstuv") (address "0.8.7.2")
L 08/12/2025 - 07:59:36: [mapchooser.amxx] Vote: Voting for the nextmap started
L 08/12/2025 - 07:59:51: [mapchooser.amxx] Vote: Voting for the nextmap finished. The nextmap will be de_dust
L 08/12/2025 - 08:02:35: client_disconnected and client_remove forwards have been disabled - check your gamedata files.
L 08/12/2025 - 08:02:35: Binding/Hooking cvars have been disabled - check your gamedata files.
L 08/12/2025 - 08:02:35: -------- Mapchange to aim_map_2010 --------
L 08/12/2025 - 08:02:35: [CSTRIKE] svs global variable is not available
L 08/12/2025 - 08:02:35: [CSTRIKE] sv global variable is not available
L 08/12/2025 - 08:02:35: [csdm_spawn_preset.amxx] No spawn points file found (addons/amxmodx/configs\csdm\aim_map_2010.spawns.cfg)
L 08/12/2025 - 08:02:35: [csdm_main.amxx] CSDM spawn mode set to preset
L 08/12/2025 - 08:21:51: client_disconnected and client_remove forwards have been disabled - check your gamedata files.
L 08/12/2025 - 08:21:51: Binding/Hooking cvars have been disabled - check your gamedata files.
L 08/12/2025 - 08:21:51: -------- Mapchange to aim_map_2010 --------
L 08/12/2025 - 08:21:51: [CSTRIKE] svs global variable is not available
L 08/12/2025 - 08:21:51: [CSTRIKE] sv global variable is not available
L 08/12/2025 - 08:21:51: [csdm_spawn_preset.amxx] No spawn points file found (addons/amxmodx/configs\csdm\aim_map_2010.spawns.cfg)
L 08/12/2025 - 08:21:51: [csdm_main.amxx] CSDM spawn mode set to preset
L 08/12/2025 - 08:23:55: [admin.amxx] Login: "Johannes<3><ID_7dea362b3fac8e00956a4952a3d4><>" became an admin (account "Johannes") (access "abcdefghijklmnopqrstuv") (address "0.87.196.89")
L 08/12/2025 - 08:37:38: client_disconnected and client_remove forwards have been disabled - check your gamedata files.
L 08/12/2025 - 08:37:38: Binding/Hooking cvars have been disabled - check your gamedata files.
L 08/12/2025 - 08:37:38: -------- Mapchange to aim_map_2010 --------
L 08/12/2025 - 08:37:39: [CSTRIKE] svs global variable is not available
L 08/12/2025 - 08:37:39: [CSTRIKE] sv global variable is not available
L 08/12/2025 - 08:37:39: [csdm_spawn_preset.amxx] No spawn points file found (addons/amxmodx/configs\csdm\aim_map_2010.spawns.cfg)
L 08/12/2025 - 08:37:39: [csdm_main.amxx] CSDM spawn mode set to preset
L 08/12/2025 - 08:40:05: client_disconnected and client_remove forwards have been disabled - check your gamedata files.
L 08/12/2025 - 08:40:05: Binding/Hooking cvars have been disabled - check your gamedata files.
L 08/12/2025 - 08:40:05: -------- Mapchange to aim_map_2010 --------
L 08/12/2025 - 08:40:05: [CSTRIKE] svs global variable is not available
L 08/12/2025 - 08:40:05: [CSTRIKE] sv global variable is not available
L 08/12/2025 - 08:40:05: [csdm_spawn_preset.amxx] No spawn points file found (addons/amxmodx/configs\csdm\aim_map_2010.spawns.cfg)
L 08/12/2025 - 08:40:05: [csdm_main.amxx] CSDM spawn mode set to preset
L 08/12/2025 - 08:47:11: [admin.amxx] Login: "Johannes<5><ID_7dea362b3fac8e00956a4952a3d4><>" became an admin (account "Johannes") (access "abcdefghijklmnopqrstuv") (address "0.182.79.82")
L 08/12/2025 - 08:47:56: client_disconnected and client_remove forwards have been disabled - check your gamedata files.
L 08/12/2025 - 08:47:56: Binding/Hooking cvars have been disabled - check your gamedata files.
L 08/12/2025 - 08:47:56: -------- Mapchange to aim_map_2010 --------
L 08/12/2025 - 08:47:56: [CSTRIKE] svs global variable is not available
L 08/12/2025 - 08:47:56: [CSTRIKE] sv global variable is not available
L 08/12/2025 - 08:47:56: [csdm_spawn_preset.amxx] No spawn points file found (addons/amxmodx/configs\csdm\aim_map_2010.spawns.cfg)
L 08/12/2025 - 08:47:56: [csdm_main.amxx] CSDM spawn mode set to preset
L 08/12/2025 - 08:55:56: [mapchooser.amxx] Vote: Voting for the nextmap started
L 08/12/2025 - 08:56:11: [mapchooser.amxx] Vote: Voting for the nextmap finished. The nextmap will be de_dust2
L 08/12/2025 - 08:58:15: -------- Mapchange to de_dust2 --------
L 08/12/2025 - 08:58:15: [csdm_spawn_preset.amxx] Loaded 40 spawn points for map de_dust2.
L 08/12/2025 - 08:58:15: [csdm_main.amxx] CSDM spawn mode set to preset
L 08/12/2025 - 09:06:15: [mapchooser.amxx] Vote: Voting for the nextmap started
L 08/12/2025 - 09:06:30: [mapchooser.amxx] Vote: Voting for the nextmap finished. The nextmap will be de_dust
L 08/12/2025 - 09:08:34: -------- Mapchange to de_dust --------
L 08/12/2025 - 09:08:35: [csdm_spawn_preset.amxx] Loaded 32 spawn points for map de_dust.
L 08/12/2025 - 09:08:35: [csdm_main.amxx] CSDM spawn mode set to preset
L 08/12/2025 - 09:16:35: [mapchooser.amxx] Vote: Voting for the nextmap started
L 08/12/2025 - 09:16:50: [mapchooser.amxx] Vote: Voting for the nextmap finished. The nextmap will be de_dust2
L 08/12/2025 - 09:18:54: -------- Mapchange to de_dust2 --------
L 08/12/2025 - 09:18:54: [csdm_spawn_preset.amxx] Loaded 40 spawn points for map de_dust2.
L 08/12/2025 - 09:18:54: [csdm_main.amxx] CSDM spawn mode set to preset
L 08/12/2025 - 09:26:54: [mapchooser.amxx] Vote: Voting for the nextmap started
L 08/12/2025 - 09:27:09: [mapchooser.amxx] Vote: Voting for the nextmap finished. The nextmap will be de_dust
L 08/12/2025 - 09:29:13: -------- Mapchange to de_dust --------
L 08/12/2025 - 09:29:13: [csdm_spawn_preset.amxx] Loaded 32 spawn points for map de_dust.
L 08/12/2025 - 09:29:13: [csdm_main.amxx] CSDM spawn mode set to preset
L 08/12/2025 - 09:37:13: [mapchooser.amxx] Vote: Voting for the nextmap started
L 08/12/2025 - 09:37:28: [mapchooser.amxx] Vote: Voting for the nextmap finished. The nextmap will be de_dust2
L 08/12/2025 - 09:39:32: -------- Mapchange to de_dust2 --------
L 08/12/2025 - 09:39:32: [csdm_spawn_preset.amxx] Loaded 40 spawn points for map de_dust2.
L 08/12/2025 - 09:39:32: [csdm_main.amxx] CSDM spawn mode set to preset
L 08/12/2025 - 09:47:32: [mapchooser.amxx] Vote: Voting for the nextmap started
L 08/12/2025 - 09:47:47: [mapchooser.amxx] Vote: Voting for the nextmap finished. The nextmap will be de_dust
L 08/12/2025 - 09:49:51: -------- Mapchange to de_dust --------
L 08/12/2025 - 09:49:51: [csdm_spawn_preset.amxx] Loaded 32 spawn points for map de_dust.
L 08/12/2025 - 09:49:51: [csdm_main.amxx] CSDM spawn mode set to preset
L 08/12/2025 - 09:57:51: [mapchooser.amxx] Vote: Voting for the nextmap started
L 08/12/2025 - 09:58:06: [mapchooser.amxx] Vote: Voting for the nextmap finished. The nextmap will be de_dust2
L 08/12/2025 - 10:00:06: [admin.amxx] Login: "Johannes<29><ID_7dea362b3fac8e00956a4952a3d4><>" became an admin (account "Johannes") (access "abcdefghijklmnopqrstuv") (address "0.26.14.176")
L 08/12/2025 - 10:00:10: -------- Mapchange to de_dust2 --------
L 08/12/2025 - 10:00:10: [csdm_spawn_preset.amxx] Loaded 40 spawn points for map de_dust2.
L 08/12/2025 - 10:00:10: [csdm_main.amxx] CSDM spawn mode set to preset
L 08/12/2025 - 10:00:10: [admin.amxx] Login: "Johannes<30><ID_7dea362b3fac8e00956a4952a3d4><>" became an admin (account "Johannes") (access "abcdefghijklmnopqrstuv") (address "0.26.14.176")
L 08/12/2025 - 10:03:43: [mapsmenu.amxx] Cmd: "Johannes<30><ID_7dea362b3fac8e00956a4952a3d4><>" changelevel "fy_pool_day"
L 08/12/2025 - 10:03:45: -------- Mapchange to fy_pool_day --------
L 08/12/2025 - 10:03:45: [csdm_spawn_preset.amxx] No spawn points file found (addons/amxmodx/configs\csdm\fy_pool_day.spawns.cfg)
L 08/12/2025 - 10:03:45: [csdm_main.amxx] CSDM spawn mode set to preset
L 08/12/2025 - 10:03:45: [admin.amxx] Login: "Johannes<34><ID_7dea362b3fac8e00956a4952a3d4><>" became an admin (account "Johannes") (access "abcdefghijklmnopqrstuv") (address "0.26.14.176")
L 08/12/2025 - 10:11:45: [mapchooser.amxx] Vote: Voting for the nextmap started
L 08/12/2025 - 10:12:00: [mapchooser.amxx] Vote: Voting for the nextmap finished. The nextmap will be aim_sOt
L 08/12/2025 - 10:14:04: -------- Mapchange to aim_sOt --------
L 08/12/2025 - 10:14:04: [csdm_spawn_preset.amxx] No spawn points file found (addons/amxmodx/configs\csdm\aim_sOt.spawns.cfg)
L 08/12/2025 - 10:14:04: [csdm_main.amxx] CSDM spawn mode set to preset
L 08/12/2025 - 10:22:04: [mapchooser.amxx] Vote: Voting for the nextmap started
L 08/12/2025 - 10:22:19: [mapchooser.amxx] Vote: Voting for the nextmap finished. The nextmap will be de_dust
L 08/12/2025 - 10:22:58: client_disconnected and client_remove forwards have been disabled - check your gamedata files.
L 08/12/2025 - 10:22:58: Binding/Hooking cvars have been disabled - check your gamedata files.
L 08/12/2025 - 10:22:58: -------- Mapchange to aim_map_2010 --------
L 08/12/2025 - 10:22:58: [CSTRIKE] svs global variable is not available
L 08/12/2025 - 10:22:58: [CSTRIKE] sv global variable is not available
L 08/12/2025 - 10:22:58: [csdm_spawn_preset.amxx] No spawn points file found (addons/amxmodx/configs\csdm\aim_map_2010.spawns.cfg)
L 08/12/2025 - 10:22:58: [csdm_main.amxx] CSDM spawn mode set to preset
L 08/12/2025 - 10:30:58: [mapchooser.amxx] Vote: Voting for the nextmap started
L 08/12/2025 - 10:31:13: [mapchooser.amxx] Vote: Voting for the nextmap finished. The nextmap will be de_dust2
L 08/12/2025 - 10:33:17: -------- Mapchange to de_dust2 --------
L 08/12/2025 - 10:33:17: [csdm_spawn_preset.amxx] Loaded 40 spawn points for map de_dust2.
L 08/12/2025 - 10:33:17: [csdm_main.amxx] CSDM spawn mode set to preset
L 08/12/2025 - 10:41:17: [mapchooser.amxx] Vote: Voting for the nextmap started
L 08/12/2025 - 10:41:32: [mapchooser.amxx] Vote: Voting for the nextmap finished. The nextmap will be de_dust
L 08/12/2025 - 10:43:36: -------- Mapchange to de_dust --------
L 08/12/2025 - 10:43:36: [csdm_spawn_preset.amxx] Loaded 32 spawn points for map de_dust.
L 08/12/2025 - 10:43:36: [csdm_main.amxx] CSDM spawn mode set to preset
L 08/12/2025 - 10:51:36: [mapchooser.amxx] Vote: Voting for the nextmap started
L 08/12/2025 - 10:51:51: [mapchooser.amxx] Vote: Voting for the nextmap finished. The nextmap will be de_dust2
L 08/12/2025 - 10:53:55: -------- Mapchange to de_dust2 --------
L 08/12/2025 - 10:53:55: [csdm_spawn_preset.amxx] Loaded 40 spawn points for map de_dust2.
L 08/12/2025 - 10:53:55: [csdm_main.amxx] CSDM spawn mode set to preset
L 08/12/2025 - 11:01:55: [mapchooser.amxx] Vote: Voting for the nextmap started
L 08/12/2025 - 11:02:11: [mapchooser.amxx] Vote: Voting for the nextmap finished. The nextmap will be de_dust
L 08/12/2025 - 11:04:15: -------- Mapchange to de_dust --------
L 08/12/2025 - 11:04:15: [csdm_spawn_preset.amxx] Loaded 32 spawn points for map de_dust.
L 08/12/2025 - 11:04:15: [csdm_main.amxx] CSDM spawn mode set to preset
L 08/12/2025 - 11:07:09: [admin.amxx] Login: "Johannes<21><ID_7dea362b3fac8e00956a4952a3d4><>" became an admin (account "Johannes") (access "abcdefghijklmnopqrstuv") (address "0.78.134.35")
L 08/12/2025 - 11:12:15: [mapchooser.amxx] Vote: Voting for the nextmap started
L 08/12/2025 - 11:12:30: [mapchooser.amxx] Vote: Voting for the nextmap finished. The nextmap will be de_dust2
L 08/12/2025 - 11:14:34: -------- Mapchange to de_dust2 --------
L 08/12/2025 - 11:14:34: [csdm_spawn_preset.amxx] Loaded 40 spawn points for map de_dust2.
L 08/12/2025 - 11:14:34: [csdm_main.amxx] CSDM spawn mode set to preset
L 08/12/2025 - 11:17:02: [admin.amxx] Login: "Johannes<27><ID_7dea362b3fac8e00956a4952a3d4><>" became an admin (account "Johannes") (access "abcdefghijklmnopqrstuv") (address "0.101.52.110")
L 08/12/2025 - 11:22:34: [mapchooser.amxx] Vote: Voting for the nextmap started
L 08/12/2025 - 11:22:49: [mapchooser.amxx] Vote: Voting for the nextmap finished. The nextmap will be de_dust
L 08/12/2025 - 11:24:53: -------- Mapchange to de_dust --------
L 08/12/2025 - 11:24:53: [csdm_spawn_preset.amxx] Loaded 32 spawn points for map de_dust.
L 08/12/2025 - 11:24:53: [csdm_main.amxx] CSDM spawn mode set to preset
L 08/12/2025 - 11:32:53: [mapchooser.amxx] Vote: Voting for the nextmap started
L 08/12/2025 - 11:33:08: [mapchooser.amxx] Vote: Voting for the nextmap finished. The nextmap will be de_dust2
L 08/12/2025 - 11:35:12: -------- Mapchange to de_dust2 --------
L 08/12/2025 - 11:35:12: [csdm_spawn_preset.amxx] Loaded 40 spawn points for map de_dust2.
L 08/12/2025 - 11:35:12: [csdm_main.amxx] CSDM spawn mode set to preset
L 08/12/2025 - 11:43:12: [mapchooser.amxx] Vote: Voting for the nextmap started
L 08/12/2025 - 11:43:27: [mapchooser.amxx] Vote: Voting for the nextmap finished. The nextmap will be de_dust
L 08/12/2025 - 11:45:31: -------- Mapchange to de_dust --------
L 08/12/2025 - 11:45:31: [csdm_spawn_preset.amxx] Loaded 32 spawn points for map de_dust.
L 08/12/2025 - 11:45:31: [csdm_main.amxx] CSDM spawn mode set to preset
L 08/12/2025 - 11:53:31: [mapchooser.amxx] Vote: Voting for the nextmap started
L 08/12/2025 - 11:53:46: [mapchooser.amxx] Vote: Voting for the nextmap finished. The nextmap will be de_dust2
L 08/12/2025 - 11:55:50: -------- Mapchange to de_dust2 --------
L 08/12/2025 - 11:55:50: [csdm_spawn_preset.amxx] Loaded 40 spawn points for map de_dust2.
L 08/12/2025 - 11:55:50: [csdm_main.amxx] CSDM spawn mode set to preset
L 08/12/2025 - 12:03:50: [mapchooser.amxx] Vote: Voting for the nextmap started
L 08/12/2025 - 12:04:05: [mapchooser.amxx] Vote: Voting for the nextmap finished. The nextmap will be de_dust
L 08/12/2025 - 12:06:10: -------- Mapchange to de_dust --------
L 08/12/2025 - 12:06:10: [csdm_spawn_preset.amxx] Loaded 32 spawn points for map de_dust.
L 08/12/2025 - 12:06:10: [csdm_main.amxx] CSDM spawn mode set to preset
L 08/12/2025 - 12:14:10: [mapchooser.amxx] Vote: Voting for the nextmap started
L 08/12/2025 - 12:14:25: [mapchooser.amxx] Vote: Voting for the nextmap finished. The nextmap will be de_dust2
L 08/12/2025 - 12:16:29: -------- Mapchange to de_dust2 --------
L 08/12/2025 - 12:16:29: [csdm_spawn_preset.amxx] Loaded 40 spawn points for map de_dust2.
L 08/12/2025 - 12:16:29: [csdm_main.amxx] CSDM spawn mode set to preset
L 08/12/2025 - 12:24:29: [mapchooser.amxx] Vote: Voting for the nextmap started
L 08/12/2025 - 12:24:44: [mapchooser.amxx] Vote: Voting for the nextmap finished. The nextmap will be de_dust
L 08/12/2025 - 12:26:48: -------- Mapchange to de_dust --------
L 08/12/2025 - 12:26:48: [csdm_spawn_preset.amxx] Loaded 32 spawn points for map de_dust.
L 08/12/2025 - 12:26:48: [csdm_main.amxx] CSDM spawn mode set to preset
L 08/12/2025 - 12:34:48: [mapchooser.amxx] Vote: Voting for the nextmap started
L 08/12/2025 - 12:35:03: [mapchooser.amxx] Vote: Voting for the nextmap finished. The nextmap will be de_dust2
L 08/12/2025 - 12:37:07: -------- Mapchange to de_dust2 --------
L 08/12/2025 - 12:37:07: [csdm_spawn_preset.amxx] Loaded 40 spawn points for map de_dust2.
L 08/12/2025 - 12:37:07: [csdm_main.amxx] CSDM spawn mode set to preset
L 08/12/2025 - 12:45:07: [mapchooser.amxx] Vote: Voting for the nextmap started
L 08/12/2025 - 12:45:22: [mapchooser.amxx] Vote: Voting for the nextmap finished. The nextmap will be de_dust
L 08/12/2025 - 12:47:26: -------- Mapchange to de_dust --------
L 08/12/2025 - 12:47:26: [csdm_spawn_preset.amxx] Loaded 32 spawn points for map de_dust.
L 08/12/2025 - 12:47:26: [csdm_main.amxx] CSDM spawn mode set to preset
L 08/12/2025 - 12:55:26: [mapchooser.amxx] Vote: Voting for the nextmap started
L 08/12/2025 - 12:55:41: [mapchooser.amxx] Vote: Voting for the nextmap finished. The nextmap will be de_dust2
L 08/12/2025 - 12:57:45: -------- Mapchange to de_dust2 --------
L 08/12/2025 - 12:57:45: [csdm_spawn_preset.amxx] Loaded 40 spawn points for map de_dust2.
L 08/12/2025 - 12:57:45: [csdm_main.amxx] CSDM spawn mode set to preset
L 08/12/2025 - 13:05:45: [mapchooser.amxx] Vote: Voting for the nextmap started
L 08/12/2025 - 13:06:00: [mapchooser.amxx] Vote: Voting for the nextmap finished. The nextmap will be de_dust
L 08/12/2025 - 13:08:05: -------- Mapchange to de_dust --------
L 08/12/2025 - 13:08:05: [csdm_spawn_preset.amxx] Loaded 32 spawn points for map de_dust.
L 08/12/2025 - 13:08:05: [csdm_main.amxx] CSDM spawn mode set to preset
L 08/12/2025 - 13:16:05: [mapchooser.amxx] Vote: Voting for the nextmap started
L 08/12/2025 - 13:16:20: [mapchooser.amxx] Vote: Voting for the nextmap finished. The nextmap will be de_dust2
L 08/12/2025 - 13:18:24: -------- Mapchange to de_dust2 --------
L 08/12/2025 - 13:18:24: [csdm_spawn_preset.amxx] Loaded 40 spawn points for map de_dust2.
L 08/12/2025 - 13:18:24: [csdm_main.amxx] CSDM spawn mode set to preset
L 08/12/2025 - 13:26:24: [mapchooser.amxx] Vote: Voting for the nextmap started
L 08/12/2025 - 13:26:39: [mapchooser.amxx] Vote: Voting for the nextmap finished. The nextmap will be de_dust
L 08/12/2025 - 13:28:43: -------- Mapchange to de_dust --------
L 08/12/2025 - 13:28:43: [csdm_spawn_preset.amxx] Loaded 32 spawn points for map de_dust.
L 08/12/2025 - 13:28:43: [csdm_main.amxx] CSDM spawn mode set to preset
L 08/12/2025 - 13:36:43: [mapchooser.amxx] Vote: Voting for the nextmap started
L 08/12/2025 - 13:36:58: [mapchooser.amxx] Vote: Voting for the nextmap finished. The nextmap will be de_dust2
L 08/12/2025 - 13:39:02: -------- Mapchange to de_dust2 --------
L 08/12/2025 - 13:39:02: [csdm_spawn_preset.amxx] Loaded 40 spawn points for map de_dust2.
L 08/12/2025 - 13:39:02: [csdm_main.amxx] CSDM spawn mode set to preset
L 08/12/2025 - 13:47:02: [mapchooser.amxx] Vote: Voting for the nextmap started
L 08/12/2025 - 13:47:17: [mapchooser.amxx] Vote: Voting for the nextmap finished. The nextmap will be de_dust
L 08/12/2025 - 13:49:21: -------- Mapchange to de_dust --------
L 08/12/2025 - 13:49:21: [csdm_spawn_preset.amxx] Loaded 32 spawn points for map de_dust.
L 08/12/2025 - 13:49:21: [csdm_main.amxx] CSDM spawn mode set to preset
L 08/12/2025 - 13:57:21: [mapchooser.amxx] Vote: Voting for the nextmap started
L 08/12/2025 - 13:57:36: [mapchooser.amxx] Vote: Voting for the nextmap finished. The nextmap will be de_dust2
L 08/12/2025 - 13:59:40: -------- Mapchange to de_dust2 --------
L 08/12/2025 - 13:59:40: [csdm_spawn_preset.amxx] Loaded 40 spawn points for map de_dust2.
L 08/12/2025 - 13:59:40: [csdm_main.amxx] CSDM spawn mode set to preset
L 08/12/2025 - 14:07:40: [mapchooser.amxx] Vote: Voting for the nextmap started
L 08/12/2025 - 14:07:55: [mapchooser.amxx] Vote: Voting for the nextmap finished. The nextmap will be de_dust
L 08/12/2025 - 14:09:59: -------- Mapchange to de_dust --------
L 08/12/2025 - 14:09:59: [csdm_spawn_preset.amxx] Loaded 32 spawn points for map de_dust.
L 08/12/2025 - 14:09:59: [csdm_main.amxx] CSDM spawn mode set to preset
L 08/12/2025 - 14:17:59: [mapchooser.amxx] Vote: Voting for the nextmap started
L 08/12/2025 - 14:18:15: [mapchooser.amxx] Vote: Voting for the nextmap finished. The nextmap will be de_dust2
L 08/12/2025 - 14:20:19: -------- Mapchange to de_dust2 --------
L 08/12/2025 - 14:20:19: [csdm_spawn_preset.amxx] Loaded 40 spawn points for map de_dust2.
L 08/12/2025 - 14:20:19: [csdm_main.amxx] CSDM spawn mode set to preset
L 08/12/2025 - 14:26:50: [admin.amxx] Login: "Johannes<103><ID_7dea362b3fac8e00956a4952a3d4><>" became an admin (account "Johannes") (access "abcdefghijklmnopqrstuv") (address "1.62.230.200")
L 08/12/2025 - 14:28:19: [mapchooser.amxx] Vote: Voting for the nextmap started
L 08/12/2025 - 14:28:34: [mapchooser.amxx] Vote: Voting for the nextmap finished. The nextmap will be aim_DM
L 08/12/2025 - 14:30:38: -------- Mapchange to aim_DM --------
L 08/12/2025 - 14:30:38: [csdm_spawn_preset.amxx] No spawn points file found (addons/amxmodx/configs\csdm\aim_DM.spawns.cfg)
L 08/12/2025 - 14:30:38: [csdm_main.amxx] CSDM spawn mode set to preset
L 08/12/2025 - 14:34:28: client_disconnected and client_remove forwards have been disabled - check your gamedata files.
L 08/12/2025 - 14:34:28: Binding/Hooking cvars have been disabled - check your gamedata files.
L 08/12/2025 - 14:34:28: -------- Mapchange to aim_map_2010 --------
L 08/12/2025 - 14:34:28: [CSTRIKE] svs global variable is not available
L 08/12/2025 - 14:34:28: [CSTRIKE] sv global variable is not available
L 08/12/2025 - 14:34:28: [csdm_spawn_preset.amxx] No spawn points file found (addons/amxmodx/configs\csdm\aim_map_2010.spawns.cfg)
L 08/12/2025 - 14:34:28: [csdm_main.amxx] CSDM spawn mode set to preset
L 08/12/2025 - 14:34:59: [admin.amxx] Login: "Johannes<5><ID_7dea362b3fac8e00956a4952a3d4><>" became an admin (account "Johannes") (access "abcdefghijklmnopqrstuv") (address "0.190.49.18")
L 08/12/2025 - 14:38:44: [admin.amxx] Login: "Johannes<7><ID_7dea362b3fac8e00956a4952a3d4><>" became an admin (account "Johannes") (access "abcdefghijklmnopqrstuv") (address "0.69.207.33")
L 08/12/2025 - 14:42:28: [mapchooser.amxx] Vote: Voting for the nextmap started
L 08/12/2025 - 14:42:43: [mapchooser.amxx] Vote: Voting for the nextmap finished. The nextmap will be aim_1on1map
L 08/12/2025 - 14:43:57: [admin.amxx] Login: "Johannes<9><ID_7dea362b3fac8e00956a4952a3d4><>" became an admin (account "Johannes") (access "abcdefghijklmnopqrstuv") (address "0.211.151.183")
L 08/12/2025 - 14:44:47: -------- Mapchange to aim_1on1map --------
L 08/12/2025 - 14:44:47: [csdm_spawn_preset.amxx] No spawn points file found (addons/amxmodx/configs\csdm\aim_1on1map.spawns.cfg)
L 08/12/2025 - 14:44:47: [csdm_main.amxx] CSDM spawn mode set to preset
L 08/12/2025 - 14:45:59: [admin.amxx] Login: "Johannes<15><ID_7dea362b3fac8e00956a4952a3d4><>" became an admin (account "Johannes") (access "abcdefghijklmnopqrstuv") (address "0.49.21.100")
L 08/12/2025 - 14:52:47: [mapchooser.amxx] Vote: Voting for the nextmap started
L 08/12/2025 - 14:53:02: [mapchooser.amxx] Vote: Voting for the nextmap finished. The nextmap will be aim_ak_colt_duel
L 08/12/2025 - 14:55:06: -------- Mapchange to aim_ak_colt_duel --------
L 08/12/2025 - 14:55:06: [csdm_spawn_preset.amxx] No spawn points file found (addons/amxmodx/configs\csdm\aim_ak_colt_duel.spawns.cfg)
L 08/12/2025 - 14:55:06: [csdm_main.amxx] CSDM spawn mode set to preset
L 08/12/2025 - 15:03:06: [mapchooser.amxx] Vote: Voting for the nextmap started
L 08/12/2025 - 15:03:21: [mapchooser.amxx] Vote: Voting for the nextmap finished. The nextmap will be aim_DM
L 08/12/2025 - 15:05:25: -------- Mapchange to aim_DM --------
L 08/12/2025 - 15:05:25: [csdm_spawn_preset.amxx] No spawn points file found (addons/amxmodx/configs\csdm\aim_DM.spawns.cfg)
L 08/12/2025 - 15:05:25: [csdm_main.amxx] CSDM spawn mode set to preset
L 08/12/2025 - 15:13:25: [mapchooser.amxx] Vote: Voting for the nextmap started
L 08/12/2025 - 15:13:40: [mapchooser.amxx] Vote: Voting for the nextmap finished. The nextmap will be aim_dust2
L 08/12/2025 - 15:15:45: -------- Mapchange to aim_dust2 --------
L 08/12/2025 - 15:15:45: [csdm_spawn_preset.amxx] No spawn points file found (addons/amxmodx/configs\csdm\aim_dust2.spawns.cfg)
L 08/12/2025 - 15:15:45: [csdm_main.amxx] CSDM spawn mode set to preset
L 08/12/2025 - 15:23:45: [mapchooser.amxx] Vote: Voting for the nextmap started
L 08/12/2025 - 15:24:00: [mapchooser.amxx] Vote: Voting for the nextmap finished. The nextmap will be aim_headshot2
L 08/12/2025 - 15:26:04: -------- Mapchange to aim_headshot2 --------
L 08/12/2025 - 15:26:04: [csdm_spawn_preset.amxx] No spawn points file found (addons/amxmodx/configs\csdm\aim_headshot2.spawns.cfg)
L 08/12/2025 - 15:26:04: [csdm_main.amxx] CSDM spawn mode set to preset
L 08/12/2025 - 15:29:14: client_disconnected and client_remove forwards have been disabled - check your gamedata files.
L 08/12/2025 - 15:29:14: Binding/Hooking cvars have been disabled - check your gamedata files.
L 08/12/2025 - 15:29:14: -------- Mapchange to aim_map_2010 --------
L 08/12/2025 - 15:29:14: [CSTRIKE] svs global variable is not available
L 08/12/2025 - 15:29:14: [CSTRIKE] sv global variable is not available
L 08/12/2025 - 15:29:14: [csdm_spawn_preset.amxx] No spawn points file found (addons/amxmodx/configs\csdm\aim_map_2010.spawns.cfg)
L 08/12/2025 - 15:29:14: [csdm_main.amxx] CSDM spawn mode set to preset
L 08/12/2025 - 15:29:37: [admin.amxx] Login: "Johannes<5><ID_7dea362b3fac8e00956a4952a3d4><>" became an admin (account "Johannes") (access "abcdefghijklmnopqrstuv") (address "0.237.85.6")
L 08/12/2025 - 15:44:12: client_disconnected and client_remove forwards have been disabled - check your gamedata files.
L 08/12/2025 - 15:44:12: Binding/Hooking cvars have been disabled - check your gamedata files.
L 08/12/2025 - 15:44:12: -------- Mapchange to aim_map_2010 --------
L 08/12/2025 - 15:44:12: [CSTRIKE] svs global variable is not available
L 08/12/2025 - 15:44:12: [CSTRIKE] sv global variable is not available
L 08/12/2025 - 15:44:12: [csdm_spawn_preset.amxx] No spawn points file found (addons/amxmodx/configs\csdm\aim_map_2010.spawns.cfg)
L 08/12/2025 - 15:44:12: [csdm_main.amxx] CSDM spawn mode set to preset
L 08/12/2025 - 15:44:40: [admin.amxx] Login: "Johannes<5><ID_7dea362b3fac8e00956a4952a3d4><>" became an admin (account "Johannes") (access "abcdefghijklmnopqrstuv") (address "0.114.231.78")
L 08/12/2025 - 15:45:42: -------- Mapchange to aim_map_2010 --------
L 08/12/2025 - 15:45:42: [csdm_spawn_preset.amxx] No spawn points file found (addons/amxmodx/configs\csdm\aim_map_2010.spawns.cfg)
L 08/12/2025 - 15:45:42: [csdm_main.amxx] CSDM spawn mode set to preset
L 08/12/2025 - 15:45:42: [admin.amxx] Login: "Johannes<6><ID_7dea362b3fac8e00956a4952a3d4><>" became an admin (account "Johannes") (access "abcdefghijklmnopqrstuv") (address "0.114.231.78")
L 08/12/2025 - 15:46:18: -------- Mapchange to de_dust2 --------
L 08/12/2025 - 15:46:18: [csdm_spawn_preset.amxx] Loaded 40 spawn points for map de_dust2.
L 08/12/2025 - 15:46:18: [csdm_main.amxx] CSDM spawn mode set to preset
L 08/12/2025 - 15:46:18: [admin.amxx] Login: "Johannes<11><ID_7dea362b3fac8e00956a4952a3d4><>" became an admin (account "Johannes") (access "abcdefghijklmnopqrstuv") (address "0.114.231.78")
L 08/12/2025 - 15:49:53: [admin.amxx] Login: "Johannes<16><ID_7dea362b3fac8e00956a4952a3d4><>" became an admin (account "Johannes") (access "abcdefghijklmnopqrstuv") (address "0.1.25.190")
L 08/12/2025 - 16:05:40: client_disconnected and client_remove forwards have been disabled - check your gamedata files.
L 08/12/2025 - 16:05:40: Binding/Hooking cvars have been disabled - check your gamedata files.
L 08/12/2025 - 16:05:40: -------- Mapchange to aim_map_2010 --------
L 08/12/2025 - 16:05:40: [CSTRIKE] svs global variable is not available
L 08/12/2025 - 16:05:40: [CSTRIKE] sv global variable is not available
L 08/12/2025 - 16:05:40: [csdm_spawn_preset.amxx] No spawn points file found (addons/amxmodx/configs\csdm\aim_map_2010.spawns.cfg)
L 08/12/2025 - 16:05:40: [csdm_main.amxx] CSDM spawn mode set to preset
L 08/12/2025 - 16:05:54: [admin.amxx] Login: "Johannes<5><ID_7dea362b3fac8e00956a4952a3d4><>" became an admin (account "Johannes") (access "abcdefghijklmnopqrstuv") (address "0.225.10.213")
L 08/12/2025 - 16:07:57: [plmenu.amxx] Kick: "Johannes<5><ID_7dea362b3fac8e00956a4952a3d4><>" kick "[BOT] iamblazed<4><ID_BOT><>"
L 08/12/2025 - 16:08:48: [admin.amxx] Login: "Johannes<8><ID_7dea362b3fac8e00956a4952a3d4><>" became an admin (account "Johannes") (access "abcdefghijklmnopqrstuv") (address "0.53.127.107")
L 08/12/2025 - 16:22:54: client_disconnected and client_remove forwards have been disabled - check your gamedata files.
L 08/12/2025 - 16:22:54: Binding/Hooking cvars have been disabled - check your gamedata files.
L 08/12/2025 - 16:22:54: -------- Mapchange to aim_map_2010 --------
L 08/12/2025 - 16:22:54: [CSTRIKE] svs global variable is not available
L 08/12/2025 - 16:22:54: [CSTRIKE] sv global variable is not available
L 08/12/2025 - 16:22:54: [csdm_spawn_preset.amxx] No spawn points file found (addons/amxmodx/configs\csdm\aim_map_2010.spawns.cfg)
L 08/12/2025 - 16:22:54: [csdm_main.amxx] CSDM spawn mode set to preset
L 08/12/2025 - 16:23:11: [admin.amxx] Login: "Johannes<5><ID_7dea362b3fac8e00956a4952a3d4><>" became an admin (account "Johannes") (access "abcdefghijklmnopqrstuv") (address "0.61.241.9")
L 08/12/2025 - 16:23:40: -------- Mapchange to fy_realsimpsons --------
L 08/12/2025 - 16:23:40: [csdm_spawn_preset.amxx] No spawn points file found (addons/amxmodx/configs\csdm\fy_realsimpsons.spawns.cfg)
L 08/12/2025 - 16:23:40: [csdm_main.amxx] CSDM spawn mode set to preset
L 08/12/2025 - 16:23:40: [admin.amxx] Login: "Johannes<6><ID_7dea362b3fac8e00956a4952a3d4><>" became an admin (account "Johannes") (access "abcdefghijklmnopqrstuv") (address "0.61.241.9")
L 08/12/2025 - 16:23:50: client_disconnected and client_remove forwards have been disabled - check your gamedata files.
L 08/12/2025 - 16:23:50: Binding/Hooking cvars have been disabled - check your gamedata files.
L 08/12/2025 - 16:23:50: -------- Mapchange to aim_map_2010 --------
L 08/12/2025 - 16:23:50: [CSTRIKE] svs global variable is not available
L 08/12/2025 - 16:23:50: [CSTRIKE] sv global variable is not available
L 08/12/2025 - 16:23:50: [csdm_spawn_preset.amxx] No spawn points file found (addons/amxmodx/configs\csdm\aim_map_2010.spawns.cfg)
L 08/12/2025 - 16:23:50: [csdm_main.amxx] CSDM spawn mode set to preset
L 08/12/2025 - 16:24:36: [admin.amxx] Login: "Johannes<5><ID_7dea362b3fac8e00956a4952a3d4><>" became an admin (account "Johannes") (access "abcdefghijklmnopqrstuv") (address "0.113.125.242")
L 08/12/2025 - 16:25:14: -------- Mapchange to fy_realsimpsons --------
L 08/12/2025 - 16:25:14: [csdm_spawn_preset.amxx] No spawn points file found (addons/amxmodx/configs\csdm\fy_realsimpsons.spawns.cfg)
L 08/12/2025 - 16:25:14: [csdm_main.amxx] CSDM spawn mode set to preset
L 08/12/2025 - 16:25:14: [admin.amxx] Login: "Johannes<6><ID_7dea362b3fac8e00956a4952a3d4><>" became an admin (account "Johannes") (access "abcdefghijklmnopqrstuv") (address "0.113.125.242")
L 08/12/2025 - 16:25:22: client_disconnected and client_remove forwards have been disabled - check your gamedata files.
L 08/12/2025 - 16:25:22: Binding/Hooking cvars have been disabled - check your gamedata files.
L 08/12/2025 - 16:25:22: -------- Mapchange to aim_map_2010 --------
L 08/12/2025 - 16:25:22: [CSTRIKE] svs global variable is not available
L 08/12/2025 - 16:25:22: [CSTRIKE] sv global variable is not available
L 08/12/2025 - 16:25:22: [csdm_spawn_preset.amxx] No spawn points file found (addons/amxmodx/configs\csdm\aim_map_2010.spawns.cfg)
L 08/12/2025 - 16:25:22: [csdm_main.amxx] CSDM spawn mode set to preset
L 08/12/2025 - 16:26:39: client_disconnected and client_remove forwards have been disabled - check your gamedata files.
L 08/12/2025 - 16:26:39: Binding/Hooking cvars have been disabled - check your gamedata files.
L 08/12/2025 - 16:26:57: client_disconnected and client_remove forwards have been disabled - check your gamedata files.
L 08/12/2025 - 16:26:57: Binding/Hooking cvars have been disabled - check your gamedata files.
L 08/12/2025 - 16:26:57: -------- Mapchange to fy_realsimpsons --------
L 08/12/2025 - 16:26:57: [CSTRIKE] svs global variable is not available
L 08/12/2025 - 16:26:57: [CSTRIKE] sv global variable is not available
L 08/12/2025 - 16:26:57: [csdm_spawn_preset.amxx] No spawn points file found (addons/amxmodx/configs\csdm\fy_realsimpsons.spawns.cfg)
L 08/12/2025 - 16:26:57: [csdm_main.amxx] CSDM spawn mode set to preset
L 08/12/2025 - 16:27:18: [admin.amxx] Login: "Johannes<5><ID_7dea362b3fac8e00956a4952a3d4><>" became an admin (account "Johannes") (access "abcdefghijklmnopqrstuv") (address "0.224.167.118")
L 08/12/2025 - 16:27:21: client_disconnected and client_remove forwards have been disabled - check your gamedata files.
L 08/12/2025 - 16:27:21: Binding/Hooking cvars have been disabled - check your gamedata files.
L 08/12/2025 - 16:27:21: -------- Mapchange to fy_realsimpsons --------
L 08/12/2025 - 16:27:21: [CSTRIKE] svs global variable is not available
L 08/12/2025 - 16:27:21: [CSTRIKE] sv global variable is not available
L 08/12/2025 - 16:27:21: [csdm_spawn_preset.amxx] No spawn points file found (addons/amxmodx/configs\csdm\fy_realsimpsons.spawns.cfg)
L 08/12/2025 - 16:27:21: [csdm_main.amxx] CSDM spawn mode set to preset
L 08/12/2025 - 16:27:58: [admin.amxx] Login: "Johannes<5><ID_7dea362b3fac8e00956a4952a3d4><>" became an admin (account "Johannes") (access "abcdefghijklmnopqrstuv") (address "0.57.252.107")
L 08/12/2025 - 16:29:02: client_disconnected and client_remove forwards have been disabled - check your gamedata files.
L 08/12/2025 - 16:29:02: Binding/Hooking cvars have been disabled - check your gamedata files.
L 08/12/2025 - 16:29:02: -------- Mapchange to fy_realsimpsons --------
L 08/12/2025 - 16:29:02: [CSTRIKE] svs global variable is not available
L 08/12/2025 - 16:29:02: [CSTRIKE] sv global variable is not available
L 08/12/2025 - 16:29:02: [csdm_spawn_preset.amxx] No spawn points file found (addons/amxmodx/configs\csdm\fy_realsimpsons.spawns.cfg)
L 08/12/2025 - 16:29:02: [csdm_main.amxx] CSDM spawn mode set to preset
L 08/12/2025 - 16:31:19: client_disconnected and client_remove forwards have been disabled - check your gamedata files.
L 08/12/2025 - 16:31:19: Binding/Hooking cvars have been disabled - check your gamedata files.
L 08/12/2025 - 16:31:19: -------- Mapchange to aim_map_2010 --------
L 08/12/2025 - 16:31:19: [CSTRIKE] svs global variable is not available
L 08/12/2025 - 16:31:19: [CSTRIKE] sv global variable is not available
L 08/12/2025 - 16:31:19: [csdm_spawn_preset.amxx] No spawn points file found (addons/amxmodx/configs\csdm\aim_map_2010.spawns.cfg)
L 08/12/2025 - 16:31:19: [csdm_main.amxx] CSDM spawn mode set to preset
L 08/12/2025 - 16:31:38: [admin.amxx] Login: "Johannes<5><ID_7dea362b3fac8e00956a4952a3d4><>" became an admin (account "Johannes") (access "abcdefghijklmnopqrstuv") (address "0.146.88.174")
L 08/12/2025 - 16:32:35: -------- Mapchange to aim_map_2010 --------
L 08/12/2025 - 16:32:35: [csdm_spawn_preset.amxx] No spawn points file found (addons/amxmodx/configs\csdm\aim_map_2010.spawns.cfg)
L 08/12/2025 - 16:32:35: [csdm_main.amxx] CSDM spawn mode set to preset
L 08/12/2025 - 16:32:35: [admin.amxx] Login: "Johannes<6><ID_7dea362b3fac8e00956a4952a3d4><>" became an admin (account "Johannes") (access "abcdefghijklmnopqrstuv") (address "0.146.88.174")
L 08/12/2025 - 16:40:35: [mapchooser.amxx] Vote: Voting for the nextmap started
L 08/12/2025 - 16:40:50: [mapchooser.amxx] Vote: Voting for the nextmap finished. The nextmap will be aim_ak_colt_duel
L 08/12/2025 - 16:42:53: -------- Mapchange to aim_ak_colt_duel --------
L 08/12/2025 - 16:42:53: [csdm_spawn_preset.amxx] No spawn points file found (addons/amxmodx/configs\csdm\aim_ak_colt_duel.spawns.cfg)
L 08/12/2025 - 16:42:53: [csdm_main.amxx] CSDM spawn mode set to preset
L 08/12/2025 - 16:50:53: [mapchooser.amxx] Vote: Voting for the nextmap started
L 08/12/2025 - 16:51:08: [mapchooser.amxx] Vote: Voting for the nextmap finished. The nextmap will be aim_DM
L 08/12/2025 - 16:53:12: -------- Mapchange to aim_DM --------
L 08/12/2025 - 16:53:12: [csdm_spawn_preset.amxx] No spawn points file found (addons/amxmodx/configs\csdm\aim_DM.spawns.cfg)
L 08/12/2025 - 16:53:12: [csdm_main.amxx] CSDM spawn mode set to preset
L 08/12/2025 - 17:01:12: [mapchooser.amxx] Vote: Voting for the nextmap started
L 08/12/2025 - 17:01:27: [mapchooser.amxx] Vote: Voting for the nextmap finished. The nextmap will be aim_dust2
L 08/12/2025 - 17:03:31: -------- Mapchange to aim_dust2 --------
L 08/12/2025 - 17:03:31: [csdm_spawn_preset.amxx] No spawn points file found (addons/amxmodx/configs\csdm\aim_dust2.spawns.cfg)
L 08/12/2025 - 17:03:31: [csdm_main.amxx] CSDM spawn mode set to preset
L 08/12/2025 - 17:03:53: [admin.amxx] Login: "Johannes<23><ID_7dea362b3fac8e00956a4952a3d4><>" became an admin (account "Johannes") (access "abcdefghijklmnopqrstuv") (address "0.240.38.89")
L 08/12/2025 - 17:11:46: [mapchooser.amxx] Vote: Voting for the nextmap started
L 08/12/2025 - 17:12:01: [mapchooser.amxx] Vote: Voting for the nextmap finished. The nextmap will be aim_headshot2
L 08/12/2025 - 17:14:05: -------- Mapchange to aim_headshot2 --------
L 08/12/2025 - 17:14:05: [csdm_spawn_preset.amxx] No spawn points file found (addons/amxmodx/configs\csdm\aim_headshot2.spawns.cfg)
L 08/12/2025 - 17:14:05: [csdm_main.amxx] CSDM spawn mode set to preset
L 08/12/2025 - 17:22:05: [mapchooser.amxx] Vote: Voting for the nextmap started
L 08/12/2025 - 17:22:20: [mapchooser.amxx] Vote: Voting for the nextmap finished. The nextmap will be aim_map_2010
L 08/12/2025 - 17:24:24: -------- Mapchange to aim_map_2010 --------
L 08/12/2025 - 17:24:24: [csdm_spawn_preset.amxx] No spawn points file found (addons/amxmodx/configs\csdm\aim_map_2010.spawns.cfg)
L 08/12/2025 - 17:24:24: [csdm_main.amxx] CSDM spawn mode set to preset
L 08/12/2025 - 17:32:24: [mapchooser.amxx] Vote: Voting for the nextmap started
L 08/12/2025 - 17:32:39: [mapchooser.amxx] Vote: Voting for the nextmap finished. The nextmap will be aim_sOt
L 08/12/2025 - 17:34:43: -------- Mapchange to aim_sOt --------
L 08/12/2025 - 17:34:43: [csdm_spawn_preset.amxx] No spawn points file found (addons/amxmodx/configs\csdm\aim_sOt.spawns.cfg)
L 08/12/2025 - 17:34:43: [csdm_main.amxx] CSDM spawn mode set to preset
L 08/12/2025 - 17:42:43: [mapchooser.amxx] Vote: Voting for the nextmap started
L 08/12/2025 - 17:42:58: [mapchooser.amxx] Vote: Voting for the nextmap finished. The nextmap will be fy_pool_day
L 08/12/2025 - 17:45:02: -------- Mapchange to fy_pool_day --------
L 08/12/2025 - 17:45:02: [csdm_spawn_preset.amxx] No spawn points file found (addons/amxmodx/configs\csdm\fy_pool_day.spawns.cfg)
L 08/12/2025 - 17:45:02: [csdm_main.amxx] CSDM spawn mode set to preset
L 08/12/2025 - 17:53:02: [mapchooser.amxx] Vote: Voting for the nextmap started
L 08/12/2025 - 17:53:17: [mapchooser.amxx] Vote: Voting for the nextmap finished. The nextmap will be aim_1on1map
L 08/12/2025 - 17:55:21: -------- Mapchange to aim_1on1map --------
L 08/12/2025 - 17:55:21: [csdm_spawn_preset.amxx] No spawn points file found (addons/amxmodx/configs\csdm\aim_1on1map.spawns.cfg)
L 08/12/2025 - 17:55:21: [csdm_main.amxx] CSDM spawn mode set to preset
L 08/12/2025 - 18:03:21: [mapchooser.amxx] Vote: Voting for the nextmap started
L 08/12/2025 - 18:03:37: [mapchooser.amxx] Vote: Voting for the nextmap finished. The nextmap will be aim_ak_colt_duel
L 08/12/2025 - 18:05:41: -------- Mapchange to aim_ak_colt_duel --------
L 08/12/2025 - 18:05:41: [csdm_spawn_preset.amxx] No spawn points file found (addons/amxmodx/configs\csdm\aim_ak_colt_duel.spawns.cfg)
L 08/12/2025 - 18:05:41: [csdm_main.amxx] CSDM spawn mode set to preset
L 08/12/2025 - 18:13:41: [mapchooser.amxx] Vote: Voting for the nextmap started
L 08/12/2025 - 18:13:56: [mapchooser.amxx] Vote: Voting for the nextmap finished. The nextmap will be aim_DM
L 08/12/2025 - 18:16:00: -------- Mapchange to aim_DM --------
L 08/12/2025 - 18:16:00: [csdm_spawn_preset.amxx] No spawn points file found (addons/amxmodx/configs\csdm\aim_DM.spawns.cfg)
L 08/12/2025 - 18:16:00: [csdm_main.amxx] CSDM spawn mode set to preset
L 08/12/2025 - 18:24:00: [mapchooser.amxx] Vote: Voting for the nextmap started
L 08/12/2025 - 18:24:15: [mapchooser.amxx] Vote: Voting for the nextmap finished. The nextmap will be aim_dust2
L 08/12/2025 - 18:26:19: -------- Mapchange to aim_dust2 --------
L 08/12/2025 - 18:26:19: [csdm_spawn_preset.amxx] No spawn points file found (addons/amxmodx/configs\csdm\aim_dust2.spawns.cfg)
L 08/12/2025 - 18:26:19: [csdm_main.amxx] CSDM spawn mode set to preset
L 08/12/2025 - 18:34:19: [mapchooser.amxx] Vote: Voting for the nextmap started
L 08/12/2025 - 18:34:34: [mapchooser.amxx] Vote: Voting for the nextmap finished. The nextmap will be aim_headshot2
L 08/12/2025 - 18:36:38: -------- Mapchange to aim_headshot2 --------
L 08/12/2025 - 18:36:38: [csdm_spawn_preset.amxx] No spawn points file found (addons/amxmodx/configs\csdm\aim_headshot2.spawns.cfg)
L 08/12/2025 - 18:36:38: [csdm_main.amxx] CSDM spawn mode set to preset
L 08/12/2025 - 18:44:38: [mapchooser.amxx] Vote: Voting for the nextmap started
L 08/12/2025 - 18:44:53: [mapchooser.amxx] Vote: Voting for the nextmap finished. The nextmap will be aim_map_2010
L 08/12/2025 - 18:46:57: -------- Mapchange to aim_map_2010 --------
L 08/12/2025 - 18:46:57: [csdm_spawn_preset.amxx] No spawn points file found (addons/amxmodx/configs\csdm\aim_map_2010.spawns.cfg)
L 08/12/2025 - 18:46:57: [csdm_main.amxx] CSDM spawn mode set to preset
L 08/12/2025 - 18:54:57: [mapchooser.amxx] Vote: Voting for the nextmap started
L 08/12/2025 - 18:55:12: [mapchooser.amxx] Vote: Voting for the nextmap finished. The nextmap will be aim_sOt
L 08/12/2025 - 18:57:16: -------- Mapchange to aim_sOt --------
L 08/12/2025 - 18:57:16: [csdm_spawn_preset.amxx] No spawn points file found (addons/amxmodx/configs\csdm\aim_sOt.spawns.cfg)
L 08/12/2025 - 18:57:16: [csdm_main.amxx] CSDM spawn mode set to preset
L 08/12/2025 - 19:02:30: [admin.amxx] Login: "Johannes<68><ID_7dea362b3fac8e00956a4952a3d4><>" became an admin (account "Johannes") (access "abcdefghijklmnopqrstuv") (address "0.241.104.242")
L 08/12/2025 - 19:05:18: [mapchooser.amxx] Vote: Voting for the nextmap started
L 08/12/2025 - 19:05:33: [mapchooser.amxx] Vote: Voting for the nextmap finished. The nextmap will be aim_ak_colt_duel
L 08/12/2025 - 19:07:37: -------- Mapchange to aim_ak_colt_duel --------
L 08/12/2025 - 19:07:37: [csdm_spawn_preset.amxx] No spawn points file found (addons/amxmodx/configs\csdm\aim_ak_colt_duel.spawns.cfg)
L 08/12/2025 - 19:07:37: [csdm_main.amxx] CSDM spawn mode set to preset
L 08/12/2025 - 19:07:37: [admin.amxx] Login: "Johannes<69><ID_7dea362b3fac8e00956a4952a3d4><>" became an admin (account "Johannes") (access "abcdefghijklmnopqrstuv") (address "0.241.104.242")
L 08/12/2025 - 19:14:53: client_disconnected and client_remove forwards have been disabled - check your gamedata files.
L 08/12/2025 - 19:14:53: Binding/Hooking cvars have been disabled - check your gamedata files.
L 08/12/2025 - 19:14:53: -------- Mapchange to aim_map_2010 --------
L 08/12/2025 - 19:14:53: [CSTRIKE] svs global variable is not available
L 08/12/2025 - 19:14:53: [CSTRIKE] sv global variable is not available
L 08/12/2025 - 19:14:53: [csdm_spawn_preset.amxx] No spawn points file found (addons/amxmodx/configs\csdm\aim_map_2010.spawns.cfg)
L 08/12/2025 - 19:14:53: [csdm_main.amxx] CSDM spawn mode set to preset
L 08/12/2025 - 19:22:32: [admin.amxx] Login: "Johannes<5><ID_7dea362b3fac8e00956a4952a3d4><>" became an admin (account "Johannes") (access "abcdefghijklmnopqrstuv") (address "0.61.180.219")
L 08/12/2025 - 19:22:53: [mapchooser.amxx] Vote: Voting for the nextmap started
L 08/12/2025 - 19:23:08: [mapchooser.amxx] Vote: Voting for the nextmap finished. The nextmap will be aim_1on1map
L 08/12/2025 - 19:25:12: -------- Mapchange to aim_1on1map --------
L 08/12/2025 - 19:25:12: [csdm_spawn_preset.amxx] No spawn points file found (addons/amxmodx/configs\csdm\aim_1on1map.spawns.cfg)
L 08/12/2025 - 19:25:12: [csdm_main.amxx] CSDM spawn mode set to preset
L 08/12/2025 - 19:25:13: [admin.amxx] Login: "Johannes<6><ID_7dea362b3fac8e00956a4952a3d4><>" became an admin (account "Johannes") (access "abcdefghijklmnopqrstuv") (address "0.61.180.219")
L 08/12/2025 - 19:33:12: [mapchooser.amxx] Vote: Voting for the nextmap started
L 08/12/2025 - 19:33:28: [mapchooser.amxx] Vote: Voting for the nextmap finished. The nextmap will be aim_dust2
L 08/12/2025 - 19:35:32: -------- Mapchange to aim_dust2 --------
L 08/12/2025 - 19:35:32: [csdm_spawn_preset.amxx] No spawn points file found (addons/amxmodx/configs\csdm\aim_dust2.spawns.cfg)
L 08/12/2025 - 19:35:32: [csdm_main.amxx] CSDM spawn mode set to preset
L 08/12/2025 - 19:35:32: [admin.amxx] Login: "Johannes<11><ID_7dea362b3fac8e00956a4952a3d4><>" became an admin (account "Johannes") (access "abcdefghijklmnopqrstuv") (address "0.61.180.219")
L 08/12/2025 - 19:43:42: [mapchooser.amxx] Vote: Voting for the nextmap started
L 08/12/2025 - 19:43:57: [mapchooser.amxx] Vote: Voting for the nextmap finished. The nextmap will be aim_DM
L 08/12/2025 - 19:46:01: -------- Mapchange to aim_DM --------
L 08/12/2025 - 19:46:01: [csdm_spawn_preset.amxx] No spawn points file found (addons/amxmodx/configs\csdm\aim_DM.spawns.cfg)
L 08/12/2025 - 19:46:01: [csdm_main.amxx] CSDM spawn mode set to preset
L 08/12/2025 - 19:46:02: [admin.amxx] Login: "Johannes<16><ID_7dea362b3fac8e00956a4952a3d4><>" became an admin (account "Johannes") (access "abcdefghijklmnopqrstuv") (address "0.61.180.219")
L 08/12/2025 - 19:54:05: [mapchooser.amxx] Vote: Voting for the nextmap started
L 08/12/2025 - 19:54:20: [mapchooser.amxx] Vote: Voting for the nextmap finished. The nextmap will be aim_dust2
L 08/12/2025 - 19:56:24: -------- Mapchange to aim_dust2 --------
L 08/12/2025 - 19:56:24: [csdm_spawn_preset.amxx] No spawn points file found (addons/amxmodx/configs\csdm\aim_dust2.spawns.cfg)
L 08/12/2025 - 19:56:24: [csdm_main.amxx] CSDM spawn mode set to preset
L 08/12/2025 - 20:04:24: [mapchooser.amxx] Vote: Voting for the nextmap started
L 08/12/2025 - 20:04:39: [mapchooser.amxx] Vote: Voting for the nextmap finished. The nextmap will be aim_headshot2
L 08/12/2025 - 20:06:43: -------- Mapchange to aim_headshot2 --------
L 08/12/2025 - 20:06:43: [csdm_spawn_preset.amxx] No spawn points file found (addons/amxmodx/configs\csdm\aim_headshot2.spawns.cfg)
L 08/12/2025 - 20:06:43: [csdm_main.amxx] CSDM spawn mode set to preset
L 08/12/2025 - 20:14:43: [mapchooser.amxx] Vote: Voting for the nextmap started
L 08/12/2025 - 20:14:58: [mapchooser.amxx] Vote: Voting for the nextmap finished. The nextmap will be aim_map_2010
L 08/12/2025 - 20:17:02: -------- Mapchange to aim_map_2010 --------
L 08/12/2025 - 20:17:02: [csdm_spawn_preset.amxx] No spawn points file found (addons/amxmodx/configs\csdm\aim_map_2010.spawns.cfg)
L 08/12/2025 - 20:17:02: [csdm_main.amxx] CSDM spawn mode set to preset
L 08/12/2025 - 20:23:09: [admin.amxx] Login: "Johannes<33><ID_7dea362b3fac8e00956a4952a3d4><>" became an admin (account "Johannes") (access "abcdefghijklmnopqrstuv") (address "0.228.67.250")
L 08/12/2025 - 20:25:24: [mapchooser.amxx] Vote: Voting for the nextmap started
L 08/12/2025 - 20:25:30: [admin.amxx] Login: "Johannes<34><ID_7dea362b3fac8e00956a4952a3d4><>" became an admin (account "Johannes") (access "abcdefghijklmnopqrstuv") (address "0.252.57.81")
L 08/12/2025 - 20:25:58: [mapchooser.amxx] Vote: Voting for the nextmap finished. The nextmap will be aim_sOt
L 08/12/2025 - 20:28:02: -------- Mapchange to aim_sOt --------
L 08/12/2025 - 20:28:02: [csdm_spawn_preset.amxx] No spawn points file found (addons/amxmodx/configs\csdm\aim_sOt.spawns.cfg)
L 08/12/2025 - 20:28:02: [csdm_main.amxx] CSDM spawn mode set to preset
L 08/12/2025 - 20:36:02: [mapchooser.amxx] Vote: Voting for the nextmap started
L 08/12/2025 - 20:36:17: [mapchooser.amxx] Vote: Voting for the nextmap finished. The nextmap will be fy_pool_day
L 08/12/2025 - 20:38:21: -------- Mapchange to fy_pool_day --------
L 08/12/2025 - 20:38:21: [csdm_spawn_preset.amxx] No spawn points file found (addons/amxmodx/configs\csdm\fy_pool_day.spawns.cfg)
L 08/12/2025 - 20:38:21: [csdm_main.amxx] CSDM spawn mode set to preset
L 08/12/2025 - 20:46:21: [mapchooser.amxx] Vote: Voting for the nextmap started
L 08/12/2025 - 20:46:36: [mapchooser.amxx] Vote: Voting for the nextmap finished. The nextmap will be aim_1on1map
L 08/12/2025 - 20:48:40: -------- Mapchange to aim_1on1map --------
L 08/12/2025 - 20:48:40: [csdm_spawn_preset.amxx] No spawn points file found (addons/amxmodx/configs\csdm\aim_1on1map.spawns.cfg)
L 08/12/2025 - 20:48:40: [csdm_main.amxx] CSDM spawn mode set to preset
L 08/12/2025 - 20:56:40: [mapchooser.amxx] Vote: Voting for the nextmap started
L 08/12/2025 - 20:56:55: [mapchooser.amxx] Vote: Voting for the nextmap finished. The nextmap will be aim_ak_colt_duel
L 08/12/2025 - 20:59:00: -------- Mapchange to aim_ak_colt_duel --------
L 08/12/2025 - 20:59:00: [csdm_spawn_preset.amxx] No spawn points file found (addons/amxmodx/configs\csdm\aim_ak_colt_duel.spawns.cfg)
L 08/12/2025 - 20:59:00: [csdm_main.amxx] CSDM spawn mode set to preset
L 08/12/2025 - 21:07:00: [mapchooser.amxx] Vote: Voting for the nextmap started
L 08/12/2025 - 21:07:15: [mapchooser.amxx] Vote: Voting for the nextmap finished. The nextmap will be aim_DM
L 08/12/2025 - 21:09:19: -------- Mapchange to aim_DM --------
L 08/12/2025 - 21:09:19: [csdm_spawn_preset.amxx] No spawn points file found (addons/amxmodx/configs\csdm\aim_DM.spawns.cfg)
L 08/12/2025 - 21:09:19: [csdm_main.amxx] CSDM spawn mode set to preset
L 08/12/2025 - 21:17:19: [mapchooser.amxx] Vote: Voting for the nextmap started
L 08/12/2025 - 21:17:34: [mapchooser.amxx] Vote: Voting for the nextmap finished. The nextmap will be aim_dust2
L 08/12/2025 - 21:19:38: -------- Mapchange to aim_dust2 --------
L 08/12/2025 - 21:19:38: [csdm_spawn_preset.amxx] No spawn points file found (addons/amxmodx/configs\csdm\aim_dust2.spawns.cfg)
L 08/12/2025 - 21:19:38: [csdm_main.amxx] CSDM spawn mode set to preset
L 08/12/2025 - 21:27:38: [mapchooser.amxx] Vote: Voting for the nextmap started
L 08/12/2025 - 21:27:53: [mapchooser.amxx] Vote: Voting for the nextmap finished. The nextmap will be aim_headshot2
L 08/12/2025 - 21:29:57: -------- Mapchange to aim_headshot2 --------
L 08/12/2025 - 21:29:57: [csdm_spawn_preset.amxx] No spawn points file found (addons/amxmodx/configs\csdm\aim_headshot2.spawns.cfg)
L 08/12/2025 - 21:29:57: [csdm_main.amxx] CSDM spawn mode set to preset
L 08/12/2025 - 21:37:57: [mapchooser.amxx] Vote: Voting for the nextmap started
L 08/12/2025 - 21:38:12: [mapchooser.amxx] Vote: Voting for the nextmap finished. The nextmap will be aim_map_2010
L 08/12/2025 - 21:40:16: -------- Mapchange to aim_map_2010 --------
L 08/12/2025 - 21:40:16: [csdm_spawn_preset.amxx] No spawn points file found (addons/amxmodx/configs\csdm\aim_map_2010.spawns.cfg)
L 08/12/2025 - 21:40:16: [csdm_main.amxx] CSDM spawn mode set to preset
L 08/12/2025 - 21:48:16: [mapchooser.amxx] Vote: Voting for the nextmap started
L 08/12/2025 - 21:48:31: [mapchooser.amxx] Vote: Voting for the nextmap finished. The nextmap will be aim_sOt
L 08/12/2025 - 21:50:35: -------- Mapchange to aim_sOt --------
L 08/12/2025 - 21:50:35: [csdm_spawn_preset.amxx] No spawn points file found (addons/amxmodx/configs\csdm\aim_sOt.spawns.cfg)
L 08/12/2025 - 21:50:35: [csdm_main.amxx] CSDM spawn mode set to preset
L 08/12/2025 - 21:56:17: [admin.amxx] Login: "Johannes<71><ID_7dea362b3fac8e00956a4952a3d4><>" became an admin (account "Johannes") (access "abcdefghijklmnopqrstuv") (address "0.77.119.129")
L 08/12/2025 - 21:58:45: [mapchooser.amxx] Vote: Voting for the nextmap started
L 08/12/2025 - 21:59:00: [mapchooser.amxx] Vote: Voting for the nextmap finished. The nextmap will be aim_1on1map
L 08/12/2025 - 22:01:04: -------- Mapchange to aim_1on1map --------
L 08/12/2025 - 22:01:04: [csdm_spawn_preset.amxx] No spawn points file found (addons/amxmodx/configs\csdm\aim_1on1map.spawns.cfg)
L 08/12/2025 - 22:01:04: [csdm_main.amxx] CSDM spawn mode set to preset
L 08/12/2025 - 22:09:04: [mapchooser.amxx] Vote: Voting for the nextmap started
L 08/12/2025 - 22:09:20: [mapchooser.amxx] Vote: Voting for the nextmap finished. The nextmap will be aim_1on1map
L 08/12/2025 - 22:11:24: -------- Mapchange to aim_1on1map --------
L 08/12/2025 - 22:11:24: [csdm_spawn_preset.amxx] No spawn points file found (addons/amxmodx/configs\csdm\aim_1on1map.spawns.cfg)
L 08/12/2025 - 22:11:24: [csdm_main.amxx] CSDM spawn mode set to preset
L 08/12/2025 - 22:19:24: [mapchooser.amxx] Vote: Voting for the nextmap started
L 08/12/2025 - 22:19:39: [mapchooser.amxx] Vote: Voting for the nextmap finished. The nextmap will be aim_ak_colt_duel
L 08/12/2025 - 22:21:43: -------- Mapchange to aim_ak_colt_duel --------
L 08/12/2025 - 22:21:43: [csdm_spawn_preset.amxx] No spawn points file found (addons/amxmodx/configs\csdm\aim_ak_colt_duel.spawns.cfg)
L 08/12/2025 - 22:21:43: [csdm_main.amxx] CSDM spawn mode set to preset
L 08/12/2025 - 22:29:43: [mapchooser.amxx] Vote: Voting for the nextmap started
L 08/12/2025 - 22:29:58: [mapchooser.amxx] Vote: Voting for the nextmap finished. The nextmap will be aim_DM
L 08/12/2025 - 22:32:02: -------- Mapchange to aim_DM --------
L 08/12/2025 - 22:32:02: [csdm_spawn_preset.amxx] No spawn points file found (addons/amxmodx/configs\csdm\aim_DM.spawns.cfg)
L 08/12/2025 - 22:32:02: [csdm_main.amxx] CSDM spawn mode set to preset
L 08/12/2025 - 22:40:02: [mapchooser.amxx] Vote: Voting for the nextmap started
L 08/12/2025 - 22:40:17: [mapchooser.amxx] Vote: Voting for the nextmap finished. The nextmap will be aim_dust2
L 08/12/2025 - 22:42:21: -------- Mapchange to aim_dust2 --------
L 08/12/2025 - 22:42:21: [csdm_spawn_preset.amxx] No spawn points file found (addons/amxmodx/configs\csdm\aim_dust2.spawns.cfg)
L 08/12/2025 - 22:42:21: [csdm_main.amxx] CSDM spawn mode set to preset
L 08/12/2025 - 22:50:21: [mapchooser.amxx] Vote: Voting for the nextmap started
L 08/12/2025 - 22:50:36: [mapchooser.amxx] Vote: Voting for the nextmap finished. The nextmap will be aim_headshot2
L 08/12/2025 - 22:52:40: -------- Mapchange to aim_headshot2 --------
L 08/12/2025 - 22:52:40: [csdm_spawn_preset.amxx] No spawn points file found (addons/amxmodx/configs\csdm\aim_headshot2.spawns.cfg)
L 08/12/2025 - 22:52:40: [csdm_main.amxx] CSDM spawn mode set to preset
L 08/12/2025 - 23:00:40: [mapchooser.amxx] Vote: Voting for the nextmap started
L 08/12/2025 - 23:00:55: [mapchooser.amxx] Vote: Voting for the nextmap finished. The nextmap will be aim_map_2010
L 08/12/2025 - 23:02:59: -------- Mapchange to aim_map_2010 --------
L 08/12/2025 - 23:02:59: [csdm_spawn_preset.amxx] No spawn points file found (addons/amxmodx/configs\csdm\aim_map_2010.spawns.cfg)
L 08/12/2025 - 23:02:59: [csdm_main.amxx] CSDM spawn mode set to preset
L 08/12/2025 - 23:10:59: [mapchooser.amxx] Vote: Voting for the nextmap started
L 08/12/2025 - 23:11:14: [mapchooser.amxx] Vote: Voting for the nextmap finished. The nextmap will be aim_sOt
L 08/12/2025 - 23:13:18: -------- Mapchange to aim_sOt --------
L 08/12/2025 - 23:13:18: [csdm_spawn_preset.amxx] No spawn points file found (addons/amxmodx/configs\csdm\aim_sOt.spawns.cfg)
L 08/12/2025 - 23:13:18: [csdm_main.amxx] CSDM spawn mode set to preset
L 08/12/2025 - 23:21:18: [mapchooser.amxx] Vote: Voting for the nextmap started
L 08/12/2025 - 23:21:34: [mapchooser.amxx] Vote: Voting for the nextmap finished. The nextmap will be fy_pool_day
L 08/12/2025 - 23:23:38: -------- Mapchange to fy_pool_day --------
L 08/12/2025 - 23:23:38: [csdm_spawn_preset.amxx] No spawn points file found (addons/amxmodx/configs\csdm\fy_pool_day.spawns.cfg)
L 08/12/2025 - 23:23:38: [csdm_main.amxx] CSDM spawn mode set to preset
L 08/12/2025 - 23:31:38: [mapchooser.amxx] Vote: Voting for the nextmap started
L 08/12/2025 - 23:31:53: [mapchooser.amxx] Vote: Voting for the nextmap finished. The nextmap will be aim_1on1map
L 08/12/2025 - 23:33:57: -------- Mapchange to aim_1on1map --------
L 08/12/2025 - 23:33:57: [csdm_spawn_preset.amxx] No spawn points file found (addons/amxmodx/configs\csdm\aim_1on1map.spawns.cfg)
L 08/12/2025 - 23:33:57: [csdm_main.amxx] CSDM spawn mode set to preset
L 08/12/2025 - 23:41:57: [mapchooser.amxx] Vote: Voting for the nextmap started
L 08/12/2025 - 23:42:12: [mapchooser.amxx] Vote: Voting for the nextmap finished. The nextmap will be aim_ak_colt_duel
L 08/12/2025 - 23:44:16: -------- Mapchange to aim_ak_colt_duel --------
L 08/12/2025 - 23:44:16: [csdm_spawn_preset.amxx] No spawn points file found (addons/amxmodx/configs\csdm\aim_ak_colt_duel.spawns.cfg)
L 08/12/2025 - 23:44:16: [csdm_main.amxx] CSDM spawn mode set to preset
L 08/12/2025 - 23:52:16: [mapchooser.amxx] Vote: Voting for the nextmap started
L 08/12/2025 - 23:52:31: [mapchooser.amxx] Vote: Voting for the nextmap finished. The nextmap will be aim_DM
L 08/12/2025 - 23:54:35: -------- Mapchange to aim_DM --------
L 08/12/2025 - 23:54:35: [csdm_spawn_preset.amxx] No spawn points file found (addons/amxmodx/configs\csdm\aim_DM.spawns.cfg)
L 08/12/2025 - 23:54:35: [csdm_main.amxx] CSDM spawn mode set to preset
