L 08/14/2025 - 00:06:05: [mapchooser.amxx] Vote: Voting for the nextmap started
L 08/14/2025 - 00:06:20: [mapchooser.amxx] Vote: Voting for the nextmap finished. The nextmap will be aim_headshot2
L 08/14/2025 - 00:08:24: -------- Mapchange to aim_headshot2 --------
L 08/14/2025 - 00:08:24: [csdm_spawn_preset.amxx] No spawn points file found (addons/amxmodx/configs\csdm\aim_headshot2.spawns.cfg)
L 08/14/2025 - 00:08:24: [csdm_main.amxx] CSDM spawn mode set to preset
L 08/14/2025 - 00:16:24: [mapchooser.amxx] Vote: Voting for the nextmap started
L 08/14/2025 - 00:16:39: [mapchooser.amxx] Vote: Voting for the nextmap finished. The nextmap will be aim_map_2010
L 08/14/2025 - 00:18:43: -------- Mapchange to aim_map_2010 --------
L 08/14/2025 - 00:18:43: [csdm_spawn_preset.amxx] No spawn points file found (addons/amxmodx/configs\csdm\aim_map_2010.spawns.cfg)
L 08/14/2025 - 00:18:43: [csdm_main.amxx] CSDM spawn mode set to preset
L 08/14/2025 - 00:26:44: [mapchooser.amxx] Vote: Voting for the nextmap started
L 08/14/2025 - 00:26:59: [mapchooser.amxx] Vote: Voting for the nextmap finished. The nextmap will be aim_sOt
L 08/14/2025 - 00:29:03: -------- Mapchange to aim_sOt --------
L 08/14/2025 - 00:29:03: [csdm_spawn_preset.amxx] No spawn points file found (addons/amxmodx/configs\csdm\aim_sOt.spawns.cfg)
L 08/14/2025 - 00:29:03: [csdm_main.amxx] CSDM spawn mode set to preset
L 08/14/2025 - 00:37:03: [mapchooser.amxx] Vote: Voting for the nextmap started
L 08/14/2025 - 00:37:18: [mapchooser.amxx] Vote: Voting for the nextmap finished. The nextmap will be fy_pool_day
L 08/14/2025 - 00:39:22: -------- Mapchange to fy_pool_day --------
L 08/14/2025 - 00:39:22: [csdm_spawn_preset.amxx] No spawn points file found (addons/amxmodx/configs\csdm\fy_pool_day.spawns.cfg)
L 08/14/2025 - 00:39:22: [csdm_main.amxx] CSDM spawn mode set to preset
L 08/14/2025 - 00:47:22: [mapchooser.amxx] Vote: Voting for the nextmap started
L 08/14/2025 - 00:47:37: [mapchooser.amxx] Vote: Voting for the nextmap finished. The nextmap will be aim_1on1map
L 08/14/2025 - 00:49:41: -------- Mapchange to aim_1on1map --------
L 08/14/2025 - 00:49:41: [csdm_spawn_preset.amxx] No spawn points file found (addons/amxmodx/configs\csdm\aim_1on1map.spawns.cfg)
L 08/14/2025 - 00:49:41: [csdm_main.amxx] CSDM spawn mode set to preset
L 08/14/2025 - 00:57:41: [mapchooser.amxx] Vote: Voting for the nextmap started
L 08/14/2025 - 00:57:56: [mapchooser.amxx] Vote: Voting for the nextmap finished. The nextmap will be aim_ak_colt_duel
L 08/14/2025 - 01:00:00: -------- Mapchange to aim_ak_colt_duel --------
L 08/14/2025 - 01:00:00: [csdm_spawn_preset.amxx] No spawn points file found (addons/amxmodx/configs\csdm\aim_ak_colt_duel.spawns.cfg)
L 08/14/2025 - 01:00:00: [csdm_main.amxx] CSDM spawn mode set to preset
L 08/14/2025 - 01:08:00: [mapchooser.amxx] Vote: Voting for the nextmap started
L 08/14/2025 - 01:08:15: [mapchooser.amxx] Vote: Voting for the nextmap finished. The nextmap will be aim_DM
L 08/14/2025 - 01:10:19: -------- Mapchange to aim_DM --------
L 08/14/2025 - 01:10:19: [csdm_spawn_preset.amxx] No spawn points file found (addons/amxmodx/configs\csdm\aim_DM.spawns.cfg)
L 08/14/2025 - 01:10:19: [csdm_main.amxx] CSDM spawn mode set to preset
L 08/14/2025 - 01:18:19: [mapchooser.amxx] Vote: Voting for the nextmap started
L 08/14/2025 - 01:18:34: [mapchooser.amxx] Vote: Voting for the nextmap finished. The nextmap will be aim_dust2
L 08/14/2025 - 01:20:38: -------- Mapchange to aim_dust2 --------
L 08/14/2025 - 01:20:38: [csdm_spawn_preset.amxx] No spawn points file found (addons/amxmodx/configs\csdm\aim_dust2.spawns.cfg)
L 08/14/2025 - 01:20:38: [csdm_main.amxx] CSDM spawn mode set to preset
L 08/14/2025 - 01:28:38: [mapchooser.amxx] Vote: Voting for the nextmap started
L 08/14/2025 - 01:28:53: [mapchooser.amxx] Vote: Voting for the nextmap finished. The nextmap will be aim_headshot2
L 08/14/2025 - 01:30:57: -------- Mapchange to aim_headshot2 --------
L 08/14/2025 - 01:30:57: [csdm_spawn_preset.amxx] No spawn points file found (addons/amxmodx/configs\csdm\aim_headshot2.spawns.cfg)
L 08/14/2025 - 01:30:57: [csdm_main.amxx] CSDM spawn mode set to preset
L 08/14/2025 - 01:38:57: [mapchooser.amxx] Vote: Voting for the nextmap started
L 08/14/2025 - 01:39:12: [mapchooser.amxx] Vote: Voting for the nextmap finished. The nextmap will be aim_map_2010
L 08/14/2025 - 01:41:17: -------- Mapchange to aim_map_2010 --------
L 08/14/2025 - 01:41:17: [csdm_spawn_preset.amxx] No spawn points file found (addons/amxmodx/configs\csdm\aim_map_2010.spawns.cfg)
L 08/14/2025 - 01:41:17: [csdm_main.amxx] CSDM spawn mode set to preset
L 08/14/2025 - 01:49:17: [mapchooser.amxx] Vote: Voting for the nextmap started
L 08/14/2025 - 01:49:32: [mapchooser.amxx] Vote: Voting for the nextmap finished. The nextmap will be aim_sOt
L 08/14/2025 - 01:51:36: -------- Mapchange to aim_sOt --------
L 08/14/2025 - 01:51:36: [csdm_spawn_preset.amxx] No spawn points file found (addons/amxmodx/configs\csdm\aim_sOt.spawns.cfg)
L 08/14/2025 - 01:51:36: [csdm_main.amxx] CSDM spawn mode set to preset
L 08/14/2025 - 01:59:36: [mapchooser.amxx] Vote: Voting for the nextmap started
L 08/14/2025 - 01:59:51: [mapchooser.amxx] Vote: Voting for the nextmap finished. The nextmap will be fy_pool_day
L 08/14/2025 - 02:01:55: -------- Mapchange to fy_pool_day --------
L 08/14/2025 - 02:01:55: [csdm_spawn_preset.amxx] No spawn points file found (addons/amxmodx/configs\csdm\fy_pool_day.spawns.cfg)
L 08/14/2025 - 02:01:55: [csdm_main.amxx] CSDM spawn mode set to preset
L 08/14/2025 - 02:09:55: [mapchooser.amxx] Vote: Voting for the nextmap started
L 08/14/2025 - 02:10:10: [mapchooser.amxx] Vote: Voting for the nextmap finished. The nextmap will be aim_1on1map
L 08/14/2025 - 02:12:14: -------- Mapchange to aim_1on1map --------
L 08/14/2025 - 02:12:14: [csdm_spawn_preset.amxx] No spawn points file found (addons/amxmodx/configs\csdm\aim_1on1map.spawns.cfg)
L 08/14/2025 - 02:12:14: [csdm_main.amxx] CSDM spawn mode set to preset
L 08/14/2025 - 02:20:14: [mapchooser.amxx] Vote: Voting for the nextmap started
L 08/14/2025 - 02:20:29: [mapchooser.amxx] Vote: Voting for the nextmap finished. The nextmap will be aim_ak_colt_duel
L 08/14/2025 - 02:22:33: -------- Mapchange to aim_ak_colt_duel --------
L 08/14/2025 - 02:22:33: [csdm_spawn_preset.amxx] No spawn points file found (addons/amxmodx/configs\csdm\aim_ak_colt_duel.spawns.cfg)
L 08/14/2025 - 02:22:33: [csdm_main.amxx] CSDM spawn mode set to preset
L 08/14/2025 - 02:30:33: [mapchooser.amxx] Vote: Voting for the nextmap started
L 08/14/2025 - 02:30:48: [mapchooser.amxx] Vote: Voting for the nextmap finished. The nextmap will be aim_DM
L 08/14/2025 - 02:32:52: -------- Mapchange to aim_DM --------
L 08/14/2025 - 02:32:52: [csdm_spawn_preset.amxx] No spawn points file found (addons/amxmodx/configs\csdm\aim_DM.spawns.cfg)
L 08/14/2025 - 02:32:52: [csdm_main.amxx] CSDM spawn mode set to preset
L 08/14/2025 - 02:40:53: [mapchooser.amxx] Vote: Voting for the nextmap started
L 08/14/2025 - 02:41:08: [mapchooser.amxx] Vote: Voting for the nextmap finished. The nextmap will be aim_dust2
L 08/14/2025 - 02:43:12: -------- Mapchange to aim_dust2 --------
L 08/14/2025 - 02:43:12: [csdm_spawn_preset.amxx] No spawn points file found (addons/amxmodx/configs\csdm\aim_dust2.spawns.cfg)
L 08/14/2025 - 02:43:12: [csdm_main.amxx] CSDM spawn mode set to preset
L 08/14/2025 - 02:51:12: [mapchooser.amxx] Vote: Voting for the nextmap started
L 08/14/2025 - 02:51:27: [mapchooser.amxx] Vote: Voting for the nextmap finished. The nextmap will be aim_headshot2
L 08/14/2025 - 02:53:31: -------- Mapchange to aim_headshot2 --------
L 08/14/2025 - 02:53:31: [csdm_spawn_preset.amxx] No spawn points file found (addons/amxmodx/configs\csdm\aim_headshot2.spawns.cfg)
L 08/14/2025 - 02:53:31: [csdm_main.amxx] CSDM spawn mode set to preset
L 08/14/2025 - 03:01:31: [mapchooser.amxx] Vote: Voting for the nextmap started
L 08/14/2025 - 03:01:46: [mapchooser.amxx] Vote: Voting for the nextmap finished. The nextmap will be aim_map_2010
L 08/14/2025 - 03:03:50: -------- Mapchange to aim_map_2010 --------
L 08/14/2025 - 03:03:50: [csdm_spawn_preset.amxx] No spawn points file found (addons/amxmodx/configs\csdm\aim_map_2010.spawns.cfg)
L 08/14/2025 - 03:03:50: [csdm_main.amxx] CSDM spawn mode set to preset
L 08/14/2025 - 03:11:50: [mapchooser.amxx] Vote: Voting for the nextmap started
L 08/14/2025 - 03:12:05: [mapchooser.amxx] Vote: Voting for the nextmap finished. The nextmap will be aim_sOt
L 08/14/2025 - 03:14:09: -------- Mapchange to aim_sOt --------
L 08/14/2025 - 03:14:09: [csdm_spawn_preset.amxx] No spawn points file found (addons/amxmodx/configs\csdm\aim_sOt.spawns.cfg)
L 08/14/2025 - 03:14:09: [csdm_main.amxx] CSDM spawn mode set to preset
L 08/14/2025 - 03:22:09: [mapchooser.amxx] Vote: Voting for the nextmap started
L 08/14/2025 - 03:22:24: [mapchooser.amxx] Vote: Voting for the nextmap finished. The nextmap will be fy_pool_day
L 08/14/2025 - 03:24:28: -------- Mapchange to fy_pool_day --------
L 08/14/2025 - 03:24:28: [csdm_spawn_preset.amxx] No spawn points file found (addons/amxmodx/configs\csdm\fy_pool_day.spawns.cfg)
L 08/14/2025 - 03:24:28: [csdm_main.amxx] CSDM spawn mode set to preset
L 08/14/2025 - 03:32:28: [mapchooser.amxx] Vote: Voting for the nextmap started
L 08/14/2025 - 03:32:43: [mapchooser.amxx] Vote: Voting for the nextmap finished. The nextmap will be aim_1on1map
L 08/14/2025 - 03:34:47: -------- Mapchange to aim_1on1map --------
L 08/14/2025 - 03:34:47: [csdm_spawn_preset.amxx] No spawn points file found (addons/amxmodx/configs\csdm\aim_1on1map.spawns.cfg)
L 08/14/2025 - 03:34:47: [csdm_main.amxx] CSDM spawn mode set to preset
L 08/14/2025 - 03:42:47: [mapchooser.amxx] Vote: Voting for the nextmap started
L 08/14/2025 - 03:43:02: [mapchooser.amxx] Vote: Voting for the nextmap finished. The nextmap will be aim_ak_colt_duel
L 08/14/2025 - 03:45:07: -------- Mapchange to aim_ak_colt_duel --------
L 08/14/2025 - 03:45:07: [csdm_spawn_preset.amxx] No spawn points file found (addons/amxmodx/configs\csdm\aim_ak_colt_duel.spawns.cfg)
L 08/14/2025 - 03:45:07: [csdm_main.amxx] CSDM spawn mode set to preset
L 08/14/2025 - 03:53:07: [mapchooser.amxx] Vote: Voting for the nextmap started
L 08/14/2025 - 03:53:22: [mapchooser.amxx] Vote: Voting for the nextmap finished. The nextmap will be aim_DM
L 08/14/2025 - 03:55:26: -------- Mapchange to aim_DM --------
L 08/14/2025 - 03:55:26: [csdm_spawn_preset.amxx] No spawn points file found (addons/amxmodx/configs\csdm\aim_DM.spawns.cfg)
L 08/14/2025 - 03:55:26: [csdm_main.amxx] CSDM spawn mode set to preset
L 08/14/2025 - 04:03:26: [mapchooser.amxx] Vote: Voting for the nextmap started
L 08/14/2025 - 04:03:41: [mapchooser.amxx] Vote: Voting for the nextmap finished. The nextmap will be aim_dust2
L 08/14/2025 - 04:05:45: -------- Mapchange to aim_dust2 --------
L 08/14/2025 - 04:05:45: [csdm_spawn_preset.amxx] No spawn points file found (addons/amxmodx/configs\csdm\aim_dust2.spawns.cfg)
L 08/14/2025 - 04:05:45: [csdm_main.amxx] CSDM spawn mode set to preset
L 08/14/2025 - 04:13:45: [mapchooser.amxx] Vote: Voting for the nextmap started
L 08/14/2025 - 04:14:00: [mapchooser.amxx] Vote: Voting for the nextmap finished. The nextmap will be aim_headshot2
L 08/14/2025 - 04:16:04: -------- Mapchange to aim_headshot2 --------
L 08/14/2025 - 04:16:04: [csdm_spawn_preset.amxx] No spawn points file found (addons/amxmodx/configs\csdm\aim_headshot2.spawns.cfg)
L 08/14/2025 - 04:16:04: [csdm_main.amxx] CSDM spawn mode set to preset
L 08/14/2025 - 04:24:04: [mapchooser.amxx] Vote: Voting for the nextmap started
L 08/14/2025 - 04:24:19: [mapchooser.amxx] Vote: Voting for the nextmap finished. The nextmap will be aim_map_2010
L 08/14/2025 - 04:26:23: -------- Mapchange to aim_map_2010 --------
L 08/14/2025 - 04:26:23: [csdm_spawn_preset.amxx] No spawn points file found (addons/amxmodx/configs\csdm\aim_map_2010.spawns.cfg)
L 08/14/2025 - 04:26:23: [csdm_main.amxx] CSDM spawn mode set to preset
L 08/14/2025 - 04:34:23: [mapchooser.amxx] Vote: Voting for the nextmap started
L 08/14/2025 - 04:34:38: [mapchooser.amxx] Vote: Voting for the nextmap finished. The nextmap will be aim_sOt
L 08/14/2025 - 04:36:42: -------- Mapchange to aim_sOt --------
L 08/14/2025 - 04:36:42: [csdm_spawn_preset.amxx] No spawn points file found (addons/amxmodx/configs\csdm\aim_sOt.spawns.cfg)
L 08/14/2025 - 04:36:42: [csdm_main.amxx] CSDM spawn mode set to preset
L 08/14/2025 - 04:44:42: [mapchooser.amxx] Vote: Voting for the nextmap started
L 08/14/2025 - 04:44:57: [mapchooser.amxx] Vote: Voting for the nextmap finished. The nextmap will be fy_pool_day
L 08/14/2025 - 04:47:02: -------- Mapchange to fy_pool_day --------
L 08/14/2025 - 04:47:02: [csdm_spawn_preset.amxx] No spawn points file found (addons/amxmodx/configs\csdm\fy_pool_day.spawns.cfg)
L 08/14/2025 - 04:47:02: [csdm_main.amxx] CSDM spawn mode set to preset
L 08/14/2025 - 04:55:02: [mapchooser.amxx] Vote: Voting for the nextmap started
L 08/14/2025 - 04:55:17: [mapchooser.amxx] Vote: Voting for the nextmap finished. The nextmap will be aim_1on1map
L 08/14/2025 - 04:57:21: -------- Mapchange to aim_1on1map --------
L 08/14/2025 - 04:57:21: [csdm_spawn_preset.amxx] No spawn points file found (addons/amxmodx/configs\csdm\aim_1on1map.spawns.cfg)
L 08/14/2025 - 04:57:21: [csdm_main.amxx] CSDM spawn mode set to preset
L 08/14/2025 - 05:05:21: [mapchooser.amxx] Vote: Voting for the nextmap started
L 08/14/2025 - 05:05:36: [mapchooser.amxx] Vote: Voting for the nextmap finished. The nextmap will be aim_ak_colt_duel
L 08/14/2025 - 05:07:40: -------- Mapchange to aim_ak_colt_duel --------
L 08/14/2025 - 05:07:40: [csdm_spawn_preset.amxx] No spawn points file found (addons/amxmodx/configs\csdm\aim_ak_colt_duel.spawns.cfg)
L 08/14/2025 - 05:07:40: [csdm_main.amxx] CSDM spawn mode set to preset
L 08/14/2025 - 05:15:40: [mapchooser.amxx] Vote: Voting for the nextmap started
L 08/14/2025 - 05:15:55: [mapchooser.amxx] Vote: Voting for the nextmap finished. The nextmap will be aim_DM
L 08/14/2025 - 05:17:59: -------- Mapchange to aim_DM --------
L 08/14/2025 - 05:17:59: [csdm_spawn_preset.amxx] No spawn points file found (addons/amxmodx/configs\csdm\aim_DM.spawns.cfg)
L 08/14/2025 - 05:17:59: [csdm_main.amxx] CSDM spawn mode set to preset
L 08/14/2025 - 05:25:59: [mapchooser.amxx] Vote: Voting for the nextmap started
L 08/14/2025 - 05:26:14: [mapchooser.amxx] Vote: Voting for the nextmap finished. The nextmap will be aim_dust2
L 08/14/2025 - 05:28:18: -------- Mapchange to aim_dust2 --------
L 08/14/2025 - 05:28:18: [csdm_spawn_preset.amxx] No spawn points file found (addons/amxmodx/configs\csdm\aim_dust2.spawns.cfg)
L 08/14/2025 - 05:28:18: [csdm_main.amxx] CSDM spawn mode set to preset
L 08/14/2025 - 05:36:18: [mapchooser.amxx] Vote: Voting for the nextmap started
L 08/14/2025 - 05:36:33: [mapchooser.amxx] Vote: Voting for the nextmap finished. The nextmap will be aim_headshot2
L 08/14/2025 - 05:38:37: -------- Mapchange to aim_headshot2 --------
L 08/14/2025 - 05:38:37: [csdm_spawn_preset.amxx] No spawn points file found (addons/amxmodx/configs\csdm\aim_headshot2.spawns.cfg)
L 08/14/2025 - 05:38:37: [csdm_main.amxx] CSDM spawn mode set to preset
L 08/14/2025 - 05:46:37: [mapchooser.amxx] Vote: Voting for the nextmap started
L 08/14/2025 - 05:46:53: [mapchooser.amxx] Vote: Voting for the nextmap finished. The nextmap will be aim_map_2010
L 08/14/2025 - 05:48:57: -------- Mapchange to aim_map_2010 --------
L 08/14/2025 - 05:48:57: [csdm_spawn_preset.amxx] No spawn points file found (addons/amxmodx/configs\csdm\aim_map_2010.spawns.cfg)
L 08/14/2025 - 05:48:57: [csdm_main.amxx] CSDM spawn mode set to preset
L 08/14/2025 - 05:56:57: [mapchooser.amxx] Vote: Voting for the nextmap started
L 08/14/2025 - 05:57:12: [mapchooser.amxx] Vote: Voting for the nextmap finished. The nextmap will be aim_sOt
L 08/14/2025 - 05:59:16: -------- Mapchange to aim_sOt --------
L 08/14/2025 - 05:59:16: [csdm_spawn_preset.amxx] No spawn points file found (addons/amxmodx/configs\csdm\aim_sOt.spawns.cfg)
L 08/14/2025 - 05:59:16: [csdm_main.amxx] CSDM spawn mode set to preset
L 08/14/2025 - 06:07:16: [mapchooser.amxx] Vote: Voting for the nextmap started
L 08/14/2025 - 06:07:31: [mapchooser.amxx] Vote: Voting for the nextmap finished. The nextmap will be fy_pool_day
L 08/14/2025 - 06:09:35: -------- Mapchange to fy_pool_day --------
L 08/14/2025 - 06:09:35: [csdm_spawn_preset.amxx] No spawn points file found (addons/amxmodx/configs\csdm\fy_pool_day.spawns.cfg)
L 08/14/2025 - 06:09:35: [csdm_main.amxx] CSDM spawn mode set to preset
L 08/14/2025 - 06:17:35: [mapchooser.amxx] Vote: Voting for the nextmap started
L 08/14/2025 - 06:17:50: [mapchooser.amxx] Vote: Voting for the nextmap finished. The nextmap will be aim_1on1map
L 08/14/2025 - 06:19:54: -------- Mapchange to aim_1on1map --------
L 08/14/2025 - 06:19:54: [csdm_spawn_preset.amxx] No spawn points file found (addons/amxmodx/configs\csdm\aim_1on1map.spawns.cfg)
L 08/14/2025 - 06:19:54: [csdm_main.amxx] CSDM spawn mode set to preset
L 08/14/2025 - 06:27:54: [mapchooser.amxx] Vote: Voting for the nextmap started
L 08/14/2025 - 06:28:09: [mapchooser.amxx] Vote: Voting for the nextmap finished. The nextmap will be aim_ak_colt_duel
L 08/14/2025 - 06:30:13: -------- Mapchange to aim_ak_colt_duel --------
L 08/14/2025 - 06:30:13: [csdm_spawn_preset.amxx] No spawn points file found (addons/amxmodx/configs\csdm\aim_ak_colt_duel.spawns.cfg)
L 08/14/2025 - 06:30:13: [csdm_main.amxx] CSDM spawn mode set to preset
L 08/14/2025 - 06:38:13: [mapchooser.amxx] Vote: Voting for the nextmap started
L 08/14/2025 - 06:38:28: [mapchooser.amxx] Vote: Voting for the nextmap finished. The nextmap will be aim_DM
L 08/14/2025 - 06:40:32: -------- Mapchange to aim_DM --------
L 08/14/2025 - 06:40:32: [csdm_spawn_preset.amxx] No spawn points file found (addons/amxmodx/configs\csdm\aim_DM.spawns.cfg)
L 08/14/2025 - 06:40:32: [csdm_main.amxx] CSDM spawn mode set to preset
L 08/14/2025 - 06:48:32: [mapchooser.amxx] Vote: Voting for the nextmap started
L 08/14/2025 - 06:48:48: [mapchooser.amxx] Vote: Voting for the nextmap finished. The nextmap will be aim_dust2
L 08/14/2025 - 06:50:52: -------- Mapchange to aim_dust2 --------
L 08/14/2025 - 06:50:52: [csdm_spawn_preset.amxx] No spawn points file found (addons/amxmodx/configs\csdm\aim_dust2.spawns.cfg)
L 08/14/2025 - 06:50:52: [csdm_main.amxx] CSDM spawn mode set to preset
L 08/14/2025 - 06:52:49: [admin.amxx] Login: "Johannes<309><ID_7dea362b3fac8e00956a4952a3d4><>" became an admin (account "Johannes") (access "abcdefghijklmnopqrstuv") (address "0.93.248.60")
L 08/14/2025 - 06:58:16: client_disconnected and client_remove forwards have been disabled - check your gamedata files.
L 08/14/2025 - 06:58:16: Binding/Hooking cvars have been disabled - check your gamedata files.
L 08/14/2025 - 06:58:16: -------- Mapchange to aim_map_2010 --------
L 08/14/2025 - 06:58:16: [CSTRIKE] svs global variable is not available
L 08/14/2025 - 06:58:16: [CSTRIKE] sv global variable is not available
L 08/14/2025 - 06:58:17: [csdm_spawn_preset.amxx] No spawn points file found (addons/amxmodx/configs\csdm\aim_map_2010.spawns.cfg)
L 08/14/2025 - 06:58:17: [csdm_main.amxx] CSDM spawn mode set to preset
L 08/14/2025 - 07:04:03: [admin.amxx] Login: "Johannes<5><ID_7dea362b3fac8e00956a4952a3d4><>" became an admin (account "Johannes") (access "abcdefghijklmnopqrstuv") (address "0.217.93.184")
L 08/14/2025 - 07:06:23: [mapchooser.amxx] Vote: Voting for the nextmap started
L 08/14/2025 - 07:06:38: [mapchooser.amxx] Vote: Voting for the nextmap finished. The nextmap will be aim_1on1map
L 08/14/2025 - 07:08:43: -------- Mapchange to aim_1on1map --------
L 08/14/2025 - 07:08:43: [csdm_spawn_preset.amxx] No spawn points file found (addons/amxmodx/configs\csdm\aim_1on1map.spawns.cfg)
L 08/14/2025 - 07:08:43: [csdm_main.amxx] CSDM spawn mode set to preset
L 08/14/2025 - 07:16:43: [mapchooser.amxx] Vote: Voting for the nextmap started
L 08/14/2025 - 07:16:58: [mapchooser.amxx] Vote: Voting for the nextmap finished. The nextmap will be aim_ak_colt_duel
L 08/14/2025 - 07:19:02: -------- Mapchange to aim_ak_colt_duel --------
L 08/14/2025 - 07:19:02: [csdm_spawn_preset.amxx] No spawn points file found (addons/amxmodx/configs\csdm\aim_ak_colt_duel.spawns.cfg)
L 08/14/2025 - 07:19:02: [csdm_main.amxx] CSDM spawn mode set to preset
L 08/14/2025 - 07:27:02: [mapchooser.amxx] Vote: Voting for the nextmap started
L 08/14/2025 - 07:27:17: [mapchooser.amxx] Vote: Voting for the nextmap finished. The nextmap will be aim_DM
L 08/14/2025 - 07:29:21: -------- Mapchange to aim_DM --------
L 08/14/2025 - 07:29:21: [csdm_spawn_preset.amxx] No spawn points file found (addons/amxmodx/configs\csdm\aim_DM.spawns.cfg)
L 08/14/2025 - 07:29:21: [csdm_main.amxx] CSDM spawn mode set to preset
L 08/14/2025 - 07:37:21: [mapchooser.amxx] Vote: Voting for the nextmap started
L 08/14/2025 - 07:37:36: [mapchooser.amxx] Vote: Voting for the nextmap finished. The nextmap will be aim_dust2
L 08/14/2025 - 07:39:40: -------- Mapchange to aim_dust2 --------
L 08/14/2025 - 07:39:40: [csdm_spawn_preset.amxx] No spawn points file found (addons/amxmodx/configs\csdm\aim_dust2.spawns.cfg)
L 08/14/2025 - 07:39:40: [csdm_main.amxx] CSDM spawn mode set to preset
L 08/14/2025 - 07:47:40: [mapchooser.amxx] Vote: Voting for the nextmap started
L 08/14/2025 - 07:47:55: [mapchooser.amxx] Vote: Voting for the nextmap finished. The nextmap will be aim_headshot2
L 08/14/2025 - 07:48:06: [admin.amxx] Login: "Johannes<25><ID_7dea362b3fac8e00956a4952a3d4><>" became an admin (account "Johannes") (access "abcdefghijklmnopqrstuv") (address "0.101.184.130")
L 08/14/2025 - 07:49:59: -------- Mapchange to aim_headshot2 --------
L 08/14/2025 - 07:49:59: [csdm_spawn_preset.amxx] No spawn points file found (addons/amxmodx/configs\csdm\aim_headshot2.spawns.cfg)
L 08/14/2025 - 07:49:59: [csdm_main.amxx] CSDM spawn mode set to preset
L 08/14/2025 - 07:49:59: [admin.amxx] Login: "Johannes<26><ID_7dea362b3fac8e00956a4952a3d4><>" became an admin (account "Johannes") (access "abcdefghijklmnopqrstuv") (address "0.101.184.130")
L 08/14/2025 - 07:57:59: [mapchooser.amxx] Vote: Voting for the nextmap started
L 08/14/2025 - 07:58:14: [mapchooser.amxx] Vote: Voting for the nextmap finished. The nextmap will be aim_map_2010
L 08/14/2025 - 08:00:18: -------- Mapchange to aim_map_2010 --------
L 08/14/2025 - 08:00:18: [csdm_spawn_preset.amxx] No spawn points file found (addons/amxmodx/configs\csdm\aim_map_2010.spawns.cfg)
L 08/14/2025 - 08:00:18: [csdm_main.amxx] CSDM spawn mode set to preset
L 08/14/2025 - 08:08:18: [mapchooser.amxx] Vote: Voting for the nextmap started
L 08/14/2025 - 08:08:33: [mapchooser.amxx] Vote: Voting for the nextmap finished. The nextmap will be aim_sOt
L 08/14/2025 - 08:10:37: -------- Mapchange to aim_sOt --------
L 08/14/2025 - 08:10:37: [csdm_spawn_preset.amxx] No spawn points file found (addons/amxmodx/configs\csdm\aim_sOt.spawns.cfg)
L 08/14/2025 - 08:10:37: [csdm_main.amxx] CSDM spawn mode set to preset
L 08/14/2025 - 08:18:38: [mapchooser.amxx] Vote: Voting for the nextmap started
L 08/14/2025 - 08:18:53: [mapchooser.amxx] Vote: Voting for the nextmap finished. The nextmap will be fy_pool_day
L 08/14/2025 - 08:20:57: -------- Mapchange to fy_pool_day --------
L 08/14/2025 - 08:20:57: [csdm_spawn_preset.amxx] No spawn points file found (addons/amxmodx/configs\csdm\fy_pool_day.spawns.cfg)
L 08/14/2025 - 08:20:57: [csdm_main.amxx] CSDM spawn mode set to preset
L 08/14/2025 - 08:28:57: [mapchooser.amxx] Vote: Voting for the nextmap started
L 08/14/2025 - 08:29:12: [mapchooser.amxx] Vote: Voting for the nextmap finished. The nextmap will be aim_1on1map
L 08/14/2025 - 08:31:16: -------- Mapchange to aim_1on1map --------
L 08/14/2025 - 08:31:16: [csdm_spawn_preset.amxx] No spawn points file found (addons/amxmodx/configs\csdm\aim_1on1map.spawns.cfg)
L 08/14/2025 - 08:31:16: [csdm_main.amxx] CSDM spawn mode set to preset
L 08/14/2025 - 08:39:16: [mapchooser.amxx] Vote: Voting for the nextmap started
L 08/14/2025 - 08:39:31: [mapchooser.amxx] Vote: Voting for the nextmap finished. The nextmap will be aim_ak_colt_duel
L 08/14/2025 - 08:41:35: -------- Mapchange to aim_ak_colt_duel --------
L 08/14/2025 - 08:41:35: [csdm_spawn_preset.amxx] No spawn points file found (addons/amxmodx/configs\csdm\aim_ak_colt_duel.spawns.cfg)
L 08/14/2025 - 08:41:35: [csdm_main.amxx] CSDM spawn mode set to preset
L 08/14/2025 - 08:49:35: [mapchooser.amxx] Vote: Voting for the nextmap started
L 08/14/2025 - 08:49:50: [mapchooser.amxx] Vote: Voting for the nextmap finished. The nextmap will be aim_DM
L 08/14/2025 - 08:51:54: -------- Mapchange to aim_DM --------
L 08/14/2025 - 08:51:54: [csdm_spawn_preset.amxx] No spawn points file found (addons/amxmodx/configs\csdm\aim_DM.spawns.cfg)
L 08/14/2025 - 08:51:54: [csdm_main.amxx] CSDM spawn mode set to preset
L 08/14/2025 - 08:59:54: [mapchooser.amxx] Vote: Voting for the nextmap started
L 08/14/2025 - 09:00:09: [mapchooser.amxx] Vote: Voting for the nextmap finished. The nextmap will be aim_dust2
L 08/14/2025 - 09:02:13: -------- Mapchange to aim_dust2 --------
L 08/14/2025 - 09:02:13: [csdm_spawn_preset.amxx] No spawn points file found (addons/amxmodx/configs\csdm\aim_dust2.spawns.cfg)
L 08/14/2025 - 09:02:13: [csdm_main.amxx] CSDM spawn mode set to preset
L 08/14/2025 - 09:10:13: [mapchooser.amxx] Vote: Voting for the nextmap started
L 08/14/2025 - 09:10:28: [mapchooser.amxx] Vote: Voting for the nextmap finished. The nextmap will be aim_headshot2
L 08/14/2025 - 09:12:32: -------- Mapchange to aim_headshot2 --------
L 08/14/2025 - 09:12:32: [csdm_spawn_preset.amxx] No spawn points file found (addons/amxmodx/configs\csdm\aim_headshot2.spawns.cfg)
L 08/14/2025 - 09:12:32: [csdm_main.amxx] CSDM spawn mode set to preset
L 08/14/2025 - 09:20:33: [mapchooser.amxx] Vote: Voting for the nextmap started
L 08/14/2025 - 09:20:48: [mapchooser.amxx] Vote: Voting for the nextmap finished. The nextmap will be aim_map_2010
L 08/14/2025 - 09:22:52: -------- Mapchange to aim_map_2010 --------
L 08/14/2025 - 09:22:52: [csdm_spawn_preset.amxx] No spawn points file found (addons/amxmodx/configs\csdm\aim_map_2010.spawns.cfg)
L 08/14/2025 - 09:22:52: [csdm_main.amxx] CSDM spawn mode set to preset
L 08/14/2025 - 09:30:52: [mapchooser.amxx] Vote: Voting for the nextmap started
L 08/14/2025 - 09:31:07: [mapchooser.amxx] Vote: Voting for the nextmap finished. The nextmap will be aim_sOt
L 08/14/2025 - 09:33:11: -------- Mapchange to aim_sOt --------
L 08/14/2025 - 09:33:11: [csdm_spawn_preset.amxx] No spawn points file found (addons/amxmodx/configs\csdm\aim_sOt.spawns.cfg)
L 08/14/2025 - 09:33:11: [csdm_main.amxx] CSDM spawn mode set to preset
L 08/14/2025 - 09:36:22: [admin.amxx] Login: "Johannes<72><ID_7dea362b3fac8e00956a4952a3d4><>" became an admin (account "Johannes") (access "abcdefghijklmnopqrstuv") (address "0.73.227.191")
L 08/14/2025 - 09:41:11: [mapchooser.amxx] Vote: Voting for the nextmap started
L 08/14/2025 - 09:41:26: [mapchooser.amxx] Vote: Voting for the nextmap finished. The nextmap will be fy_pool_day
L 08/14/2025 - 09:43:30: -------- Mapchange to fy_pool_day --------
L 08/14/2025 - 09:43:30: [csdm_spawn_preset.amxx] No spawn points file found (addons/amxmodx/configs\csdm\fy_pool_day.spawns.cfg)
L 08/14/2025 - 09:43:30: [csdm_main.amxx] CSDM spawn mode set to preset
L 08/14/2025 - 09:43:30: [admin.amxx] Login: "Johannes<84><ID_7dea362b3fac8e00956a4952a3d4><>" became an admin (account "Johannes") (access "abcdefghijklmnopqrstuv") (address "0.73.227.191")
L 08/14/2025 - 09:51:30: [mapchooser.amxx] Vote: Voting for the nextmap started
L 08/14/2025 - 09:51:45: [mapchooser.amxx] Vote: Voting for the nextmap finished. The nextmap will be aim_1on1map
L 08/14/2025 - 09:53:49: -------- Mapchange to aim_1on1map --------
L 08/14/2025 - 09:53:49: [csdm_spawn_preset.amxx] No spawn points file found (addons/amxmodx/configs\csdm\aim_1on1map.spawns.cfg)
L 08/14/2025 - 09:53:49: [csdm_main.amxx] CSDM spawn mode set to preset
L 08/14/2025 - 09:57:09: [admin.amxx] Login: "Johannes<93><ID_7dea362b3fac8e00956a4952a3d4><>" became an admin (account "Johannes") (access "abcdefghijklmnopqrstuv") (address "0.25.88.185")
L 08/14/2025 - 10:01:49: [mapchooser.amxx] Vote: Voting for the nextmap started
L 08/14/2025 - 10:02:04: [mapchooser.amxx] Vote: Voting for the nextmap finished. The nextmap will be aim_ak_colt_duel
L 08/14/2025 - 10:04:08: -------- Mapchange to aim_ak_colt_duel --------
L 08/14/2025 - 10:04:08: [csdm_spawn_preset.amxx] No spawn points file found (addons/amxmodx/configs\csdm\aim_ak_colt_duel.spawns.cfg)
L 08/14/2025 - 10:04:08: [csdm_main.amxx] CSDM spawn mode set to preset
L 08/14/2025 - 10:04:08: [admin.amxx] Login: "Johannes<94><ID_7dea362b3fac8e00956a4952a3d4><>" became an admin (account "Johannes") (access "abcdefghijklmnopqrstuv") (address "0.25.88.185")
L 08/14/2025 - 10:08:39: client_disconnected and client_remove forwards have been disabled - check your gamedata files.
L 08/14/2025 - 10:08:39: Binding/Hooking cvars have been disabled - check your gamedata files.
L 08/14/2025 - 10:08:39: -------- Mapchange to aim_map_2010 --------
L 08/14/2025 - 10:08:39: [CSTRIKE] svs global variable is not available
L 08/14/2025 - 10:08:39: [CSTRIKE] sv global variable is not available
L 08/14/2025 - 10:08:39: [csdm_spawn_preset.amxx] No spawn points file found (addons/amxmodx/configs\csdm\aim_map_2010.spawns.cfg)
L 08/14/2025 - 10:08:39: [csdm_main.amxx] CSDM spawn mode set to preset
L 08/14/2025 - 10:16:39: [mapchooser.amxx] Vote: Voting for the nextmap started
L 08/14/2025 - 10:16:54: [mapchooser.amxx] Vote: Voting for the nextmap finished. The nextmap will be aim_1on1map
L 08/14/2025 - 10:18:58: -------- Mapchange to aim_1on1map --------
L 08/14/2025 - 10:18:58: [csdm_spawn_preset.amxx] No spawn points file found (addons/amxmodx/configs\csdm\aim_1on1map.spawns.cfg)
L 08/14/2025 - 10:18:58: [csdm_main.amxx] CSDM spawn mode set to preset
L 08/14/2025 - 10:26:58: [mapchooser.amxx] Vote: Voting for the nextmap started
L 08/14/2025 - 10:27:13: [mapchooser.amxx] Vote: Voting for the nextmap finished. The nextmap will be aim_ak_colt_duel
L 08/14/2025 - 10:29:17: -------- Mapchange to aim_ak_colt_duel --------
L 08/14/2025 - 10:29:17: [csdm_spawn_preset.amxx] No spawn points file found (addons/amxmodx/configs\csdm\aim_ak_colt_duel.spawns.cfg)
L 08/14/2025 - 10:29:17: [csdm_main.amxx] CSDM spawn mode set to preset
L 08/14/2025 - 10:37:17: [mapchooser.amxx] Vote: Voting for the nextmap started
L 08/14/2025 - 10:37:32: [mapchooser.amxx] Vote: Voting for the nextmap finished. The nextmap will be aim_DM
L 08/14/2025 - 10:39:36: -------- Mapchange to aim_DM --------
L 08/14/2025 - 10:39:36: [csdm_spawn_preset.amxx] No spawn points file found (addons/amxmodx/configs\csdm\aim_DM.spawns.cfg)
L 08/14/2025 - 10:39:36: [csdm_main.amxx] CSDM spawn mode set to preset
L 08/14/2025 - 10:47:36: [mapchooser.amxx] Vote: Voting for the nextmap started
L 08/14/2025 - 10:47:51: [mapchooser.amxx] Vote: Voting for the nextmap finished. The nextmap will be aim_dust2
L 08/14/2025 - 10:49:55: -------- Mapchange to aim_dust2 --------
L 08/14/2025 - 10:49:55: [csdm_spawn_preset.amxx] No spawn points file found (addons/amxmodx/configs\csdm\aim_dust2.spawns.cfg)
L 08/14/2025 - 10:49:55: [csdm_main.amxx] CSDM spawn mode set to preset
L 08/14/2025 - 10:50:42: [admin.amxx] Login: "Johannes<22><ID_7dea362b3fac8e00956a4952a3d4><>" became an admin (account "Johannes") (access "abcdefghijklmnopqrstuv") (address "2.5.19.82")
L 08/14/2025 - 10:55:00: -------- Mapchange to aim_dust2 --------
L 08/14/2025 - 10:55:00: [csdm_spawn_preset.amxx] No spawn points file found (addons/amxmodx/configs\csdm\aim_dust2.spawns.cfg)
L 08/14/2025 - 10:55:00: [csdm_main.amxx] CSDM spawn mode set to preset
L 08/14/2025 - 10:55:00: [admin.amxx] Login: "Johannes<24><ID_7dea362b3fac8e00956a4952a3d4><>" became an admin (account "Johannes") (access "abcdefghijklmnopqrstuv") (address "2.5.19.82")
L 08/14/2025 - 10:56:00: -------- Mapchange to de_dust2 --------
L 08/14/2025 - 10:56:00: [csdm_spawn_preset.amxx] Loaded 40 spawn points for map de_dust2.
L 08/14/2025 - 10:56:00: [csdm_main.amxx] CSDM spawn mode set to preset
L 08/14/2025 - 10:56:00: [admin.amxx] Login: "Johannes<30><ID_7dea362b3fac8e00956a4952a3d4><>" became an admin (account "Johannes") (access "abcdefghijklmnopqrstuv") (address "2.5.19.82")
L 08/14/2025 - 10:58:12: [plmenu.amxx] Cmd: "Johannes<30><ID_7dea362b3fac8e00956a4952a3d4><>" transfer "[BOT] Texas<39><ID_BOT><>" (team "CT")
L 08/14/2025 - 10:58:12: [CSTRIKE] Postponing of model update disabled, check your gamedata files
L 08/14/2025 - 10:58:12: [CSTRIKE] Postponing of model update disabled, check your gamedata files
L 08/14/2025 - 10:59:58: [plmenu.amxx] Cmd: "Johannes<30><ID_7dea362b3fac8e00956a4952a3d4><>" transfer "[BOT] Texas<39><ID_BOT><>" (team "CT")
L 08/14/2025 - 10:59:58: [CSTRIKE] Postponing of model update disabled, check your gamedata files
L 08/14/2025 - 10:59:58: [CSTRIKE] Postponing of model update disabled, check your gamedata files
L 08/14/2025 - 11:01:48: [plmenu.amxx] Kick: "Johannes<30><ID_7dea362b3fac8e00956a4952a3d4><>" kick "[BOT] Texas<39><ID_BOT><>"
L 08/14/2025 - 11:02:25: [admin.amxx] Login: "Johannes<43><ID_7dea362b3fac8e00956a4952a3d4><>" became an admin (account "Johannes") (access "abcdefghijklmnopqrstuv") (address "2.80.90.17")
L 08/14/2025 - 11:04:45: [mapchooser.amxx] Vote: Voting for the nextmap started
L 08/14/2025 - 11:05:00: [mapchooser.amxx] Vote: Voting for the nextmap finished. Map de_dust2 will be extended to next 15 minutes
L 08/14/2025 - 11:21:09: -------- Mapchange to de_dust2 --------
L 08/14/2025 - 11:21:09: [csdm_spawn_preset.amxx] Loaded 40 spawn points for map de_dust2.
L 08/14/2025 - 11:21:09: [csdm_main.amxx] CSDM spawn mode set to preset
L 08/14/2025 - 11:21:09: [admin.amxx] Login: "Johannes<61><ID_7dea362b3fac8e00956a4952a3d4><>" became an admin (account "Johannes") (access "abcdefghijklmnopqrstuv") (address "2.80.90.17")
L 08/14/2025 - 11:21:56: client_disconnected and client_remove forwards have been disabled - check your gamedata files.
L 08/14/2025 - 11:21:56: Binding/Hooking cvars have been disabled - check your gamedata files.
L 08/14/2025 - 11:21:56: -------- Mapchange to aim_map_2010 --------
L 08/14/2025 - 11:21:56: [CSTRIKE] svs global variable is not available
L 08/14/2025 - 11:21:56: [CSTRIKE] sv global variable is not available
L 08/14/2025 - 11:21:56: [csdm_spawn_preset.amxx] No spawn points file found (addons/amxmodx/configs\csdm\aim_map_2010.spawns.cfg)
L 08/14/2025 - 11:21:56: [csdm_main.amxx] CSDM spawn mode set to preset
L 08/14/2025 - 11:29:56: [mapchooser.amxx] Vote: Voting for the nextmap started
L 08/14/2025 - 11:30:11: [mapchooser.amxx] Vote: Voting for the nextmap finished. The nextmap will be aim_1on1map
L 08/14/2025 - 11:32:15: -------- Mapchange to aim_1on1map --------
L 08/14/2025 - 11:32:15: [csdm_spawn_preset.amxx] No spawn points file found (addons/amxmodx/configs\csdm\aim_1on1map.spawns.cfg)
L 08/14/2025 - 11:32:15: [csdm_main.amxx] CSDM spawn mode set to preset
L 08/14/2025 - 11:38:41: [admin.amxx] Login: "Johannes<9><ID_7dea362b3fac8e00956a4952a3d4><>" became an admin (account "Johannes") (access "abcdefghijklmnopqrstuv") (address "0.2.95.176")
L 08/14/2025 - 11:40:15: [mapchooser.amxx] Vote: Voting for the nextmap started
L 08/14/2025 - 11:40:30: [mapchooser.amxx] Vote: Voting for the nextmap finished. The nextmap will be aim_ak_colt_duel
L 08/14/2025 - 11:42:34: -------- Mapchange to aim_ak_colt_duel --------
L 08/14/2025 - 11:42:34: [csdm_spawn_preset.amxx] No spawn points file found (addons/amxmodx/configs\csdm\aim_ak_colt_duel.spawns.cfg)
L 08/14/2025 - 11:42:34: [csdm_main.amxx] CSDM spawn mode set to preset
L 08/14/2025 - 11:50:35: [mapchooser.amxx] Vote: Voting for the nextmap started
L 08/14/2025 - 11:50:50: [mapchooser.amxx] Vote: Voting for the nextmap finished. The nextmap will be aim_DM
L 08/14/2025 - 11:52:54: -------- Mapchange to aim_DM --------
L 08/14/2025 - 11:52:54: [csdm_spawn_preset.amxx] No spawn points file found (addons/amxmodx/configs\csdm\aim_DM.spawns.cfg)
L 08/14/2025 - 11:52:54: [csdm_main.amxx] CSDM spawn mode set to preset
L 08/14/2025 - 12:00:54: [mapchooser.amxx] Vote: Voting for the nextmap started
L 08/14/2025 - 12:01:09: [mapchooser.amxx] Vote: Voting for the nextmap finished. The nextmap will be aim_dust2
L 08/14/2025 - 12:03:13: -------- Mapchange to aim_dust2 --------
L 08/14/2025 - 12:03:13: [csdm_spawn_preset.amxx] No spawn points file found (addons/amxmodx/configs\csdm\aim_dust2.spawns.cfg)
L 08/14/2025 - 12:03:13: [csdm_main.amxx] CSDM spawn mode set to preset
L 08/14/2025 - 12:11:13: [mapchooser.amxx] Vote: Voting for the nextmap started
L 08/14/2025 - 12:11:28: [mapchooser.amxx] Vote: Voting for the nextmap finished. The nextmap will be aim_headshot2
L 08/14/2025 - 12:13:32: -------- Mapchange to aim_headshot2 --------
L 08/14/2025 - 12:13:32: [csdm_spawn_preset.amxx] No spawn points file found (addons/amxmodx/configs\csdm\aim_headshot2.spawns.cfg)
L 08/14/2025 - 12:13:32: [csdm_main.amxx] CSDM spawn mode set to preset
L 08/14/2025 - 12:21:32: [mapchooser.amxx] Vote: Voting for the nextmap started
L 08/14/2025 - 12:21:47: [mapchooser.amxx] Vote: Voting for the nextmap finished. The nextmap will be aim_map_2010
L 08/14/2025 - 12:23:51: -------- Mapchange to aim_map_2010 --------
L 08/14/2025 - 12:23:51: [csdm_spawn_preset.amxx] No spawn points file found (addons/amxmodx/configs\csdm\aim_map_2010.spawns.cfg)
L 08/14/2025 - 12:23:51: [csdm_main.amxx] CSDM spawn mode set to preset
L 08/14/2025 - 12:31:51: [mapchooser.amxx] Vote: Voting for the nextmap started
L 08/14/2025 - 12:32:06: [mapchooser.amxx] Vote: Voting for the nextmap finished. The nextmap will be aim_sOt
L 08/14/2025 - 12:34:10: -------- Mapchange to aim_sOt --------
L 08/14/2025 - 12:34:10: [csdm_spawn_preset.amxx] No spawn points file found (addons/amxmodx/configs\csdm\aim_sOt.spawns.cfg)
L 08/14/2025 - 12:34:10: [csdm_main.amxx] CSDM spawn mode set to preset
L 08/14/2025 - 12:42:10: [mapchooser.amxx] Vote: Voting for the nextmap started
L 08/14/2025 - 12:42:25: [mapchooser.amxx] Vote: Voting for the nextmap finished. The nextmap will be fy_pool_day
L 08/14/2025 - 12:44:29: -------- Mapchange to fy_pool_day --------
L 08/14/2025 - 12:44:29: [csdm_spawn_preset.amxx] No spawn points file found (addons/amxmodx/configs\csdm\fy_pool_day.spawns.cfg)
L 08/14/2025 - 12:44:29: [csdm_main.amxx] CSDM spawn mode set to preset
L 08/14/2025 - 12:52:29: [mapchooser.amxx] Vote: Voting for the nextmap started
L 08/14/2025 - 12:52:44: [mapchooser.amxx] Vote: Voting for the nextmap finished. The nextmap will be aim_1on1map
L 08/14/2025 - 12:54:49: -------- Mapchange to aim_1on1map --------
L 08/14/2025 - 12:54:49: [csdm_spawn_preset.amxx] No spawn points file found (addons/amxmodx/configs\csdm\aim_1on1map.spawns.cfg)
L 08/14/2025 - 12:54:49: [csdm_main.amxx] CSDM spawn mode set to preset
L 08/14/2025 - 12:59:34: client_disconnected and client_remove forwards have been disabled - check your gamedata files.
L 08/14/2025 - 12:59:34: Binding/Hooking cvars have been disabled - check your gamedata files.
L 08/14/2025 - 12:59:34: -------- Mapchange to aim_map_2010 --------
L 08/14/2025 - 12:59:34: [CSTRIKE] svs global variable is not available
L 08/14/2025 - 12:59:34: [CSTRIKE] sv global variable is not available
L 08/14/2025 - 12:59:34: [csdm_spawn_preset.amxx] No spawn points file found (addons/amxmodx/configs\csdm\aim_map_2010.spawns.cfg)
L 08/14/2025 - 12:59:34: [csdm_main.amxx] CSDM spawn mode set to preset
L 08/14/2025 - 13:00:44: [admin.amxx] Login: "Johannes<5><ID_7dea362b3fac8e00956a4952a3d4><>" became an admin (account "Johannes") (access "abcdefghijklmnopqrstuv") (address "0.0.179.168")
L 08/14/2025 - 13:07:34: [mapchooser.amxx] Vote: Voting for the nextmap started
L 08/14/2025 - 13:07:49: [mapchooser.amxx] Vote: Voting for the nextmap finished. The nextmap will be aim_1on1map
L 08/14/2025 - 13:09:53: -------- Mapchange to aim_1on1map --------
L 08/14/2025 - 13:09:53: [csdm_spawn_preset.amxx] No spawn points file found (addons/amxmodx/configs\csdm\aim_1on1map.spawns.cfg)
L 08/14/2025 - 13:09:53: [csdm_main.amxx] CSDM spawn mode set to preset
L 08/14/2025 - 13:17:53: [mapchooser.amxx] Vote: Voting for the nextmap started
L 08/14/2025 - 13:18:08: [mapchooser.amxx] Vote: Voting for the nextmap finished. The nextmap will be aim_ak_colt_duel
L 08/14/2025 - 13:20:12: -------- Mapchange to aim_ak_colt_duel --------
L 08/14/2025 - 13:20:12: [csdm_spawn_preset.amxx] No spawn points file found (addons/amxmodx/configs\csdm\aim_ak_colt_duel.spawns.cfg)
L 08/14/2025 - 13:20:12: [csdm_main.amxx] CSDM spawn mode set to preset
L 08/14/2025 - 13:28:12: [mapchooser.amxx] Vote: Voting for the nextmap started
L 08/14/2025 - 13:28:27: [mapchooser.amxx] Vote: Voting for the nextmap finished. The nextmap will be aim_DM
L 08/14/2025 - 13:30:31: -------- Mapchange to aim_DM --------
L 08/14/2025 - 13:30:31: [csdm_spawn_preset.amxx] No spawn points file found (addons/amxmodx/configs\csdm\aim_DM.spawns.cfg)
L 08/14/2025 - 13:30:31: [csdm_main.amxx] CSDM spawn mode set to preset
L 08/14/2025 - 13:38:31: [mapchooser.amxx] Vote: Voting for the nextmap started
L 08/14/2025 - 13:38:46: [mapchooser.amxx] Vote: Voting for the nextmap finished. The nextmap will be aim_dust2
L 08/14/2025 - 13:40:51: -------- Mapchange to aim_dust2 --------
L 08/14/2025 - 13:40:51: [csdm_spawn_preset.amxx] No spawn points file found (addons/amxmodx/configs\csdm\aim_dust2.spawns.cfg)
L 08/14/2025 - 13:40:51: [csdm_main.amxx] CSDM spawn mode set to preset
L 08/14/2025 - 13:48:51: [mapchooser.amxx] Vote: Voting for the nextmap started
L 08/14/2025 - 13:49:06: [mapchooser.amxx] Vote: Voting for the nextmap finished. The nextmap will be aim_headshot2
L 08/14/2025 - 13:51:10: -------- Mapchange to aim_headshot2 --------
L 08/14/2025 - 13:51:10: [csdm_spawn_preset.amxx] No spawn points file found (addons/amxmodx/configs\csdm\aim_headshot2.spawns.cfg)
L 08/14/2025 - 13:51:10: [csdm_main.amxx] CSDM spawn mode set to preset
L 08/14/2025 - 13:59:10: [mapchooser.amxx] Vote: Voting for the nextmap started
L 08/14/2025 - 13:59:25: [mapchooser.amxx] Vote: Voting for the nextmap finished. The nextmap will be aim_map_2010
L 08/14/2025 - 14:01:29: -------- Mapchange to aim_map_2010 --------
L 08/14/2025 - 14:01:29: [csdm_spawn_preset.amxx] No spawn points file found (addons/amxmodx/configs\csdm\aim_map_2010.spawns.cfg)
L 08/14/2025 - 14:01:29: [csdm_main.amxx] CSDM spawn mode set to preset
L 08/14/2025 - 14:09:29: [mapchooser.amxx] Vote: Voting for the nextmap started
L 08/14/2025 - 14:09:44: [mapchooser.amxx] Vote: Voting for the nextmap finished. The nextmap will be aim_sOt
L 08/14/2025 - 14:11:48: -------- Mapchange to aim_sOt --------
L 08/14/2025 - 14:11:48: [csdm_spawn_preset.amxx] No spawn points file found (addons/amxmodx/configs\csdm\aim_sOt.spawns.cfg)
L 08/14/2025 - 14:11:48: [csdm_main.amxx] CSDM spawn mode set to preset
L 08/14/2025 - 14:18:09: client_disconnected and client_remove forwards have been disabled - check your gamedata files.
L 08/14/2025 - 14:18:09: Binding/Hooking cvars have been disabled - check your gamedata files.
L 08/14/2025 - 14:18:09: -------- Mapchange to aim_map_2010 --------
L 08/14/2025 - 14:18:09: [CSTRIKE] svs global variable is not available
L 08/14/2025 - 14:18:09: [CSTRIKE] sv global variable is not available
L 08/14/2025 - 14:18:09: [csdm_spawn_preset.amxx] No spawn points file found (addons/amxmodx/configs\csdm\aim_map_2010.spawns.cfg)
L 08/14/2025 - 14:18:09: [csdm_main.amxx] CSDM spawn mode set to preset
L 08/14/2025 - 14:18:52: [admin.amxx] Login: "Johannes<5><ID_7dea362b3fac8e00956a4952a3d4><>" became an admin (account "Johannes") (access "abcdefghijklmnopqrstuv") (address "0.97.165.77")
L 08/14/2025 - 14:19:18: -------- Mapchange to fy_mrvideo --------
L 08/14/2025 - 14:19:18: [csdm_spawn_preset.amxx] No spawn points file found (addons/amxmodx/configs\csdm\fy_mrvideo.spawns.cfg)
L 08/14/2025 - 14:19:18: [csdm_main.amxx] CSDM spawn mode set to preset
L 08/14/2025 - 14:19:19: [admin.amxx] Login: "Johannes<6><ID_7dea362b3fac8e00956a4952a3d4><>" became an admin (account "Johannes") (access "abcdefghijklmnopqrstuv") (address "0.97.165.77")
L 08/14/2025 - 14:21:09: client_disconnected and client_remove forwards have been disabled - check your gamedata files.
L 08/14/2025 - 14:21:09: Binding/Hooking cvars have been disabled - check your gamedata files.
L 08/14/2025 - 14:21:09: -------- Mapchange to aim_map_2010 --------
L 08/14/2025 - 14:21:09: [CSTRIKE] svs global variable is not available
L 08/14/2025 - 14:21:09: [CSTRIKE] sv global variable is not available
L 08/14/2025 - 14:21:09: [csdm_spawn_preset.amxx] No spawn points file found (addons/amxmodx/configs\csdm\aim_map_2010.spawns.cfg)
L 08/14/2025 - 14:21:09: [csdm_main.amxx] CSDM spawn mode set to preset
L 08/14/2025 - 14:28:54: client_disconnected and client_remove forwards have been disabled - check your gamedata files.
L 08/14/2025 - 14:28:54: Binding/Hooking cvars have been disabled - check your gamedata files.
L 08/14/2025 - 14:28:54: -------- Mapchange to aim_map_2010 --------
L 08/14/2025 - 14:28:54: [CSTRIKE] svs global variable is not available
L 08/14/2025 - 14:28:54: [CSTRIKE] sv global variable is not available
L 08/14/2025 - 14:28:54: [csdm_spawn_preset.amxx] No spawn points file found (addons/amxmodx/configs\csdm\aim_map_2010.spawns.cfg)
L 08/14/2025 - 14:28:54: [csdm_main.amxx] CSDM spawn mode set to preset
L 08/14/2025 - 14:30:26: [admin.amxx] Login: "Johannes<5><ID_7dea362b3fac8e00956a4952a3d4><>" became an admin (account "Johannes") (access "abcdefghijklmnopqrstuv") (address "0.28.219.147")
L 08/14/2025 - 14:30:58: -------- Mapchange to fy_simpsons --------
L 08/14/2025 - 14:30:58: [csdm_spawn_preset.amxx] No spawn points file found (addons/amxmodx/configs\csdm\fy_simpsons.spawns.cfg)
L 08/14/2025 - 14:30:58: [csdm_main.amxx] CSDM spawn mode set to preset
L 08/14/2025 - 14:30:58: [admin.amxx] Login: "Johannes<6><ID_7dea362b3fac8e00956a4952a3d4><>" became an admin (account "Johannes") (access "abcdefghijklmnopqrstuv") (address "0.28.219.147")
L 08/14/2025 - 14:32:04: client_disconnected and client_remove forwards have been disabled - check your gamedata files.
L 08/14/2025 - 14:32:04: Binding/Hooking cvars have been disabled - check your gamedata files.
L 08/14/2025 - 14:32:04: -------- Mapchange to aim_map_2010 --------
L 08/14/2025 - 14:32:04: [CSTRIKE] svs global variable is not available
L 08/14/2025 - 14:32:04: [CSTRIKE] sv global variable is not available
L 08/14/2025 - 14:32:05: [csdm_spawn_preset.amxx] No spawn points file found (addons/amxmodx/configs\csdm\aim_map_2010.spawns.cfg)
L 08/14/2025 - 14:32:05: [csdm_main.amxx] CSDM spawn mode set to preset
L 08/14/2025 - 14:40:04: [mapchooser.amxx] Vote: Voting for the nextmap started
L 08/14/2025 - 14:40:20: [mapchooser.amxx] Vote: Voting for the nextmap finished. The nextmap will be aim_1on1map
L 08/14/2025 - 14:42:24: -------- Mapchange to aim_1on1map --------
L 08/14/2025 - 14:42:24: [csdm_spawn_preset.amxx] No spawn points file found (addons/amxmodx/configs\csdm\aim_1on1map.spawns.cfg)
L 08/14/2025 - 14:42:24: [csdm_main.amxx] CSDM spawn mode set to preset
L 08/14/2025 - 14:50:24: [mapchooser.amxx] Vote: Voting for the nextmap started
L 08/14/2025 - 14:50:39: [mapchooser.amxx] Vote: Voting for the nextmap finished. The nextmap will be aim_ak_colt_duel
L 08/14/2025 - 14:52:43: -------- Mapchange to aim_ak_colt_duel --------
L 08/14/2025 - 14:52:43: [csdm_spawn_preset.amxx] No spawn points file found (addons/amxmodx/configs\csdm\aim_ak_colt_duel.spawns.cfg)
L 08/14/2025 - 14:52:43: [csdm_main.amxx] CSDM spawn mode set to preset
L 08/14/2025 - 15:00:43: [mapchooser.amxx] Vote: Voting for the nextmap started
L 08/14/2025 - 15:00:58: [mapchooser.amxx] Vote: Voting for the nextmap finished. The nextmap will be aim_DM
L 08/14/2025 - 15:03:02: -------- Mapchange to aim_DM --------
L 08/14/2025 - 15:03:02: [csdm_spawn_preset.amxx] No spawn points file found (addons/amxmodx/configs\csdm\aim_DM.spawns.cfg)
L 08/14/2025 - 15:03:02: [csdm_main.amxx] CSDM spawn mode set to preset
L 08/14/2025 - 15:11:02: [mapchooser.amxx] Vote: Voting for the nextmap started
L 08/14/2025 - 15:11:17: [mapchooser.amxx] Vote: Voting for the nextmap finished. The nextmap will be aim_dust2
L 08/14/2025 - 15:21:01: client_disconnected and client_remove forwards have been disabled - check your gamedata files.
L 08/14/2025 - 15:21:01: Binding/Hooking cvars have been disabled - check your gamedata files.
L 08/14/2025 - 15:21:01: -------- Mapchange to aim_map_2010 --------
L 08/14/2025 - 15:21:01: [CSTRIKE] svs global variable is not available
L 08/14/2025 - 15:21:01: [CSTRIKE] sv global variable is not available
L 08/14/2025 - 15:21:01: [csdm_spawn_preset.amxx] No spawn points file found (addons/amxmodx/configs\csdm\aim_map_2010.spawns.cfg)
L 08/14/2025 - 15:21:01: [csdm_main.amxx] CSDM spawn mode set to preset
L 08/14/2025 - 15:21:49: [admin.amxx] Login: "Johannes<5><ID_7dea362b3fac8e00956a4952a3d4><>" became an admin (account "Johannes") (access "abcdefghijklmnopqrstuv") (address "0.86.211.162")
L 08/14/2025 - 15:22:16: [admin.amxx] Login: "Johannes<6><ID_7dea362b3fac8e00956a4952a3d4><>" became an admin (account "Johannes") (access "abcdefghijklmnopqrstuv") (address "0.78.63.208")
L 08/14/2025 - 15:23:20: [admin.amxx] Login: "Johannes<7><ID_7dea362b3fac8e00956a4952a3d4><>" became an admin (account "Johannes") (access "abcdefghijklmnopqrstuv") (address "0.44.180.178")
L 08/14/2025 - 15:26:31: client_disconnected and client_remove forwards have been disabled - check your gamedata files.
L 08/14/2025 - 15:26:31: Binding/Hooking cvars have been disabled - check your gamedata files.
L 08/14/2025 - 15:26:31: -------- Mapchange to aim_map_2010 --------
L 08/14/2025 - 15:26:31: [CSTRIKE] svs global variable is not available
L 08/14/2025 - 15:26:31: [CSTRIKE] sv global variable is not available
L 08/14/2025 - 15:26:31: [csdm_spawn_preset.amxx] No spawn points file found (addons/amxmodx/configs\csdm\aim_map_2010.spawns.cfg)
L 08/14/2025 - 15:26:31: [csdm_main.amxx] CSDM spawn mode set to preset
L 08/14/2025 - 15:26:46: [admin.amxx] Login: "Johannes<5><ID_7dea362b3fac8e00956a4952a3d4><>" became an admin (account "Johannes") (access "abcdefghijklmnopqrstuv") (address "0.86.237.192")
L 08/14/2025 - 15:30:09: client_disconnected and client_remove forwards have been disabled - check your gamedata files.
L 08/14/2025 - 15:30:09: Binding/Hooking cvars have been disabled - check your gamedata files.
L 08/14/2025 - 15:30:10: -------- Mapchange to aim_map_2010 --------
L 08/14/2025 - 15:30:10: [CSTRIKE] svs global variable is not available
L 08/14/2025 - 15:30:10: [CSTRIKE] sv global variable is not available
L 08/14/2025 - 15:30:10: [csdm_spawn_preset.amxx] No spawn points file found (addons/amxmodx/configs\csdm\aim_map_2010.spawns.cfg)
L 08/14/2025 - 15:30:10: [csdm_main.amxx] CSDM spawn mode set to preset
L 08/14/2025 - 15:30:25: [admin.amxx] Login: "Johannes<5><ID_7dea362b3fac8e00956a4952a3d4><>" became an admin (account "Johannes") (access "abcdefghijklmnopqrstuv") (address "0.71.81.222")
L 08/14/2025 - 15:30:53: [mapsmenu.amxx] Cmd: "Johannes<5><ID_7dea362b3fac8e00956a4952a3d4><>" changelevel "aim_billard_rats_csz"
L 08/14/2025 - 15:30:56: -------- Mapchange to aim_billard_rats_csz --------
L 08/14/2025 - 15:30:56: [csdm_spawn_preset.amxx] No spawn points file found (addons/amxmodx/configs\csdm\aim_billard_rats_csz.spawns.cfg)
L 08/14/2025 - 15:30:56: [csdm_main.amxx] CSDM spawn mode set to preset
L 08/14/2025 - 15:30:56: [admin.amxx] Login: "Johannes<6><ID_7dea362b3fac8e00956a4952a3d4><>" became an admin (account "Johannes") (access "abcdefghijklmnopqrstuv") (address "0.71.81.222")
L 08/14/2025 - 15:34:34: client_disconnected and client_remove forwards have been disabled - check your gamedata files.
L 08/14/2025 - 15:34:34: Binding/Hooking cvars have been disabled - check your gamedata files.
L 08/14/2025 - 15:34:34: -------- Mapchange to aim_map_2010 --------
L 08/14/2025 - 15:34:34: [CSTRIKE] svs global variable is not available
L 08/14/2025 - 15:34:34: [CSTRIKE] sv global variable is not available
L 08/14/2025 - 15:34:34: [csdm_spawn_preset.amxx] No spawn points file found (addons/amxmodx/configs\csdm\aim_map_2010.spawns.cfg)
L 08/14/2025 - 15:34:34: [csdm_main.amxx] CSDM spawn mode set to preset
L 08/14/2025 - 15:34:51: [admin.amxx] Login: "Johannes<5><ID_7dea362b3fac8e00956a4952a3d4><>" became an admin (account "Johannes") (access "abcdefghijklmnopqrstuv") (address "0.143.126.48")
L 08/14/2025 - 15:35:01: [mapsmenu.amxx] Cmd: "Johannes<5><ID_7dea362b3fac8e00956a4952a3d4><>" changelevel "aim_billard_rats_csz"
L 08/14/2025 - 15:35:04: -------- Mapchange to aim_billard_rats_csz --------
L 08/14/2025 - 15:35:04: [csdm_spawn_preset.amxx] No spawn points file found (addons/amxmodx/configs\csdm\aim_billard_rats_csz.spawns.cfg)
L 08/14/2025 - 15:35:04: [csdm_main.amxx] CSDM spawn mode set to preset
L 08/14/2025 - 15:35:04: [admin.amxx] Login: "Johannes<6><ID_7dea362b3fac8e00956a4952a3d4><>" became an admin (account "Johannes") (access "abcdefghijklmnopqrstuv") (address "0.143.126.48")
L 08/14/2025 - 15:36:29: [mapsmenu.amxx] Cmd: "Johannes<6><ID_7dea362b3fac8e00956a4952a3d4><>" changelevel "aim_rats"
L 08/14/2025 - 15:36:32: -------- Mapchange to aim_rats --------
L 08/14/2025 - 15:36:32: [csdm_spawn_preset.amxx] No spawn points file found (addons/amxmodx/configs\csdm\aim_rats.spawns.cfg)
L 08/14/2025 - 15:36:32: [csdm_main.amxx] CSDM spawn mode set to preset
L 08/14/2025 - 15:36:32: [admin.amxx] Login: "Johannes<10><ID_7dea362b3fac8e00956a4952a3d4><>" became an admin (account "Johannes") (access "abcdefghijklmnopqrstuv") (address "0.143.126.48")
L 08/14/2025 - 15:37:28: [mapsmenu.amxx] Cmd: "Johannes<10><ID_7dea362b3fac8e00956a4952a3d4><>" changelevel "aim_skatepark_csz"
L 08/14/2025 - 15:37:30: -------- Mapchange to aim_skatepark_csz --------
L 08/14/2025 - 15:37:30: [csdm_spawn_preset.amxx] No spawn points file found (addons/amxmodx/configs\csdm\aim_skatepark_csz.spawns.cfg)
L 08/14/2025 - 15:37:30: [csdm_main.amxx] CSDM spawn mode set to preset
L 08/14/2025 - 15:37:30: [admin.amxx] Login: "Johannes<19><ID_7dea362b3fac8e00956a4952a3d4><>" became an admin (account "Johannes") (access "abcdefghijklmnopqrstuv") (address "0.143.126.48")
L 08/14/2025 - 15:39:22: [admin.amxx] Login: "Johannes<29><ID_7dea362b3fac8e00956a4952a3d4><>" became an admin (account "Johannes") (access "abcdefghijklmnopqrstuv") (address "0.32.50.49")
L 08/14/2025 - 15:39:24: client_disconnected and client_remove forwards have been disabled - check your gamedata files.
L 08/14/2025 - 15:39:24: Binding/Hooking cvars have been disabled - check your gamedata files.
L 08/14/2025 - 15:39:24: -------- Mapchange to aim_map_2010 --------
L 08/14/2025 - 15:39:24: [CSTRIKE] svs global variable is not available
L 08/14/2025 - 15:39:24: [CSTRIKE] sv global variable is not available
L 08/14/2025 - 15:39:24: [csdm_spawn_preset.amxx] No spawn points file found (addons/amxmodx/configs\csdm\aim_map_2010.spawns.cfg)
L 08/14/2025 - 15:39:24: [csdm_main.amxx] CSDM spawn mode set to preset
L 08/14/2025 - 15:40:08: [admin.amxx] Login: "Johannes<5><ID_7dea362b3fac8e00956a4952a3d4><>" became an admin (account "Johannes") (access "abcdefghijklmnopqrstuv") (address "0.25.58.218")
L 08/14/2025 - 15:40:16: [mapsmenu.amxx] Cmd: "Johannes<5><ID_7dea362b3fac8e00956a4952a3d4><>" changelevel "aim_skatepark_csz"
L 08/14/2025 - 15:40:18: -------- Mapchange to aim_skatepark_csz --------
L 08/14/2025 - 15:40:18: [csdm_spawn_preset.amxx] No spawn points file found (addons/amxmodx/configs\csdm\aim_skatepark_csz.spawns.cfg)
L 08/14/2025 - 15:40:18: [csdm_main.amxx] CSDM spawn mode set to preset
L 08/14/2025 - 15:40:18: [admin.amxx] Login: "Johannes<6><ID_7dea362b3fac8e00956a4952a3d4><>" became an admin (account "Johannes") (access "abcdefghijklmnopqrstuv") (address "0.25.58.218")
L 08/14/2025 - 15:41:29: [mapsmenu.amxx] Cmd: "Johannes<6><ID_7dea362b3fac8e00956a4952a3d4><>" changelevel "Aim_training"
L 08/14/2025 - 15:41:31: -------- Mapchange to Aim_training --------
L 08/14/2025 - 15:41:31: [csdm_spawn_preset.amxx] No spawn points file found (addons/amxmodx/configs\csdm\Aim_training.spawns.cfg)
L 08/14/2025 - 15:41:31: [csdm_main.amxx] CSDM spawn mode set to preset
L 08/14/2025 - 15:41:31: [admin.amxx] Login: "Johannes<10><ID_7dea362b3fac8e00956a4952a3d4><>" became an admin (account "Johannes") (access "abcdefghijklmnopqrstuv") (address "0.25.58.218")
L 08/14/2025 - 15:42:28: [mapsmenu.amxx] Cmd: "Johannes<10><ID_7dea362b3fac8e00956a4952a3d4><>" changelevel "dm_mcc12"
L 08/14/2025 - 15:42:30: -------- Mapchange to dm_mcc12 --------
L 08/14/2025 - 15:42:30: [csdm_spawn_preset.amxx] No spawn points file found (addons/amxmodx/configs\csdm\dm_mcc12.spawns.cfg)
L 08/14/2025 - 15:42:30: [csdm_main.amxx] CSDM spawn mode set to preset
L 08/14/2025 - 15:42:31: [admin.amxx] Login: "Johannes<18><ID_7dea362b3fac8e00956a4952a3d4><>" became an admin (account "Johannes") (access "abcdefghijklmnopqrstuv") (address "0.25.58.218")
L 08/14/2025 - 15:43:31: client_disconnected and client_remove forwards have been disabled - check your gamedata files.
L 08/14/2025 - 15:43:31: Binding/Hooking cvars have been disabled - check your gamedata files.
L 08/14/2025 - 15:43:31: -------- Mapchange to aim_map_2010 --------
L 08/14/2025 - 15:43:31: [CSTRIKE] svs global variable is not available
L 08/14/2025 - 15:43:31: [CSTRIKE] sv global variable is not available
L 08/14/2025 - 15:43:31: [csdm_spawn_preset.amxx] No spawn points file found (addons/amxmodx/configs\csdm\aim_map_2010.spawns.cfg)
L 08/14/2025 - 15:43:31: [csdm_main.amxx] CSDM spawn mode set to preset
L 08/14/2025 - 15:43:47: [admin.amxx] Login: "Johannes<5><ID_7dea362b3fac8e00956a4952a3d4><>" became an admin (account "Johannes") (access "abcdefghijklmnopqrstuv") (address "0.23.27.71")
L 08/14/2025 - 15:44:02: [mapsmenu.amxx] Cmd: "Johannes<5><ID_7dea362b3fac8e00956a4952a3d4><>" changelevel "dm_mcc12"
L 08/14/2025 - 15:44:04: -------- Mapchange to dm_mcc12 --------
L 08/14/2025 - 15:44:04: [csdm_spawn_preset.amxx] No spawn points file found (addons/amxmodx/configs\csdm\dm_mcc12.spawns.cfg)
L 08/14/2025 - 15:44:04: [csdm_main.amxx] CSDM spawn mode set to preset
L 08/14/2025 - 15:44:04: [admin.amxx] Login: "Johannes<6><ID_7dea362b3fac8e00956a4952a3d4><>" became an admin (account "Johannes") (access "abcdefghijklmnopqrstuv") (address "0.23.27.71")
L 08/14/2025 - 15:44:45: client_disconnected and client_remove forwards have been disabled - check your gamedata files.
L 08/14/2025 - 15:44:45: Binding/Hooking cvars have been disabled - check your gamedata files.
L 08/14/2025 - 15:44:45: -------- Mapchange to aim_map_2010 --------
L 08/14/2025 - 15:44:45: [CSTRIKE] svs global variable is not available
L 08/14/2025 - 15:44:45: [CSTRIKE] sv global variable is not available
L 08/14/2025 - 15:44:45: [csdm_spawn_preset.amxx] No spawn points file found (addons/amxmodx/configs\csdm\aim_map_2010.spawns.cfg)
L 08/14/2025 - 15:44:45: [csdm_main.amxx] CSDM spawn mode set to preset
L 08/14/2025 - 15:45:02: [admin.amxx] Login: "Johannes<5><ID_7dea362b3fac8e00956a4952a3d4><>" became an admin (account "Johannes") (access "abcdefghijklmnopqrstuv") (address "0.218.113.79")
L 08/14/2025 - 15:45:13: [mapsmenu.amxx] Cmd: "Johannes<5><ID_7dea362b3fac8e00956a4952a3d4><>" changelevel "fy_iceworld"
L 08/14/2025 - 15:45:15: -------- Mapchange to fy_iceworld --------
L 08/14/2025 - 15:45:15: [csdm_spawn_preset.amxx] Loaded 11 spawn points for map fy_iceworld.
L 08/14/2025 - 15:45:15: [csdm_main.amxx] CSDM spawn mode set to preset
L 08/14/2025 - 15:45:16: [admin.amxx] Login: "Johannes<6><ID_7dea362b3fac8e00956a4952a3d4><>" became an admin (account "Johannes") (access "abcdefghijklmnopqrstuv") (address "0.218.113.79")
L 08/14/2025 - 15:45:55: [mapsmenu.amxx] Cmd: "Johannes<6><ID_7dea362b3fac8e00956a4952a3d4><>" changelevel "fy_mario"
L 08/14/2025 - 15:45:57: -------- Mapchange to fy_mario --------
L 08/14/2025 - 15:45:57: [csdm_spawn_preset.amxx] No spawn points file found (addons/amxmodx/configs\csdm\fy_mario.spawns.cfg)
L 08/14/2025 - 15:45:57: [csdm_main.amxx] CSDM spawn mode set to preset
L 08/14/2025 - 15:45:57: [admin.amxx] Login: "Johannes<15><ID_7dea362b3fac8e00956a4952a3d4><>" became an admin (account "Johannes") (access "abcdefghijklmnopqrstuv") (address "0.218.113.79")
L 08/14/2025 - 15:46:37: [mapsmenu.amxx] Cmd: "Johannes<15><ID_7dea362b3fac8e00956a4952a3d4><>" changelevel "fy_nuketown"
L 08/14/2025 - 15:46:39: -------- Mapchange to fy_nuketown --------
L 08/14/2025 - 15:46:39: [csdm_spawn_preset.amxx] No spawn points file found (addons/amxmodx/configs\csdm\fy_nuketown.spawns.cfg)
L 08/14/2025 - 15:46:39: [csdm_main.amxx] CSDM spawn mode set to preset
L 08/14/2025 - 15:46:39: [admin.amxx] Login: "Johannes<24><ID_7dea362b3fac8e00956a4952a3d4><>" became an admin (account "Johannes") (access "abcdefghijklmnopqrstuv") (address "0.218.113.79")
L 08/14/2025 - 15:47:43: [admin.amxx] Login: "Johannes<34><ID_7dea362b3fac8e00956a4952a3d4><>" became an admin (account "Johannes") (access "abcdefghijklmnopqrstuv") (address "0.85.20.58")
L 08/14/2025 - 15:47:45: client_disconnected and client_remove forwards have been disabled - check your gamedata files.
L 08/14/2025 - 15:47:45: Binding/Hooking cvars have been disabled - check your gamedata files.
L 08/14/2025 - 15:47:45: -------- Mapchange to aim_map_2010 --------
L 08/14/2025 - 15:47:45: [CSTRIKE] svs global variable is not available
L 08/14/2025 - 15:47:45: [CSTRIKE] sv global variable is not available
L 08/14/2025 - 15:47:45: [csdm_spawn_preset.amxx] No spawn points file found (addons/amxmodx/configs\csdm\aim_map_2010.spawns.cfg)
L 08/14/2025 - 15:47:45: [csdm_main.amxx] CSDM spawn mode set to preset
L 08/14/2025 - 15:48:18: [admin.amxx] Login: "Johannes<5><ID_7dea362b3fac8e00956a4952a3d4><>" became an admin (account "Johannes") (access "abcdefghijklmnopqrstuv") (address "0.227.43.150")
L 08/14/2025 - 15:48:24: [mapsmenu.amxx] Cmd: "Johannes<5><ID_7dea362b3fac8e00956a4952a3d4><>" changelevel "fy_nuketown"
L 08/14/2025 - 15:48:26: -------- Mapchange to fy_nuketown --------
L 08/14/2025 - 15:48:26: [csdm_spawn_preset.amxx] No spawn points file found (addons/amxmodx/configs\csdm\fy_nuketown.spawns.cfg)
L 08/14/2025 - 15:48:26: [csdm_main.amxx] CSDM spawn mode set to preset
L 08/14/2025 - 15:48:26: [admin.amxx] Login: "Johannes<6><ID_7dea362b3fac8e00956a4952a3d4><>" became an admin (account "Johannes") (access "abcdefghijklmnopqrstuv") (address "0.227.43.150")
L 08/14/2025 - 15:49:00: [admin.amxx] Login: "Johannes<11><ID_7dea362b3fac8e00956a4952a3d4><>" became an admin (account "Johannes") (access "abcdefghijklmnopqrstuv") (address "0.247.229.165")
L 08/14/2025 - 15:50:52: client_disconnected and client_remove forwards have been disabled - check your gamedata files.
L 08/14/2025 - 15:50:52: Binding/Hooking cvars have been disabled - check your gamedata files.
L 08/14/2025 - 15:50:52: -------- Mapchange to aim_map_2010 --------
L 08/14/2025 - 15:50:52: [CSTRIKE] svs global variable is not available
L 08/14/2025 - 15:50:52: [CSTRIKE] sv global variable is not available
L 08/14/2025 - 15:50:53: [csdm_spawn_preset.amxx] No spawn points file found (addons/amxmodx/configs\csdm\aim_map_2010.spawns.cfg)
L 08/14/2025 - 15:50:53: [csdm_main.amxx] CSDM spawn mode set to preset
L 08/14/2025 - 15:51:21: [admin.amxx] Login: "Johannes<5><ID_7dea362b3fac8e00956a4952a3d4><>" became an admin (account "Johannes") (access "abcdefghijklmnopqrstuv") (address "0.83.198.228")
L 08/14/2025 - 15:51:30: [mapsmenu.amxx] Cmd: "Johannes<5><ID_7dea362b3fac8e00956a4952a3d4><>" changelevel "fy_simpsons_house"
L 08/14/2025 - 15:51:33: -------- Mapchange to fy_simpsons_house --------
L 08/14/2025 - 15:51:33: [csdm_spawn_preset.amxx] No spawn points file found (addons/amxmodx/configs\csdm\fy_simpsons_house.spawns.cfg)
L 08/14/2025 - 15:51:33: [csdm_main.amxx] CSDM spawn mode set to preset
L 08/14/2025 - 15:51:33: [admin.amxx] Login: "Johannes<6><ID_7dea362b3fac8e00956a4952a3d4><>" became an admin (account "Johannes") (access "abcdefghijklmnopqrstuv") (address "0.83.198.228")
L 08/14/2025 - 15:54:01: [admin.amxx] Login: "Johannes<16><ID_7dea362b3fac8e00956a4952a3d4><>" became an admin (account "Johannes") (access "abcdefghijklmnopqrstuv") (address "0.220.166.225")
L 08/14/2025 - 15:54:03: client_disconnected and client_remove forwards have been disabled - check your gamedata files.
L 08/14/2025 - 15:54:03: Binding/Hooking cvars have been disabled - check your gamedata files.
L 08/14/2025 - 15:54:03: -------- Mapchange to aim_map_2010 --------
L 08/14/2025 - 15:54:03: [CSTRIKE] svs global variable is not available
L 08/14/2025 - 15:54:03: [CSTRIKE] sv global variable is not available
L 08/14/2025 - 15:54:04: [csdm_spawn_preset.amxx] No spawn points file found (addons/amxmodx/configs\csdm\aim_map_2010.spawns.cfg)
L 08/14/2025 - 15:54:04: [csdm_main.amxx] CSDM spawn mode set to preset
L 08/14/2025 - 15:54:34: client_disconnected and client_remove forwards have been disabled - check your gamedata files.
L 08/14/2025 - 15:54:34: Binding/Hooking cvars have been disabled - check your gamedata files.
L 08/14/2025 - 15:54:34: -------- Mapchange to aim_map_2010 --------
L 08/14/2025 - 15:54:34: [CSTRIKE] svs global variable is not available
L 08/14/2025 - 15:54:34: [CSTRIKE] sv global variable is not available
L 08/14/2025 - 15:54:34: [csdm_spawn_preset.amxx] No spawn points file found (addons/amxmodx/configs\csdm\aim_map_2010.spawns.cfg)
L 08/14/2025 - 15:54:34: [csdm_main.amxx] CSDM spawn mode set to preset
L 08/14/2025 - 16:02:34: [mapchooser.amxx] Vote: Voting for the nextmap started
L 08/14/2025 - 16:02:49: [mapchooser.amxx] Vote: Voting for the nextmap finished. The nextmap will be aim_1on1map
L 08/14/2025 - 16:04:53: -------- Mapchange to aim_1on1map --------
L 08/14/2025 - 16:04:53: [csdm_spawn_preset.amxx] No spawn points file found (addons/amxmodx/configs\csdm\aim_1on1map.spawns.cfg)
L 08/14/2025 - 16:04:53: [csdm_main.amxx] CSDM spawn mode set to preset
L 08/14/2025 - 16:12:53: [mapchooser.amxx] Vote: Voting for the nextmap started
L 08/14/2025 - 16:13:09: [mapchooser.amxx] Vote: Voting for the nextmap finished. The nextmap will be aim_ak_colt_duel
L 08/14/2025 - 16:15:13: -------- Mapchange to aim_ak_colt_duel --------
L 08/14/2025 - 16:15:13: [csdm_spawn_preset.amxx] No spawn points file found (addons/amxmodx/configs\csdm\aim_ak_colt_duel.spawns.cfg)
L 08/14/2025 - 16:15:13: [csdm_main.amxx] CSDM spawn mode set to preset
L 08/14/2025 - 16:23:13: [mapchooser.amxx] Vote: Voting for the nextmap started
L 08/14/2025 - 16:23:28: [mapchooser.amxx] Vote: Voting for the nextmap finished. The nextmap will be aim_billard_rats_csz
L 08/14/2025 - 16:25:32: -------- Mapchange to aim_billard_rats_csz --------
L 08/14/2025 - 16:25:32: [csdm_spawn_preset.amxx] No spawn points file found (addons/amxmodx/configs\csdm\aim_billard_rats_csz.spawns.cfg)
L 08/14/2025 - 16:25:32: [csdm_main.amxx] CSDM spawn mode set to preset
L 08/14/2025 - 16:33:32: [mapchooser.amxx] Vote: Voting for the nextmap started
L 08/14/2025 - 16:33:47: [mapchooser.amxx] Vote: Voting for the nextmap finished. The nextmap will be aim_DM
L 08/14/2025 - 16:35:51: -------- Mapchange to aim_DM --------
L 08/14/2025 - 16:35:51: [csdm_spawn_preset.amxx] No spawn points file found (addons/amxmodx/configs\csdm\aim_DM.spawns.cfg)
L 08/14/2025 - 16:35:51: [csdm_main.amxx] CSDM spawn mode set to preset
L 08/14/2025 - 16:43:51: [mapchooser.amxx] Vote: Voting for the nextmap started
L 08/14/2025 - 16:44:06: [mapchooser.amxx] Vote: Voting for the nextmap finished. The nextmap will be aim_dust2
L 08/14/2025 - 16:46:10: -------- Mapchange to aim_dust2 --------
L 08/14/2025 - 16:46:10: [csdm_spawn_preset.amxx] No spawn points file found (addons/amxmodx/configs\csdm\aim_dust2.spawns.cfg)
L 08/14/2025 - 16:46:10: [csdm_main.amxx] CSDM spawn mode set to preset
L 08/14/2025 - 16:54:10: [mapchooser.amxx] Vote: Voting for the nextmap started
L 08/14/2025 - 16:54:25: [mapchooser.amxx] Vote: Voting for the nextmap finished. The nextmap will be aim_headshot2
L 08/14/2025 - 16:56:29: -------- Mapchange to aim_headshot2 --------
L 08/14/2025 - 16:56:29: [csdm_spawn_preset.amxx] No spawn points file found (addons/amxmodx/configs\csdm\aim_headshot2.spawns.cfg)
L 08/14/2025 - 16:56:29: [csdm_main.amxx] CSDM spawn mode set to preset
L 08/14/2025 - 17:04:29: [mapchooser.amxx] Vote: Voting for the nextmap started
L 08/14/2025 - 17:04:44: [mapchooser.amxx] Vote: Voting for the nextmap finished. The nextmap will be aim_map_2010
L 08/14/2025 - 17:06:48: -------- Mapchange to aim_map_2010 --------
L 08/14/2025 - 17:06:48: [csdm_spawn_preset.amxx] No spawn points file found (addons/amxmodx/configs\csdm\aim_map_2010.spawns.cfg)
L 08/14/2025 - 17:06:48: [csdm_main.amxx] CSDM spawn mode set to preset
L 08/14/2025 - 17:14:48: [mapchooser.amxx] Vote: Voting for the nextmap started
L 08/14/2025 - 17:15:04: [mapchooser.amxx] Vote: Voting for the nextmap finished. The nextmap will be aim_sOt
L 08/14/2025 - 17:17:08: -------- Mapchange to aim_sOt --------
L 08/14/2025 - 17:17:08: [csdm_spawn_preset.amxx] No spawn points file found (addons/amxmodx/configs\csdm\aim_sOt.spawns.cfg)
L 08/14/2025 - 17:17:08: [csdm_main.amxx] CSDM spawn mode set to preset
L 08/14/2025 - 17:25:08: [mapchooser.amxx] Vote: Voting for the nextmap started
L 08/14/2025 - 17:25:23: [mapchooser.amxx] Vote: Voting for the nextmap finished. The nextmap will be aim_rats
L 08/14/2025 - 17:27:27: -------- Mapchange to aim_rats --------
L 08/14/2025 - 17:27:27: [csdm_spawn_preset.amxx] No spawn points file found (addons/amxmodx/configs\csdm\aim_rats.spawns.cfg)
L 08/14/2025 - 17:27:27: [csdm_main.amxx] CSDM spawn mode set to preset
L 08/14/2025 - 17:35:27: [mapchooser.amxx] Vote: Voting for the nextmap started
L 08/14/2025 - 17:35:42: [mapchooser.amxx] Vote: Voting for the nextmap finished. The nextmap will be aim_skatepark_csz
L 08/14/2025 - 17:37:46: -------- Mapchange to aim_skatepark_csz --------
L 08/14/2025 - 17:37:46: [csdm_spawn_preset.amxx] No spawn points file found (addons/amxmodx/configs\csdm\aim_skatepark_csz.spawns.cfg)
L 08/14/2025 - 17:37:46: [csdm_main.amxx] CSDM spawn mode set to preset
L 08/14/2025 - 17:45:46: [mapchooser.amxx] Vote: Voting for the nextmap started
L 08/14/2025 - 17:46:01: [mapchooser.amxx] Vote: Voting for the nextmap finished. The nextmap will be Aim_training
L 08/14/2025 - 17:48:05: -------- Mapchange to Aim_training --------
L 08/14/2025 - 17:48:05: [csdm_spawn_preset.amxx] No spawn points file found (addons/amxmodx/configs\csdm\Aim_training.spawns.cfg)
L 08/14/2025 - 17:48:05: [csdm_main.amxx] CSDM spawn mode set to preset
L 08/14/2025 - 21:10:20: [mapchooser.amxx] Vote: Voting for the nextmap started
L 08/14/2025 - 21:10:35: [mapchooser.amxx] Vote: Voting for the nextmap finished. The nextmap will be dm_mcc12
L 08/14/2025 - 21:39:50: [mapchooser.amxx] Vote: Voting for the nextmap started
L 08/14/2025 - 21:40:05: [mapchooser.amxx] Vote: Voting for the nextmap finished. The nextmap will be dm_mcc12
L 08/14/2025 - 21:41:57: -------- Mapchange to dm_mcc12 --------
L 08/14/2025 - 21:41:57: [csdm_spawn_preset.amxx] No spawn points file found (addons/amxmodx/configs\csdm\dm_mcc12.spawns.cfg)
L 08/14/2025 - 21:41:57: [csdm_main.amxx] CSDM spawn mode set to preset
L 08/14/2025 - 21:49:57: [mapchooser.amxx] Vote: Voting for the nextmap started
L 08/14/2025 - 21:50:12: [mapchooser.amxx] Vote: Voting for the nextmap finished. The nextmap will be fy_iceworld
L 08/14/2025 - 21:52:17: -------- Mapchange to fy_iceworld --------
L 08/14/2025 - 21:52:17: [csdm_spawn_preset.amxx] Loaded 11 spawn points for map fy_iceworld.
L 08/14/2025 - 21:52:17: [csdm_main.amxx] CSDM spawn mode set to preset
L 08/14/2025 - 22:00:17: [mapchooser.amxx] Vote: Voting for the nextmap started
L 08/14/2025 - 22:00:32: [mapchooser.amxx] Vote: Voting for the nextmap finished. The nextmap will be fy_mario
L 08/14/2025 - 22:02:36: -------- Mapchange to fy_mario --------
L 08/14/2025 - 22:02:36: [csdm_spawn_preset.amxx] No spawn points file found (addons/amxmodx/configs\csdm\fy_mario.spawns.cfg)
L 08/14/2025 - 22:02:36: [csdm_main.amxx] CSDM spawn mode set to preset
L 08/14/2025 - 22:10:36: [mapchooser.amxx] Vote: Voting for the nextmap started
L 08/14/2025 - 22:10:51: [mapchooser.amxx] Vote: Voting for the nextmap finished. The nextmap will be fy_mrvideo
L 08/14/2025 - 22:12:55: -------- Mapchange to fy_mrvideo --------
L 08/14/2025 - 22:12:55: [csdm_spawn_preset.amxx] No spawn points file found (addons/amxmodx/configs\csdm\fy_mrvideo.spawns.cfg)
L 08/14/2025 - 22:12:55: [csdm_main.amxx] CSDM spawn mode set to preset
L 08/14/2025 - 22:20:55: [mapchooser.amxx] Vote: Voting for the nextmap started
L 08/14/2025 - 22:21:10: [mapchooser.amxx] Vote: Voting for the nextmap finished. The nextmap will be fy_nuketown
L 08/14/2025 - 22:23:14: -------- Mapchange to fy_nuketown --------
L 08/14/2025 - 22:23:14: [csdm_spawn_preset.amxx] No spawn points file found (addons/amxmodx/configs\csdm\fy_nuketown.spawns.cfg)
L 08/14/2025 - 22:23:14: [csdm_main.amxx] CSDM spawn mode set to preset
L 08/14/2025 - 22:31:14: [mapchooser.amxx] Vote: Voting for the nextmap started
L 08/14/2025 - 22:31:29: [mapchooser.amxx] Vote: Voting for the nextmap finished. The nextmap will be fy_simpsons
L 08/14/2025 - 22:33:33: -------- Mapchange to fy_simpsons --------
L 08/14/2025 - 22:33:33: [csdm_spawn_preset.amxx] No spawn points file found (addons/amxmodx/configs\csdm\fy_simpsons.spawns.cfg)
L 08/14/2025 - 22:33:33: [csdm_main.amxx] CSDM spawn mode set to preset
L 08/14/2025 - 22:41:33: [mapchooser.amxx] Vote: Voting for the nextmap started
L 08/14/2025 - 22:41:48: [mapchooser.amxx] Vote: Voting for the nextmap finished. The nextmap will be fy_simpsons_house
L 08/14/2025 - 22:43:52: -------- Mapchange to fy_simpsons_house --------
L 08/14/2025 - 22:43:52: [csdm_spawn_preset.amxx] No spawn points file found (addons/amxmodx/configs\csdm\fy_simpsons_house.spawns.cfg)
L 08/14/2025 - 22:43:52: [csdm_main.amxx] CSDM spawn mode set to preset
L 08/14/2025 - 22:51:52: [mapchooser.amxx] Vote: Voting for the nextmap started
L 08/14/2025 - 22:52:08: [mapchooser.amxx] Vote: Voting for the nextmap finished. The nextmap will be fy_snow
L 08/14/2025 - 22:54:12: -------- Mapchange to fy_snow --------
L 08/14/2025 - 22:54:12: [csdm_spawn_preset.amxx] No spawn points file found (addons/amxmodx/configs\csdm\fy_snow.spawns.cfg)
L 08/14/2025 - 22:54:12: [csdm_main.amxx] CSDM spawn mode set to preset
L 08/14/2025 - 23:02:42: [mapchooser.amxx] Vote: Voting for the nextmap started
L 08/14/2025 - 23:02:57: [mapchooser.amxx] Vote: Voting for the nextmap finished. The nextmap will be fy_spongebob
L 08/14/2025 - 23:04:49: -------- Mapchange to fy_spongebob --------
L 08/14/2025 - 23:04:50: [csdm_spawn_preset.amxx] No spawn points file found (addons/amxmodx/configs\csdm\fy_spongebob.spawns.cfg)
L 08/14/2025 - 23:04:50: [csdm_main.amxx] CSDM spawn mode set to preset
L 08/14/2025 - 23:13:05: [mapchooser.amxx] Vote: Voting for the nextmap started
L 08/14/2025 - 23:13:20: [mapchooser.amxx] Vote: Voting for the nextmap finished. The nextmap will be fy_pool_day
L 08/14/2025 - 23:15:18: -------- Mapchange to fy_pool_day --------
L 08/14/2025 - 23:15:18: [csdm_spawn_preset.amxx] No spawn points file found (addons/amxmodx/configs\csdm\fy_pool_day.spawns.cfg)
L 08/14/2025 - 23:15:18: [csdm_main.amxx] CSDM spawn mode set to preset
L 08/14/2025 - 23:23:18: [mapchooser.amxx] Vote: Voting for the nextmap started
L 08/14/2025 - 23:23:33: [mapchooser.amxx] Vote: Voting for the nextmap finished. The nextmap will be gg_ak-colt_palm_beach
L 08/14/2025 - 23:25:37: -------- Mapchange to gg_ak-colt_palm_beach --------
L 08/14/2025 - 23:25:37: [csdm_spawn_preset.amxx] No spawn points file found (addons/amxmodx/configs\csdm\gg_ak-colt_palm_beach.spawns.cfg)
L 08/14/2025 - 23:25:37: [csdm_main.amxx] CSDM spawn mode set to preset
L 08/14/2025 - 23:34:08: [mapchooser.amxx] Vote: Voting for the nextmap started
L 08/14/2025 - 23:34:23: [mapchooser.amxx] Vote: Voting for the nextmap finished. The nextmap will be gg_minecraft
L 08/14/2025 - 23:36:18: -------- Mapchange to gg_minecraft --------
L 08/14/2025 - 23:36:18: [csdm_spawn_preset.amxx] No spawn points file found (addons/amxmodx/configs\csdm\gg_minecraft.spawns.cfg)
L 08/14/2025 - 23:36:18: [csdm_main.amxx] CSDM spawn mode set to preset
