L 08/13/2025 - 00:02:35: [mapchooser.amxx] Vote: Voting for the nextmap started
L 08/13/2025 - 00:02:50: [mapchooser.amxx] Vote: Voting for the nextmap finished. The nextmap will be aim_dust2
L 08/13/2025 - 00:04:54: -------- Mapchange to aim_dust2 --------
L 08/13/2025 - 00:04:54: [csdm_spawn_preset.amxx] No spawn points file found (addons/amxmodx/configs\csdm\aim_dust2.spawns.cfg)
L 08/13/2025 - 00:04:54: [csdm_main.amxx] CSDM spawn mode set to preset
L 08/13/2025 - 00:12:54: [mapchooser.amxx] Vote: Voting for the nextmap started
L 08/13/2025 - 00:13:09: [mapchooser.amxx] Vote: Voting for the nextmap finished. The nextmap will be aim_headshot2
L 08/13/2025 - 00:15:13: -------- Mapchange to aim_headshot2 --------
L 08/13/2025 - 00:15:13: [csdm_spawn_preset.amxx] No spawn points file found (addons/amxmodx/configs\csdm\aim_headshot2.spawns.cfg)
L 08/13/2025 - 00:15:13: [csdm_main.amxx] CSDM spawn mode set to preset
L 08/13/2025 - 00:23:13: [mapchooser.amxx] Vote: Voting for the nextmap started
L 08/13/2025 - 00:23:29: [mapchooser.amxx] Vote: Voting for the nextmap finished. The nextmap will be aim_map_2010
L 08/13/2025 - 00:25:33: -------- Mapchange to aim_map_2010 --------
L 08/13/2025 - 00:25:33: [csdm_spawn_preset.amxx] No spawn points file found (addons/amxmodx/configs\csdm\aim_map_2010.spawns.cfg)
L 08/13/2025 - 00:25:33: [csdm_main.amxx] CSDM spawn mode set to preset
L 08/13/2025 - 00:33:33: [mapchooser.amxx] Vote: Voting for the nextmap started
L 08/13/2025 - 00:33:48: [mapchooser.amxx] Vote: Voting for the nextmap finished. The nextmap will be aim_sOt
L 08/13/2025 - 00:35:52: -------- Mapchange to aim_sOt --------
L 08/13/2025 - 00:35:52: [csdm_spawn_preset.amxx] No spawn points file found (addons/amxmodx/configs\csdm\aim_sOt.spawns.cfg)
L 08/13/2025 - 00:35:52: [csdm_main.amxx] CSDM spawn mode set to preset
L 08/13/2025 - 00:43:52: [mapchooser.amxx] Vote: Voting for the nextmap started
L 08/13/2025 - 00:44:07: [mapchooser.amxx] Vote: Voting for the nextmap finished. The nextmap will be fy_pool_day
L 08/13/2025 - 00:46:11: -------- Mapchange to fy_pool_day --------
L 08/13/2025 - 00:46:11: [csdm_spawn_preset.amxx] No spawn points file found (addons/amxmodx/configs\csdm\fy_pool_day.spawns.cfg)
L 08/13/2025 - 00:46:11: [csdm_main.amxx] CSDM spawn mode set to preset
L 08/13/2025 - 00:54:11: [mapchooser.amxx] Vote: Voting for the nextmap started
L 08/13/2025 - 00:54:26: [mapchooser.amxx] Vote: Voting for the nextmap finished. The nextmap will be aim_1on1map
L 08/13/2025 - 00:56:30: -------- Mapchange to aim_1on1map --------
L 08/13/2025 - 00:56:30: [csdm_spawn_preset.amxx] No spawn points file found (addons/amxmodx/configs\csdm\aim_1on1map.spawns.cfg)
L 08/13/2025 - 00:56:30: [csdm_main.amxx] CSDM spawn mode set to preset
L 08/13/2025 - 01:04:30: [mapchooser.amxx] Vote: Voting for the nextmap started
L 08/13/2025 - 01:04:45: [mapchooser.amxx] Vote: Voting for the nextmap finished. The nextmap will be aim_ak_colt_duel
L 08/13/2025 - 01:06:49: -------- Mapchange to aim_ak_colt_duel --------
L 08/13/2025 - 01:06:49: [csdm_spawn_preset.amxx] No spawn points file found (addons/amxmodx/configs\csdm\aim_ak_colt_duel.spawns.cfg)
L 08/13/2025 - 01:06:49: [csdm_main.amxx] CSDM spawn mode set to preset
L 08/13/2025 - 01:14:49: [mapchooser.amxx] Vote: Voting for the nextmap started
L 08/13/2025 - 01:15:04: [mapchooser.amxx] Vote: Voting for the nextmap finished. The nextmap will be aim_DM
L 08/13/2025 - 01:17:08: -------- Mapchange to aim_DM --------
L 08/13/2025 - 01:17:08: [csdm_spawn_preset.amxx] No spawn points file found (addons/amxmodx/configs\csdm\aim_DM.spawns.cfg)
L 08/13/2025 - 01:17:08: [csdm_main.amxx] CSDM spawn mode set to preset
L 08/13/2025 - 01:25:08: [mapchooser.amxx] Vote: Voting for the nextmap started
L 08/13/2025 - 01:25:23: [mapchooser.amxx] Vote: Voting for the nextmap finished. The nextmap will be aim_dust2
L 08/13/2025 - 01:27:27: -------- Mapchange to aim_dust2 --------
L 08/13/2025 - 01:27:27: [csdm_spawn_preset.amxx] No spawn points file found (addons/amxmodx/configs\csdm\aim_dust2.spawns.cfg)
L 08/13/2025 - 01:27:27: [csdm_main.amxx] CSDM spawn mode set to preset
L 08/13/2025 - 01:35:28: [mapchooser.amxx] Vote: Voting for the nextmap started
L 08/13/2025 - 01:35:43: [mapchooser.amxx] Vote: Voting for the nextmap finished. The nextmap will be aim_headshot2
L 08/13/2025 - 01:37:47: -------- Mapchange to aim_headshot2 --------
L 08/13/2025 - 01:37:47: [csdm_spawn_preset.amxx] No spawn points file found (addons/amxmodx/configs\csdm\aim_headshot2.spawns.cfg)
L 08/13/2025 - 01:37:47: [csdm_main.amxx] CSDM spawn mode set to preset
L 08/13/2025 - 01:45:47: [mapchooser.amxx] Vote: Voting for the nextmap started
L 08/13/2025 - 01:46:02: [mapchooser.amxx] Vote: Voting for the nextmap finished. The nextmap will be aim_map_2010
L 08/13/2025 - 01:48:06: -------- Mapchange to aim_map_2010 --------
L 08/13/2025 - 01:48:06: [csdm_spawn_preset.amxx] No spawn points file found (addons/amxmodx/configs\csdm\aim_map_2010.spawns.cfg)
L 08/13/2025 - 01:48:06: [csdm_main.amxx] CSDM spawn mode set to preset
L 08/13/2025 - 01:56:06: [mapchooser.amxx] Vote: Voting for the nextmap started
L 08/13/2025 - 01:56:21: [mapchooser.amxx] Vote: Voting for the nextmap finished. The nextmap will be aim_sOt
L 08/13/2025 - 01:58:25: -------- Mapchange to aim_sOt --------
L 08/13/2025 - 01:58:25: [csdm_spawn_preset.amxx] No spawn points file found (addons/amxmodx/configs\csdm\aim_sOt.spawns.cfg)
L 08/13/2025 - 01:58:25: [csdm_main.amxx] CSDM spawn mode set to preset
L 08/13/2025 - 02:06:25: [mapchooser.amxx] Vote: Voting for the nextmap started
L 08/13/2025 - 02:06:40: [mapchooser.amxx] Vote: Voting for the nextmap finished. The nextmap will be fy_pool_day
L 08/13/2025 - 02:08:44: -------- Mapchange to fy_pool_day --------
L 08/13/2025 - 02:08:44: [csdm_spawn_preset.amxx] No spawn points file found (addons/amxmodx/configs\csdm\fy_pool_day.spawns.cfg)
L 08/13/2025 - 02:08:44: [csdm_main.amxx] CSDM spawn mode set to preset
L 08/13/2025 - 02:16:44: [mapchooser.amxx] Vote: Voting for the nextmap started
L 08/13/2025 - 02:16:59: [mapchooser.amxx] Vote: Voting for the nextmap finished. The nextmap will be aim_1on1map
L 08/13/2025 - 02:19:03: -------- Mapchange to aim_1on1map --------
L 08/13/2025 - 02:19:03: [csdm_spawn_preset.amxx] No spawn points file found (addons/amxmodx/configs\csdm\aim_1on1map.spawns.cfg)
L 08/13/2025 - 02:19:03: [csdm_main.amxx] CSDM spawn mode set to preset
L 08/13/2025 - 02:27:03: [mapchooser.amxx] Vote: Voting for the nextmap started
L 08/13/2025 - 02:27:18: [mapchooser.amxx] Vote: Voting for the nextmap finished. The nextmap will be aim_ak_colt_duel
L 08/13/2025 - 02:29:22: -------- Mapchange to aim_ak_colt_duel --------
L 08/13/2025 - 02:29:22: [csdm_spawn_preset.amxx] No spawn points file found (addons/amxmodx/configs\csdm\aim_ak_colt_duel.spawns.cfg)
L 08/13/2025 - 02:29:22: [csdm_main.amxx] CSDM spawn mode set to preset
L 08/13/2025 - 02:37:22: [mapchooser.amxx] Vote: Voting for the nextmap started
L 08/13/2025 - 02:37:38: [mapchooser.amxx] Vote: Voting for the nextmap finished. The nextmap will be aim_DM
L 08/13/2025 - 02:39:42: -------- Mapchange to aim_DM --------
L 08/13/2025 - 02:39:42: [csdm_spawn_preset.amxx] No spawn points file found (addons/amxmodx/configs\csdm\aim_DM.spawns.cfg)
L 08/13/2025 - 02:39:42: [csdm_main.amxx] CSDM spawn mode set to preset
L 08/13/2025 - 02:47:42: [mapchooser.amxx] Vote: Voting for the nextmap started
L 08/13/2025 - 02:47:57: [mapchooser.amxx] Vote: Voting for the nextmap finished. The nextmap will be aim_dust2
L 08/13/2025 - 02:50:01: -------- Mapchange to aim_dust2 --------
L 08/13/2025 - 02:50:01: [csdm_spawn_preset.amxx] No spawn points file found (addons/amxmodx/configs\csdm\aim_dust2.spawns.cfg)
L 08/13/2025 - 02:50:01: [csdm_main.amxx] CSDM spawn mode set to preset
L 08/13/2025 - 02:58:01: [mapchooser.amxx] Vote: Voting for the nextmap started
L 08/13/2025 - 02:58:16: [mapchooser.amxx] Vote: Voting for the nextmap finished. The nextmap will be aim_headshot2
L 08/13/2025 - 03:00:20: -------- Mapchange to aim_headshot2 --------
L 08/13/2025 - 03:00:20: [csdm_spawn_preset.amxx] No spawn points file found (addons/amxmodx/configs\csdm\aim_headshot2.spawns.cfg)
L 08/13/2025 - 03:00:20: [csdm_main.amxx] CSDM spawn mode set to preset
L 08/13/2025 - 03:08:20: [mapchooser.amxx] Vote: Voting for the nextmap started
L 08/13/2025 - 03:08:35: [mapchooser.amxx] Vote: Voting for the nextmap finished. The nextmap will be aim_map_2010
L 08/13/2025 - 03:10:39: -------- Mapchange to aim_map_2010 --------
L 08/13/2025 - 03:10:39: [csdm_spawn_preset.amxx] No spawn points file found (addons/amxmodx/configs\csdm\aim_map_2010.spawns.cfg)
L 08/13/2025 - 03:10:39: [csdm_main.amxx] CSDM spawn mode set to preset
L 08/13/2025 - 03:18:39: [mapchooser.amxx] Vote: Voting for the nextmap started
L 08/13/2025 - 03:18:54: [mapchooser.amxx] Vote: Voting for the nextmap finished. The nextmap will be aim_sOt
L 08/13/2025 - 03:20:58: -------- Mapchange to aim_sOt --------
L 08/13/2025 - 03:20:58: [csdm_spawn_preset.amxx] No spawn points file found (addons/amxmodx/configs\csdm\aim_sOt.spawns.cfg)
L 08/13/2025 - 03:20:58: [csdm_main.amxx] CSDM spawn mode set to preset
L 08/13/2025 - 03:28:58: [mapchooser.amxx] Vote: Voting for the nextmap started
L 08/13/2025 - 03:29:13: [mapchooser.amxx] Vote: Voting for the nextmap finished. The nextmap will be fy_pool_day
L 08/13/2025 - 03:31:17: -------- Mapchange to fy_pool_day --------
L 08/13/2025 - 03:31:17: [csdm_spawn_preset.amxx] No spawn points file found (addons/amxmodx/configs\csdm\fy_pool_day.spawns.cfg)
L 08/13/2025 - 03:31:17: [csdm_main.amxx] CSDM spawn mode set to preset
L 08/13/2025 - 03:39:17: [mapchooser.amxx] Vote: Voting for the nextmap started
L 08/13/2025 - 03:39:32: [mapchooser.amxx] Vote: Voting for the nextmap finished. The nextmap will be aim_1on1map
L 08/13/2025 - 03:41:37: -------- Mapchange to aim_1on1map --------
L 08/13/2025 - 03:41:37: [csdm_spawn_preset.amxx] No spawn points file found (addons/amxmodx/configs\csdm\aim_1on1map.spawns.cfg)
L 08/13/2025 - 03:41:37: [csdm_main.amxx] CSDM spawn mode set to preset
L 08/13/2025 - 03:49:37: [mapchooser.amxx] Vote: Voting for the nextmap started
L 08/13/2025 - 03:49:52: [mapchooser.amxx] Vote: Voting for the nextmap finished. The nextmap will be aim_ak_colt_duel
L 08/13/2025 - 03:51:56: -------- Mapchange to aim_ak_colt_duel --------
L 08/13/2025 - 03:51:56: [csdm_spawn_preset.amxx] No spawn points file found (addons/amxmodx/configs\csdm\aim_ak_colt_duel.spawns.cfg)
L 08/13/2025 - 03:51:56: [csdm_main.amxx] CSDM spawn mode set to preset
L 08/13/2025 - 03:59:56: [mapchooser.amxx] Vote: Voting for the nextmap started
L 08/13/2025 - 04:00:11: [mapchooser.amxx] Vote: Voting for the nextmap finished. The nextmap will be aim_DM
L 08/13/2025 - 04:02:15: -------- Mapchange to aim_DM --------
L 08/13/2025 - 04:02:15: [csdm_spawn_preset.amxx] No spawn points file found (addons/amxmodx/configs\csdm\aim_DM.spawns.cfg)
L 08/13/2025 - 04:02:15: [csdm_main.amxx] CSDM spawn mode set to preset
L 08/13/2025 - 04:10:15: [mapchooser.amxx] Vote: Voting for the nextmap started
L 08/13/2025 - 04:10:30: [mapchooser.amxx] Vote: Voting for the nextmap finished. The nextmap will be aim_dust2
L 08/13/2025 - 04:12:34: -------- Mapchange to aim_dust2 --------
L 08/13/2025 - 04:12:34: [csdm_spawn_preset.amxx] No spawn points file found (addons/amxmodx/configs\csdm\aim_dust2.spawns.cfg)
L 08/13/2025 - 04:12:34: [csdm_main.amxx] CSDM spawn mode set to preset
L 08/13/2025 - 04:20:34: [mapchooser.amxx] Vote: Voting for the nextmap started
L 08/13/2025 - 04:20:49: [mapchooser.amxx] Vote: Voting for the nextmap finished. The nextmap will be aim_headshot2
L 08/13/2025 - 04:22:53: -------- Mapchange to aim_headshot2 --------
L 08/13/2025 - 04:22:53: [csdm_spawn_preset.amxx] No spawn points file found (addons/amxmodx/configs\csdm\aim_headshot2.spawns.cfg)
L 08/13/2025 - 04:22:53: [csdm_main.amxx] CSDM spawn mode set to preset
L 08/13/2025 - 04:30:53: [mapchooser.amxx] Vote: Voting for the nextmap started
L 08/13/2025 - 04:31:08: [mapchooser.amxx] Vote: Voting for the nextmap finished. The nextmap will be aim_map_2010
L 08/13/2025 - 04:33:12: -------- Mapchange to aim_map_2010 --------
L 08/13/2025 - 04:33:12: [csdm_spawn_preset.amxx] No spawn points file found (addons/amxmodx/configs\csdm\aim_map_2010.spawns.cfg)
L 08/13/2025 - 04:33:12: [csdm_main.amxx] CSDM spawn mode set to preset
L 08/13/2025 - 04:41:12: [mapchooser.amxx] Vote: Voting for the nextmap started
L 08/13/2025 - 04:41:27: [mapchooser.amxx] Vote: Voting for the nextmap finished. The nextmap will be aim_sOt
L 08/13/2025 - 04:43:31: -------- Mapchange to aim_sOt --------
L 08/13/2025 - 04:43:31: [csdm_spawn_preset.amxx] No spawn points file found (addons/amxmodx/configs\csdm\aim_sOt.spawns.cfg)
L 08/13/2025 - 04:43:31: [csdm_main.amxx] CSDM spawn mode set to preset
L 08/13/2025 - 04:51:32: [mapchooser.amxx] Vote: Voting for the nextmap started
L 08/13/2025 - 04:51:47: [mapchooser.amxx] Vote: Voting for the nextmap finished. The nextmap will be fy_pool_day
L 08/13/2025 - 04:53:51: -------- Mapchange to fy_pool_day --------
L 08/13/2025 - 04:53:51: [csdm_spawn_preset.amxx] No spawn points file found (addons/amxmodx/configs\csdm\fy_pool_day.spawns.cfg)
L 08/13/2025 - 04:53:51: [csdm_main.amxx] CSDM spawn mode set to preset
L 08/13/2025 - 05:01:51: [mapchooser.amxx] Vote: Voting for the nextmap started
L 08/13/2025 - 05:02:06: [mapchooser.amxx] Vote: Voting for the nextmap finished. The nextmap will be aim_1on1map
L 08/13/2025 - 05:04:10: -------- Mapchange to aim_1on1map --------
L 08/13/2025 - 05:04:10: [csdm_spawn_preset.amxx] No spawn points file found (addons/amxmodx/configs\csdm\aim_1on1map.spawns.cfg)
L 08/13/2025 - 05:04:10: [csdm_main.amxx] CSDM spawn mode set to preset
L 08/13/2025 - 05:12:10: [mapchooser.amxx] Vote: Voting for the nextmap started
L 08/13/2025 - 05:12:25: [mapchooser.amxx] Vote: Voting for the nextmap finished. The nextmap will be aim_ak_colt_duel
L 08/13/2025 - 05:14:29: -------- Mapchange to aim_ak_colt_duel --------
L 08/13/2025 - 05:14:29: [csdm_spawn_preset.amxx] No spawn points file found (addons/amxmodx/configs\csdm\aim_ak_colt_duel.spawns.cfg)
L 08/13/2025 - 05:14:29: [csdm_main.amxx] CSDM spawn mode set to preset
L 08/13/2025 - 05:22:29: [mapchooser.amxx] Vote: Voting for the nextmap started
L 08/13/2025 - 05:22:44: [mapchooser.amxx] Vote: Voting for the nextmap finished. The nextmap will be aim_DM
L 08/13/2025 - 05:24:48: -------- Mapchange to aim_DM --------
L 08/13/2025 - 05:24:48: [csdm_spawn_preset.amxx] No spawn points file found (addons/amxmodx/configs\csdm\aim_DM.spawns.cfg)
L 08/13/2025 - 05:24:48: [csdm_main.amxx] CSDM spawn mode set to preset
L 08/13/2025 - 05:32:48: [mapchooser.amxx] Vote: Voting for the nextmap started
L 08/13/2025 - 05:33:03: [mapchooser.amxx] Vote: Voting for the nextmap finished. The nextmap will be aim_dust2
L 08/13/2025 - 05:35:07: -------- Mapchange to aim_dust2 --------
L 08/13/2025 - 05:35:07: [csdm_spawn_preset.amxx] No spawn points file found (addons/amxmodx/configs\csdm\aim_dust2.spawns.cfg)
L 08/13/2025 - 05:35:07: [csdm_main.amxx] CSDM spawn mode set to preset
L 08/13/2025 - 05:43:07: [mapchooser.amxx] Vote: Voting for the nextmap started
L 08/13/2025 - 05:43:22: [mapchooser.amxx] Vote: Voting for the nextmap finished. The nextmap will be aim_headshot2
L 08/13/2025 - 05:45:26: -------- Mapchange to aim_headshot2 --------
L 08/13/2025 - 05:45:26: [csdm_spawn_preset.amxx] No spawn points file found (addons/amxmodx/configs\csdm\aim_headshot2.spawns.cfg)
L 08/13/2025 - 05:45:26: [csdm_main.amxx] CSDM spawn mode set to preset
L 08/13/2025 - 05:53:27: [mapchooser.amxx] Vote: Voting for the nextmap started
L 08/13/2025 - 05:53:42: [mapchooser.amxx] Vote: Voting for the nextmap finished. The nextmap will be aim_map_2010
L 08/13/2025 - 05:55:46: -------- Mapchange to aim_map_2010 --------
L 08/13/2025 - 05:55:46: [csdm_spawn_preset.amxx] No spawn points file found (addons/amxmodx/configs\csdm\aim_map_2010.spawns.cfg)
L 08/13/2025 - 05:55:46: [csdm_main.amxx] CSDM spawn mode set to preset
L 08/13/2025 - 06:03:46: [mapchooser.amxx] Vote: Voting for the nextmap started
L 08/13/2025 - 06:04:01: [mapchooser.amxx] Vote: Voting for the nextmap finished. The nextmap will be aim_sOt
L 08/13/2025 - 06:06:05: -------- Mapchange to aim_sOt --------
L 08/13/2025 - 06:06:05: [csdm_spawn_preset.amxx] No spawn points file found (addons/amxmodx/configs\csdm\aim_sOt.spawns.cfg)
L 08/13/2025 - 06:06:05: [csdm_main.amxx] CSDM spawn mode set to preset
L 08/13/2025 - 06:14:05: [mapchooser.amxx] Vote: Voting for the nextmap started
L 08/13/2025 - 06:14:20: [mapchooser.amxx] Vote: Voting for the nextmap finished. The nextmap will be fy_pool_day
L 08/13/2025 - 06:16:24: -------- Mapchange to fy_pool_day --------
L 08/13/2025 - 06:16:24: [csdm_spawn_preset.amxx] No spawn points file found (addons/amxmodx/configs\csdm\fy_pool_day.spawns.cfg)
L 08/13/2025 - 06:16:24: [csdm_main.amxx] CSDM spawn mode set to preset
L 08/13/2025 - 06:24:24: [mapchooser.amxx] Vote: Voting for the nextmap started
L 08/13/2025 - 06:24:39: [mapchooser.amxx] Vote: Voting for the nextmap finished. The nextmap will be aim_1on1map
L 08/13/2025 - 06:26:43: -------- Mapchange to aim_1on1map --------
L 08/13/2025 - 06:26:43: [csdm_spawn_preset.amxx] No spawn points file found (addons/amxmodx/configs\csdm\aim_1on1map.spawns.cfg)
L 08/13/2025 - 06:26:43: [csdm_main.amxx] CSDM spawn mode set to preset
L 08/13/2025 - 06:34:43: [mapchooser.amxx] Vote: Voting for the nextmap started
L 08/13/2025 - 06:34:58: [mapchooser.amxx] Vote: Voting for the nextmap finished. The nextmap will be aim_ak_colt_duel
L 08/13/2025 - 06:37:02: -------- Mapchange to aim_ak_colt_duel --------
L 08/13/2025 - 06:37:02: [csdm_spawn_preset.amxx] No spawn points file found (addons/amxmodx/configs\csdm\aim_ak_colt_duel.spawns.cfg)
L 08/13/2025 - 06:37:02: [csdm_main.amxx] CSDM spawn mode set to preset
L 08/13/2025 - 06:45:02: [mapchooser.amxx] Vote: Voting for the nextmap started
L 08/13/2025 - 06:45:17: [mapchooser.amxx] Vote: Voting for the nextmap finished. The nextmap will be aim_DM
L 08/13/2025 - 06:47:21: -------- Mapchange to aim_DM --------
L 08/13/2025 - 06:47:21: [csdm_spawn_preset.amxx] No spawn points file found (addons/amxmodx/configs\csdm\aim_DM.spawns.cfg)
L 08/13/2025 - 06:47:21: [csdm_main.amxx] CSDM spawn mode set to preset
L 08/13/2025 - 06:55:21: [mapchooser.amxx] Vote: Voting for the nextmap started
L 08/13/2025 - 06:55:37: [mapchooser.amxx] Vote: Voting for the nextmap finished. The nextmap will be aim_dust2
L 08/13/2025 - 06:57:41: -------- Mapchange to aim_dust2 --------
L 08/13/2025 - 06:57:41: [csdm_spawn_preset.amxx] No spawn points file found (addons/amxmodx/configs\csdm\aim_dust2.spawns.cfg)
L 08/13/2025 - 06:57:41: [csdm_main.amxx] CSDM spawn mode set to preset
L 08/13/2025 - 07:05:52: [mapchooser.amxx] Vote: Voting for the nextmap started
L 08/13/2025 - 07:06:07: [mapchooser.amxx] Vote: Voting for the nextmap finished. The nextmap will be aim_headshot2
L 08/13/2025 - 07:08:11: -------- Mapchange to aim_headshot2 --------
L 08/13/2025 - 07:08:12: [csdm_spawn_preset.amxx] No spawn points file found (addons/amxmodx/configs\csdm\aim_headshot2.spawns.cfg)
L 08/13/2025 - 07:08:12: [csdm_main.amxx] CSDM spawn mode set to preset
L 08/13/2025 - 07:16:12: [mapchooser.amxx] Vote: Voting for the nextmap started
L 08/13/2025 - 07:16:27: [mapchooser.amxx] Vote: Voting for the nextmap finished. The nextmap will be aim_map_2010
L 08/13/2025 - 07:18:31: -------- Mapchange to aim_map_2010 --------
L 08/13/2025 - 07:18:31: [csdm_spawn_preset.amxx] No spawn points file found (addons/amxmodx/configs\csdm\aim_map_2010.spawns.cfg)
L 08/13/2025 - 07:18:31: [csdm_main.amxx] CSDM spawn mode set to preset
L 08/13/2025 - 07:26:31: [mapchooser.amxx] Vote: Voting for the nextmap started
L 08/13/2025 - 07:26:46: [mapchooser.amxx] Vote: Voting for the nextmap finished. The nextmap will be aim_sOt
L 08/13/2025 - 07:28:50: -------- Mapchange to aim_sOt --------
L 08/13/2025 - 07:28:50: [csdm_spawn_preset.amxx] No spawn points file found (addons/amxmodx/configs\csdm\aim_sOt.spawns.cfg)
L 08/13/2025 - 07:28:50: [csdm_main.amxx] CSDM spawn mode set to preset
L 08/13/2025 - 07:36:50: [mapchooser.amxx] Vote: Voting for the nextmap started
L 08/13/2025 - 07:37:05: [mapchooser.amxx] Vote: Voting for the nextmap finished. The nextmap will be fy_pool_day
L 08/13/2025 - 07:39:09: -------- Mapchange to fy_pool_day --------
L 08/13/2025 - 07:39:09: [csdm_spawn_preset.amxx] No spawn points file found (addons/amxmodx/configs\csdm\fy_pool_day.spawns.cfg)
L 08/13/2025 - 07:39:09: [csdm_main.amxx] CSDM spawn mode set to preset
L 08/13/2025 - 07:47:09: [mapchooser.amxx] Vote: Voting for the nextmap started
L 08/13/2025 - 07:47:18: client_disconnected and client_remove forwards have been disabled - check your gamedata files.
L 08/13/2025 - 07:47:18: Binding/Hooking cvars have been disabled - check your gamedata files.
L 08/13/2025 - 07:47:18: -------- Mapchange to aim_map_2010 --------
L 08/13/2025 - 07:47:18: [CSTRIKE] svs global variable is not available
L 08/13/2025 - 07:47:18: [CSTRIKE] sv global variable is not available
L 08/13/2025 - 07:47:18: [csdm_spawn_preset.amxx] No spawn points file found (addons/amxmodx/configs\csdm\aim_map_2010.spawns.cfg)
L 08/13/2025 - 07:47:18: [csdm_main.amxx] CSDM spawn mode set to preset
L 08/13/2025 - 07:48:25: client_disconnected and client_remove forwards have been disabled - check your gamedata files.
L 08/13/2025 - 07:48:25: Binding/Hooking cvars have been disabled - check your gamedata files.
L 08/13/2025 - 07:48:25: -------- Mapchange to aim_map_2010 --------
L 08/13/2025 - 07:48:25: [CSTRIKE] svs global variable is not available
L 08/13/2025 - 07:48:25: [CSTRIKE] sv global variable is not available
L 08/13/2025 - 07:48:25: [csdm_spawn_preset.amxx] No spawn points file found (addons/amxmodx/configs\csdm\aim_map_2010.spawns.cfg)
L 08/13/2025 - 07:48:25: [csdm_main.amxx] CSDM spawn mode set to preset
L 08/13/2025 - 07:51:19: [admin.amxx] Login: "Johannes<5><ID_7dea362b3fac8e00956a4952a3d4><>" became an admin (account "Johannes") (access "abcdefghijklmnopqrstuv") (address "0.50.202.232")
L 08/13/2025 - 07:51:39: client_disconnected and client_remove forwards have been disabled - check your gamedata files.
L 08/13/2025 - 07:51:39: Binding/Hooking cvars have been disabled - check your gamedata files.
L 08/13/2025 - 07:51:40: -------- Mapchange to aim_map_2010 --------
L 08/13/2025 - 07:51:40: [CSTRIKE] svs global variable is not available
L 08/13/2025 - 07:51:40: [CSTRIKE] sv global variable is not available
L 08/13/2025 - 07:51:40: [csdm_spawn_preset.amxx] No spawn points file found (addons/amxmodx/configs\csdm\aim_map_2010.spawns.cfg)
L 08/13/2025 - 07:51:40: [csdm_main.amxx] CSDM spawn mode set to preset
L 08/13/2025 - 07:53:51: [admin.amxx] Login: "Johannes<5><ID_7dea362b3fac8e00956a4952a3d4><>" became an admin (account "Johannes") (access "abcdefghijklmnopqrstuv") (address "0.165.218.96")
L 08/13/2025 - 07:54:11: client_disconnected and client_remove forwards have been disabled - check your gamedata files.
L 08/13/2025 - 07:54:11: Binding/Hooking cvars have been disabled - check your gamedata files.
L 08/13/2025 - 07:54:12: -------- Mapchange to aim_map_2010 --------
L 08/13/2025 - 07:54:12: [CSTRIKE] svs global variable is not available
L 08/13/2025 - 07:54:12: [CSTRIKE] sv global variable is not available
L 08/13/2025 - 07:54:12: [csdm_spawn_preset.amxx] No spawn points file found (addons/amxmodx/configs\csdm\aim_map_2010.spawns.cfg)
L 08/13/2025 - 07:54:12: [csdm_main.amxx] CSDM spawn mode set to preset
L 08/13/2025 - 07:55:09: client_disconnected and client_remove forwards have been disabled - check your gamedata files.
L 08/13/2025 - 07:55:09: Binding/Hooking cvars have been disabled - check your gamedata files.
L 08/13/2025 - 07:55:09: -------- Mapchange to aim_map_2010 --------
L 08/13/2025 - 07:55:09: [CSTRIKE] svs global variable is not available
L 08/13/2025 - 07:55:09: [CSTRIKE] sv global variable is not available
L 08/13/2025 - 07:55:09: [csdm_spawn_preset.amxx] No spawn points file found (addons/amxmodx/configs\csdm\aim_map_2010.spawns.cfg)
L 08/13/2025 - 07:55:09: [csdm_main.amxx] CSDM spawn mode set to preset
L 08/13/2025 - 07:59:07: [admin.amxx] Login: "Johannes<5><ID_7dea362b3fac8e00956a4952a3d4><>" became an admin (account "Johannes") (access "abcdefghijklmnopqrstuv") (address "0.20.235.65")
L 08/13/2025 - 08:02:40: [admin.amxx] Login: "Johannes<7><ID_7dea362b3fac8e00956a4952a3d4><>" became an admin (account "Johannes") (access "abcdefghijklmnopqrstuv") (address "0.53.40.84")
L 08/13/2025 - 08:03:13: [mapchooser.amxx] Vote: Voting for the nextmap started
L 08/13/2025 - 08:03:28: [mapchooser.amxx] Vote: Voting for the nextmap finished. The nextmap will be aim_1on1map
L 08/13/2025 - 08:05:32: -------- Mapchange to aim_1on1map --------
L 08/13/2025 - 08:05:32: [csdm_spawn_preset.amxx] No spawn points file found (addons/amxmodx/configs\csdm\aim_1on1map.spawns.cfg)
L 08/13/2025 - 08:05:32: [csdm_main.amxx] CSDM spawn mode set to preset
L 08/13/2025 - 08:13:32: [mapchooser.amxx] Vote: Voting for the nextmap started
L 08/13/2025 - 08:13:47: [mapchooser.amxx] Vote: Voting for the nextmap finished. The nextmap will be aim_ak_colt_duel
L 08/13/2025 - 08:15:51: -------- Mapchange to aim_ak_colt_duel --------
L 08/13/2025 - 08:15:51: [csdm_spawn_preset.amxx] No spawn points file found (addons/amxmodx/configs\csdm\aim_ak_colt_duel.spawns.cfg)
L 08/13/2025 - 08:15:51: [csdm_main.amxx] CSDM spawn mode set to preset
L 08/13/2025 - 08:23:51: [mapchooser.amxx] Vote: Voting for the nextmap started
L 08/13/2025 - 08:24:06: [mapchooser.amxx] Vote: Voting for the nextmap finished. The nextmap will be aim_DM
L 08/13/2025 - 08:26:10: -------- Mapchange to aim_DM --------
L 08/13/2025 - 08:26:10: [csdm_spawn_preset.amxx] No spawn points file found (addons/amxmodx/configs\csdm\aim_DM.spawns.cfg)
L 08/13/2025 - 08:26:10: [csdm_main.amxx] CSDM spawn mode set to preset
L 08/13/2025 - 08:30:18: client_disconnected and client_remove forwards have been disabled - check your gamedata files.
L 08/13/2025 - 08:30:18: Binding/Hooking cvars have been disabled - check your gamedata files.
L 08/13/2025 - 08:30:18: -------- Mapchange to aim_map_2010 --------
L 08/13/2025 - 08:30:18: [CSTRIKE] svs global variable is not available
L 08/13/2025 - 08:30:18: [CSTRIKE] sv global variable is not available
L 08/13/2025 - 08:30:18: [csdm_spawn_preset.amxx] No spawn points file found (addons/amxmodx/configs\csdm\aim_map_2010.spawns.cfg)
L 08/13/2025 - 08:30:18: [csdm_main.amxx] CSDM spawn mode set to preset
L 08/13/2025 - 08:32:16: [admin.amxx] Login: "Johannes<5><ID_7dea362b3fac8e00956a4952a3d4><>" became an admin (account "Johannes") (access "abcdefghijklmnopqrstuv") (address "0.171.154.9")
L 08/13/2025 - 08:32:55: client_disconnected and client_remove forwards have been disabled - check your gamedata files.
L 08/13/2025 - 08:32:55: Binding/Hooking cvars have been disabled - check your gamedata files.
L 08/13/2025 - 08:32:55: -------- Mapchange to aim_map_2010 --------
L 08/13/2025 - 08:32:55: [CSTRIKE] svs global variable is not available
L 08/13/2025 - 08:32:55: [CSTRIKE] sv global variable is not available
L 08/13/2025 - 08:32:55: [csdm_spawn_preset.amxx] No spawn points file found (addons/amxmodx/configs\csdm\aim_map_2010.spawns.cfg)
L 08/13/2025 - 08:32:55: [csdm_main.amxx] CSDM spawn mode set to preset
L 08/13/2025 - 12:51:35: client_disconnected and client_remove forwards have been disabled - check your gamedata files.
L 08/13/2025 - 12:51:35: Binding/Hooking cvars have been disabled - check your gamedata files.
L 08/13/2025 - 12:51:35: -------- Mapchange to aim_map_2010 --------
L 08/13/2025 - 12:51:35: [CSTRIKE] svs global variable is not available
L 08/13/2025 - 12:51:35: [CSTRIKE] sv global variable is not available
L 08/13/2025 - 12:51:35: [csdm_spawn_preset.amxx] No spawn points file found (addons/amxmodx/configs\csdm\aim_map_2010.spawns.cfg)
L 08/13/2025 - 12:51:35: [csdm_main.amxx] CSDM spawn mode set to preset
L 08/13/2025 - 12:53:41: [admin.amxx] Login: "Johannes<6><ID_7dea362b3fac8e00956a4952a3d4><>" became an admin (account "Johannes") (access "abcdefghijklmnopqrstuv") (address "1.186.59.179")
L 08/13/2025 - 16:05:53: client_disconnected and client_remove forwards have been disabled - check your gamedata files.
L 08/13/2025 - 16:05:53: Binding/Hooking cvars have been disabled - check your gamedata files.
L 08/13/2025 - 16:05:53: -------- Mapchange to aim_map_2010 --------
L 08/13/2025 - 16:05:53: [CSTRIKE] svs global variable is not available
L 08/13/2025 - 16:05:53: [CSTRIKE] sv global variable is not available
L 08/13/2025 - 16:05:53: [csdm_spawn_preset.amxx] No spawn points file found (addons/amxmodx/configs\csdm\aim_map_2010.spawns.cfg)
L 08/13/2025 - 16:05:53: [csdm_main.amxx] CSDM spawn mode set to preset
L 08/13/2025 - 16:08:00: [admin.amxx] Login: "Johannes<5><ID_7dea362b3fac8e00956a4952a3d4><>" became an admin (account "Johannes") (access "abcdefghijklmnopqrstuv") (address "0.154.217.64")
L 08/13/2025 - 16:08:20: -------- Mapchange to aim_map_2010 --------
L 08/13/2025 - 16:08:20: [csdm_spawn_preset.amxx] No spawn points file found (addons/amxmodx/configs\csdm\aim_map_2010.spawns.cfg)
L 08/13/2025 - 16:08:20: [csdm_main.amxx] CSDM spawn mode set to preset
L 08/13/2025 - 16:08:20: [admin.amxx] Login: "Johannes<6><ID_7dea362b3fac8e00956a4952a3d4><>" became an admin (account "Johannes") (access "abcdefghijklmnopqrstuv") (address "0.154.217.64")
L 08/13/2025 - 16:11:13: [plmenu.amxx] Kick: "Johannes<6><ID_7dea362b3fac8e00956a4952a3d4><>" kick "[BOT] wind<8><ID_BOT><>"
L 08/13/2025 - 16:13:18: [admin.amxx] Login: "Johannes<12><ID_7dea362b3fac8e00956a4952a3d4><>" became an admin (account "Johannes") (access "abcdefghijklmnopqrstuv") (address "0.144.246.149")
L 08/13/2025 - 16:16:37: [mapchooser.amxx] Vote: Voting for the nextmap started
L 08/13/2025 - 16:16:52: [mapchooser.amxx] Vote: Voting for the nextmap finished. The nextmap will be aim_ak_colt_duel
L 08/13/2025 - 16:17:28: [admin.amxx] Login: "Johannes<13><ID_7dea362b3fac8e00956a4952a3d4><>" became an admin (account "Johannes") (access "abcdefghijklmnopqrstuv") (address "0.17.119.37")
L 08/13/2025 - 16:19:17: -------- Mapchange to aim_ak_colt_duel --------
L 08/13/2025 - 16:19:17: [csdm_spawn_preset.amxx] No spawn points file found (addons/amxmodx/configs\csdm\aim_ak_colt_duel.spawns.cfg)
L 08/13/2025 - 16:19:17: [csdm_main.amxx] CSDM spawn mode set to preset
L 08/13/2025 - 16:27:17: [mapchooser.amxx] Vote: Voting for the nextmap started
L 08/13/2025 - 16:27:32: [mapchooser.amxx] Vote: Voting for the nextmap finished. The nextmap will be aim_DM
L 08/13/2025 - 16:29:36: -------- Mapchange to aim_DM --------
L 08/13/2025 - 16:29:36: [csdm_spawn_preset.amxx] No spawn points file found (addons/amxmodx/configs\csdm\aim_DM.spawns.cfg)
L 08/13/2025 - 16:29:36: [csdm_main.amxx] CSDM spawn mode set to preset
L 08/13/2025 - 16:37:36: [mapchooser.amxx] Vote: Voting for the nextmap started
L 08/13/2025 - 16:37:51: [mapchooser.amxx] Vote: Voting for the nextmap finished. The nextmap will be aim_dust2
L 08/13/2025 - 16:39:55: -------- Mapchange to aim_dust2 --------
L 08/13/2025 - 16:39:55: [csdm_spawn_preset.amxx] No spawn points file found (addons/amxmodx/configs\csdm\aim_dust2.spawns.cfg)
L 08/13/2025 - 16:39:55: [csdm_main.amxx] CSDM spawn mode set to preset
L 08/13/2025 - 16:47:55: [mapchooser.amxx] Vote: Voting for the nextmap started
L 08/13/2025 - 16:48:10: [mapchooser.amxx] Vote: Voting for the nextmap finished. The nextmap will be aim_headshot2
L 08/13/2025 - 16:50:14: -------- Mapchange to aim_headshot2 --------
L 08/13/2025 - 16:50:14: [csdm_spawn_preset.amxx] No spawn points file found (addons/amxmodx/configs\csdm\aim_headshot2.spawns.cfg)
L 08/13/2025 - 16:50:14: [csdm_main.amxx] CSDM spawn mode set to preset
L 08/13/2025 - 16:58:14: [mapchooser.amxx] Vote: Voting for the nextmap started
L 08/13/2025 - 16:58:29: [mapchooser.amxx] Vote: Voting for the nextmap finished. The nextmap will be aim_map_2010
L 08/13/2025 - 17:00:33: -------- Mapchange to aim_map_2010 --------
L 08/13/2025 - 17:00:33: [csdm_spawn_preset.amxx] No spawn points file found (addons/amxmodx/configs\csdm\aim_map_2010.spawns.cfg)
L 08/13/2025 - 17:00:33: [csdm_main.amxx] CSDM spawn mode set to preset
L 08/13/2025 - 17:08:34: [mapchooser.amxx] Vote: Voting for the nextmap started
L 08/13/2025 - 17:08:49: [mapchooser.amxx] Vote: Voting for the nextmap finished. The nextmap will be aim_sOt
L 08/13/2025 - 17:10:53: -------- Mapchange to aim_sOt --------
L 08/13/2025 - 17:10:53: [csdm_spawn_preset.amxx] No spawn points file found (addons/amxmodx/configs\csdm\aim_sOt.spawns.cfg)
L 08/13/2025 - 17:10:53: [csdm_main.amxx] CSDM spawn mode set to preset
L 08/13/2025 - 17:18:53: [mapchooser.amxx] Vote: Voting for the nextmap started
L 08/13/2025 - 17:19:08: [mapchooser.amxx] Vote: Voting for the nextmap finished. The nextmap will be fy_pool_day
L 08/13/2025 - 17:21:12: -------- Mapchange to fy_pool_day --------
L 08/13/2025 - 17:21:12: [csdm_spawn_preset.amxx] No spawn points file found (addons/amxmodx/configs\csdm\fy_pool_day.spawns.cfg)
L 08/13/2025 - 17:21:12: [csdm_main.amxx] CSDM spawn mode set to preset
L 08/13/2025 - 17:29:12: [mapchooser.amxx] Vote: Voting for the nextmap started
L 08/13/2025 - 17:29:27: [mapchooser.amxx] Vote: Voting for the nextmap finished. The nextmap will be aim_1on1map
L 08/13/2025 - 17:31:31: -------- Mapchange to aim_1on1map --------
L 08/13/2025 - 17:31:31: [csdm_spawn_preset.amxx] No spawn points file found (addons/amxmodx/configs\csdm\aim_1on1map.spawns.cfg)
L 08/13/2025 - 17:31:31: [csdm_main.amxx] CSDM spawn mode set to preset
L 08/13/2025 - 17:39:31: [mapchooser.amxx] Vote: Voting for the nextmap started
L 08/13/2025 - 17:39:46: [mapchooser.amxx] Vote: Voting for the nextmap finished. The nextmap will be aim_ak_colt_duel
L 08/13/2025 - 17:41:50: -------- Mapchange to aim_ak_colt_duel --------
L 08/13/2025 - 17:41:50: [csdm_spawn_preset.amxx] No spawn points file found (addons/amxmodx/configs\csdm\aim_ak_colt_duel.spawns.cfg)
L 08/13/2025 - 17:41:50: [csdm_main.amxx] CSDM spawn mode set to preset
L 08/13/2025 - 17:46:35: client_disconnected and client_remove forwards have been disabled - check your gamedata files.
L 08/13/2025 - 17:46:35: Binding/Hooking cvars have been disabled - check your gamedata files.
L 08/13/2025 - 17:46:35: -------- Mapchange to aim_map_2010 --------
L 08/13/2025 - 17:46:35: [CSTRIKE] svs global variable is not available
L 08/13/2025 - 17:46:35: [CSTRIKE] sv global variable is not available
L 08/13/2025 - 17:46:35: [csdm_spawn_preset.amxx] No spawn points file found (addons/amxmodx/configs\csdm\aim_map_2010.spawns.cfg)
L 08/13/2025 - 17:46:35: [csdm_main.amxx] CSDM spawn mode set to preset
L 08/13/2025 - 17:54:35: [mapchooser.amxx] Vote: Voting for the nextmap started
L 08/13/2025 - 17:54:50: [mapchooser.amxx] Vote: Voting for the nextmap finished. The nextmap will be aim_1on1map
L 08/13/2025 - 17:56:54: -------- Mapchange to aim_1on1map --------
L 08/13/2025 - 17:56:54: [csdm_spawn_preset.amxx] No spawn points file found (addons/amxmodx/configs\csdm\aim_1on1map.spawns.cfg)
L 08/13/2025 - 17:56:54: [csdm_main.amxx] CSDM spawn mode set to preset
L 08/13/2025 - 18:04:54: [mapchooser.amxx] Vote: Voting for the nextmap started
L 08/13/2025 - 18:05:09: [mapchooser.amxx] Vote: Voting for the nextmap finished. The nextmap will be aim_ak_colt_duel
L 08/13/2025 - 18:07:14: -------- Mapchange to aim_ak_colt_duel --------
L 08/13/2025 - 18:07:14: [csdm_spawn_preset.amxx] No spawn points file found (addons/amxmodx/configs\csdm\aim_ak_colt_duel.spawns.cfg)
L 08/13/2025 - 18:07:14: [csdm_main.amxx] CSDM spawn mode set to preset
L 08/13/2025 - 18:15:14: [mapchooser.amxx] Vote: Voting for the nextmap started
L 08/13/2025 - 18:15:29: [mapchooser.amxx] Vote: Voting for the nextmap finished. The nextmap will be aim_DM
L 08/13/2025 - 18:17:33: -------- Mapchange to aim_DM --------
L 08/13/2025 - 18:17:33: [csdm_spawn_preset.amxx] No spawn points file found (addons/amxmodx/configs\csdm\aim_DM.spawns.cfg)
L 08/13/2025 - 18:17:33: [csdm_main.amxx] CSDM spawn mode set to preset
L 08/13/2025 - 18:25:33: [mapchooser.amxx] Vote: Voting for the nextmap started
L 08/13/2025 - 18:25:48: [mapchooser.amxx] Vote: Voting for the nextmap finished. The nextmap will be aim_dust2
L 08/13/2025 - 18:27:52: -------- Mapchange to aim_dust2 --------
L 08/13/2025 - 18:27:52: [csdm_spawn_preset.amxx] No spawn points file found (addons/amxmodx/configs\csdm\aim_dust2.spawns.cfg)
L 08/13/2025 - 18:27:52: [csdm_main.amxx] CSDM spawn mode set to preset
L 08/13/2025 - 18:35:52: [mapchooser.amxx] Vote: Voting for the nextmap started
L 08/13/2025 - 18:36:07: [mapchooser.amxx] Vote: Voting for the nextmap finished. The nextmap will be aim_headshot2
L 08/13/2025 - 18:38:11: -------- Mapchange to aim_headshot2 --------
L 08/13/2025 - 18:38:11: [csdm_spawn_preset.amxx] No spawn points file found (addons/amxmodx/configs\csdm\aim_headshot2.spawns.cfg)
L 08/13/2025 - 18:38:11: [csdm_main.amxx] CSDM spawn mode set to preset
L 08/13/2025 - 18:46:11: [mapchooser.amxx] Vote: Voting for the nextmap started
L 08/13/2025 - 18:46:26: [mapchooser.amxx] Vote: Voting for the nextmap finished. The nextmap will be aim_map_2010
L 08/13/2025 - 18:48:30: -------- Mapchange to aim_map_2010 --------
L 08/13/2025 - 18:48:30: [csdm_spawn_preset.amxx] No spawn points file found (addons/amxmodx/configs\csdm\aim_map_2010.spawns.cfg)
L 08/13/2025 - 18:48:30: [csdm_main.amxx] CSDM spawn mode set to preset
L 08/13/2025 - 18:56:30: [mapchooser.amxx] Vote: Voting for the nextmap started
L 08/13/2025 - 18:56:45: [mapchooser.amxx] Vote: Voting for the nextmap finished. The nextmap will be aim_sOt
L 08/13/2025 - 18:58:49: -------- Mapchange to aim_sOt --------
L 08/13/2025 - 18:58:49: [csdm_spawn_preset.amxx] No spawn points file found (addons/amxmodx/configs\csdm\aim_sOt.spawns.cfg)
L 08/13/2025 - 18:58:49: [csdm_main.amxx] CSDM spawn mode set to preset
L 08/13/2025 - 19:06:49: [mapchooser.amxx] Vote: Voting for the nextmap started
L 08/13/2025 - 19:07:04: [mapchooser.amxx] Vote: Voting for the nextmap finished. The nextmap will be fy_pool_day
L 08/13/2025 - 19:09:09: -------- Mapchange to fy_pool_day --------
L 08/13/2025 - 19:09:09: [csdm_spawn_preset.amxx] No spawn points file found (addons/amxmodx/configs\csdm\fy_pool_day.spawns.cfg)
L 08/13/2025 - 19:09:09: [csdm_main.amxx] CSDM spawn mode set to preset
L 08/13/2025 - 19:17:09: [mapchooser.amxx] Vote: Voting for the nextmap started
L 08/13/2025 - 19:17:24: [mapchooser.amxx] Vote: Voting for the nextmap finished. The nextmap will be aim_1on1map
L 08/13/2025 - 19:19:28: -------- Mapchange to aim_1on1map --------
L 08/13/2025 - 19:19:28: [csdm_spawn_preset.amxx] No spawn points file found (addons/amxmodx/configs\csdm\aim_1on1map.spawns.cfg)
L 08/13/2025 - 19:19:28: [csdm_main.amxx] CSDM spawn mode set to preset
L 08/13/2025 - 19:27:28: [mapchooser.amxx] Vote: Voting for the nextmap started
L 08/13/2025 - 19:27:43: [mapchooser.amxx] Vote: Voting for the nextmap finished. The nextmap will be aim_ak_colt_duel
L 08/13/2025 - 19:29:47: -------- Mapchange to aim_ak_colt_duel --------
L 08/13/2025 - 19:29:47: [csdm_spawn_preset.amxx] No spawn points file found (addons/amxmodx/configs\csdm\aim_ak_colt_duel.spawns.cfg)
L 08/13/2025 - 19:29:47: [csdm_main.amxx] CSDM spawn mode set to preset
L 08/13/2025 - 19:37:47: [mapchooser.amxx] Vote: Voting for the nextmap started
L 08/13/2025 - 19:38:02: [mapchooser.amxx] Vote: Voting for the nextmap finished. The nextmap will be aim_DM
L 08/13/2025 - 19:40:06: -------- Mapchange to aim_DM --------
L 08/13/2025 - 19:40:06: [csdm_spawn_preset.amxx] No spawn points file found (addons/amxmodx/configs\csdm\aim_DM.spawns.cfg)
L 08/13/2025 - 19:40:06: [csdm_main.amxx] CSDM spawn mode set to preset
L 08/13/2025 - 19:48:06: [mapchooser.amxx] Vote: Voting for the nextmap started
L 08/13/2025 - 19:48:21: [mapchooser.amxx] Vote: Voting for the nextmap finished. The nextmap will be aim_dust2
L 08/13/2025 - 19:50:25: -------- Mapchange to aim_dust2 --------
L 08/13/2025 - 19:50:25: [csdm_spawn_preset.amxx] No spawn points file found (addons/amxmodx/configs\csdm\aim_dust2.spawns.cfg)
L 08/13/2025 - 19:50:25: [csdm_main.amxx] CSDM spawn mode set to preset
L 08/13/2025 - 19:58:25: [mapchooser.amxx] Vote: Voting for the nextmap started
L 08/13/2025 - 19:58:40: [mapchooser.amxx] Vote: Voting for the nextmap finished. The nextmap will be aim_headshot2
L 08/13/2025 - 20:00:44: -------- Mapchange to aim_headshot2 --------
L 08/13/2025 - 20:00:44: [csdm_spawn_preset.amxx] No spawn points file found (addons/amxmodx/configs\csdm\aim_headshot2.spawns.cfg)
L 08/13/2025 - 20:00:44: [csdm_main.amxx] CSDM spawn mode set to preset
L 08/13/2025 - 20:08:44: [mapchooser.amxx] Vote: Voting for the nextmap started
L 08/13/2025 - 20:08:59: [mapchooser.amxx] Vote: Voting for the nextmap finished. The nextmap will be aim_map_2010
L 08/13/2025 - 20:11:04: -------- Mapchange to aim_map_2010 --------
L 08/13/2025 - 20:11:04: [csdm_spawn_preset.amxx] No spawn points file found (addons/amxmodx/configs\csdm\aim_map_2010.spawns.cfg)
L 08/13/2025 - 20:11:04: [csdm_main.amxx] CSDM spawn mode set to preset
L 08/13/2025 - 20:19:04: [mapchooser.amxx] Vote: Voting for the nextmap started
L 08/13/2025 - 20:19:19: [mapchooser.amxx] Vote: Voting for the nextmap finished. The nextmap will be aim_sOt
L 08/13/2025 - 20:21:23: -------- Mapchange to aim_sOt --------
L 08/13/2025 - 20:21:23: [csdm_spawn_preset.amxx] No spawn points file found (addons/amxmodx/configs\csdm\aim_sOt.spawns.cfg)
L 08/13/2025 - 20:21:23: [csdm_main.amxx] CSDM spawn mode set to preset
L 08/13/2025 - 20:29:23: [mapchooser.amxx] Vote: Voting for the nextmap started
L 08/13/2025 - 20:29:38: [mapchooser.amxx] Vote: Voting for the nextmap finished. The nextmap will be fy_pool_day
L 08/13/2025 - 20:31:42: -------- Mapchange to fy_pool_day --------
L 08/13/2025 - 20:31:42: [csdm_spawn_preset.amxx] No spawn points file found (addons/amxmodx/configs\csdm\fy_pool_day.spawns.cfg)
L 08/13/2025 - 20:31:42: [csdm_main.amxx] CSDM spawn mode set to preset
L 08/13/2025 - 20:39:42: [mapchooser.amxx] Vote: Voting for the nextmap started
L 08/13/2025 - 20:39:57: [mapchooser.amxx] Vote: Voting for the nextmap finished. The nextmap will be aim_1on1map
L 08/13/2025 - 20:42:01: -------- Mapchange to aim_1on1map --------
L 08/13/2025 - 20:42:01: [csdm_spawn_preset.amxx] No spawn points file found (addons/amxmodx/configs\csdm\aim_1on1map.spawns.cfg)
L 08/13/2025 - 20:42:01: [csdm_main.amxx] CSDM spawn mode set to preset
L 08/13/2025 - 20:50:01: [mapchooser.amxx] Vote: Voting for the nextmap started
L 08/13/2025 - 20:50:16: [mapchooser.amxx] Vote: Voting for the nextmap finished. The nextmap will be aim_ak_colt_duel
L 08/13/2025 - 20:52:20: -------- Mapchange to aim_ak_colt_duel --------
L 08/13/2025 - 20:52:20: [csdm_spawn_preset.amxx] No spawn points file found (addons/amxmodx/configs\csdm\aim_ak_colt_duel.spawns.cfg)
L 08/13/2025 - 20:52:20: [csdm_main.amxx] CSDM spawn mode set to preset
L 08/13/2025 - 21:00:20: [mapchooser.amxx] Vote: Voting for the nextmap started
L 08/13/2025 - 21:00:35: [mapchooser.amxx] Vote: Voting for the nextmap finished. The nextmap will be aim_DM
L 08/13/2025 - 21:02:39: -------- Mapchange to aim_DM --------
L 08/13/2025 - 21:02:39: [csdm_spawn_preset.amxx] No spawn points file found (addons/amxmodx/configs\csdm\aim_DM.spawns.cfg)
L 08/13/2025 - 21:02:39: [csdm_main.amxx] CSDM spawn mode set to preset
L 08/13/2025 - 21:10:39: [mapchooser.amxx] Vote: Voting for the nextmap started
L 08/13/2025 - 21:10:54: [mapchooser.amxx] Vote: Voting for the nextmap finished. The nextmap will be aim_dust2
L 08/13/2025 - 21:12:58: -------- Mapchange to aim_dust2 --------
L 08/13/2025 - 21:12:58: [csdm_spawn_preset.amxx] No spawn points file found (addons/amxmodx/configs\csdm\aim_dust2.spawns.cfg)
L 08/13/2025 - 21:12:58: [csdm_main.amxx] CSDM spawn mode set to preset
L 08/13/2025 - 21:20:58: [mapchooser.amxx] Vote: Voting for the nextmap started
L 08/13/2025 - 21:21:14: [mapchooser.amxx] Vote: Voting for the nextmap finished. The nextmap will be aim_headshot2
L 08/13/2025 - 21:23:18: -------- Mapchange to aim_headshot2 --------
L 08/13/2025 - 21:23:18: [csdm_spawn_preset.amxx] No spawn points file found (addons/amxmodx/configs\csdm\aim_headshot2.spawns.cfg)
L 08/13/2025 - 21:23:18: [csdm_main.amxx] CSDM spawn mode set to preset
L 08/13/2025 - 21:31:18: [mapchooser.amxx] Vote: Voting for the nextmap started
L 08/13/2025 - 21:31:33: [mapchooser.amxx] Vote: Voting for the nextmap finished. The nextmap will be aim_map_2010
L 08/13/2025 - 21:33:37: -------- Mapchange to aim_map_2010 --------
L 08/13/2025 - 21:33:37: [csdm_spawn_preset.amxx] No spawn points file found (addons/amxmodx/configs\csdm\aim_map_2010.spawns.cfg)
L 08/13/2025 - 21:33:37: [csdm_main.amxx] CSDM spawn mode set to preset
L 08/13/2025 - 21:41:37: [mapchooser.amxx] Vote: Voting for the nextmap started
L 08/13/2025 - 21:41:52: [mapchooser.amxx] Vote: Voting for the nextmap finished. The nextmap will be aim_sOt
L 08/13/2025 - 21:43:56: -------- Mapchange to aim_sOt --------
L 08/13/2025 - 21:43:56: [csdm_spawn_preset.amxx] No spawn points file found (addons/amxmodx/configs\csdm\aim_sOt.spawns.cfg)
L 08/13/2025 - 21:43:56: [csdm_main.amxx] CSDM spawn mode set to preset
L 08/13/2025 - 21:51:56: [mapchooser.amxx] Vote: Voting for the nextmap started
L 08/13/2025 - 21:52:11: [mapchooser.amxx] Vote: Voting for the nextmap finished. The nextmap will be fy_pool_day
L 08/13/2025 - 21:54:15: -------- Mapchange to fy_pool_day --------
L 08/13/2025 - 21:54:15: [csdm_spawn_preset.amxx] No spawn points file found (addons/amxmodx/configs\csdm\fy_pool_day.spawns.cfg)
L 08/13/2025 - 21:54:15: [csdm_main.amxx] CSDM spawn mode set to preset
L 08/13/2025 - 22:02:15: [mapchooser.amxx] Vote: Voting for the nextmap started
L 08/13/2025 - 22:02:30: [mapchooser.amxx] Vote: Voting for the nextmap finished. The nextmap will be aim_1on1map
L 08/13/2025 - 22:04:34: -------- Mapchange to aim_1on1map --------
L 08/13/2025 - 22:04:34: [csdm_spawn_preset.amxx] No spawn points file found (addons/amxmodx/configs\csdm\aim_1on1map.spawns.cfg)
L 08/13/2025 - 22:04:34: [csdm_main.amxx] CSDM spawn mode set to preset
L 08/13/2025 - 22:12:34: [mapchooser.amxx] Vote: Voting for the nextmap started
L 08/13/2025 - 22:12:49: [mapchooser.amxx] Vote: Voting for the nextmap finished. The nextmap will be aim_ak_colt_duel
L 08/13/2025 - 22:14:54: -------- Mapchange to aim_ak_colt_duel --------
L 08/13/2025 - 22:14:54: [csdm_spawn_preset.amxx] No spawn points file found (addons/amxmodx/configs\csdm\aim_ak_colt_duel.spawns.cfg)
L 08/13/2025 - 22:14:54: [csdm_main.amxx] CSDM spawn mode set to preset
L 08/13/2025 - 22:22:54: [mapchooser.amxx] Vote: Voting for the nextmap started
L 08/13/2025 - 22:23:09: [mapchooser.amxx] Vote: Voting for the nextmap finished. The nextmap will be aim_DM
L 08/13/2025 - 22:25:13: -------- Mapchange to aim_DM --------
L 08/13/2025 - 22:25:13: [csdm_spawn_preset.amxx] No spawn points file found (addons/amxmodx/configs\csdm\aim_DM.spawns.cfg)
L 08/13/2025 - 22:25:13: [csdm_main.amxx] CSDM spawn mode set to preset
L 08/13/2025 - 22:33:13: [mapchooser.amxx] Vote: Voting for the nextmap started
L 08/13/2025 - 22:33:28: [mapchooser.amxx] Vote: Voting for the nextmap finished. The nextmap will be aim_dust2
L 08/13/2025 - 22:35:32: -------- Mapchange to aim_dust2 --------
L 08/13/2025 - 22:35:32: [csdm_spawn_preset.amxx] No spawn points file found (addons/amxmodx/configs\csdm\aim_dust2.spawns.cfg)
L 08/13/2025 - 22:35:32: [csdm_main.amxx] CSDM spawn mode set to preset
L 08/13/2025 - 22:43:32: [mapchooser.amxx] Vote: Voting for the nextmap started
L 08/13/2025 - 22:43:47: [mapchooser.amxx] Vote: Voting for the nextmap finished. The nextmap will be aim_headshot2
L 08/13/2025 - 22:45:51: -------- Mapchange to aim_headshot2 --------
L 08/13/2025 - 22:45:51: [csdm_spawn_preset.amxx] No spawn points file found (addons/amxmodx/configs\csdm\aim_headshot2.spawns.cfg)
L 08/13/2025 - 22:45:51: [csdm_main.amxx] CSDM spawn mode set to preset
L 08/13/2025 - 22:53:51: [mapchooser.amxx] Vote: Voting for the nextmap started
L 08/13/2025 - 22:54:06: [mapchooser.amxx] Vote: Voting for the nextmap finished. The nextmap will be aim_map_2010
L 08/13/2025 - 22:56:10: -------- Mapchange to aim_map_2010 --------
L 08/13/2025 - 22:56:10: [csdm_spawn_preset.amxx] No spawn points file found (addons/amxmodx/configs\csdm\aim_map_2010.spawns.cfg)
L 08/13/2025 - 22:56:10: [csdm_main.amxx] CSDM spawn mode set to preset
L 08/13/2025 - 23:04:10: [mapchooser.amxx] Vote: Voting for the nextmap started
L 08/13/2025 - 23:04:25: [mapchooser.amxx] Vote: Voting for the nextmap finished. The nextmap will be aim_sOt
L 08/13/2025 - 23:06:29: -------- Mapchange to aim_sOt --------
L 08/13/2025 - 23:06:29: [csdm_spawn_preset.amxx] No spawn points file found (addons/amxmodx/configs\csdm\aim_sOt.spawns.cfg)
L 08/13/2025 - 23:06:29: [csdm_main.amxx] CSDM spawn mode set to preset
L 08/13/2025 - 23:14:29: [mapchooser.amxx] Vote: Voting for the nextmap started
L 08/13/2025 - 23:14:44: [mapchooser.amxx] Vote: Voting for the nextmap finished. The nextmap will be fy_pool_day
L 08/13/2025 - 23:16:48: -------- Mapchange to fy_pool_day --------
L 08/13/2025 - 23:16:48: [csdm_spawn_preset.amxx] No spawn points file found (addons/amxmodx/configs\csdm\fy_pool_day.spawns.cfg)
L 08/13/2025 - 23:16:48: [csdm_main.amxx] CSDM spawn mode set to preset
L 08/13/2025 - 23:24:49: [mapchooser.amxx] Vote: Voting for the nextmap started
L 08/13/2025 - 23:25:04: [mapchooser.amxx] Vote: Voting for the nextmap finished. The nextmap will be aim_1on1map
L 08/13/2025 - 23:27:08: -------- Mapchange to aim_1on1map --------
L 08/13/2025 - 23:27:08: [csdm_spawn_preset.amxx] No spawn points file found (addons/amxmodx/configs\csdm\aim_1on1map.spawns.cfg)
L 08/13/2025 - 23:27:08: [csdm_main.amxx] CSDM spawn mode set to preset
L 08/13/2025 - 23:35:08: [mapchooser.amxx] Vote: Voting for the nextmap started
L 08/13/2025 - 23:35:23: [mapchooser.amxx] Vote: Voting for the nextmap finished. The nextmap will be aim_ak_colt_duel
L 08/13/2025 - 23:37:27: -------- Mapchange to aim_ak_colt_duel --------
L 08/13/2025 - 23:37:27: [csdm_spawn_preset.amxx] No spawn points file found (addons/amxmodx/configs\csdm\aim_ak_colt_duel.spawns.cfg)
L 08/13/2025 - 23:37:27: [csdm_main.amxx] CSDM spawn mode set to preset
L 08/13/2025 - 23:45:27: [mapchooser.amxx] Vote: Voting for the nextmap started
L 08/13/2025 - 23:45:42: [mapchooser.amxx] Vote: Voting for the nextmap finished. The nextmap will be aim_DM
L 08/13/2025 - 23:47:46: -------- Mapchange to aim_DM --------
L 08/13/2025 - 23:47:46: [csdm_spawn_preset.amxx] No spawn points file found (addons/amxmodx/configs\csdm\aim_DM.spawns.cfg)
L 08/13/2025 - 23:47:46: [csdm_main.amxx] CSDM spawn mode set to preset
L 08/13/2025 - 23:55:46: [mapchooser.amxx] Vote: Voting for the nextmap started
L 08/13/2025 - 23:56:01: [mapchooser.amxx] Vote: Voting for the nextmap finished. The nextmap will be aim_dust2
L 08/13/2025 - 23:58:05: -------- Mapchange to aim_dust2 --------
L 08/13/2025 - 23:58:05: [csdm_spawn_preset.amxx] No spawn points file found (addons/amxmodx/configs\csdm\aim_dust2.spawns.cfg)
L 08/13/2025 - 23:58:05: [csdm_main.amxx] CSDM spawn mode set to preset
