L 08/16/2025 - 02:23:18: [mapchooser.amxx] Vote: Voting for the nextmap started
L 08/16/2025 - 02:23:33: [mapchooser.amxx] Vote: Voting for the nextmap finished. The nextmap will be fy_iceworld
L 08/16/2025 - 03:03:33: [mapchooser.amxx] Vote: Voting for the nextmap started
L 08/16/2025 - 03:03:48: [mapchooser.amxx] Vote: Voting for the nextmap finished. The nextmap will be fy_iceworld
L 08/16/2025 - 03:05:49: -------- Mapchange to fy_iceworld --------
L 08/16/2025 - 03:05:49: [csdm_spawn_preset.amxx] Loaded 11 spawn points for map fy_iceworld.
L 08/16/2025 - 03:05:49: [csdm_main.amxx] CSDM spawn mode set to preset
L 08/16/2025 - 03:13:49: [mapchooser.amxx] Vote: Voting for the nextmap started
L 08/16/2025 - 03:14:04: [mapchooser.amxx] Vote: Voting for the nextmap finished. The nextmap will be fy_mario
L 08/16/2025 - 03:16:08: -------- Mapchange to fy_mario --------
L 08/16/2025 - 03:16:08: [csdm_spawn_preset.amxx] No spawn points file found (addons/amxmodx/configs\csdm\fy_mario.spawns.cfg)
L 08/16/2025 - 03:16:08: [csdm_main.amxx] CSDM spawn mode set to preset
L 08/16/2025 - 03:24:08: [mapchooser.amxx] Vote: Voting for the nextmap started
L 08/16/2025 - 03:24:23: [mapchooser.amxx] Vote: Voting for the nextmap finished. The nextmap will be fy_mrvideo
L 08/16/2025 - 03:26:27: -------- Mapchange to fy_mrvideo --------
L 08/16/2025 - 03:26:27: [csdm_spawn_preset.amxx] No spawn points file found (addons/amxmodx/configs\csdm\fy_mrvideo.spawns.cfg)
L 08/16/2025 - 03:26:27: [csdm_main.amxx] CSDM spawn mode set to preset
L 08/16/2025 - 03:34:27: [mapchooser.amxx] Vote: Voting for the nextmap started
L 08/16/2025 - 03:34:42: [mapchooser.amxx] Vote: Voting for the nextmap finished. The nextmap will be fy_nuketown
L 08/16/2025 - 03:36:46: -------- Mapchange to fy_nuketown --------
L 08/16/2025 - 03:36:46: [csdm_spawn_preset.amxx] No spawn points file found (addons/amxmodx/configs\csdm\fy_nuketown.spawns.cfg)
L 08/16/2025 - 03:36:46: [csdm_main.amxx] CSDM spawn mode set to preset
L 08/16/2025 - 03:44:46: [mapchooser.amxx] Vote: Voting for the nextmap started
L 08/16/2025 - 03:45:01: [mapchooser.amxx] Vote: Voting for the nextmap finished. The nextmap will be fy_simpsons
L 08/16/2025 - 03:47:05: -------- Mapchange to fy_simpsons --------
L 08/16/2025 - 03:47:05: [csdm_spawn_preset.amxx] No spawn points file found (addons/amxmodx/configs\csdm\fy_simpsons.spawns.cfg)
L 08/16/2025 - 03:47:05: [csdm_main.amxx] CSDM spawn mode set to preset
L 08/16/2025 - 03:55:05: [mapchooser.amxx] Vote: Voting for the nextmap started
L 08/16/2025 - 03:55:20: [mapchooser.amxx] Vote: Voting for the nextmap finished. The nextmap will be fy_snow
L 08/16/2025 - 03:57:24: -------- Mapchange to fy_snow --------
L 08/16/2025 - 03:57:24: [csdm_spawn_preset.amxx] No spawn points file found (addons/amxmodx/configs\csdm\fy_snow.spawns.cfg)
L 08/16/2025 - 03:57:24: [csdm_main.amxx] CSDM spawn mode set to preset
L 08/16/2025 - 04:05:25: [mapchooser.amxx] Vote: Voting for the nextmap started
L 08/16/2025 - 04:05:40: [mapchooser.amxx] Vote: Voting for the nextmap finished. The nextmap will be fy_pool_day
L 08/16/2025 - 04:07:44: -------- Mapchange to fy_pool_day --------
L 08/16/2025 - 04:07:44: [csdm_spawn_preset.amxx] No spawn points file found (addons/amxmodx/configs\csdm\fy_pool_day.spawns.cfg)
L 08/16/2025 - 04:07:44: [csdm_main.amxx] CSDM spawn mode set to preset
L 08/16/2025 - 04:15:44: [mapchooser.amxx] Vote: Voting for the nextmap started
L 08/16/2025 - 04:15:59: [mapchooser.amxx] Vote: Voting for the nextmap finished. The nextmap will be gg_ak-colt_palm_beach
L 08/16/2025 - 04:18:03: -------- Mapchange to gg_ak-colt_palm_beach --------
L 08/16/2025 - 04:18:03: [csdm_spawn_preset.amxx] No spawn points file found (addons/amxmodx/configs\csdm\gg_ak-colt_palm_beach.spawns.cfg)
L 08/16/2025 - 04:18:03: [csdm_main.amxx] CSDM spawn mode set to preset
L 08/16/2025 - 04:26:03: [mapchooser.amxx] Vote: Voting for the nextmap started
L 08/16/2025 - 04:26:18: [mapchooser.amxx] Vote: Voting for the nextmap finished. The nextmap will be gg_minecraftempire
L 08/16/2025 - 04:28:22: -------- Mapchange to gg_minecraftempire --------
L 08/16/2025 - 04:28:22: [csdm_spawn_preset.amxx] No spawn points file found (addons/amxmodx/configs\csdm\gg_minecraftempire.spawns.cfg)
L 08/16/2025 - 04:28:22: [csdm_main.amxx] CSDM spawn mode set to preset
L 08/16/2025 - 04:36:22: [mapchooser.amxx] Vote: Voting for the nextmap started
L 08/16/2025 - 04:36:37: [mapchooser.amxx] Vote: Voting for the nextmap finished. The nextmap will be gg_winterhold
L 08/16/2025 - 04:38:41: -------- Mapchange to gg_winterhold --------
L 08/16/2025 - 04:38:41: [csdm_spawn_preset.amxx] No spawn points file found (addons/amxmodx/configs\csdm\gg_winterhold.spawns.cfg)
L 08/16/2025 - 04:38:41: [csdm_main.amxx] CSDM spawn mode set to preset
L 08/16/2025 - 04:46:41: [mapchooser.amxx] Vote: Voting for the nextmap started
L 08/16/2025 - 04:46:56: [mapchooser.amxx] Vote: Voting for the nextmap finished. The nextmap will be aim_1on1map
L 08/16/2025 - 04:49:00: -------- Mapchange to aim_1on1map --------
L 08/16/2025 - 04:49:00: [csdm_spawn_preset.amxx] No spawn points file found (addons/amxmodx/configs\csdm\aim_1on1map.spawns.cfg)
L 08/16/2025 - 04:49:00: [csdm_main.amxx] CSDM spawn mode set to preset
L 08/16/2025 - 04:57:00: [mapchooser.amxx] Vote: Voting for the nextmap started
L 08/16/2025 - 04:57:15: [mapchooser.amxx] Vote: Voting for the nextmap finished. The nextmap will be aim_ak_colt_duel
L 08/16/2025 - 04:59:19: -------- Mapchange to aim_ak_colt_duel --------
L 08/16/2025 - 04:59:19: [csdm_spawn_preset.amxx] No spawn points file found (addons/amxmodx/configs\csdm\aim_ak_colt_duel.spawns.cfg)
L 08/16/2025 - 04:59:19: [csdm_main.amxx] CSDM spawn mode set to preset
L 08/16/2025 - 05:07:20: [mapchooser.amxx] Vote: Voting for the nextmap started
L 08/16/2025 - 05:07:35: [mapchooser.amxx] Vote: Voting for the nextmap finished. The nextmap will be aim_DM
L 08/16/2025 - 05:09:39: -------- Mapchange to aim_DM --------
L 08/16/2025 - 05:09:39: [csdm_spawn_preset.amxx] No spawn points file found (addons/amxmodx/configs\csdm\aim_DM.spawns.cfg)
L 08/16/2025 - 05:09:39: [csdm_main.amxx] CSDM spawn mode set to preset
L 08/16/2025 - 05:17:39: [mapchooser.amxx] Vote: Voting for the nextmap started
L 08/16/2025 - 05:17:54: [mapchooser.amxx] Vote: Voting for the nextmap finished. The nextmap will be aim_dust2
L 08/16/2025 - 05:19:58: -------- Mapchange to aim_dust2 --------
L 08/16/2025 - 05:19:58: [csdm_spawn_preset.amxx] No spawn points file found (addons/amxmodx/configs\csdm\aim_dust2.spawns.cfg)
L 08/16/2025 - 05:19:58: [csdm_main.amxx] CSDM spawn mode set to preset
L 08/16/2025 - 05:27:58: [mapchooser.amxx] Vote: Voting for the nextmap started
L 08/16/2025 - 05:28:13: [mapchooser.amxx] Vote: Voting for the nextmap finished. The nextmap will be aim_headshot2
L 08/16/2025 - 05:30:17: -------- Mapchange to aim_headshot2 --------
L 08/16/2025 - 05:30:17: [csdm_spawn_preset.amxx] No spawn points file found (addons/amxmodx/configs\csdm\aim_headshot2.spawns.cfg)
L 08/16/2025 - 05:30:17: [csdm_main.amxx] CSDM spawn mode set to preset
L 08/16/2025 - 05:38:17: [mapchooser.amxx] Vote: Voting for the nextmap started
L 08/16/2025 - 05:38:32: [mapchooser.amxx] Vote: Voting for the nextmap finished. The nextmap will be aim_map_2010
L 08/16/2025 - 05:40:36: -------- Mapchange to aim_map_2010 --------
L 08/16/2025 - 05:40:36: [csdm_spawn_preset.amxx] No spawn points file found (addons/amxmodx/configs\csdm\aim_map_2010.spawns.cfg)
L 08/16/2025 - 05:40:36: [csdm_main.amxx] CSDM spawn mode set to preset
L 08/16/2025 - 05:48:36: [mapchooser.amxx] Vote: Voting for the nextmap started
L 08/16/2025 - 05:48:51: [mapchooser.amxx] Vote: Voting for the nextmap finished. The nextmap will be aim_sOt
L 08/16/2025 - 05:50:55: -------- Mapchange to aim_sOt --------
L 08/16/2025 - 05:50:55: [csdm_spawn_preset.amxx] No spawn points file found (addons/amxmodx/configs\csdm\aim_sOt.spawns.cfg)
L 08/16/2025 - 05:50:55: [csdm_main.amxx] CSDM spawn mode set to preset
L 08/16/2025 - 05:58:55: [mapchooser.amxx] Vote: Voting for the nextmap started
L 08/16/2025 - 05:59:10: [mapchooser.amxx] Vote: Voting for the nextmap finished. The nextmap will be Aim_training
L 08/16/2025 - 06:01:14: -------- Mapchange to Aim_training --------
L 08/16/2025 - 06:01:15: [csdm_spawn_preset.amxx] No spawn points file found (addons/amxmodx/configs\csdm\Aim_training.spawns.cfg)
L 08/16/2025 - 06:01:15: [csdm_main.amxx] CSDM spawn mode set to preset
L 08/16/2025 - 08:51:00: [mapchooser.amxx] Vote: Voting for the nextmap started
L 08/16/2025 - 08:51:15: [mapchooser.amxx] Vote: Voting for the nextmap finished. The nextmap will be fy_iceworld
L 08/16/2025 - 10:01:45: [mapchooser.amxx] Vote: Voting for the nextmap started
L 08/16/2025 - 10:02:00: [mapchooser.amxx] Vote: Voting for the nextmap finished. The nextmap will be fy_iceworld
L 08/16/2025 - 10:03:50: -------- Mapchange to fy_iceworld --------
L 08/16/2025 - 10:03:50: [csdm_spawn_preset.amxx] Loaded 11 spawn points for map fy_iceworld.
L 08/16/2025 - 10:03:50: [csdm_main.amxx] CSDM spawn mode set to preset
L 08/16/2025 - 10:11:50: [mapchooser.amxx] Vote: Voting for the nextmap started
L 08/16/2025 - 10:12:05: [mapchooser.amxx] Vote: Voting for the nextmap finished. The nextmap will be fy_mario
L 08/16/2025 - 10:14:09: -------- Mapchange to fy_mario --------
L 08/16/2025 - 10:14:09: [csdm_spawn_preset.amxx] No spawn points file found (addons/amxmodx/configs\csdm\fy_mario.spawns.cfg)
L 08/16/2025 - 10:14:09: [csdm_main.amxx] CSDM spawn mode set to preset
L 08/16/2025 - 10:22:09: [mapchooser.amxx] Vote: Voting for the nextmap started
L 08/16/2025 - 10:22:24: [mapchooser.amxx] Vote: Voting for the nextmap finished. The nextmap will be fy_mrvideo
L 08/16/2025 - 10:24:28: -------- Mapchange to fy_mrvideo --------
L 08/16/2025 - 10:24:28: [csdm_spawn_preset.amxx] No spawn points file found (addons/amxmodx/configs\csdm\fy_mrvideo.spawns.cfg)
L 08/16/2025 - 10:24:28: [csdm_main.amxx] CSDM spawn mode set to preset
L 08/16/2025 - 10:32:29: [mapchooser.amxx] Vote: Voting for the nextmap started
L 08/16/2025 - 10:32:44: [mapchooser.amxx] Vote: Voting for the nextmap finished. The nextmap will be fy_nuketown
L 08/16/2025 - 10:34:48: -------- Mapchange to fy_nuketown --------
L 08/16/2025 - 10:34:48: [csdm_spawn_preset.amxx] No spawn points file found (addons/amxmodx/configs\csdm\fy_nuketown.spawns.cfg)
L 08/16/2025 - 10:34:48: [csdm_main.amxx] CSDM spawn mode set to preset
L 08/16/2025 - 10:42:48: [mapchooser.amxx] Vote: Voting for the nextmap started
L 08/16/2025 - 10:43:03: [mapchooser.amxx] Vote: Voting for the nextmap finished. The nextmap will be fy_simpsons
L 08/16/2025 - 10:45:07: -------- Mapchange to fy_simpsons --------
L 08/16/2025 - 10:45:07: [csdm_spawn_preset.amxx] No spawn points file found (addons/amxmodx/configs\csdm\fy_simpsons.spawns.cfg)
L 08/16/2025 - 10:45:07: [csdm_main.amxx] CSDM spawn mode set to preset
L 08/16/2025 - 10:53:07: [mapchooser.amxx] Vote: Voting for the nextmap started
L 08/16/2025 - 10:53:22: [mapchooser.amxx] Vote: Voting for the nextmap finished. The nextmap will be fy_snow
L 08/16/2025 - 10:55:26: -------- Mapchange to fy_snow --------
L 08/16/2025 - 10:55:26: [csdm_spawn_preset.amxx] No spawn points file found (addons/amxmodx/configs\csdm\fy_snow.spawns.cfg)
L 08/16/2025 - 10:55:26: [csdm_main.amxx] CSDM spawn mode set to preset
L 08/16/2025 - 11:03:26: [mapchooser.amxx] Vote: Voting for the nextmap started
L 08/16/2025 - 11:03:41: [mapchooser.amxx] Vote: Voting for the nextmap finished. The nextmap will be fy_pool_day
L 08/16/2025 - 11:05:45: -------- Mapchange to fy_pool_day --------
L 08/16/2025 - 11:05:45: [csdm_spawn_preset.amxx] No spawn points file found (addons/amxmodx/configs\csdm\fy_pool_day.spawns.cfg)
L 08/16/2025 - 11:05:45: [csdm_main.amxx] CSDM spawn mode set to preset
L 08/16/2025 - 11:13:45: [mapchooser.amxx] Vote: Voting for the nextmap started
L 08/16/2025 - 11:14:00: [mapchooser.amxx] Vote: Voting for the nextmap finished. The nextmap will be gg_ak-colt_palm_beach
L 08/16/2025 - 11:16:04: -------- Mapchange to gg_ak-colt_palm_beach --------
L 08/16/2025 - 11:16:04: [csdm_spawn_preset.amxx] No spawn points file found (addons/amxmodx/configs\csdm\gg_ak-colt_palm_beach.spawns.cfg)
L 08/16/2025 - 11:16:04: [csdm_main.amxx] CSDM spawn mode set to preset
L 08/16/2025 - 11:24:04: [mapchooser.amxx] Vote: Voting for the nextmap started
L 08/16/2025 - 11:24:19: [mapchooser.amxx] Vote: Voting for the nextmap finished. The nextmap will be gg_minecraftempire
L 08/16/2025 - 11:26:23: -------- Mapchange to gg_minecraftempire --------
L 08/16/2025 - 11:26:23: [csdm_spawn_preset.amxx] No spawn points file found (addons/amxmodx/configs\csdm\gg_minecraftempire.spawns.cfg)
L 08/16/2025 - 11:26:23: [csdm_main.amxx] CSDM spawn mode set to preset
L 08/16/2025 - 11:34:24: [mapchooser.amxx] Vote: Voting for the nextmap started
L 08/16/2025 - 11:34:39: [mapchooser.amxx] Vote: Voting for the nextmap finished. The nextmap will be gg_winterhold
L 08/16/2025 - 11:36:43: -------- Mapchange to gg_winterhold --------
L 08/16/2025 - 11:36:43: [csdm_spawn_preset.amxx] No spawn points file found (addons/amxmodx/configs\csdm\gg_winterhold.spawns.cfg)
L 08/16/2025 - 11:36:43: [csdm_main.amxx] CSDM spawn mode set to preset
L 08/16/2025 - 11:44:43: [mapchooser.amxx] Vote: Voting for the nextmap started
L 08/16/2025 - 11:44:58: [mapchooser.amxx] Vote: Voting for the nextmap finished. The nextmap will be aim_1on1map
L 08/16/2025 - 11:47:02: -------- Mapchange to aim_1on1map --------
L 08/16/2025 - 11:47:02: [csdm_spawn_preset.amxx] No spawn points file found (addons/amxmodx/configs\csdm\aim_1on1map.spawns.cfg)
L 08/16/2025 - 11:47:02: [csdm_main.amxx] CSDM spawn mode set to preset
L 08/16/2025 - 11:55:02: [mapchooser.amxx] Vote: Voting for the nextmap started
L 08/16/2025 - 11:55:17: [mapchooser.amxx] Vote: Voting for the nextmap finished. The nextmap will be aim_ak_colt_duel
L 08/16/2025 - 11:57:21: -------- Mapchange to aim_ak_colt_duel --------
L 08/16/2025 - 11:57:21: [csdm_spawn_preset.amxx] No spawn points file found (addons/amxmodx/configs\csdm\aim_ak_colt_duel.spawns.cfg)
L 08/16/2025 - 11:57:21: [csdm_main.amxx] CSDM spawn mode set to preset
L 08/16/2025 - 12:05:21: [mapchooser.amxx] Vote: Voting for the nextmap started
L 08/16/2025 - 12:05:36: [mapchooser.amxx] Vote: Voting for the nextmap finished. The nextmap will be aim_DM
L 08/16/2025 - 12:07:40: -------- Mapchange to aim_DM --------
L 08/16/2025 - 12:07:40: [csdm_spawn_preset.amxx] No spawn points file found (addons/amxmodx/configs\csdm\aim_DM.spawns.cfg)
L 08/16/2025 - 12:07:40: [csdm_main.amxx] CSDM spawn mode set to preset
L 08/16/2025 - 12:15:40: [mapchooser.amxx] Vote: Voting for the nextmap started
L 08/16/2025 - 12:15:55: [mapchooser.amxx] Vote: Voting for the nextmap finished. The nextmap will be aim_dust2
L 08/16/2025 - 12:17:59: -------- Mapchange to aim_dust2 --------
L 08/16/2025 - 12:17:59: [csdm_spawn_preset.amxx] No spawn points file found (addons/amxmodx/configs\csdm\aim_dust2.spawns.cfg)
L 08/16/2025 - 12:17:59: [csdm_main.amxx] CSDM spawn mode set to preset
L 08/16/2025 - 12:25:59: [mapchooser.amxx] Vote: Voting for the nextmap started
L 08/16/2025 - 12:26:14: [mapchooser.amxx] Vote: Voting for the nextmap finished. The nextmap will be aim_headshot2
L 08/16/2025 - 12:28:18: -------- Mapchange to aim_headshot2 --------
L 08/16/2025 - 12:28:18: [csdm_spawn_preset.amxx] No spawn points file found (addons/amxmodx/configs\csdm\aim_headshot2.spawns.cfg)
L 08/16/2025 - 12:28:18: [csdm_main.amxx] CSDM spawn mode set to preset
L 08/16/2025 - 12:36:18: [mapchooser.amxx] Vote: Voting for the nextmap started
L 08/16/2025 - 12:36:33: [mapchooser.amxx] Vote: Voting for the nextmap finished. The nextmap will be aim_map_2010
L 08/16/2025 - 12:38:38: -------- Mapchange to aim_map_2010 --------
L 08/16/2025 - 12:38:38: [csdm_spawn_preset.amxx] No spawn points file found (addons/amxmodx/configs\csdm\aim_map_2010.spawns.cfg)
L 08/16/2025 - 12:38:38: [csdm_main.amxx] CSDM spawn mode set to preset
L 08/16/2025 - 12:46:38: [mapchooser.amxx] Vote: Voting for the nextmap started
L 08/16/2025 - 12:46:53: [mapchooser.amxx] Vote: Voting for the nextmap finished. The nextmap will be aim_sOt
L 08/16/2025 - 12:48:57: -------- Mapchange to aim_sOt --------
L 08/16/2025 - 12:48:57: [csdm_spawn_preset.amxx] No spawn points file found (addons/amxmodx/configs\csdm\aim_sOt.spawns.cfg)
L 08/16/2025 - 12:48:57: [csdm_main.amxx] CSDM spawn mode set to preset
L 08/16/2025 - 12:56:57: [mapchooser.amxx] Vote: Voting for the nextmap started
L 08/16/2025 - 12:57:12: [mapchooser.amxx] Vote: Voting for the nextmap finished. The nextmap will be Aim_training
L 08/16/2025 - 12:59:16: -------- Mapchange to Aim_training --------
L 08/16/2025 - 12:59:16: [csdm_spawn_preset.amxx] No spawn points file found (addons/amxmodx/configs\csdm\Aim_training.spawns.cfg)
L 08/16/2025 - 12:59:16: [csdm_main.amxx] CSDM spawn mode set to preset
L 08/16/2025 - 13:23:16: [mapchooser.amxx] Vote: Voting for the nextmap started
L 08/16/2025 - 13:23:31: [mapchooser.amxx] Vote: Voting for the nextmap finished. The nextmap will be fy_iceworld
L 08/16/2025 - 19:42:31: [mapchooser.amxx] Vote: Voting for the nextmap started
L 08/16/2025 - 19:42:46: [mapchooser.amxx] Vote: Voting for the nextmap finished. The nextmap will be fy_iceworld
L 08/16/2025 - 21:54:01: [mapchooser.amxx] Vote: Voting for the nextmap started
L 08/16/2025 - 21:54:16: [mapchooser.amxx] Vote: Voting for the nextmap finished. The nextmap will be fy_iceworld
L 08/16/2025 - 21:56:09: -------- Mapchange to fy_iceworld --------
L 08/16/2025 - 21:56:09: [csdm_spawn_preset.amxx] Loaded 11 spawn points for map fy_iceworld.
L 08/16/2025 - 21:56:09: [csdm_main.amxx] CSDM spawn mode set to preset
L 08/16/2025 - 22:04:10: [mapchooser.amxx] Vote: Voting for the nextmap started
L 08/16/2025 - 22:04:25: [mapchooser.amxx] Vote: Voting for the nextmap finished. The nextmap will be fy_mario
L 08/16/2025 - 22:06:29: -------- Mapchange to fy_mario --------
L 08/16/2025 - 22:06:29: [csdm_spawn_preset.amxx] No spawn points file found (addons/amxmodx/configs\csdm\fy_mario.spawns.cfg)
L 08/16/2025 - 22:06:29: [csdm_main.amxx] CSDM spawn mode set to preset
L 08/16/2025 - 22:14:29: [mapchooser.amxx] Vote: Voting for the nextmap started
L 08/16/2025 - 22:14:44: [mapchooser.amxx] Vote: Voting for the nextmap finished. The nextmap will be fy_mrvideo
L 08/16/2025 - 22:16:48: -------- Mapchange to fy_mrvideo --------
L 08/16/2025 - 22:16:48: [csdm_spawn_preset.amxx] No spawn points file found (addons/amxmodx/configs\csdm\fy_mrvideo.spawns.cfg)
L 08/16/2025 - 22:16:48: [csdm_main.amxx] CSDM spawn mode set to preset
L 08/16/2025 - 22:24:48: [mapchooser.amxx] Vote: Voting for the nextmap started
L 08/16/2025 - 22:25:03: [mapchooser.amxx] Vote: Voting for the nextmap finished. The nextmap will be fy_nuketown
L 08/16/2025 - 22:27:07: -------- Mapchange to fy_nuketown --------
L 08/16/2025 - 22:27:07: [csdm_spawn_preset.amxx] No spawn points file found (addons/amxmodx/configs\csdm\fy_nuketown.spawns.cfg)
L 08/16/2025 - 22:27:07: [csdm_main.amxx] CSDM spawn mode set to preset
L 08/16/2025 - 22:35:07: [mapchooser.amxx] Vote: Voting for the nextmap started
L 08/16/2025 - 22:35:22: [mapchooser.amxx] Vote: Voting for the nextmap finished. The nextmap will be fy_simpsons
L 08/16/2025 - 22:37:26: -------- Mapchange to fy_simpsons --------
L 08/16/2025 - 22:37:26: [csdm_spawn_preset.amxx] No spawn points file found (addons/amxmodx/configs\csdm\fy_simpsons.spawns.cfg)
L 08/16/2025 - 22:37:26: [csdm_main.amxx] CSDM spawn mode set to preset
L 08/16/2025 - 22:45:26: [mapchooser.amxx] Vote: Voting for the nextmap started
L 08/16/2025 - 22:45:41: [mapchooser.amxx] Vote: Voting for the nextmap finished. The nextmap will be fy_snow
L 08/16/2025 - 22:47:45: -------- Mapchange to fy_snow --------
L 08/16/2025 - 22:47:45: [csdm_spawn_preset.amxx] No spawn points file found (addons/amxmodx/configs\csdm\fy_snow.spawns.cfg)
L 08/16/2025 - 22:47:45: [csdm_main.amxx] CSDM spawn mode set to preset
L 08/16/2025 - 22:55:45: [mapchooser.amxx] Vote: Voting for the nextmap started
L 08/16/2025 - 22:56:00: [mapchooser.amxx] Vote: Voting for the nextmap finished. The nextmap will be fy_pool_day
L 08/16/2025 - 22:58:04: -------- Mapchange to fy_pool_day --------
L 08/16/2025 - 22:58:04: [csdm_spawn_preset.amxx] No spawn points file found (addons/amxmodx/configs\csdm\fy_pool_day.spawns.cfg)
L 08/16/2025 - 22:58:04: [csdm_main.amxx] CSDM spawn mode set to preset
L 08/16/2025 - 23:06:04: [mapchooser.amxx] Vote: Voting for the nextmap started
L 08/16/2025 - 23:06:19: [mapchooser.amxx] Vote: Voting for the nextmap finished. The nextmap will be gg_ak-colt_palm_beach
L 08/16/2025 - 23:08:24: -------- Mapchange to gg_ak-colt_palm_beach --------
L 08/16/2025 - 23:08:24: [csdm_spawn_preset.amxx] No spawn points file found (addons/amxmodx/configs\csdm\gg_ak-colt_palm_beach.spawns.cfg)
L 08/16/2025 - 23:08:24: [csdm_main.amxx] CSDM spawn mode set to preset
L 08/16/2025 - 23:16:24: [mapchooser.amxx] Vote: Voting for the nextmap started
L 08/16/2025 - 23:16:39: [mapchooser.amxx] Vote: Voting for the nextmap finished. The nextmap will be gg_minecraftempire
L 08/16/2025 - 23:18:43: -------- Mapchange to gg_minecraftempire --------
L 08/16/2025 - 23:18:43: [csdm_spawn_preset.amxx] No spawn points file found (addons/amxmodx/configs\csdm\gg_minecraftempire.spawns.cfg)
L 08/16/2025 - 23:18:43: [csdm_main.amxx] CSDM spawn mode set to preset
L 08/16/2025 - 23:26:43: [mapchooser.amxx] Vote: Voting for the nextmap started
L 08/16/2025 - 23:26:58: [mapchooser.amxx] Vote: Voting for the nextmap finished. The nextmap will be gg_winterhold
L 08/16/2025 - 23:29:02: -------- Mapchange to gg_winterhold --------
L 08/16/2025 - 23:29:02: [csdm_spawn_preset.amxx] No spawn points file found (addons/amxmodx/configs\csdm\gg_winterhold.spawns.cfg)
L 08/16/2025 - 23:29:02: [csdm_main.amxx] CSDM spawn mode set to preset
L 08/16/2025 - 23:37:02: [mapchooser.amxx] Vote: Voting for the nextmap started
L 08/16/2025 - 23:37:17: [mapchooser.amxx] Vote: Voting for the nextmap finished. The nextmap will be aim_1on1map
L 08/16/2025 - 23:39:21: -------- Mapchange to aim_1on1map --------
L 08/16/2025 - 23:39:21: [csdm_spawn_preset.amxx] No spawn points file found (addons/amxmodx/configs\csdm\aim_1on1map.spawns.cfg)
L 08/16/2025 - 23:39:21: [csdm_main.amxx] CSDM spawn mode set to preset
L 08/16/2025 - 23:47:21: [mapchooser.amxx] Vote: Voting for the nextmap started
L 08/16/2025 - 23:47:36: [mapchooser.amxx] Vote: Voting for the nextmap finished. The nextmap will be aim_ak_colt_duel
L 08/16/2025 - 23:49:40: -------- Mapchange to aim_ak_colt_duel --------
L 08/16/2025 - 23:49:40: [csdm_spawn_preset.amxx] No spawn points file found (addons/amxmodx/configs\csdm\aim_ak_colt_duel.spawns.cfg)
L 08/16/2025 - 23:49:40: [csdm_main.amxx] CSDM spawn mode set to preset
L 08/16/2025 - 23:57:40: [mapchooser.amxx] Vote: Voting for the nextmap started
L 08/16/2025 - 23:57:55: [mapchooser.amxx] Vote: Voting for the nextmap finished. The nextmap will be aim_DM
L 08/16/2025 - 23:59:59: -------- Mapchange to aim_DM --------
L 08/16/2025 - 23:59:59: [csdm_spawn_preset.amxx] No spawn points file found (addons/amxmodx/configs\csdm\aim_DM.spawns.cfg)
L 08/16/2025 - 23:59:59: [csdm_main.amxx] CSDM spawn mode set to preset
