L 08/11/2025 - 08:55:47: client_disconnected and client_remove forwards have been disabled - check your gamedata files.
L 08/11/2025 - 08:55:47: Binding/Hooking cvars have been disabled - check your gamedata files.
L 08/11/2025 - 08:55:47: -------- Mapchange to de_dust2 --------
L 08/11/2025 - 08:55:47: [CSTRIKE] svs global variable is not available
L 08/11/2025 - 08:55:47: [CSTRIKE] sv global variable is not available
L 08/11/2025 - 08:55:47: [csdm_spawn_preset.amxx] Loaded 40 spawn points for map de_dust2.
L 08/11/2025 - 08:55:47: [csdm_main.amxx] CSDM spawn mode set to preset
L 08/11/2025 - 08:56:15: [admin.amxx] Login: "Johannes<1><ID_7dea362b3fac8e00956a4952a3d4><>" became an admin (account "Johannes") (access "abcdefghijklmnopqrstuv") (address "0.100.183.114")
L 08/11/2025 - 08:58:48: client_disconnected and client_remove forwards have been disabled - check your gamedata files.
L 08/11/2025 - 08:58:48: Binding/Hooking cvars have been disabled - check your gamedata files.
L 08/11/2025 - 08:58:48: -------- Mapchange to de_dust2 --------
L 08/11/2025 - 08:58:48: [CSTRIKE] svs global variable is not available
L 08/11/2025 - 08:58:48: [CSTRIKE] sv global variable is not available
L 08/11/2025 - 08:58:48: [csdm_spawn_preset.amxx] Loaded 40 spawn points for map de_dust2.
L 08/11/2025 - 08:58:48: [csdm_main.amxx] CSDM spawn mode set to preset
L 08/11/2025 - 09:13:41: client_disconnected and client_remove forwards have been disabled - check your gamedata files.
L 08/11/2025 - 09:13:41: Binding/Hooking cvars have been disabled - check your gamedata files.
L 08/11/2025 - 09:13:41: -------- Mapchange to de_dust2 --------
L 08/11/2025 - 09:13:41: [CSTRIKE] svs global variable is not available
L 08/11/2025 - 09:13:41: [CSTRIKE] sv global variable is not available
L 08/11/2025 - 09:13:42: [csdm_spawn_preset.amxx] Loaded 40 spawn points for map de_dust2.
L 08/11/2025 - 09:13:42: [csdm_main.amxx] CSDM spawn mode set to preset
L 08/11/2025 - 09:14:01: [admin.amxx] Login: "Johannes<1><ID_7dea362b3fac8e00956a4952a3d4><>" became an admin (account "Johannes") (access "abcdefghijklmnopqrstuv") (address "0.117.57.78")
L 08/11/2025 - 09:17:16: client_disconnected and client_remove forwards have been disabled - check your gamedata files.
L 08/11/2025 - 09:17:16: Binding/Hooking cvars have been disabled - check your gamedata files.
L 08/11/2025 - 09:17:16: -------- Mapchange to de_dust2 --------
L 08/11/2025 - 09:17:16: [CSTRIKE] svs global variable is not available
L 08/11/2025 - 09:17:16: [CSTRIKE] sv global variable is not available
L 08/11/2025 - 09:17:16: [csdm_spawn_preset.amxx] Loaded 40 spawn points for map de_dust2.
L 08/11/2025 - 09:17:16: [csdm_main.amxx] CSDM spawn mode set to preset
L 08/11/2025 - 09:18:00: [admin.amxx] Login: "Johannes<1><ID_7dea362b3fac8e00956a4952a3d4><>" became an admin (account "Johannes") (access "abcdefghijklmnopqrstuv") (address "0.249.18.193")
L 08/11/2025 - 09:20:11: client_disconnected and client_remove forwards have been disabled - check your gamedata files.
L 08/11/2025 - 09:20:11: Binding/Hooking cvars have been disabled - check your gamedata files.
L 08/11/2025 - 09:20:11: -------- Mapchange to de_dust2 --------
L 08/11/2025 - 09:20:11: [CSTRIKE] svs global variable is not available
L 08/11/2025 - 09:20:11: [CSTRIKE] sv global variable is not available
L 08/11/2025 - 09:20:11: [csdm_spawn_preset.amxx] Loaded 40 spawn points for map de_dust2.
L 08/11/2025 - 09:20:11: [csdm_main.amxx] CSDM spawn mode set to preset
L 08/11/2025 - 09:20:37: client_disconnected and client_remove forwards have been disabled - check your gamedata files.
L 08/11/2025 - 09:20:37: Binding/Hooking cvars have been disabled - check your gamedata files.
L 08/11/2025 - 09:20:37: -------- Mapchange to de_dust2 --------
L 08/11/2025 - 09:20:37: [CSTRIKE] svs global variable is not available
L 08/11/2025 - 09:20:37: [CSTRIKE] sv global variable is not available
L 08/11/2025 - 09:20:37: [csdm_spawn_preset.amxx] Loaded 40 spawn points for map de_dust2.
L 08/11/2025 - 09:20:37: [csdm_main.amxx] CSDM spawn mode set to preset
L 08/11/2025 - 09:33:37: [mapchooser.amxx] Vote: Voting for the nextmap started
L 08/11/2025 - 09:33:52: [mapchooser.amxx] Vote: Voting for the nextmap finished. The nextmap will be de_dust2
L 08/11/2025 - 09:35:46: -------- Mapchange to de_dust2 --------
L 08/11/2025 - 09:35:46: [csdm_spawn_preset.amxx] Loaded 40 spawn points for map de_dust2.
L 08/11/2025 - 09:35:46: [csdm_main.amxx] CSDM spawn mode set to preset
L 08/11/2025 - 09:48:46: [mapchooser.amxx] Vote: Voting for the nextmap started
L 08/11/2025 - 09:49:01: [mapchooser.amxx] Vote: Voting for the nextmap finished. The nextmap will be de_dust
L 08/11/2025 - 09:50:55: -------- Mapchange to de_dust --------
L 08/11/2025 - 09:50:55: [csdm_spawn_preset.amxx] Loaded 32 spawn points for map de_dust.
L 08/11/2025 - 09:50:55: [csdm_main.amxx] CSDM spawn mode set to preset
L 08/11/2025 - 10:03:55: [mapchooser.amxx] Vote: Voting for the nextmap started
L 08/11/2025 - 10:04:10: [mapchooser.amxx] Vote: Voting for the nextmap finished. The nextmap will be de_dust2
L 08/11/2025 - 10:06:04: -------- Mapchange to de_dust2 --------
L 08/11/2025 - 10:06:04: [csdm_spawn_preset.amxx] Loaded 40 spawn points for map de_dust2.
L 08/11/2025 - 10:06:04: [csdm_main.amxx] CSDM spawn mode set to preset
L 08/11/2025 - 10:19:04: [mapchooser.amxx] Vote: Voting for the nextmap started
L 08/11/2025 - 10:19:19: [mapchooser.amxx] Vote: Voting for the nextmap finished. The nextmap will be de_dust
L 08/11/2025 - 10:21:13: -------- Mapchange to de_dust --------
L 08/11/2025 - 10:21:13: [csdm_spawn_preset.amxx] Loaded 32 spawn points for map de_dust.
L 08/11/2025 - 10:21:13: [csdm_main.amxx] CSDM spawn mode set to preset
L 08/11/2025 - 10:34:13: [mapchooser.amxx] Vote: Voting for the nextmap started
L 08/11/2025 - 10:34:28: [mapchooser.amxx] Vote: Voting for the nextmap finished. The nextmap will be de_dust2
L 08/11/2025 - 10:36:22: -------- Mapchange to de_dust2 --------
L 08/11/2025 - 10:36:22: [csdm_spawn_preset.amxx] Loaded 40 spawn points for map de_dust2.
L 08/11/2025 - 10:36:22: [csdm_main.amxx] CSDM spawn mode set to preset
L 08/11/2025 - 10:49:22: [mapchooser.amxx] Vote: Voting for the nextmap started
L 08/11/2025 - 10:49:37: [mapchooser.amxx] Vote: Voting for the nextmap finished. The nextmap will be de_dust
L 08/11/2025 - 10:51:31: -------- Mapchange to de_dust --------
L 08/11/2025 - 10:51:31: [csdm_spawn_preset.amxx] Loaded 32 spawn points for map de_dust.
L 08/11/2025 - 10:51:31: [csdm_main.amxx] CSDM spawn mode set to preset
L 08/11/2025 - 11:04:31: [mapchooser.amxx] Vote: Voting for the nextmap started
L 08/11/2025 - 11:04:46: [mapchooser.amxx] Vote: Voting for the nextmap finished. The nextmap will be de_dust2
L 08/11/2025 - 11:06:40: -------- Mapchange to de_dust2 --------
L 08/11/2025 - 11:06:40: [csdm_spawn_preset.amxx] Loaded 40 spawn points for map de_dust2.
L 08/11/2025 - 11:06:40: [csdm_main.amxx] CSDM spawn mode set to preset
L 08/11/2025 - 11:19:40: [mapchooser.amxx] Vote: Voting for the nextmap started
L 08/11/2025 - 11:19:55: [mapchooser.amxx] Vote: Voting for the nextmap finished. The nextmap will be de_dust
L 08/11/2025 - 11:21:49: -------- Mapchange to de_dust --------
L 08/11/2025 - 11:21:49: [csdm_spawn_preset.amxx] Loaded 32 spawn points for map de_dust.
L 08/11/2025 - 11:21:49: [csdm_main.amxx] CSDM spawn mode set to preset
L 08/11/2025 - 11:34:49: [mapchooser.amxx] Vote: Voting for the nextmap started
L 08/11/2025 - 11:35:05: [mapchooser.amxx] Vote: Voting for the nextmap finished. The nextmap will be de_dust2
L 08/11/2025 - 11:36:58: -------- Mapchange to de_dust2 --------
L 08/11/2025 - 11:36:58: [csdm_spawn_preset.amxx] Loaded 40 spawn points for map de_dust2.
L 08/11/2025 - 11:36:58: [csdm_main.amxx] CSDM spawn mode set to preset
L 08/11/2025 - 11:49:58: [mapchooser.amxx] Vote: Voting for the nextmap started
L 08/11/2025 - 11:50:14: [mapchooser.amxx] Vote: Voting for the nextmap finished. The nextmap will be de_dust
L 08/11/2025 - 11:52:07: -------- Mapchange to de_dust --------
L 08/11/2025 - 11:52:07: [csdm_spawn_preset.amxx] Loaded 32 spawn points for map de_dust.
L 08/11/2025 - 11:52:07: [csdm_main.amxx] CSDM spawn mode set to preset
L 08/11/2025 - 12:05:08: [mapchooser.amxx] Vote: Voting for the nextmap started
L 08/11/2025 - 12:05:23: [mapchooser.amxx] Vote: Voting for the nextmap finished. The nextmap will be de_dust2
L 08/11/2025 - 12:07:17: -------- Mapchange to de_dust2 --------
L 08/11/2025 - 12:07:17: [csdm_spawn_preset.amxx] Loaded 40 spawn points for map de_dust2.
L 08/11/2025 - 12:07:17: [csdm_main.amxx] CSDM spawn mode set to preset
L 08/11/2025 - 12:20:17: [mapchooser.amxx] Vote: Voting for the nextmap started
L 08/11/2025 - 12:20:32: [mapchooser.amxx] Vote: Voting for the nextmap finished. The nextmap will be de_dust
L 08/11/2025 - 12:22:15: client_disconnected and client_remove forwards have been disabled - check your gamedata files.
L 08/11/2025 - 12:22:15: Binding/Hooking cvars have been disabled - check your gamedata files.
L 08/11/2025 - 12:22:15: -------- Mapchange to aim_dust2 --------
L 08/11/2025 - 12:22:15: [CSTRIKE] svs global variable is not available
L 08/11/2025 - 12:22:15: [CSTRIKE] sv global variable is not available
L 08/11/2025 - 12:22:16: [csdm_spawn_preset.amxx] No spawn points file found (addons/amxmodx/configs\csdm\aim_dust2.spawns.cfg)
L 08/11/2025 - 12:22:16: [csdm_main.amxx] CSDM spawn mode set to preset
L 08/11/2025 - 12:24:33: [admin.amxx] Login: "Johannes<1><ID_7dea362b3fac8e00956a4952a3d4><>" became an admin (account "Johannes") (access "abcdefghijklmnopqrstuv") (address "0.56.175.177")
L 08/11/2025 - 12:26:28: client_disconnected and client_remove forwards have been disabled - check your gamedata files.
L 08/11/2025 - 12:26:28: Binding/Hooking cvars have been disabled - check your gamedata files.
L 08/11/2025 - 12:26:28: -------- Mapchange to aim_dust2 --------
L 08/11/2025 - 12:26:28: [CSTRIKE] svs global variable is not available
L 08/11/2025 - 12:26:28: [CSTRIKE] sv global variable is not available
L 08/11/2025 - 12:26:28: [csdm_spawn_preset.amxx] No spawn points file found (addons/amxmodx/configs\csdm\aim_dust2.spawns.cfg)
L 08/11/2025 - 12:26:28: [csdm_main.amxx] CSDM spawn mode set to preset
L 08/11/2025 - 12:27:07: [admin.amxx] Login: "Johannes<1><ID_7dea362b3fac8e00956a4952a3d4><>" became an admin (account "Johannes") (access "abcdefghijklmnopqrstuv") (address "0.125.187.246")
L 08/11/2025 - 12:27:57: [mapsmenu.amxx] Cmd: "Johannes<1><ID_7dea362b3fac8e00956a4952a3d4><>" changelevel "aim_1on1map"
L 08/11/2025 - 12:27:59: -------- Mapchange to aim_1on1map --------
L 08/11/2025 - 12:27:59: [csdm_spawn_preset.amxx] No spawn points file found (addons/amxmodx/configs\csdm\aim_1on1map.spawns.cfg)
L 08/11/2025 - 12:27:59: [csdm_main.amxx] CSDM spawn mode set to preset
L 08/11/2025 - 12:27:59: [admin.amxx] Login: "Johannes<2><ID_7dea362b3fac8e00956a4952a3d4><>" became an admin (account "Johannes") (access "abcdefghijklmnopqrstuv") (address "0.125.187.246")
L 08/11/2025 - 12:29:18: [mapsmenu.amxx] Cmd: "Johannes<2><ID_7dea362b3fac8e00956a4952a3d4><>" changelevel "aim_ak_colt_duel"
L 08/11/2025 - 12:29:20: -------- Mapchange to aim_ak_colt_duel --------
L 08/11/2025 - 12:29:20: [csdm_spawn_preset.amxx] No spawn points file found (addons/amxmodx/configs\csdm\aim_ak_colt_duel.spawns.cfg)
L 08/11/2025 - 12:29:20: [csdm_main.amxx] CSDM spawn mode set to preset
L 08/11/2025 - 12:29:21: [admin.amxx] Login: "Johannes<12><ID_7dea362b3fac8e00956a4952a3d4><>" became an admin (account "Johannes") (access "abcdefghijklmnopqrstuv") (address "0.125.187.246")
L 08/11/2025 - 12:29:48: [mapsmenu.amxx] Cmd: "Johannes<12><ID_7dea362b3fac8e00956a4952a3d4><>" changelevel "aim_DM"
L 08/11/2025 - 12:29:50: -------- Mapchange to aim_DM --------
L 08/11/2025 - 12:29:50: [csdm_spawn_preset.amxx] No spawn points file found (addons/amxmodx/configs\csdm\aim_DM.spawns.cfg)
L 08/11/2025 - 12:29:50: [csdm_main.amxx] CSDM spawn mode set to preset
L 08/11/2025 - 12:29:50: [admin.amxx] Login: "Johannes<16><ID_7dea362b3fac8e00956a4952a3d4><>" became an admin (account "Johannes") (access "abcdefghijklmnopqrstuv") (address "0.125.187.246")
L 08/11/2025 - 12:30:41: [mapsmenu.amxx] Cmd: "Johannes<16><ID_7dea362b3fac8e00956a4952a3d4><>" changelevel "aim_headshot2"
L 08/11/2025 - 12:30:43: -------- Mapchange to aim_headshot2 --------
L 08/11/2025 - 12:30:43: [csdm_spawn_preset.amxx] No spawn points file found (addons/amxmodx/configs\csdm\aim_headshot2.spawns.cfg)
L 08/11/2025 - 12:30:43: [csdm_main.amxx] CSDM spawn mode set to preset
L 08/11/2025 - 12:30:43: [admin.amxx] Login: "Johannes<26><ID_7dea362b3fac8e00956a4952a3d4><>" became an admin (account "Johannes") (access "abcdefghijklmnopqrstuv") (address "0.125.187.246")
L 08/11/2025 - 12:31:42: [mapsmenu.amxx] Cmd: "Johannes<26><ID_7dea362b3fac8e00956a4952a3d4><>" changelevel "aim_map_2010"
L 08/11/2025 - 12:31:44: -------- Mapchange to aim_map_2010 --------
L 08/11/2025 - 12:31:44: [csdm_spawn_preset.amxx] No spawn points file found (addons/amxmodx/configs\csdm\aim_map_2010.spawns.cfg)
L 08/11/2025 - 12:31:44: [csdm_main.amxx] CSDM spawn mode set to preset
L 08/11/2025 - 12:31:44: [admin.amxx] Login: "Johannes<36><ID_7dea362b3fac8e00956a4952a3d4><>" became an admin (account "Johannes") (access "abcdefghijklmnopqrstuv") (address "0.125.187.246")
L 08/11/2025 - 12:32:52: [mapsmenu.amxx] Cmd: "Johannes<36><ID_7dea362b3fac8e00956a4952a3d4><>" changelevel "aim_sOt"
L 08/11/2025 - 12:32:54: -------- Mapchange to aim_sOt --------
L 08/11/2025 - 12:32:54: [csdm_spawn_preset.amxx] No spawn points file found (addons/amxmodx/configs\csdm\aim_sOt.spawns.cfg)
L 08/11/2025 - 12:32:54: [csdm_main.amxx] CSDM spawn mode set to preset
L 08/11/2025 - 12:32:54: [admin.amxx] Login: "Johannes<46><ID_7dea362b3fac8e00956a4952a3d4><>" became an admin (account "Johannes") (access "abcdefghijklmnopqrstuv") (address "0.125.187.246")
L 08/11/2025 - 12:34:04: [mapsmenu.amxx] Cmd: "Johannes<46><ID_7dea362b3fac8e00956a4952a3d4><>" changelevel "aim_ak_colt_duel"
L 08/11/2025 - 12:34:06: -------- Mapchange to aim_ak_colt_duel --------
L 08/11/2025 - 12:34:06: [csdm_spawn_preset.amxx] No spawn points file found (addons/amxmodx/configs\csdm\aim_ak_colt_duel.spawns.cfg)
L 08/11/2025 - 12:34:06: [csdm_main.amxx] CSDM spawn mode set to preset
L 08/11/2025 - 12:34:07: [admin.amxx] Login: "Johannes<56><ID_7dea362b3fac8e00956a4952a3d4><>" became an admin (account "Johannes") (access "abcdefghijklmnopqrstuv") (address "0.125.187.246")
L 08/11/2025 - 12:34:38: [mapsmenu.amxx] Cmd: "Johannes<56><ID_7dea362b3fac8e00956a4952a3d4><>" changelevel "aim_map_2010"
L 08/11/2025 - 12:34:40: -------- Mapchange to aim_map_2010 --------
L 08/11/2025 - 12:34:40: [csdm_spawn_preset.amxx] No spawn points file found (addons/amxmodx/configs\csdm\aim_map_2010.spawns.cfg)
L 08/11/2025 - 12:34:40: [csdm_main.amxx] CSDM spawn mode set to preset
L 08/11/2025 - 12:34:40: [admin.amxx] Login: "Johannes<57><ID_7dea362b3fac8e00956a4952a3d4><>" became an admin (account "Johannes") (access "abcdefghijklmnopqrstuv") (address "0.125.187.246")
L 08/11/2025 - 12:36:33: client_disconnected and client_remove forwards have been disabled - check your gamedata files.
L 08/11/2025 - 12:36:33: Binding/Hooking cvars have been disabled - check your gamedata files.
L 08/11/2025 - 12:36:33: -------- Mapchange to aim_map_2010 --------
L 08/11/2025 - 12:36:33: [CSTRIKE] svs global variable is not available
L 08/11/2025 - 12:36:33: [CSTRIKE] sv global variable is not available
L 08/11/2025 - 12:36:33: [csdm_spawn_preset.amxx] No spawn points file found (addons/amxmodx/configs\csdm\aim_map_2010.spawns.cfg)
L 08/11/2025 - 12:36:33: [csdm_main.amxx] CSDM spawn mode set to preset
L 08/11/2025 - 12:37:09: [admin.amxx] Login: "Johannes<1><ID_7dea362b3fac8e00956a4952a3d4><>" became an admin (account "Johannes") (access "abcdefghijklmnopqrstuv") (address "0.203.53.69")
L 08/11/2025 - 12:42:21: [admin.amxx] Login: "Johannes<2><ID_7dea362b3fac8e00956a4952a3d4><>" became an admin (account "Johannes") (access "abcdefghijklmnopqrstuv") (address "0.106.130.1")
L 08/11/2025 - 12:43:48: [plmenu.amxx] Cmd: "Johannes<2><ID_7dea362b3fac8e00956a4952a3d4><>" transfer "AceVentura<3><ID_7dea362b3fac8e00956a4952a3d4><>" (team "CT")
L 08/11/2025 - 12:43:48: [CSTRIKE] Postponing of model update disabled, check your gamedata files
L 08/11/2025 - 12:43:48: [CSTRIKE] Postponing of model update disabled, check your gamedata files
L 08/11/2025 - 12:50:50: [mapsmenu.amxx] Vote: "Johannes<2><ID_7dea362b3fac8e00956a4952a3d4><>" vote maps (map#1 "aim_1on1map") (map#2 "aim_ak_colt_duel") (map#3 "aim_DM") (map#4 "aim_dust2")
L 08/11/2025 - 12:51:02: [mapsmenu.amxx] Vote: Voting failed
L 08/11/2025 - 12:54:34: client_disconnected and client_remove forwards have been disabled - check your gamedata files.
L 08/11/2025 - 12:54:34: Binding/Hooking cvars have been disabled - check your gamedata files.
L 08/11/2025 - 12:54:34: -------- Mapchange to aim_map_2010 --------
L 08/11/2025 - 12:54:34: [CSTRIKE] svs global variable is not available
L 08/11/2025 - 12:54:34: [CSTRIKE] sv global variable is not available
L 08/11/2025 - 12:54:34: [csdm_spawn_preset.amxx] No spawn points file found (addons/amxmodx/configs\csdm\aim_map_2010.spawns.cfg)
L 08/11/2025 - 12:54:34: [csdm_main.amxx] CSDM spawn mode set to preset
L 08/11/2025 - 13:07:34: [mapchooser.amxx] Vote: Voting for the nextmap started
L 08/11/2025 - 13:07:49: [mapchooser.amxx] Vote: Voting for the nextmap finished. The nextmap will be de_dust2
L 08/11/2025 - 13:09:43: -------- Mapchange to de_dust2 --------
L 08/11/2025 - 13:09:43: [csdm_spawn_preset.amxx] Loaded 40 spawn points for map de_dust2.
L 08/11/2025 - 13:09:43: [csdm_main.amxx] CSDM spawn mode set to preset
L 08/11/2025 - 13:22:43: [mapchooser.amxx] Vote: Voting for the nextmap started
L 08/11/2025 - 13:22:58: [mapchooser.amxx] Vote: Voting for the nextmap finished. The nextmap will be de_dust
L 08/11/2025 - 13:24:52: -------- Mapchange to de_dust --------
L 08/11/2025 - 13:24:52: [csdm_spawn_preset.amxx] Loaded 32 spawn points for map de_dust.
L 08/11/2025 - 13:24:52: [csdm_main.amxx] CSDM spawn mode set to preset
L 08/11/2025 - 13:37:52: [mapchooser.amxx] Vote: Voting for the nextmap started
L 08/11/2025 - 13:38:07: [mapchooser.amxx] Vote: Voting for the nextmap finished. The nextmap will be de_dust2
L 08/11/2025 - 13:40:01: -------- Mapchange to de_dust2 --------
L 08/11/2025 - 13:40:01: [csdm_spawn_preset.amxx] Loaded 40 spawn points for map de_dust2.
L 08/11/2025 - 13:40:01: [csdm_main.amxx] CSDM spawn mode set to preset
L 08/11/2025 - 13:53:01: [mapchooser.amxx] Vote: Voting for the nextmap started
L 08/11/2025 - 13:53:16: [mapchooser.amxx] Vote: Voting for the nextmap finished. The nextmap will be de_dust
L 08/11/2025 - 13:55:10: -------- Mapchange to de_dust --------
L 08/11/2025 - 13:55:10: [csdm_spawn_preset.amxx] Loaded 32 spawn points for map de_dust.
L 08/11/2025 - 13:55:10: [csdm_main.amxx] CSDM spawn mode set to preset
L 08/11/2025 - 14:08:10: [mapchooser.amxx] Vote: Voting for the nextmap started
L 08/11/2025 - 14:08:25: [mapchooser.amxx] Vote: Voting for the nextmap finished. The nextmap will be de_dust2
L 08/11/2025 - 14:10:19: -------- Mapchange to de_dust2 --------
L 08/11/2025 - 14:10:19: [csdm_spawn_preset.amxx] Loaded 40 spawn points for map de_dust2.
L 08/11/2025 - 14:10:19: [csdm_main.amxx] CSDM spawn mode set to preset
L 08/11/2025 - 14:23:19: [mapchooser.amxx] Vote: Voting for the nextmap started
L 08/11/2025 - 14:23:34: [mapchooser.amxx] Vote: Voting for the nextmap finished. The nextmap will be de_dust
L 08/11/2025 - 14:25:28: -------- Mapchange to de_dust --------
L 08/11/2025 - 14:25:28: [csdm_spawn_preset.amxx] Loaded 32 spawn points for map de_dust.
L 08/11/2025 - 14:25:28: [csdm_main.amxx] CSDM spawn mode set to preset
L 08/11/2025 - 14:38:28: [mapchooser.amxx] Vote: Voting for the nextmap started
L 08/11/2025 - 14:38:44: [mapchooser.amxx] Vote: Voting for the nextmap finished. The nextmap will be de_dust2
L 08/11/2025 - 14:40:37: -------- Mapchange to de_dust2 --------
L 08/11/2025 - 14:40:37: [csdm_spawn_preset.amxx] Loaded 40 spawn points for map de_dust2.
L 08/11/2025 - 14:40:37: [csdm_main.amxx] CSDM spawn mode set to preset
L 08/11/2025 - 14:53:37: [mapchooser.amxx] Vote: Voting for the nextmap started
L 08/11/2025 - 14:53:48: [admin.amxx] Login: "Johannes<1><ID_7dea362b3fac8e00956a4952a3d4><>" became an admin (account "Johannes") (access "abcdefghijklmnopqrstuv") (address "0.138.82.194")
L 08/11/2025 - 14:53:52: [mapchooser.amxx] Vote: Voting for the nextmap finished. The nextmap will be de_dust
L 08/11/2025 - 14:54:50: [mapsmenu.amxx] Cmd: "Johannes<1><ID_7dea362b3fac8e00956a4952a3d4><>" changelevel "aim_1on1map"
L 08/11/2025 - 14:54:52: -------- Mapchange to aim_1on1map --------
L 08/11/2025 - 14:54:52: [csdm_spawn_preset.amxx] No spawn points file found (addons/amxmodx/configs\csdm\aim_1on1map.spawns.cfg)
L 08/11/2025 - 14:54:52: [csdm_main.amxx] CSDM spawn mode set to preset
L 08/11/2025 - 14:54:52: [admin.amxx] Login: "Johannes<4><ID_7dea362b3fac8e00956a4952a3d4><>" became an admin (account "Johannes") (access "abcdefghijklmnopqrstuv") (address "0.138.82.194")
L 08/11/2025 - 14:59:51: client_disconnected and client_remove forwards have been disabled - check your gamedata files.
L 08/11/2025 - 14:59:51: Binding/Hooking cvars have been disabled - check your gamedata files.
L 08/11/2025 - 14:59:51: -------- Mapchange to aim_map_2010 --------
L 08/11/2025 - 14:59:51: [CSTRIKE] svs global variable is not available
L 08/11/2025 - 14:59:51: [CSTRIKE] sv global variable is not available
L 08/11/2025 - 14:59:51: [csdm_spawn_preset.amxx] No spawn points file found (addons/amxmodx/configs\csdm\aim_map_2010.spawns.cfg)
L 08/11/2025 - 14:59:51: [csdm_main.amxx] CSDM spawn mode set to preset
L 08/11/2025 - 15:00:12: [admin.amxx] Login: "Johannes<1><ID_7dea362b3fac8e00956a4952a3d4><>" became an admin (account "Johannes") (access "abcdefghijklmnopqrstuv") (address "0.170.53.234")
L 08/11/2025 - 15:15:51: [mapchooser.amxx] Vote: Voting for the nextmap started
L 08/11/2025 - 15:16:07: [mapchooser.amxx] Vote: Voting for the nextmap finished. The nextmap will be aim_1on1map
L 08/11/2025 - 15:18:10: -------- Mapchange to aim_1on1map --------
L 08/11/2025 - 15:18:10: [csdm_spawn_preset.amxx] No spawn points file found (addons/amxmodx/configs\csdm\aim_1on1map.spawns.cfg)
L 08/11/2025 - 15:18:10: [csdm_main.amxx] CSDM spawn mode set to preset
L 08/11/2025 - 15:18:10: [admin.amxx] Login: "Johannes<3><ID_7dea362b3fac8e00956a4952a3d4><>" became an admin (account "Johannes") (access "abcdefghijklmnopqrstuv") (address "0.170.53.234")
L 08/11/2025 - 15:31:10: [mapchooser.amxx] Vote: Voting for the nextmap started
L 08/11/2025 - 15:31:25: [mapchooser.amxx] Vote: Voting for the nextmap finished. The nextmap will be de_dust
L 08/11/2025 - 15:36:28: -------- Mapchange to de_dust --------
L 08/11/2025 - 15:36:28: [csdm_spawn_preset.amxx] Loaded 32 spawn points for map de_dust.
L 08/11/2025 - 15:36:28: [csdm_main.amxx] CSDM spawn mode set to preset
L 08/11/2025 - 15:49:29: [mapchooser.amxx] Vote: Voting for the nextmap started
L 08/11/2025 - 15:49:44: [mapchooser.amxx] Vote: Voting for the nextmap finished. The nextmap will be de_dust2
L 08/11/2025 - 15:54:47: -------- Mapchange to de_dust2 --------
L 08/11/2025 - 15:54:47: [csdm_spawn_preset.amxx] Loaded 40 spawn points for map de_dust2.
L 08/11/2025 - 15:54:47: [csdm_main.amxx] CSDM spawn mode set to preset
L 08/11/2025 - 16:07:47: [mapchooser.amxx] Vote: Voting for the nextmap started
L 08/11/2025 - 16:08:02: [mapchooser.amxx] Vote: Voting for the nextmap finished. The nextmap will be de_dust
L 08/11/2025 - 16:13:05: -------- Mapchange to de_dust --------
L 08/11/2025 - 16:13:05: [csdm_spawn_preset.amxx] Loaded 32 spawn points for map de_dust.
L 08/11/2025 - 16:13:05: [csdm_main.amxx] CSDM spawn mode set to preset
L 08/11/2025 - 16:26:05: [mapchooser.amxx] Vote: Voting for the nextmap started
L 08/11/2025 - 16:26:20: [mapchooser.amxx] Vote: Voting for the nextmap finished. The nextmap will be de_dust2
L 08/11/2025 - 16:31:23: -------- Mapchange to de_dust2 --------
L 08/11/2025 - 16:31:23: [csdm_spawn_preset.amxx] Loaded 40 spawn points for map de_dust2.
L 08/11/2025 - 16:31:23: [csdm_main.amxx] CSDM spawn mode set to preset
L 08/11/2025 - 16:44:23: [mapchooser.amxx] Vote: Voting for the nextmap started
L 08/11/2025 - 16:44:38: [mapchooser.amxx] Vote: Voting for the nextmap finished. The nextmap will be de_dust
L 08/11/2025 - 16:49:41: -------- Mapchange to de_dust --------
L 08/11/2025 - 16:49:41: [csdm_spawn_preset.amxx] Loaded 32 spawn points for map de_dust.
L 08/11/2025 - 16:49:41: [csdm_main.amxx] CSDM spawn mode set to preset
L 08/11/2025 - 17:02:41: [mapchooser.amxx] Vote: Voting for the nextmap started
L 08/11/2025 - 17:02:56: [mapchooser.amxx] Vote: Voting for the nextmap finished. The nextmap will be de_dust2
L 08/11/2025 - 17:08:00: -------- Mapchange to de_dust2 --------
L 08/11/2025 - 17:08:00: [csdm_spawn_preset.amxx] Loaded 40 spawn points for map de_dust2.
L 08/11/2025 - 17:08:00: [csdm_main.amxx] CSDM spawn mode set to preset
L 08/11/2025 - 17:21:00: [mapchooser.amxx] Vote: Voting for the nextmap started
L 08/11/2025 - 17:21:15: [mapchooser.amxx] Vote: Voting for the nextmap finished. The nextmap will be de_dust
L 08/11/2025 - 17:26:18: -------- Mapchange to de_dust --------
L 08/11/2025 - 17:26:18: [csdm_spawn_preset.amxx] Loaded 32 spawn points for map de_dust.
L 08/11/2025 - 17:26:18: [csdm_main.amxx] CSDM spawn mode set to preset
L 08/11/2025 - 17:39:18: [mapchooser.amxx] Vote: Voting for the nextmap started
L 08/11/2025 - 17:39:33: [mapchooser.amxx] Vote: Voting for the nextmap finished. The nextmap will be de_dust2
L 08/11/2025 - 17:44:36: -------- Mapchange to de_dust2 --------
L 08/11/2025 - 17:44:36: [csdm_spawn_preset.amxx] Loaded 40 spawn points for map de_dust2.
L 08/11/2025 - 17:44:36: [csdm_main.amxx] CSDM spawn mode set to preset
L 08/11/2025 - 17:57:36: [mapchooser.amxx] Vote: Voting for the nextmap started
L 08/11/2025 - 17:57:51: [mapchooser.amxx] Vote: Voting for the nextmap finished. The nextmap will be de_dust
L 08/11/2025 - 18:02:54: -------- Mapchange to de_dust --------
L 08/11/2025 - 18:02:54: [csdm_spawn_preset.amxx] Loaded 32 spawn points for map de_dust.
L 08/11/2025 - 18:02:54: [csdm_main.amxx] CSDM spawn mode set to preset
L 08/11/2025 - 18:15:54: [mapchooser.amxx] Vote: Voting for the nextmap started
L 08/11/2025 - 18:16:09: [mapchooser.amxx] Vote: Voting for the nextmap finished. The nextmap will be de_dust2
L 08/11/2025 - 18:21:13: -------- Mapchange to de_dust2 --------
L 08/11/2025 - 18:21:13: [csdm_spawn_preset.amxx] Loaded 40 spawn points for map de_dust2.
L 08/11/2025 - 18:21:13: [csdm_main.amxx] CSDM spawn mode set to preset
L 08/11/2025 - 18:34:13: [mapchooser.amxx] Vote: Voting for the nextmap started
L 08/11/2025 - 18:34:28: [mapchooser.amxx] Vote: Voting for the nextmap finished. The nextmap will be de_dust
L 08/11/2025 - 18:39:31: -------- Mapchange to de_dust --------
L 08/11/2025 - 18:39:31: [csdm_spawn_preset.amxx] Loaded 32 spawn points for map de_dust.
L 08/11/2025 - 18:39:31: [csdm_main.amxx] CSDM spawn mode set to preset
L 08/11/2025 - 18:52:31: [mapchooser.amxx] Vote: Voting for the nextmap started
L 08/11/2025 - 18:52:46: [mapchooser.amxx] Vote: Voting for the nextmap finished. The nextmap will be de_dust2
L 08/11/2025 - 18:57:49: -------- Mapchange to de_dust2 --------
L 08/11/2025 - 18:57:49: [csdm_spawn_preset.amxx] Loaded 40 spawn points for map de_dust2.
L 08/11/2025 - 18:57:49: [csdm_main.amxx] CSDM spawn mode set to preset
L 08/11/2025 - 19:10:49: [mapchooser.amxx] Vote: Voting for the nextmap started
L 08/11/2025 - 19:11:04: [mapchooser.amxx] Vote: Voting for the nextmap finished. The nextmap will be de_dust
L 08/11/2025 - 19:16:07: -------- Mapchange to de_dust --------
L 08/11/2025 - 19:16:07: [csdm_spawn_preset.amxx] Loaded 32 spawn points for map de_dust.
L 08/11/2025 - 19:16:07: [csdm_main.amxx] CSDM spawn mode set to preset
L 08/11/2025 - 19:29:07: [mapchooser.amxx] Vote: Voting for the nextmap started
L 08/11/2025 - 19:29:22: [mapchooser.amxx] Vote: Voting for the nextmap finished. The nextmap will be de_dust2
L 08/11/2025 - 19:34:26: -------- Mapchange to de_dust2 --------
L 08/11/2025 - 19:34:26: [csdm_spawn_preset.amxx] Loaded 40 spawn points for map de_dust2.
L 08/11/2025 - 19:34:26: [csdm_main.amxx] CSDM spawn mode set to preset
L 08/11/2025 - 19:47:26: [mapchooser.amxx] Vote: Voting for the nextmap started
L 08/11/2025 - 19:47:41: [mapchooser.amxx] Vote: Voting for the nextmap finished. The nextmap will be de_dust
L 08/11/2025 - 19:52:44: -------- Mapchange to de_dust --------
L 08/11/2025 - 19:52:44: [csdm_spawn_preset.amxx] Loaded 32 spawn points for map de_dust.
L 08/11/2025 - 19:52:44: [csdm_main.amxx] CSDM spawn mode set to preset
L 08/11/2025 - 20:05:44: [mapchooser.amxx] Vote: Voting for the nextmap started
L 08/11/2025 - 20:05:59: [mapchooser.amxx] Vote: Voting for the nextmap finished. The nextmap will be de_dust2
L 08/11/2025 - 20:11:02: -------- Mapchange to de_dust2 --------
L 08/11/2025 - 20:11:02: [csdm_spawn_preset.amxx] Loaded 40 spawn points for map de_dust2.
L 08/11/2025 - 20:11:02: [csdm_main.amxx] CSDM spawn mode set to preset
L 08/11/2025 - 20:24:02: [mapchooser.amxx] Vote: Voting for the nextmap started
L 08/11/2025 - 20:24:17: [mapchooser.amxx] Vote: Voting for the nextmap finished. The nextmap will be de_dust
L 08/11/2025 - 20:29:20: -------- Mapchange to de_dust --------
L 08/11/2025 - 20:29:20: [csdm_spawn_preset.amxx] Loaded 32 spawn points for map de_dust.
L 08/11/2025 - 20:29:20: [csdm_main.amxx] CSDM spawn mode set to preset
L 08/11/2025 - 20:42:20: [mapchooser.amxx] Vote: Voting for the nextmap started
L 08/11/2025 - 20:42:36: [mapchooser.amxx] Vote: Voting for the nextmap finished. The nextmap will be de_dust2
L 08/11/2025 - 20:47:39: -------- Mapchange to de_dust2 --------
L 08/11/2025 - 20:47:39: [csdm_spawn_preset.amxx] Loaded 40 spawn points for map de_dust2.
L 08/11/2025 - 20:47:39: [csdm_main.amxx] CSDM spawn mode set to preset
L 08/11/2025 - 21:00:39: [mapchooser.amxx] Vote: Voting for the nextmap started
L 08/11/2025 - 21:00:54: [mapchooser.amxx] Vote: Voting for the nextmap finished. The nextmap will be de_dust
L 08/11/2025 - 21:05:57: -------- Mapchange to de_dust --------
L 08/11/2025 - 21:05:57: [csdm_spawn_preset.amxx] Loaded 32 spawn points for map de_dust.
L 08/11/2025 - 21:05:57: [csdm_main.amxx] CSDM spawn mode set to preset
L 08/11/2025 - 21:18:57: [mapchooser.amxx] Vote: Voting for the nextmap started
L 08/11/2025 - 21:19:12: [mapchooser.amxx] Vote: Voting for the nextmap finished. The nextmap will be de_dust2
L 08/11/2025 - 21:24:15: -------- Mapchange to de_dust2 --------
L 08/11/2025 - 21:24:15: [csdm_spawn_preset.amxx] Loaded 40 spawn points for map de_dust2.
L 08/11/2025 - 21:24:15: [csdm_main.amxx] CSDM spawn mode set to preset
L 08/11/2025 - 21:37:15: [mapchooser.amxx] Vote: Voting for the nextmap started
L 08/11/2025 - 21:37:30: [mapchooser.amxx] Vote: Voting for the nextmap finished. The nextmap will be de_dust
L 08/11/2025 - 21:42:33: -------- Mapchange to de_dust --------
L 08/11/2025 - 21:42:33: [csdm_spawn_preset.amxx] Loaded 32 spawn points for map de_dust.
L 08/11/2025 - 21:42:33: [csdm_main.amxx] CSDM spawn mode set to preset
L 08/11/2025 - 21:55:33: [mapchooser.amxx] Vote: Voting for the nextmap started
L 08/11/2025 - 21:55:48: [mapchooser.amxx] Vote: Voting for the nextmap finished. The nextmap will be de_dust2
L 08/11/2025 - 22:00:52: -------- Mapchange to de_dust2 --------
L 08/11/2025 - 22:00:52: [csdm_spawn_preset.amxx] Loaded 40 spawn points for map de_dust2.
L 08/11/2025 - 22:00:52: [csdm_main.amxx] CSDM spawn mode set to preset
L 08/11/2025 - 22:13:52: [mapchooser.amxx] Vote: Voting for the nextmap started
L 08/11/2025 - 22:14:07: [mapchooser.amxx] Vote: Voting for the nextmap finished. The nextmap will be de_dust
L 08/11/2025 - 22:19:10: -------- Mapchange to de_dust --------
L 08/11/2025 - 22:19:10: [csdm_spawn_preset.amxx] Loaded 32 spawn points for map de_dust.
L 08/11/2025 - 22:19:10: [csdm_main.amxx] CSDM spawn mode set to preset
L 08/11/2025 - 22:32:10: [mapchooser.amxx] Vote: Voting for the nextmap started
L 08/11/2025 - 22:32:25: [mapchooser.amxx] Vote: Voting for the nextmap finished. The nextmap will be de_dust2
L 08/11/2025 - 22:37:28: -------- Mapchange to de_dust2 --------
L 08/11/2025 - 22:37:28: [csdm_spawn_preset.amxx] Loaded 40 spawn points for map de_dust2.
L 08/11/2025 - 22:37:28: [csdm_main.amxx] CSDM spawn mode set to preset
L 08/11/2025 - 22:50:28: [mapchooser.amxx] Vote: Voting for the nextmap started
L 08/11/2025 - 22:50:43: [mapchooser.amxx] Vote: Voting for the nextmap finished. The nextmap will be de_dust
L 08/11/2025 - 22:55:46: -------- Mapchange to de_dust --------
L 08/11/2025 - 22:55:46: [csdm_spawn_preset.amxx] Loaded 32 spawn points for map de_dust.
L 08/11/2025 - 22:55:46: [csdm_main.amxx] CSDM spawn mode set to preset
L 08/11/2025 - 23:08:46: [mapchooser.amxx] Vote: Voting for the nextmap started
L 08/11/2025 - 23:09:01: [mapchooser.amxx] Vote: Voting for the nextmap finished. The nextmap will be de_dust2
L 08/11/2025 - 23:14:05: -------- Mapchange to de_dust2 --------
L 08/11/2025 - 23:14:05: [csdm_spawn_preset.amxx] Loaded 40 spawn points for map de_dust2.
L 08/11/2025 - 23:14:05: [csdm_main.amxx] CSDM spawn mode set to preset
L 08/11/2025 - 23:27:05: [mapchooser.amxx] Vote: Voting for the nextmap started
L 08/11/2025 - 23:27:20: [mapchooser.amxx] Vote: Voting for the nextmap finished. The nextmap will be de_dust
L 08/11/2025 - 23:32:23: -------- Mapchange to de_dust --------
L 08/11/2025 - 23:32:23: [csdm_spawn_preset.amxx] Loaded 32 spawn points for map de_dust.
L 08/11/2025 - 23:32:23: [csdm_main.amxx] CSDM spawn mode set to preset
L 08/11/2025 - 23:45:23: [mapchooser.amxx] Vote: Voting for the nextmap started
L 08/11/2025 - 23:45:38: [mapchooser.amxx] Vote: Voting for the nextmap finished. The nextmap will be de_dust2
L 08/11/2025 - 23:50:41: -------- Mapchange to de_dust2 --------
L 08/11/2025 - 23:50:41: [csdm_spawn_preset.amxx] Loaded 40 spawn points for map de_dust2.
L 08/11/2025 - 23:50:41: [csdm_main.amxx] CSDM spawn mode set to preset
