L 08/20/2025 - 00:00:02: [mapchooser.amxx] Vote: Voting for the nextmap finished. The nextmap will be aim_headshot2
L 08/20/2025 - 00:02:05: -------- Mapchange to aim_headshot2 --------
L 08/20/2025 - 00:02:05: [csdm_spawn_preset.amxx] No spawn points file found (addons/amxmodx/configs\csdm\aim_headshot2.spawns.cfg)
L 08/20/2025 - 00:02:05: [csdm_main.amxx] CSDM spawn mode set to preset
L 08/20/2025 - 00:10:05: [mapchooser.amxx] Vote: Voting for the nextmap started
L 08/20/2025 - 00:10:20: [mapchooser.amxx] Vote: Voting for the nextmap finished. The nextmap will be fy_snow
L 08/20/2025 - 00:12:23: -------- Mapchange to fy_snow --------
L 08/20/2025 - 00:12:23: [csdm_spawn_preset.amxx] No spawn points file found (addons/amxmodx/configs\csdm\fy_snow.spawns.cfg)
L 08/20/2025 - 00:12:23: [csdm_main.amxx] CSDM spawn mode set to preset
L 08/20/2025 - 00:20:23: [mapchooser.amxx] Vote: Voting for the nextmap started
L 08/20/2025 - 00:20:38: [mapchooser.amxx] Vote: Voting for the nextmap finished. The nextmap will be aim_map_2010
L 08/20/2025 - 00:22:41: -------- Mapchange to aim_map_2010 --------
L 08/20/2025 - 00:22:41: [csdm_spawn_preset.amxx] No spawn points file found (addons/amxmodx/configs\csdm\aim_map_2010.spawns.cfg)
L 08/20/2025 - 00:22:41: [csdm_main.amxx] CSDM spawn mode set to preset
L 08/20/2025 - 00:30:41: [mapchooser.amxx] Vote: Voting for the nextmap started
L 08/20/2025 - 00:30:56: [mapchooser.amxx] Vote: Voting for the nextmap finished. The nextmap will be gg_winterhold
L 08/20/2025 - 00:33:00: -------- Mapchange to gg_winterhold --------
L 08/20/2025 - 00:33:00: [csdm_spawn_preset.amxx] No spawn points file found (addons/amxmodx/configs\csdm\gg_winterhold.spawns.cfg)
L 08/20/2025 - 00:33:00: [csdm_main.amxx] CSDM spawn mode set to preset
L 08/20/2025 - 00:41:00: [mapchooser.amxx] Vote: Voting for the nextmap started
L 08/20/2025 - 00:41:15: [mapchooser.amxx] Vote: Voting for the nextmap finished. The nextmap will be aim_1on1map
L 08/20/2025 - 00:43:18: -------- Mapchange to aim_1on1map --------
L 08/20/2025 - 00:43:18: [csdm_spawn_preset.amxx] No spawn points file found (addons/amxmodx/configs\csdm\aim_1on1map.spawns.cfg)
L 08/20/2025 - 00:43:18: [csdm_main.amxx] CSDM spawn mode set to preset
L 08/20/2025 - 00:51:18: [mapchooser.amxx] Vote: Voting for the nextmap started
L 08/20/2025 - 00:51:33: [mapchooser.amxx] Vote: Voting for the nextmap finished. The nextmap will be fy_nuketown
L 08/20/2025 - 00:53:36: -------- Mapchange to fy_nuketown --------
L 08/20/2025 - 00:53:36: [csdm_spawn_preset.amxx] No spawn points file found (addons/amxmodx/configs\csdm\fy_nuketown.spawns.cfg)
L 08/20/2025 - 00:53:36: [csdm_main.amxx] CSDM spawn mode set to preset
L 08/20/2025 - 01:01:36: [mapchooser.amxx] Vote: Voting for the nextmap started
L 08/20/2025 - 01:01:51: [mapchooser.amxx] Vote: Voting for the nextmap finished. The nextmap will be gg_ak-colt_palm_beach
L 08/20/2025 - 01:03:54: -------- Mapchange to gg_ak-colt_palm_beach --------
L 08/20/2025 - 01:03:54: [csdm_spawn_preset.amxx] No spawn points file found (addons/amxmodx/configs\csdm\gg_ak-colt_palm_beach.spawns.cfg)
L 08/20/2025 - 01:03:54: [csdm_main.amxx] CSDM spawn mode set to preset
L 08/20/2025 - 01:11:54: [mapchooser.amxx] Vote: Voting for the nextmap started
L 08/20/2025 - 01:12:09: [mapchooser.amxx] Vote: Voting for the nextmap finished. The nextmap will be gg_minecraftempire
L 08/20/2025 - 01:14:12: -------- Mapchange to gg_minecraftempire --------
L 08/20/2025 - 01:14:12: [csdm_spawn_preset.amxx] No spawn points file found (addons/amxmodx/configs\csdm\gg_minecraftempire.spawns.cfg)
L 08/20/2025 - 01:14:12: [csdm_main.amxx] CSDM spawn mode set to preset
L 08/20/2025 - 01:22:12: [mapchooser.amxx] Vote: Voting for the nextmap started
L 08/20/2025 - 01:22:27: [mapchooser.amxx] Vote: Voting for the nextmap finished. The nextmap will be Aim_training
L 08/20/2025 - 01:24:31: -------- Mapchange to Aim_training --------
L 08/20/2025 - 01:24:31: [csdm_spawn_preset.amxx] No spawn points file found (addons/amxmodx/configs\csdm\Aim_training.spawns.cfg)
L 08/20/2025 - 01:24:31: [csdm_main.amxx] CSDM spawn mode set to preset
L 08/20/2025 - 01:32:31: [mapchooser.amxx] Vote: Voting for the nextmap started
L 08/20/2025 - 01:32:46: [mapchooser.amxx] Vote: Voting for the nextmap finished. The nextmap will be fy_simpsons
L 08/20/2025 - 01:34:49: -------- Mapchange to fy_simpsons --------
L 08/20/2025 - 01:34:49: [csdm_spawn_preset.amxx] No spawn points file found (addons/amxmodx/configs\csdm\fy_simpsons.spawns.cfg)
L 08/20/2025 - 01:34:49: [csdm_main.amxx] CSDM spawn mode set to preset
L 08/20/2025 - 01:42:49: [mapchooser.amxx] Vote: Voting for the nextmap started
L 08/20/2025 - 01:43:04: [mapchooser.amxx] Vote: Voting for the nextmap finished. The nextmap will be aim_ak_colt_duel
L 08/20/2025 - 01:45:07: -------- Mapchange to aim_ak_colt_duel --------
L 08/20/2025 - 01:45:07: [csdm_spawn_preset.amxx] No spawn points file found (addons/amxmodx/configs\csdm\aim_ak_colt_duel.spawns.cfg)
L 08/20/2025 - 01:45:07: [csdm_main.amxx] CSDM spawn mode set to preset
L 08/20/2025 - 01:53:07: [mapchooser.amxx] Vote: Voting for the nextmap started
L 08/20/2025 - 01:53:22: [mapchooser.amxx] Vote: Voting for the nextmap finished. The nextmap will be fy_pool_day
L 08/20/2025 - 01:55:25: -------- Mapchange to fy_pool_day --------
L 08/20/2025 - 01:55:25: [csdm_spawn_preset.amxx] No spawn points file found (addons/amxmodx/configs\csdm\fy_pool_day.spawns.cfg)
L 08/20/2025 - 01:55:25: [csdm_main.amxx] CSDM spawn mode set to preset
L 08/20/2025 - 02:03:25: [mapchooser.amxx] Vote: Voting for the nextmap started
L 08/20/2025 - 02:03:40: [mapchooser.amxx] Vote: Voting for the nextmap finished. The nextmap will be aim_sOt
L 08/20/2025 - 02:05:43: -------- Mapchange to aim_sOt --------
L 08/20/2025 - 02:05:43: [csdm_spawn_preset.amxx] No spawn points file found (addons/amxmodx/configs\csdm\aim_sOt.spawns.cfg)
L 08/20/2025 - 02:05:43: [csdm_main.amxx] CSDM spawn mode set to preset
L 08/20/2025 - 02:13:43: [mapchooser.amxx] Vote: Voting for the nextmap started
L 08/20/2025 - 02:13:58: [mapchooser.amxx] Vote: Voting for the nextmap finished. The nextmap will be fy_iceworld
L 08/20/2025 - 02:16:01: -------- Mapchange to fy_iceworld --------
L 08/20/2025 - 02:16:01: [csdm_spawn_preset.amxx] Loaded 11 spawn points for map fy_iceworld.
L 08/20/2025 - 02:16:01: [csdm_main.amxx] CSDM spawn mode set to preset
L 08/20/2025 - 02:24:01: [mapchooser.amxx] Vote: Voting for the nextmap started
L 08/20/2025 - 02:24:16: [mapchooser.amxx] Vote: Voting for the nextmap finished. The nextmap will be aim_DM
L 08/20/2025 - 02:26:19: -------- Mapchange to aim_DM --------
L 08/20/2025 - 02:26:19: [csdm_spawn_preset.amxx] No spawn points file found (addons/amxmodx/configs\csdm\aim_DM.spawns.cfg)
L 08/20/2025 - 02:26:19: [csdm_main.amxx] CSDM spawn mode set to preset
L 08/20/2025 - 02:34:19: [mapchooser.amxx] Vote: Voting for the nextmap started
L 08/20/2025 - 02:34:34: [mapchooser.amxx] Vote: Voting for the nextmap finished. The nextmap will be fy_mario
L 08/20/2025 - 02:36:37: -------- Mapchange to fy_mario --------
L 08/20/2025 - 02:36:37: [csdm_spawn_preset.amxx] No spawn points file found (addons/amxmodx/configs\csdm\fy_mario.spawns.cfg)
L 08/20/2025 - 02:36:37: [csdm_main.amxx] CSDM spawn mode set to preset
L 08/20/2025 - 02:44:37: [mapchooser.amxx] Vote: Voting for the nextmap started
L 08/20/2025 - 02:44:52: [mapchooser.amxx] Vote: Voting for the nextmap finished. The nextmap will be aim_dust2
L 08/20/2025 - 02:46:56: -------- Mapchange to aim_dust2 --------
L 08/20/2025 - 02:46:56: [csdm_spawn_preset.amxx] No spawn points file found (addons/amxmodx/configs\csdm\aim_dust2.spawns.cfg)
L 08/20/2025 - 02:46:56: [csdm_main.amxx] CSDM spawn mode set to preset
L 08/20/2025 - 02:54:56: [mapchooser.amxx] Vote: Voting for the nextmap started
L 08/20/2025 - 02:55:11: [mapchooser.amxx] Vote: Voting for the nextmap finished. The nextmap will be fy_mrvideo
L 08/20/2025 - 02:57:14: -------- Mapchange to fy_mrvideo --------
L 08/20/2025 - 02:57:14: [csdm_spawn_preset.amxx] No spawn points file found (addons/amxmodx/configs\csdm\fy_mrvideo.spawns.cfg)
L 08/20/2025 - 02:57:14: [csdm_main.amxx] CSDM spawn mode set to preset
L 08/20/2025 - 03:05:14: [mapchooser.amxx] Vote: Voting for the nextmap started
L 08/20/2025 - 03:05:29: [mapchooser.amxx] Vote: Voting for the nextmap finished. The nextmap will be aim_headshot2
L 08/20/2025 - 03:07:32: -------- Mapchange to aim_headshot2 --------
L 08/20/2025 - 03:07:32: [csdm_spawn_preset.amxx] No spawn points file found (addons/amxmodx/configs\csdm\aim_headshot2.spawns.cfg)
L 08/20/2025 - 03:07:32: [csdm_main.amxx] CSDM spawn mode set to preset
L 08/20/2025 - 03:15:32: [mapchooser.amxx] Vote: Voting for the nextmap started
L 08/20/2025 - 03:15:47: [mapchooser.amxx] Vote: Voting for the nextmap finished. The nextmap will be fy_snow
L 08/20/2025 - 03:17:50: -------- Mapchange to fy_snow --------
L 08/20/2025 - 03:17:50: [csdm_spawn_preset.amxx] No spawn points file found (addons/amxmodx/configs\csdm\fy_snow.spawns.cfg)
L 08/20/2025 - 03:17:50: [csdm_main.amxx] CSDM spawn mode set to preset
L 08/20/2025 - 03:25:50: [mapchooser.amxx] Vote: Voting for the nextmap started
L 08/20/2025 - 03:26:05: [mapchooser.amxx] Vote: Voting for the nextmap finished. The nextmap will be aim_map_2010
L 08/20/2025 - 03:28:08: -------- Mapchange to aim_map_2010 --------
L 08/20/2025 - 03:28:08: [csdm_spawn_preset.amxx] No spawn points file found (addons/amxmodx/configs\csdm\aim_map_2010.spawns.cfg)
L 08/20/2025 - 03:28:08: [csdm_main.amxx] CSDM spawn mode set to preset
L 08/20/2025 - 03:36:08: [mapchooser.amxx] Vote: Voting for the nextmap started
L 08/20/2025 - 03:36:23: [mapchooser.amxx] Vote: Voting for the nextmap finished. The nextmap will be gg_winterhold
L 08/20/2025 - 03:38:26: -------- Mapchange to gg_winterhold --------
L 08/20/2025 - 03:38:26: [csdm_spawn_preset.amxx] No spawn points file found (addons/amxmodx/configs\csdm\gg_winterhold.spawns.cfg)
L 08/20/2025 - 03:38:26: [csdm_main.amxx] CSDM spawn mode set to preset
L 08/20/2025 - 03:46:26: [mapchooser.amxx] Vote: Voting for the nextmap started
L 08/20/2025 - 03:46:41: [mapchooser.amxx] Vote: Voting for the nextmap finished. The nextmap will be aim_1on1map
L 08/20/2025 - 03:48:44: -------- Mapchange to aim_1on1map --------
L 08/20/2025 - 03:48:44: [csdm_spawn_preset.amxx] No spawn points file found (addons/amxmodx/configs\csdm\aim_1on1map.spawns.cfg)
L 08/20/2025 - 03:48:44: [csdm_main.amxx] CSDM spawn mode set to preset
L 08/20/2025 - 03:56:44: [mapchooser.amxx] Vote: Voting for the nextmap started
L 08/20/2025 - 03:56:59: [mapchooser.amxx] Vote: Voting for the nextmap finished. The nextmap will be fy_nuketown
L 08/20/2025 - 03:59:03: -------- Mapchange to fy_nuketown --------
L 08/20/2025 - 03:59:03: [csdm_spawn_preset.amxx] No spawn points file found (addons/amxmodx/configs\csdm\fy_nuketown.spawns.cfg)
L 08/20/2025 - 03:59:03: [csdm_main.amxx] CSDM spawn mode set to preset
L 08/20/2025 - 04:07:03: [mapchooser.amxx] Vote: Voting for the nextmap started
L 08/20/2025 - 04:07:18: [mapchooser.amxx] Vote: Voting for the nextmap finished. The nextmap will be gg_ak-colt_palm_beach
L 08/20/2025 - 04:09:21: -------- Mapchange to gg_ak-colt_palm_beach --------
L 08/20/2025 - 04:09:21: [csdm_spawn_preset.amxx] No spawn points file found (addons/amxmodx/configs\csdm\gg_ak-colt_palm_beach.spawns.cfg)
L 08/20/2025 - 04:09:21: [csdm_main.amxx] CSDM spawn mode set to preset
L 08/20/2025 - 04:17:21: [mapchooser.amxx] Vote: Voting for the nextmap started
L 08/20/2025 - 04:17:36: [mapchooser.amxx] Vote: Voting for the nextmap finished. The nextmap will be gg_minecraftempire
L 08/20/2025 - 04:19:39: -------- Mapchange to gg_minecraftempire --------
L 08/20/2025 - 04:19:39: [csdm_spawn_preset.amxx] No spawn points file found (addons/amxmodx/configs\csdm\gg_minecraftempire.spawns.cfg)
L 08/20/2025 - 04:19:39: [csdm_main.amxx] CSDM spawn mode set to preset
L 08/20/2025 - 04:27:39: [mapchooser.amxx] Vote: Voting for the nextmap started
L 08/20/2025 - 04:27:54: [mapchooser.amxx] Vote: Voting for the nextmap finished. The nextmap will be Aim_training
L 08/20/2025 - 04:29:57: -------- Mapchange to Aim_training --------
L 08/20/2025 - 04:29:57: [csdm_spawn_preset.amxx] No spawn points file found (addons/amxmodx/configs\csdm\Aim_training.spawns.cfg)
L 08/20/2025 - 04:29:57: [csdm_main.amxx] CSDM spawn mode set to preset
L 08/20/2025 - 04:37:57: [mapchooser.amxx] Vote: Voting for the nextmap started
L 08/20/2025 - 04:38:12: [mapchooser.amxx] Vote: Voting for the nextmap finished. The nextmap will be fy_simpsons
L 08/20/2025 - 04:40:15: -------- Mapchange to fy_simpsons --------
L 08/20/2025 - 04:40:15: [csdm_spawn_preset.amxx] No spawn points file found (addons/amxmodx/configs\csdm\fy_simpsons.spawns.cfg)
L 08/20/2025 - 04:40:15: [csdm_main.amxx] CSDM spawn mode set to preset
L 08/20/2025 - 04:48:15: [mapchooser.amxx] Vote: Voting for the nextmap started
L 08/20/2025 - 04:48:30: [mapchooser.amxx] Vote: Voting for the nextmap finished. The nextmap will be aim_ak_colt_duel
L 08/20/2025 - 04:50:33: -------- Mapchange to aim_ak_colt_duel --------
L 08/20/2025 - 04:50:33: [csdm_spawn_preset.amxx] No spawn points file found (addons/amxmodx/configs\csdm\aim_ak_colt_duel.spawns.cfg)
L 08/20/2025 - 04:50:33: [csdm_main.amxx] CSDM spawn mode set to preset
L 08/20/2025 - 04:58:33: [mapchooser.amxx] Vote: Voting for the nextmap started
L 08/20/2025 - 04:58:48: [mapchooser.amxx] Vote: Voting for the nextmap finished. The nextmap will be fy_pool_day
L 08/20/2025 - 05:00:51: -------- Mapchange to fy_pool_day --------
L 08/20/2025 - 05:00:51: [csdm_spawn_preset.amxx] No spawn points file found (addons/amxmodx/configs\csdm\fy_pool_day.spawns.cfg)
L 08/20/2025 - 05:00:51: [csdm_main.amxx] CSDM spawn mode set to preset
L 08/20/2025 - 05:08:51: [mapchooser.amxx] Vote: Voting for the nextmap started
L 08/20/2025 - 05:09:06: [mapchooser.amxx] Vote: Voting for the nextmap finished. The nextmap will be aim_sOt
L 08/20/2025 - 05:11:09: -------- Mapchange to aim_sOt --------
L 08/20/2025 - 05:11:09: [csdm_spawn_preset.amxx] No spawn points file found (addons/amxmodx/configs\csdm\aim_sOt.spawns.cfg)
L 08/20/2025 - 05:11:09: [csdm_main.amxx] CSDM spawn mode set to preset
L 08/20/2025 - 05:19:09: [mapchooser.amxx] Vote: Voting for the nextmap started
L 08/20/2025 - 05:19:25: [mapchooser.amxx] Vote: Voting for the nextmap finished. The nextmap will be fy_iceworld
L 08/20/2025 - 05:21:27: -------- Mapchange to fy_iceworld --------
L 08/20/2025 - 05:21:28: [csdm_spawn_preset.amxx] Loaded 11 spawn points for map fy_iceworld.
L 08/20/2025 - 05:21:28: [csdm_main.amxx] CSDM spawn mode set to preset
L 08/20/2025 - 05:29:28: [mapchooser.amxx] Vote: Voting for the nextmap started
L 08/20/2025 - 05:29:43: [mapchooser.amxx] Vote: Voting for the nextmap finished. The nextmap will be aim_DM
L 08/20/2025 - 05:31:46: -------- Mapchange to aim_DM --------
L 08/20/2025 - 05:31:46: [csdm_spawn_preset.amxx] No spawn points file found (addons/amxmodx/configs\csdm\aim_DM.spawns.cfg)
L 08/20/2025 - 05:31:46: [csdm_main.amxx] CSDM spawn mode set to preset
L 08/20/2025 - 05:39:46: [mapchooser.amxx] Vote: Voting for the nextmap started
L 08/20/2025 - 05:40:01: [mapchooser.amxx] Vote: Voting for the nextmap finished. The nextmap will be fy_mario
L 08/20/2025 - 05:42:04: -------- Mapchange to fy_mario --------
L 08/20/2025 - 05:42:04: [csdm_spawn_preset.amxx] No spawn points file found (addons/amxmodx/configs\csdm\fy_mario.spawns.cfg)
L 08/20/2025 - 05:42:04: [csdm_main.amxx] CSDM spawn mode set to preset
L 08/20/2025 - 05:50:04: [mapchooser.amxx] Vote: Voting for the nextmap started
L 08/20/2025 - 05:50:19: [mapchooser.amxx] Vote: Voting for the nextmap finished. The nextmap will be aim_dust2
L 08/20/2025 - 05:52:22: -------- Mapchange to aim_dust2 --------
L 08/20/2025 - 05:52:22: [csdm_spawn_preset.amxx] No spawn points file found (addons/amxmodx/configs\csdm\aim_dust2.spawns.cfg)
L 08/20/2025 - 05:52:22: [csdm_main.amxx] CSDM spawn mode set to preset
L 08/20/2025 - 06:00:22: [mapchooser.amxx] Vote: Voting for the nextmap started
L 08/20/2025 - 06:00:37: [mapchooser.amxx] Vote: Voting for the nextmap finished. The nextmap will be fy_mrvideo
L 08/20/2025 - 06:02:40: -------- Mapchange to fy_mrvideo --------
L 08/20/2025 - 06:02:40: [csdm_spawn_preset.amxx] No spawn points file found (addons/amxmodx/configs\csdm\fy_mrvideo.spawns.cfg)
L 08/20/2025 - 06:02:40: [csdm_main.amxx] CSDM spawn mode set to preset
L 08/20/2025 - 06:10:40: [mapchooser.amxx] Vote: Voting for the nextmap started
L 08/20/2025 - 06:10:55: [mapchooser.amxx] Vote: Voting for the nextmap finished. The nextmap will be aim_headshot2
L 08/20/2025 - 06:12:58: -------- Mapchange to aim_headshot2 --------
L 08/20/2025 - 06:12:58: [csdm_spawn_preset.amxx] No spawn points file found (addons/amxmodx/configs\csdm\aim_headshot2.spawns.cfg)
L 08/20/2025 - 06:12:58: [csdm_main.amxx] CSDM spawn mode set to preset
L 08/20/2025 - 06:20:58: [mapchooser.amxx] Vote: Voting for the nextmap started
L 08/20/2025 - 06:21:13: [mapchooser.amxx] Vote: Voting for the nextmap finished. The nextmap will be fy_snow
L 08/20/2025 - 06:23:16: -------- Mapchange to fy_snow --------
L 08/20/2025 - 06:23:16: [csdm_spawn_preset.amxx] No spawn points file found (addons/amxmodx/configs\csdm\fy_snow.spawns.cfg)
L 08/20/2025 - 06:23:16: [csdm_main.amxx] CSDM spawn mode set to preset
L 08/20/2025 - 06:31:16: [mapchooser.amxx] Vote: Voting for the nextmap started
L 08/20/2025 - 06:31:31: [mapchooser.amxx] Vote: Voting for the nextmap finished. The nextmap will be aim_map_2010
L 08/20/2025 - 06:33:34: -------- Mapchange to aim_map_2010 --------
L 08/20/2025 - 06:33:34: [csdm_spawn_preset.amxx] No spawn points file found (addons/amxmodx/configs\csdm\aim_map_2010.spawns.cfg)
L 08/20/2025 - 06:33:34: [csdm_main.amxx] CSDM spawn mode set to preset
L 08/20/2025 - 06:41:34: [mapchooser.amxx] Vote: Voting for the nextmap started
L 08/20/2025 - 06:41:50: [mapchooser.amxx] Vote: Voting for the nextmap finished. The nextmap will be gg_winterhold
L 08/20/2025 - 06:43:53: -------- Mapchange to gg_winterhold --------
L 08/20/2025 - 06:43:53: [csdm_spawn_preset.amxx] No spawn points file found (addons/amxmodx/configs\csdm\gg_winterhold.spawns.cfg)
L 08/20/2025 - 06:43:53: [csdm_main.amxx] CSDM spawn mode set to preset
L 08/20/2025 - 06:51:53: [mapchooser.amxx] Vote: Voting for the nextmap started
L 08/20/2025 - 06:52:08: [mapchooser.amxx] Vote: Voting for the nextmap finished. The nextmap will be aim_1on1map
L 08/20/2025 - 06:54:11: -------- Mapchange to aim_1on1map --------
L 08/20/2025 - 06:54:11: [csdm_spawn_preset.amxx] No spawn points file found (addons/amxmodx/configs\csdm\aim_1on1map.spawns.cfg)
L 08/20/2025 - 06:54:11: [csdm_main.amxx] CSDM spawn mode set to preset
L 08/20/2025 - 07:02:11: [mapchooser.amxx] Vote: Voting for the nextmap started
L 08/20/2025 - 07:02:26: [mapchooser.amxx] Vote: Voting for the nextmap finished. The nextmap will be fy_nuketown
L 08/20/2025 - 07:04:29: -------- Mapchange to fy_nuketown --------
L 08/20/2025 - 07:04:29: [csdm_spawn_preset.amxx] No spawn points file found (addons/amxmodx/configs\csdm\fy_nuketown.spawns.cfg)
L 08/20/2025 - 07:04:29: [csdm_main.amxx] CSDM spawn mode set to preset
L 08/20/2025 - 07:12:37: [mapchooser.amxx] Vote: Voting for the nextmap started
L 08/20/2025 - 07:12:52: [mapchooser.amxx] Vote: Voting for the nextmap finished. The nextmap will be gg_ak-colt_palm_beach
L 08/20/2025 - 07:15:20: [CSTRIKE] svs global variable is not available
L 08/20/2025 - 07:15:20: [CSTRIKE] sv global variable is not available
L 08/20/2025 - 07:15:20: client_disconnected and client_remove forwards have been disabled - check your gamedata files.
L 08/20/2025 - 07:15:20: Binding/Hooking cvars have been disabled - check your gamedata files.
L 08/20/2025 - 07:15:20: -------- Mapchange to aim_map_2010 --------
L 08/20/2025 - 07:15:22: [csdm_spawn_preset.amxx] No spawn points file found (addons/amxmodx/configs\csdm\aim_map_2010.spawns.cfg)
L 08/20/2025 - 07:15:22: [csdm_main.amxx] CSDM spawn mode set to preset
L 08/20/2025 - 07:15:22: Invalid multi-lingual line (file "cstrike/addons/amxmodx/data/lang/gungame.txt" key "// For GunGame 2.13 - last updated 10:58 PM 1/2/2013" lang "")
L 08/20/2025 - 07:15:27: [CSTRIKE] Postponing of model update disabled, check your gamedata files
L 08/20/2025 - 07:15:27: [CSTRIKE] Postponing of model update disabled, check your gamedata files
L 08/20/2025 - 07:23:22: [mapchooser.amxx] Vote: Voting for the nextmap started
L 08/20/2025 - 07:23:37: [mapchooser.amxx] Vote: Voting for the nextmap finished. The nextmap will be fy_simpsons
L 08/20/2025 - 07:23:40: [admin.amxx] Login: "Johannes<5><ID_7dea362b3fac8e00956a4952a3d4><>" became an admin (account "Johannes") (access "abcdefghijklmnopqrstuv") (address "0.75.60.15")
L 08/20/2025 - 07:24:32: [CSTRIKE] svs global variable is not available
L 08/20/2025 - 07:24:32: [CSTRIKE] sv global variable is not available
L 08/20/2025 - 07:24:32: client_disconnected and client_remove forwards have been disabled - check your gamedata files.
L 08/20/2025 - 07:24:32: Binding/Hooking cvars have been disabled - check your gamedata files.
L 08/20/2025 - 07:24:32: -------- Mapchange to aim_map_2010 --------
L 08/20/2025 - 07:24:32: [csdm_spawn_preset.amxx] No spawn points file found (addons/amxmodx/configs\csdm\aim_map_2010.spawns.cfg)
L 08/20/2025 - 07:24:32: [csdm_main.amxx] CSDM spawn mode set to preset
L 08/20/2025 - 07:24:32: Invalid multi-lingual line (file "cstrike/addons/amxmodx/data/lang/gungame.txt" key "// For GunGame 2.13 - last updated 10:58 PM 1/2/2013" lang "")
L 08/20/2025 - 07:24:38: [CSTRIKE] Postponing of model update disabled, check your gamedata files
L 08/20/2025 - 07:24:38: [CSTRIKE] Postponing of model update disabled, check your gamedata files
L 08/20/2025 - 07:32:32: [mapchooser.amxx] Vote: Voting for the nextmap started
L 08/20/2025 - 07:32:47: [mapchooser.amxx] Vote: Voting for the nextmap finished. The nextmap will be fy_simpsons
L 08/20/2025 - 07:34:41: -------- Mapchange to fy_simpsons --------
L 08/20/2025 - 07:34:41: [csdm_spawn_preset.amxx] No spawn points file found (addons/amxmodx/configs\csdm\fy_simpsons.spawns.cfg)
L 08/20/2025 - 07:34:41: [csdm_main.amxx] CSDM spawn mode set to preset
L 08/20/2025 - 07:34:47: [CSTRIKE] Postponing of model update disabled, check your gamedata files
L 08/20/2025 - 07:34:47: [CSTRIKE] Postponing of model update disabled, check your gamedata files
L 08/20/2025 - 07:42:41: [mapchooser.amxx] Vote: Voting for the nextmap started
L 08/20/2025 - 07:42:56: [mapchooser.amxx] Vote: Voting for the nextmap finished. The nextmap will be aim_ak_colt_duel
L 08/20/2025 - 07:44:50: -------- Mapchange to aim_ak_colt_duel --------
L 08/20/2025 - 07:44:50: [csdm_spawn_preset.amxx] No spawn points file found (addons/amxmodx/configs\csdm\aim_ak_colt_duel.spawns.cfg)
L 08/20/2025 - 07:44:50: [csdm_main.amxx] CSDM spawn mode set to preset
L 08/20/2025 - 07:44:56: [CSTRIKE] Postponing of model update disabled, check your gamedata files
L 08/20/2025 - 07:44:56: [CSTRIKE] Postponing of model update disabled, check your gamedata files
L 08/20/2025 - 07:48:52: [admin.amxx] Login: "Johannes<7><ID_7dea362b3fac8e00956a4952a3d4><>" became an admin (account "Johannes") (access "abcdefghijklmnopqrstuv") (address "0.156.97.89")
L 08/20/2025 - 07:50:18: [CSTRIKE] svs global variable is not available
L 08/20/2025 - 07:50:18: [CSTRIKE] sv global variable is not available
L 08/20/2025 - 07:50:18: client_disconnected and client_remove forwards have been disabled - check your gamedata files.
L 08/20/2025 - 07:50:18: Binding/Hooking cvars have been disabled - check your gamedata files.
L 08/20/2025 - 07:50:18: -------- Mapchange to aim_map_2010 --------
L 08/20/2025 - 07:50:18: [csdm_spawn_preset.amxx] No spawn points file found (addons/amxmodx/configs\csdm\aim_map_2010.spawns.cfg)
L 08/20/2025 - 07:50:18: [csdm_main.amxx] CSDM spawn mode set to preset
L 08/20/2025 - 07:50:18: Invalid multi-lingual line (file "cstrike/addons/amxmodx/data/lang/gungame.txt" key "// For GunGame 2.13 - last updated 10:58 PM 1/2/2013" lang "")
L 08/20/2025 - 07:50:23: [CSTRIKE] Postponing of model update disabled, check your gamedata files
L 08/20/2025 - 07:50:23: [CSTRIKE] Postponing of model update disabled, check your gamedata files
L 08/20/2025 - 07:50:37: [admin.amxx] Login: "Johannes<3><ID_7dea362b3fac8e00956a4952a3d4><>" became an admin (account "Johannes") (access "abcdefghijklmnopqrstuv") (address "0.71.108.131")
L 08/20/2025 - 07:52:31: [CSTRIKE] svs global variable is not available
L 08/20/2025 - 07:52:31: [CSTRIKE] sv global variable is not available
L 08/20/2025 - 07:52:31: client_disconnected and client_remove forwards have been disabled - check your gamedata files.
L 08/20/2025 - 07:52:31: Binding/Hooking cvars have been disabled - check your gamedata files.
L 08/20/2025 - 07:52:31: -------- Mapchange to aim_map_2010 --------
L 08/20/2025 - 07:52:32: [csdm_spawn_preset.amxx] No spawn points file found (addons/amxmodx/configs\csdm\aim_map_2010.spawns.cfg)
L 08/20/2025 - 07:52:32: [csdm_main.amxx] CSDM spawn mode set to preset
L 08/20/2025 - 07:52:32: Invalid multi-lingual line (file "cstrike/addons/amxmodx/data/lang/gungame.txt" key "// For GunGame 2.13 - last updated 10:58 PM 1/2/2013" lang "")
L 08/20/2025 - 07:52:37: [CSTRIKE] Postponing of model update disabled, check your gamedata files
L 08/20/2025 - 07:52:37: [CSTRIKE] Postponing of model update disabled, check your gamedata files
L 08/20/2025 - 07:58:43: [CSTRIKE] svs global variable is not available
L 08/20/2025 - 07:58:43: [CSTRIKE] sv global variable is not available
L 08/20/2025 - 07:58:43: client_disconnected and client_remove forwards have been disabled - check your gamedata files.
L 08/20/2025 - 07:58:43: Binding/Hooking cvars have been disabled - check your gamedata files.
L 08/20/2025 - 07:58:43: -------- Mapchange to aim_map_2010 --------
L 08/20/2025 - 07:58:43: [csdm_spawn_preset.amxx] No spawn points file found (addons/amxmodx/configs\csdm\aim_map_2010.spawns.cfg)
L 08/20/2025 - 07:58:43: [csdm_main.amxx] CSDM spawn mode set to preset
L 08/20/2025 - 07:58:43: Invalid multi-lingual line (file "cstrike/addons/amxmodx/data/lang/gungame.txt" key "// For GunGame 2.13 - last updated 10:58 PM 1/2/2013" lang "")
L 08/20/2025 - 07:58:48: [CSTRIKE] Postponing of model update disabled, check your gamedata files
L 08/20/2025 - 07:58:48: [CSTRIKE] Postponing of model update disabled, check your gamedata files
L 08/20/2025 - 08:11:53: [CSTRIKE] svs global variable is not available
L 08/20/2025 - 08:11:53: [CSTRIKE] sv global variable is not available
L 08/20/2025 - 08:11:53: client_disconnected and client_remove forwards have been disabled - check your gamedata files.
L 08/20/2025 - 08:11:53: Binding/Hooking cvars have been disabled - check your gamedata files.
L 08/20/2025 - 08:11:53: -------- Mapchange to aim_map_2010 --------
L 08/20/2025 - 08:11:53: [csdm_spawn_preset.amxx] No spawn points file found (addons/amxmodx/configs\csdm\aim_map_2010.spawns.cfg)
L 08/20/2025 - 08:11:53: [csdm_main.amxx] CSDM spawn mode set to preset
L 08/20/2025 - 08:11:53: Invalid multi-lingual line (file "cstrike/addons/amxmodx/data/lang/gungame.txt" key "// For GunGame 2.13 - last updated 10:58 PM 1/2/2013" lang "")
L 08/20/2025 - 08:11:59: [CSTRIKE] Postponing of model update disabled, check your gamedata files
L 08/20/2025 - 08:11:59: [CSTRIKE] Postponing of model update disabled, check your gamedata files
L 08/20/2025 - 08:13:00: [admin.amxx] Login: "Johannes<5><ID_7dea362b3fac8e00956a4952a3d4><>" became an admin (account "Johannes") (access "abcdefghijklmnopqrstuv") (address "0.13.238.234")
L 08/20/2025 - 08:14:11: [CSTRIKE] svs global variable is not available
L 08/20/2025 - 08:14:11: [CSTRIKE] sv global variable is not available
L 08/20/2025 - 08:14:11: client_disconnected and client_remove forwards have been disabled - check your gamedata files.
L 08/20/2025 - 08:14:11: Binding/Hooking cvars have been disabled - check your gamedata files.
L 08/20/2025 - 08:14:11: -------- Mapchange to aim_map_2010 --------
L 08/20/2025 - 08:14:11: [csdm_spawn_preset.amxx] No spawn points file found (addons/amxmodx/configs\csdm\aim_map_2010.spawns.cfg)
L 08/20/2025 - 08:14:11: [csdm_main.amxx] CSDM spawn mode set to preset
L 08/20/2025 - 08:14:11: Invalid multi-lingual line (file "cstrike/addons/amxmodx/data/lang/gungame.txt" key "// For GunGame 2.13 - last updated 10:58 PM 1/2/2013" lang "")
L 08/20/2025 - 08:14:17: [CSTRIKE] Postponing of model update disabled, check your gamedata files
L 08/20/2025 - 08:14:17: [CSTRIKE] Postponing of model update disabled, check your gamedata files
L 08/20/2025 - 08:14:32: [admin.amxx] Login: "Johannes<7><ID_7dea362b3fac8e00956a4952a3d4><>" became an admin (account "Johannes") (access "abcdefghijklmnopqrstuv") (address "0.129.179.99")
L 08/20/2025 - 08:14:33: [CSTRIKE] svs global variable is not available
L 08/20/2025 - 08:14:33: [CSTRIKE] sv global variable is not available
L 08/20/2025 - 08:14:33: client_disconnected and client_remove forwards have been disabled - check your gamedata files.
L 08/20/2025 - 08:14:33: Binding/Hooking cvars have been disabled - check your gamedata files.
L 08/20/2025 - 08:14:33: -------- Mapchange to aim_map_2010 --------
L 08/20/2025 - 08:14:33: [csdm_spawn_preset.amxx] No spawn points file found (addons/amxmodx/configs\csdm\aim_map_2010.spawns.cfg)
L 08/20/2025 - 08:14:33: [csdm_main.amxx] CSDM spawn mode set to preset
L 08/20/2025 - 08:14:33: Invalid multi-lingual line (file "cstrike/addons/amxmodx/data/lang/gungame.txt" key "// For GunGame 2.13 - last updated 10:58 PM 1/2/2013" lang "")
L 08/20/2025 - 08:14:39: [CSTRIKE] Postponing of model update disabled, check your gamedata files
L 08/20/2025 - 08:14:39: [CSTRIKE] Postponing of model update disabled, check your gamedata files
L 08/20/2025 - 08:36:27: [CSTRIKE] svs global variable is not available
L 08/20/2025 - 08:36:27: [CSTRIKE] sv global variable is not available
L 08/20/2025 - 08:36:27: client_disconnected and client_remove forwards have been disabled - check your gamedata files.
L 08/20/2025 - 08:36:27: Binding/Hooking cvars have been disabled - check your gamedata files.
L 08/20/2025 - 08:36:27: -------- Mapchange to aim_map_2010 --------
L 08/20/2025 - 08:36:27: [csdm_spawn_preset.amxx] No spawn points file found (addons/amxmodx/configs\csdm\aim_map_2010.spawns.cfg)
L 08/20/2025 - 08:36:27: [csdm_main.amxx] CSDM spawn mode set to preset
L 08/20/2025 - 08:36:27: Invalid multi-lingual line (file "cstrike/addons/amxmodx/data/lang/gungame.txt" key "// For GunGame 2.13 - last updated 10:58 PM 1/2/2013" lang "")
L 08/20/2025 - 08:36:33: [CSTRIKE] Postponing of model update disabled, check your gamedata files
L 08/20/2025 - 08:36:33: [CSTRIKE] Postponing of model update disabled, check your gamedata files
L 08/20/2025 - 08:44:27: [mapchooser.amxx] Vote: Voting for the nextmap started
L 08/20/2025 - 08:44:42: [mapchooser.amxx] Vote: Voting for the nextmap finished. The nextmap will be fy_simpsons
L 08/20/2025 - 08:46:45: -------- Mapchange to fy_simpsons --------
L 08/20/2025 - 08:46:45: [csdm_spawn_preset.amxx] No spawn points file found (addons/amxmodx/configs\csdm\fy_simpsons.spawns.cfg)
L 08/20/2025 - 08:46:45: [csdm_main.amxx] CSDM spawn mode set to preset
L 08/20/2025 - 08:46:51: [CSTRIKE] Postponing of model update disabled, check your gamedata files
L 08/20/2025 - 08:46:51: [CSTRIKE] Postponing of model update disabled, check your gamedata files
L 08/20/2025 - 08:54:45: [mapchooser.amxx] Vote: Voting for the nextmap started
L 08/20/2025 - 08:55:00: [mapchooser.amxx] Vote: Voting for the nextmap finished. The nextmap will be aim_ak_colt_duel
L 08/20/2025 - 08:57:03: -------- Mapchange to aim_ak_colt_duel --------
L 08/20/2025 - 08:57:03: [csdm_spawn_preset.amxx] No spawn points file found (addons/amxmodx/configs\csdm\aim_ak_colt_duel.spawns.cfg)
L 08/20/2025 - 08:57:03: [csdm_main.amxx] CSDM spawn mode set to preset
L 08/20/2025 - 08:57:09: [CSTRIKE] Postponing of model update disabled, check your gamedata files
L 08/20/2025 - 08:57:09: [CSTRIKE] Postponing of model update disabled, check your gamedata files
L 08/20/2025 - 09:05:03: [mapchooser.amxx] Vote: Voting for the nextmap started
L 08/20/2025 - 09:05:18: [mapchooser.amxx] Vote: Voting for the nextmap finished. The nextmap will be fy_pool_day
L 08/20/2025 - 09:07:22: -------- Mapchange to fy_pool_day --------
L 08/20/2025 - 09:07:22: [csdm_spawn_preset.amxx] No spawn points file found (addons/amxmodx/configs\csdm\fy_pool_day.spawns.cfg)
L 08/20/2025 - 09:07:22: [csdm_main.amxx] CSDM spawn mode set to preset
L 08/20/2025 - 09:07:27: [CSTRIKE] Postponing of model update disabled, check your gamedata files
L 08/20/2025 - 09:07:27: [CSTRIKE] Postponing of model update disabled, check your gamedata files
L 08/20/2025 - 09:15:22: [mapchooser.amxx] Vote: Voting for the nextmap started
L 08/20/2025 - 09:15:37: [mapchooser.amxx] Vote: Voting for the nextmap finished. The nextmap will be aim_sOt
L 08/20/2025 - 09:17:41: -------- Mapchange to aim_sOt --------
L 08/20/2025 - 09:17:41: [csdm_spawn_preset.amxx] No spawn points file found (addons/amxmodx/configs\csdm\aim_sOt.spawns.cfg)
L 08/20/2025 - 09:17:41: [csdm_main.amxx] CSDM spawn mode set to preset
L 08/20/2025 - 09:17:46: [CSTRIKE] Postponing of model update disabled, check your gamedata files
L 08/20/2025 - 09:17:46: [CSTRIKE] Postponing of model update disabled, check your gamedata files
L 08/20/2025 - 09:25:41: [mapchooser.amxx] Vote: Voting for the nextmap started
L 08/20/2025 - 09:25:56: [mapchooser.amxx] Vote: Voting for the nextmap finished. The nextmap will be fy_iceworld
L 08/20/2025 - 09:27:59: -------- Mapchange to fy_iceworld --------
L 08/20/2025 - 09:27:59: [csdm_spawn_preset.amxx] Loaded 11 spawn points for map fy_iceworld.
L 08/20/2025 - 09:27:59: [csdm_main.amxx] CSDM spawn mode set to preset
L 08/20/2025 - 09:35:59: [mapchooser.amxx] Vote: Voting for the nextmap started
L 08/20/2025 - 09:36:14: [mapchooser.amxx] Vote: Voting for the nextmap finished. The nextmap will be aim_DM
L 08/20/2025 - 09:38:17: -------- Mapchange to aim_DM --------
L 08/20/2025 - 09:38:17: [csdm_spawn_preset.amxx] No spawn points file found (addons/amxmodx/configs\csdm\aim_DM.spawns.cfg)
L 08/20/2025 - 09:38:17: [csdm_main.amxx] CSDM spawn mode set to preset
L 08/20/2025 - 09:46:17: [mapchooser.amxx] Vote: Voting for the nextmap started
L 08/20/2025 - 09:46:32: [mapchooser.amxx] Vote: Voting for the nextmap finished. The nextmap will be fy_mario
L 08/20/2025 - 09:48:35: -------- Mapchange to fy_mario --------
L 08/20/2025 - 09:48:35: [csdm_spawn_preset.amxx] No spawn points file found (addons/amxmodx/configs\csdm\fy_mario.spawns.cfg)
L 08/20/2025 - 09:48:35: [csdm_main.amxx] CSDM spawn mode set to preset
L 08/20/2025 - 09:56:35: [mapchooser.amxx] Vote: Voting for the nextmap started
L 08/20/2025 - 09:56:50: [mapchooser.amxx] Vote: Voting for the nextmap finished. The nextmap will be aim_dust2
L 08/20/2025 - 09:58:53: -------- Mapchange to aim_dust2 --------
L 08/20/2025 - 09:58:53: [csdm_spawn_preset.amxx] No spawn points file found (addons/amxmodx/configs\csdm\aim_dust2.spawns.cfg)
L 08/20/2025 - 09:58:53: [csdm_main.amxx] CSDM spawn mode set to preset
L 08/20/2025 - 09:59:43: [CSTRIKE] svs global variable is not available
L 08/20/2025 - 09:59:43: [CSTRIKE] sv global variable is not available
L 08/20/2025 - 09:59:43: client_disconnected and client_remove forwards have been disabled - check your gamedata files.
L 08/20/2025 - 09:59:43: Binding/Hooking cvars have been disabled - check your gamedata files.
L 08/20/2025 - 09:59:43: -------- Mapchange to aim_map_2010 --------
L 08/20/2025 - 09:59:43: [csdm_spawn_preset.amxx] No spawn points file found (addons/amxmodx/configs\csdm\aim_map_2010.spawns.cfg)
L 08/20/2025 - 09:59:43: [csdm_main.amxx] CSDM spawn mode set to preset
L 08/20/2025 - 09:59:43: Invalid multi-lingual line (file "cstrike/addons/amxmodx/data/lang/gungame.txt" key "// For GunGame 2.13 - last updated 10:58 PM 1/2/2013" lang "")
L 08/20/2025 - 09:59:48: [CSTRIKE] Postponing of model update disabled, check your gamedata files
L 08/20/2025 - 09:59:48: [CSTRIKE] Postponing of model update disabled, check your gamedata files
L 08/20/2025 - 10:00:12: [admin.amxx] Login: "Johannes<5><ID_7dea362b3fac8e00956a4952a3d4><>" became an admin (account "Johannes") (access "abcdefghijklmnopqrstuv") (address "0.161.176.27")
L 08/20/2025 - 10:04:13: [CSTRIKE] svs global variable is not available
L 08/20/2025 - 10:04:13: [CSTRIKE] sv global variable is not available
L 08/20/2025 - 10:04:13: client_disconnected and client_remove forwards have been disabled - check your gamedata files.
L 08/20/2025 - 10:04:13: Binding/Hooking cvars have been disabled - check your gamedata files.
L 08/20/2025 - 10:04:13: -------- Mapchange to aim_map_2010 --------
L 08/20/2025 - 10:04:13: [csdm_spawn_preset.amxx] No spawn points file found (addons/amxmodx/configs\csdm\aim_map_2010.spawns.cfg)
L 08/20/2025 - 10:04:13: [csdm_main.amxx] CSDM spawn mode set to preset
L 08/20/2025 - 10:04:13: Invalid multi-lingual line (file "cstrike/addons/amxmodx/data/lang/gungame.txt" key "// For GunGame 2.13 - last updated 10:58 PM 1/2/2013" lang "")
L 08/20/2025 - 10:04:18: [CSTRIKE] Postponing of model update disabled, check your gamedata files
L 08/20/2025 - 10:04:18: [CSTRIKE] Postponing of model update disabled, check your gamedata files
L 08/20/2025 - 10:04:42: [admin.amxx] Login: "Johannes<7><ID_7dea362b3fac8e00956a4952a3d4><>" became an admin (account "Johannes") (access "abcdefghijklmnopqrstuv") (address "0.68.236.27")
L 08/20/2025 - 10:04:44: [CSTRIKE] svs global variable is not available
L 08/20/2025 - 10:04:44: [CSTRIKE] sv global variable is not available
L 08/20/2025 - 10:04:44: client_disconnected and client_remove forwards have been disabled - check your gamedata files.
L 08/20/2025 - 10:04:44: Binding/Hooking cvars have been disabled - check your gamedata files.
L 08/20/2025 - 10:04:44: -------- Mapchange to aim_map_2010 --------
L 08/20/2025 - 10:04:44: [csdm_spawn_preset.amxx] No spawn points file found (addons/amxmodx/configs\csdm\aim_map_2010.spawns.cfg)
L 08/20/2025 - 10:04:44: [csdm_main.amxx] CSDM spawn mode set to preset
L 08/20/2025 - 10:04:44: Invalid multi-lingual line (file "cstrike/addons/amxmodx/data/lang/gungame.txt" key "// For GunGame 2.13 - last updated 10:58 PM 1/2/2013" lang "")
L 08/20/2025 - 10:04:49: [CSTRIKE] Postponing of model update disabled, check your gamedata files
L 08/20/2025 - 10:04:49: [CSTRIKE] Postponing of model update disabled, check your gamedata files
L 08/20/2025 - 10:05:56: [CSTRIKE] svs global variable is not available
L 08/20/2025 - 10:05:56: [CSTRIKE] sv global variable is not available
L 08/20/2025 - 10:05:56: client_disconnected and client_remove forwards have been disabled - check your gamedata files.
L 08/20/2025 - 10:05:56: Binding/Hooking cvars have been disabled - check your gamedata files.
L 08/20/2025 - 10:05:56: -------- Mapchange to aim_map_2010 --------
L 08/20/2025 - 10:05:56: [csdm_spawn_preset.amxx] No spawn points file found (addons/amxmodx/configs\csdm\aim_map_2010.spawns.cfg)
L 08/20/2025 - 10:05:56: [csdm_main.amxx] CSDM spawn mode set to preset
L 08/20/2025 - 10:05:56: Invalid multi-lingual line (file "cstrike/addons/amxmodx/data/lang/gungame.txt" key "// For GunGame 2.13 - last updated 10:58 PM 1/2/2013" lang "")
L 08/20/2025 - 10:06:01: [CSTRIKE] Postponing of model update disabled, check your gamedata files
L 08/20/2025 - 10:06:01: [CSTRIKE] Postponing of model update disabled, check your gamedata files
L 08/20/2025 - 10:13:56: [mapchooser.amxx] Vote: Voting for the nextmap started
L 08/20/2025 - 10:14:11: [mapchooser.amxx] Vote: Voting for the nextmap finished. The nextmap will be fy_simpsons
L 08/20/2025 - 10:16:14: -------- Mapchange to fy_simpsons --------
L 08/20/2025 - 10:16:14: [csdm_spawn_preset.amxx] No spawn points file found (addons/amxmodx/configs\csdm\fy_simpsons.spawns.cfg)
L 08/20/2025 - 10:16:14: [csdm_main.amxx] CSDM spawn mode set to preset
L 08/20/2025 - 10:16:19: [CSTRIKE] Postponing of model update disabled, check your gamedata files
L 08/20/2025 - 10:16:19: [CSTRIKE] Postponing of model update disabled, check your gamedata files
L 08/20/2025 - 10:24:14: [mapchooser.amxx] Vote: Voting for the nextmap started
L 08/20/2025 - 10:24:29: [mapchooser.amxx] Vote: Voting for the nextmap finished. The nextmap will be aim_ak_colt_duel
L 08/20/2025 - 10:26:32: -------- Mapchange to aim_ak_colt_duel --------
L 08/20/2025 - 10:26:32: [csdm_spawn_preset.amxx] No spawn points file found (addons/amxmodx/configs\csdm\aim_ak_colt_duel.spawns.cfg)
L 08/20/2025 - 10:26:32: [csdm_main.amxx] CSDM spawn mode set to preset
L 08/20/2025 - 10:26:37: [CSTRIKE] Postponing of model update disabled, check your gamedata files
L 08/20/2025 - 10:26:37: [CSTRIKE] Postponing of model update disabled, check your gamedata files
L 08/20/2025 - 10:34:32: [mapchooser.amxx] Vote: Voting for the nextmap started
L 08/20/2025 - 10:34:47: [mapchooser.amxx] Vote: Voting for the nextmap finished. The nextmap will be fy_pool_day
L 08/20/2025 - 10:36:50: -------- Mapchange to fy_pool_day --------
L 08/20/2025 - 10:36:50: [csdm_spawn_preset.amxx] No spawn points file found (addons/amxmodx/configs\csdm\fy_pool_day.spawns.cfg)
L 08/20/2025 - 10:36:50: [csdm_main.amxx] CSDM spawn mode set to preset
L 08/20/2025 - 10:36:55: [CSTRIKE] Postponing of model update disabled, check your gamedata files
L 08/20/2025 - 10:36:55: [CSTRIKE] Postponing of model update disabled, check your gamedata files
L 08/20/2025 - 10:44:50: [mapchooser.amxx] Vote: Voting for the nextmap started
L 08/20/2025 - 10:45:05: [mapchooser.amxx] Vote: Voting for the nextmap finished. The nextmap will be aim_sOt
L 08/20/2025 - 10:47:08: -------- Mapchange to aim_sOt --------
L 08/20/2025 - 10:47:08: [csdm_spawn_preset.amxx] No spawn points file found (addons/amxmodx/configs\csdm\aim_sOt.spawns.cfg)
L 08/20/2025 - 10:47:08: [csdm_main.amxx] CSDM spawn mode set to preset
L 08/20/2025 - 10:47:14: [CSTRIKE] Postponing of model update disabled, check your gamedata files
L 08/20/2025 - 10:47:14: [CSTRIKE] Postponing of model update disabled, check your gamedata files
L 08/20/2025 - 10:55:08: [mapchooser.amxx] Vote: Voting for the nextmap started
L 08/20/2025 - 10:55:23: [mapchooser.amxx] Vote: Voting for the nextmap finished. The nextmap will be fy_iceworld
L 08/20/2025 - 10:57:26: -------- Mapchange to fy_iceworld --------
L 08/20/2025 - 10:57:26: [csdm_spawn_preset.amxx] Loaded 11 spawn points for map fy_iceworld.
L 08/20/2025 - 10:57:26: [csdm_main.amxx] CSDM spawn mode set to preset
L 08/20/2025 - 10:57:32: [CSTRIKE] Postponing of model update disabled, check your gamedata files
L 08/20/2025 - 10:57:37: [CSTRIKE] Postponing of model update disabled, check your gamedata files
L 08/20/2025 - 11:05:26: [mapchooser.amxx] Vote: Voting for the nextmap started
L 08/20/2025 - 11:05:41: [mapchooser.amxx] Vote: Voting for the nextmap finished. The nextmap will be aim_DM
L 08/20/2025 - 11:07:44: -------- Mapchange to aim_DM --------
L 08/20/2025 - 11:07:44: [csdm_spawn_preset.amxx] No spawn points file found (addons/amxmodx/configs\csdm\aim_DM.spawns.cfg)
L 08/20/2025 - 11:07:44: [csdm_main.amxx] CSDM spawn mode set to preset
L 08/20/2025 - 11:15:44: [mapchooser.amxx] Vote: Voting for the nextmap started
L 08/20/2025 - 11:16:00: [mapchooser.amxx] Vote: Voting for the nextmap finished. The nextmap will be fy_mario
L 08/20/2025 - 11:18:02: -------- Mapchange to fy_mario --------
L 08/20/2025 - 11:18:03: [csdm_spawn_preset.amxx] No spawn points file found (addons/amxmodx/configs\csdm\fy_mario.spawns.cfg)
L 08/20/2025 - 11:18:03: [csdm_main.amxx] CSDM spawn mode set to preset
L 08/20/2025 - 11:26:03: [mapchooser.amxx] Vote: Voting for the nextmap started
L 08/20/2025 - 11:26:18: [mapchooser.amxx] Vote: Voting for the nextmap finished. The nextmap will be aim_dust2
L 08/20/2025 - 11:28:21: -------- Mapchange to aim_dust2 --------
L 08/20/2025 - 11:28:21: [csdm_spawn_preset.amxx] No spawn points file found (addons/amxmodx/configs\csdm\aim_dust2.spawns.cfg)
L 08/20/2025 - 11:28:21: [csdm_main.amxx] CSDM spawn mode set to preset
L 08/20/2025 - 11:36:21: [mapchooser.amxx] Vote: Voting for the nextmap started
L 08/20/2025 - 11:36:36: [mapchooser.amxx] Vote: Voting for the nextmap finished. The nextmap will be fy_mrvideo
L 08/20/2025 - 11:38:39: -------- Mapchange to fy_mrvideo --------
L 08/20/2025 - 11:38:39: [csdm_spawn_preset.amxx] No spawn points file found (addons/amxmodx/configs\csdm\fy_mrvideo.spawns.cfg)
L 08/20/2025 - 11:38:39: [csdm_main.amxx] CSDM spawn mode set to preset
L 08/20/2025 - 11:46:39: [mapchooser.amxx] Vote: Voting for the nextmap started
L 08/20/2025 - 11:46:54: [mapchooser.amxx] Vote: Voting for the nextmap finished. The nextmap will be aim_headshot2
L 08/20/2025 - 11:48:57: -------- Mapchange to aim_headshot2 --------
L 08/20/2025 - 11:48:57: [csdm_spawn_preset.amxx] No spawn points file found (addons/amxmodx/configs\csdm\aim_headshot2.spawns.cfg)
L 08/20/2025 - 11:48:57: [csdm_main.amxx] CSDM spawn mode set to preset
L 08/20/2025 - 11:56:57: [mapchooser.amxx] Vote: Voting for the nextmap started
L 08/20/2025 - 11:57:12: [mapchooser.amxx] Vote: Voting for the nextmap finished. The nextmap will be fy_snow
L 08/20/2025 - 11:59:15: -------- Mapchange to fy_snow --------
L 08/20/2025 - 11:59:15: [csdm_spawn_preset.amxx] No spawn points file found (addons/amxmodx/configs\csdm\fy_snow.spawns.cfg)
L 08/20/2025 - 11:59:15: [csdm_main.amxx] CSDM spawn mode set to preset
L 08/20/2025 - 12:07:15: [mapchooser.amxx] Vote: Voting for the nextmap started
L 08/20/2025 - 12:07:30: [mapchooser.amxx] Vote: Voting for the nextmap finished. The nextmap will be aim_map_2010
L 08/20/2025 - 12:09:33: -------- Mapchange to aim_map_2010 --------
L 08/20/2025 - 12:09:33: [csdm_spawn_preset.amxx] No spawn points file found (addons/amxmodx/configs\csdm\aim_map_2010.spawns.cfg)
L 08/20/2025 - 12:09:33: [csdm_main.amxx] CSDM spawn mode set to preset
L 08/20/2025 - 12:17:33: [mapchooser.amxx] Vote: Voting for the nextmap started
L 08/20/2025 - 12:17:48: [mapchooser.amxx] Vote: Voting for the nextmap finished. The nextmap will be gg_winterhold
L 08/20/2025 - 12:19:51: -------- Mapchange to gg_winterhold --------
L 08/20/2025 - 12:19:51: [csdm_spawn_preset.amxx] No spawn points file found (addons/amxmodx/configs\csdm\gg_winterhold.spawns.cfg)
L 08/20/2025 - 12:19:51: [csdm_main.amxx] CSDM spawn mode set to preset
L 08/20/2025 - 12:27:51: [mapchooser.amxx] Vote: Voting for the nextmap started
L 08/20/2025 - 12:28:06: [mapchooser.amxx] Vote: Voting for the nextmap finished. The nextmap will be aim_1on1map
L 08/20/2025 - 12:30:09: -------- Mapchange to aim_1on1map --------
L 08/20/2025 - 12:30:09: [csdm_spawn_preset.amxx] No spawn points file found (addons/amxmodx/configs\csdm\aim_1on1map.spawns.cfg)
L 08/20/2025 - 12:30:09: [csdm_main.amxx] CSDM spawn mode set to preset
L 08/20/2025 - 12:38:09: [mapchooser.amxx] Vote: Voting for the nextmap started
L 08/20/2025 - 12:38:24: [mapchooser.amxx] Vote: Voting for the nextmap finished. The nextmap will be fy_nuketown
L 08/20/2025 - 12:40:28: -------- Mapchange to fy_nuketown --------
L 08/20/2025 - 12:40:28: [csdm_spawn_preset.amxx] No spawn points file found (addons/amxmodx/configs\csdm\fy_nuketown.spawns.cfg)
L 08/20/2025 - 12:40:28: [csdm_main.amxx] CSDM spawn mode set to preset
L 08/20/2025 - 12:48:28: [mapchooser.amxx] Vote: Voting for the nextmap started
L 08/20/2025 - 12:48:43: [mapchooser.amxx] Vote: Voting for the nextmap finished. The nextmap will be gg_ak-colt_palm_beach
L 08/20/2025 - 12:50:46: -------- Mapchange to gg_ak-colt_palm_beach --------
L 08/20/2025 - 12:50:46: [csdm_spawn_preset.amxx] No spawn points file found (addons/amxmodx/configs\csdm\gg_ak-colt_palm_beach.spawns.cfg)
L 08/20/2025 - 12:50:46: [csdm_main.amxx] CSDM spawn mode set to preset
L 08/20/2025 - 12:58:46: [mapchooser.amxx] Vote: Voting for the nextmap started
L 08/20/2025 - 12:59:01: [mapchooser.amxx] Vote: Voting for the nextmap finished. The nextmap will be gg_minecraftempire
L 08/20/2025 - 13:01:04: -------- Mapchange to gg_minecraftempire --------
L 08/20/2025 - 13:01:04: [csdm_spawn_preset.amxx] No spawn points file found (addons/amxmodx/configs\csdm\gg_minecraftempire.spawns.cfg)
L 08/20/2025 - 13:01:04: [csdm_main.amxx] CSDM spawn mode set to preset
L 08/20/2025 - 13:07:20: [CSTRIKE] svs global variable is not available
L 08/20/2025 - 13:07:20: [CSTRIKE] sv global variable is not available
L 08/20/2025 - 13:07:20: client_disconnected and client_remove forwards have been disabled - check your gamedata files.
L 08/20/2025 - 13:07:20: Binding/Hooking cvars have been disabled - check your gamedata files.
L 08/20/2025 - 13:07:20: -------- Mapchange to aim_map_2010 --------
L 08/20/2025 - 13:07:20: [csdm_spawn_preset.amxx] No spawn points file found (addons/amxmodx/configs\csdm\aim_map_2010.spawns.cfg)
L 08/20/2025 - 13:07:20: [csdm_main.amxx] CSDM spawn mode set to preset
L 08/20/2025 - 13:07:20: Invalid multi-lingual line (file "cstrike/addons/amxmodx/data/lang/gungame.txt" key "// For GunGame 2.13 - last updated 10:58 PM 1/2/2013" lang "")
L 08/20/2025 - 13:07:28: [CSTRIKE] svs global variable is not available
L 08/20/2025 - 13:07:28: [CSTRIKE] sv global variable is not available
L 08/20/2025 - 13:07:28: client_disconnected and client_remove forwards have been disabled - check your gamedata files.
L 08/20/2025 - 13:07:28: Binding/Hooking cvars have been disabled - check your gamedata files.
L 08/20/2025 - 13:07:28: -------- Mapchange to aim_map_2010 --------
L 08/20/2025 - 13:07:28: [csdm_spawn_preset.amxx] No spawn points file found (addons/amxmodx/configs\csdm\aim_map_2010.spawns.cfg)
L 08/20/2025 - 13:07:28: [csdm_main.amxx] CSDM spawn mode set to preset
L 08/20/2025 - 13:07:28: Invalid multi-lingual line (file "cstrike/addons/amxmodx/data/lang/gungame.txt" key "// For GunGame 2.13 - last updated 10:58 PM 1/2/2013" lang "")
L 08/20/2025 - 13:07:33: [CSTRIKE] Postponing of model update disabled, check your gamedata files
L 08/20/2025 - 13:07:33: [CSTRIKE] Postponing of model update disabled, check your gamedata files
L 08/20/2025 - 13:07:48: [admin.amxx] Login: "Johannes<3><ID_7dea362b3fac8e00956a4952a3d4><>" became an admin (account "Johannes") (access "abcdefghijklmnopqrstuv") (address "0.99.160.242")
L 08/20/2025 - 13:11:39: [CSTRIKE] svs global variable is not available
L 08/20/2025 - 13:11:39: [CSTRIKE] sv global variable is not available
L 08/20/2025 - 13:11:39: client_disconnected and client_remove forwards have been disabled - check your gamedata files.
L 08/20/2025 - 13:11:39: Binding/Hooking cvars have been disabled - check your gamedata files.
L 08/20/2025 - 13:11:39: -------- Mapchange to aim_map_2010 --------
L 08/20/2025 - 13:11:39: [csdm_spawn_preset.amxx] No spawn points file found (addons/amxmodx/configs\csdm\aim_map_2010.spawns.cfg)
L 08/20/2025 - 13:11:39: [csdm_main.amxx] CSDM spawn mode set to preset
L 08/20/2025 - 13:11:39: Invalid multi-lingual line (file "cstrike/addons/amxmodx/data/lang/gungame.txt" key "// For GunGame 2.13 - last updated 10:58 PM 1/2/2013" lang "")
L 08/20/2025 - 13:11:44: [CSTRIKE] Postponing of model update disabled, check your gamedata files
L 08/20/2025 - 13:11:44: [CSTRIKE] Postponing of model update disabled, check your gamedata files
L 08/20/2025 - 13:16:27: [CSTRIKE] svs global variable is not available
L 08/20/2025 - 13:16:27: [CSTRIKE] sv global variable is not available
L 08/20/2025 - 13:16:27: client_disconnected and client_remove forwards have been disabled - check your gamedata files.
L 08/20/2025 - 13:16:27: Binding/Hooking cvars have been disabled - check your gamedata files.
L 08/20/2025 - 13:16:27: -------- Mapchange to aim_map_2010 --------
L 08/20/2025 - 13:16:27: [csdm_spawn_preset.amxx] No spawn points file found (addons/amxmodx/configs\csdm\aim_map_2010.spawns.cfg)
L 08/20/2025 - 13:16:27: [csdm_main.amxx] CSDM spawn mode set to preset
L 08/20/2025 - 13:16:27: Invalid multi-lingual line (file "cstrike/addons/amxmodx/data/lang/gungame.txt" key "// For GunGame 2.13 - last updated 10:58 PM 1/2/2013" lang "")
L 08/20/2025 - 13:16:32: [CSTRIKE] Postponing of model update disabled, check your gamedata files
L 08/20/2025 - 13:16:32: [CSTRIKE] Postponing of model update disabled, check your gamedata files
L 08/20/2025 - 13:24:27: [mapchooser.amxx] Vote: Voting for the nextmap started
L 08/20/2025 - 13:24:42: [mapchooser.amxx] Vote: Voting for the nextmap finished. The nextmap will be fy_simpsons
L 08/20/2025 - 13:26:21: [CSTRIKE] svs global variable is not available
L 08/20/2025 - 13:26:21: [CSTRIKE] sv global variable is not available
L 08/20/2025 - 13:26:21: client_disconnected and client_remove forwards have been disabled - check your gamedata files.
L 08/20/2025 - 13:26:21: Binding/Hooking cvars have been disabled - check your gamedata files.
L 08/20/2025 - 13:26:21: -------- Mapchange to aim_map_2010 --------
L 08/20/2025 - 13:26:21: [csdm_spawn_preset.amxx] No spawn points file found (addons/amxmodx/configs\csdm\aim_map_2010.spawns.cfg)
L 08/20/2025 - 13:26:21: [csdm_main.amxx] CSDM spawn mode set to preset
L 08/20/2025 - 13:26:21: Invalid multi-lingual line (file "cstrike/addons/amxmodx/data/lang/gungame.txt" key "// For GunGame 2.13 - last updated 10:58 PM 1/2/2013" lang "")
L 08/20/2025 - 13:26:27: [CSTRIKE] Postponing of model update disabled, check your gamedata files
L 08/20/2025 - 13:26:27: [CSTRIKE] Postponing of model update disabled, check your gamedata files
L 08/20/2025 - 13:29:44: [CSTRIKE] svs global variable is not available
L 08/20/2025 - 13:29:44: [CSTRIKE] sv global variable is not available
L 08/20/2025 - 13:29:44: client_disconnected and client_remove forwards have been disabled - check your gamedata files.
L 08/20/2025 - 13:29:44: Binding/Hooking cvars have been disabled - check your gamedata files.
L 08/20/2025 - 13:29:44: -------- Mapchange to aim_map_2010 --------
L 08/20/2025 - 13:29:44: [csdm_spawn_preset.amxx] No spawn points file found (addons/amxmodx/configs\csdm\aim_map_2010.spawns.cfg)
L 08/20/2025 - 13:29:44: [csdm_main.amxx] CSDM spawn mode set to preset
L 08/20/2025 - 13:29:44: Invalid multi-lingual line (file "cstrike/addons/amxmodx/data/lang/gungame.txt" key "// For GunGame 2.13 - last updated 10:58 PM 1/2/2013" lang "")
L 08/20/2025 - 13:29:49: [CSTRIKE] Postponing of model update disabled, check your gamedata files
L 08/20/2025 - 13:29:49: [CSTRIKE] Postponing of model update disabled, check your gamedata files
L 08/20/2025 - 13:31:15: [CSTRIKE] svs global variable is not available
L 08/20/2025 - 13:31:15: [CSTRIKE] sv global variable is not available
L 08/20/2025 - 13:31:15: client_disconnected and client_remove forwards have been disabled - check your gamedata files.
L 08/20/2025 - 13:31:15: Binding/Hooking cvars have been disabled - check your gamedata files.
L 08/20/2025 - 13:31:15: -------- Mapchange to aim_map_2010 --------
L 08/20/2025 - 13:31:15: [csdm_spawn_preset.amxx] No spawn points file found (addons/amxmodx/configs\csdm\aim_map_2010.spawns.cfg)
L 08/20/2025 - 13:31:15: [csdm_main.amxx] CSDM spawn mode set to preset
L 08/20/2025 - 13:31:15: Invalid multi-lingual line (file "cstrike/addons/amxmodx/data/lang/gungame.txt" key "// For GunGame 2.13 - last updated 10:58 PM 1/2/2013" lang "")
L 08/20/2025 - 13:31:20: [CSTRIKE] Postponing of model update disabled, check your gamedata files
L 08/20/2025 - 13:31:20: [CSTRIKE] Postponing of model update disabled, check your gamedata files
L 08/20/2025 - 13:47:36: [CSTRIKE] svs global variable is not available
L 08/20/2025 - 13:47:36: [CSTRIKE] sv global variable is not available
L 08/20/2025 - 13:47:36: client_disconnected and client_remove forwards have been disabled - check your gamedata files.
L 08/20/2025 - 13:47:36: Binding/Hooking cvars have been disabled - check your gamedata files.
L 08/20/2025 - 13:47:36: -------- Mapchange to aim_map_2010 --------
L 08/20/2025 - 13:47:36: [csdm_spawn_preset.amxx] No spawn points file found (addons/amxmodx/configs\csdm\aim_map_2010.spawns.cfg)
L 08/20/2025 - 13:47:36: [csdm_main.amxx] CSDM spawn mode set to preset
L 08/20/2025 - 13:47:36: Invalid multi-lingual line (file "cstrike/addons/amxmodx/data/lang/gungame.txt" key "// For GunGame 2.13 - last updated 10:58 PM 1/2/2013" lang "")
L 08/20/2025 - 13:47:42: [CSTRIKE] Postponing of model update disabled, check your gamedata files
L 08/20/2025 - 13:47:42: [CSTRIKE] Postponing of model update disabled, check your gamedata files
L 08/20/2025 - 13:55:36: [mapchooser.amxx] Vote: Voting for the nextmap started
L 08/20/2025 - 13:55:51: [mapchooser.amxx] Vote: Voting for the nextmap finished. The nextmap will be fy_simpsons
L 08/20/2025 - 13:57:45: -------- Mapchange to fy_simpsons --------
L 08/20/2025 - 13:57:45: [csdm_spawn_preset.amxx] No spawn points file found (addons/amxmodx/configs\csdm\fy_simpsons.spawns.cfg)
L 08/20/2025 - 13:57:45: [csdm_main.amxx] CSDM spawn mode set to preset
L 08/20/2025 - 13:57:51: [CSTRIKE] Postponing of model update disabled, check your gamedata files
L 08/20/2025 - 13:57:51: [CSTRIKE] Postponing of model update disabled, check your gamedata files
L 08/20/2025 - 14:06:31: [CSTRIKE] svs global variable is not available
L 08/20/2025 - 14:06:31: [CSTRIKE] sv global variable is not available
L 08/20/2025 - 14:06:31: client_disconnected and client_remove forwards have been disabled - check your gamedata files.
L 08/20/2025 - 14:06:31: Binding/Hooking cvars have been disabled - check your gamedata files.
L 08/20/2025 - 14:06:31: -------- Mapchange to aim_map_2010 --------
L 08/20/2025 - 14:06:31: [csdm_spawn_preset.amxx] No spawn points file found (addons/amxmodx/configs\csdm\aim_map_2010.spawns.cfg)
L 08/20/2025 - 14:06:31: [csdm_main.amxx] CSDM spawn mode set to preset
L 08/20/2025 - 14:06:32: Invalid multi-lingual line (file "cstrike/addons/amxmodx/data/lang/gungame.txt" key "// For GunGame 2.13 - last updated 10:58 PM 1/2/2013" lang "")
L 08/20/2025 - 14:06:37: [CSTRIKE] Postponing of model update disabled, check your gamedata files
L 08/20/2025 - 14:06:37: [CSTRIKE] Postponing of model update disabled, check your gamedata files
L 08/20/2025 - 14:07:19: [admin.amxx] Login: "Johannes<5><ID_7dea362b3fac8e00956a4952a3d4><>" became an admin (account "Johannes") (access "abcdefghijklmnopqrstuv") (address "0.99.254.164")
L 08/20/2025 - 14:14:31: [mapchooser.amxx] Vote: Voting for the nextmap started
L 08/20/2025 - 14:14:46: [mapchooser.amxx] Vote: Voting for the nextmap finished. The nextmap will be fy_simpsons
L 08/20/2025 - 14:16:49: -------- Mapchange to fy_simpsons --------
L 08/20/2025 - 14:16:49: [csdm_spawn_preset.amxx] No spawn points file found (addons/amxmodx/configs\csdm\fy_simpsons.spawns.cfg)
L 08/20/2025 - 14:16:49: [csdm_main.amxx] CSDM spawn mode set to preset
L 08/20/2025 - 14:16:55: [CSTRIKE] Postponing of model update disabled, check your gamedata files
L 08/20/2025 - 14:16:55: [CSTRIKE] Postponing of model update disabled, check your gamedata files
L 08/20/2025 - 14:17:06: [CSTRIKE] svs global variable is not available
L 08/20/2025 - 14:17:06: [CSTRIKE] sv global variable is not available
L 08/20/2025 - 14:17:06: client_disconnected and client_remove forwards have been disabled - check your gamedata files.
L 08/20/2025 - 14:17:06: Binding/Hooking cvars have been disabled - check your gamedata files.
L 08/20/2025 - 14:17:06: -------- Mapchange to aim_map_2010 --------
L 08/20/2025 - 14:17:06: [csdm_spawn_preset.amxx] No spawn points file found (addons/amxmodx/configs\csdm\aim_map_2010.spawns.cfg)
L 08/20/2025 - 14:17:06: [csdm_main.amxx] CSDM spawn mode set to preset
L 08/20/2025 - 14:17:06: Invalid multi-lingual line (file "cstrike/addons/amxmodx/data/lang/gungame.txt" key "// For GunGame 2.13 - last updated 10:58 PM 1/2/2013" lang "")
L 08/20/2025 - 14:17:11: [CSTRIKE] Postponing of model update disabled, check your gamedata files
L 08/20/2025 - 14:17:11: [CSTRIKE] Postponing of model update disabled, check your gamedata files
L 08/20/2025 - 14:25:06: [mapchooser.amxx] Vote: Voting for the nextmap started
L 08/20/2025 - 14:25:21: [mapchooser.amxx] Vote: Voting for the nextmap finished. The nextmap will be fy_simpsons
L 08/20/2025 - 14:27:24: -------- Mapchange to fy_simpsons --------
L 08/20/2025 - 14:27:24: [csdm_spawn_preset.amxx] No spawn points file found (addons/amxmodx/configs\csdm\fy_simpsons.spawns.cfg)
L 08/20/2025 - 14:27:24: [csdm_main.amxx] CSDM spawn mode set to preset
L 08/20/2025 - 14:27:29: [CSTRIKE] Postponing of model update disabled, check your gamedata files
L 08/20/2025 - 14:27:29: [CSTRIKE] Postponing of model update disabled, check your gamedata files
L 08/20/2025 - 14:35:24: [mapchooser.amxx] Vote: Voting for the nextmap started
L 08/20/2025 - 14:35:39: [mapchooser.amxx] Vote: Voting for the nextmap finished. The nextmap will be aim_ak_colt_duel
L 08/20/2025 - 14:37:42: -------- Mapchange to aim_ak_colt_duel --------
L 08/20/2025 - 14:37:42: [csdm_spawn_preset.amxx] No spawn points file found (addons/amxmodx/configs\csdm\aim_ak_colt_duel.spawns.cfg)
L 08/20/2025 - 14:37:42: [csdm_main.amxx] CSDM spawn mode set to preset
L 08/20/2025 - 14:37:47: [CSTRIKE] Postponing of model update disabled, check your gamedata files
L 08/20/2025 - 14:37:47: [CSTRIKE] Postponing of model update disabled, check your gamedata files
L 08/20/2025 - 14:38:49: [admin.amxx] Login: "Johannes<13><ID_7dea362b3fac8e00956a4952a3d4><>" became an admin (account "Johannes") (access "abcdefghijklmnopqrstuv") (address "0.39.191.97")
L 08/20/2025 - 14:42:41: [admin.amxx] Login: "Johannes<14><ID_7dea362b3fac8e00956a4952a3d4><>" became an admin (account "Johannes") (access "abcdefghijklmnopqrstuv") (address "0.105.221.159")
L 08/20/2025 - 14:45:42: [mapchooser.amxx] Vote: Voting for the nextmap started
L 08/20/2025 - 14:45:57: [mapchooser.amxx] Vote: Voting for the nextmap finished. The nextmap will be fy_pool_day
L 08/20/2025 - 14:46:29: [CSTRIKE] svs global variable is not available
L 08/20/2025 - 14:46:29: [CSTRIKE] sv global variable is not available
L 08/20/2025 - 14:46:29: client_disconnected and client_remove forwards have been disabled - check your gamedata files.
L 08/20/2025 - 14:46:29: Binding/Hooking cvars have been disabled - check your gamedata files.
L 08/20/2025 - 14:46:29: -------- Mapchange to aim_map_2010 --------
L 08/20/2025 - 14:46:29: [csdm_spawn_preset.amxx] No spawn points file found (addons/amxmodx/configs\csdm\aim_map_2010.spawns.cfg)
L 08/20/2025 - 14:46:29: [csdm_main.amxx] CSDM spawn mode set to preset
L 08/20/2025 - 14:46:29: Invalid multi-lingual line (file "cstrike/addons/amxmodx/data/lang/gungame.txt" key "// For GunGame 2.13 - last updated 10:58 PM 1/2/2013" lang "")
L 08/20/2025 - 14:46:34: [CSTRIKE] Postponing of model update disabled, check your gamedata files
L 08/20/2025 - 14:46:34: [CSTRIKE] Postponing of model update disabled, check your gamedata files
L 08/20/2025 - 14:54:29: [mapchooser.amxx] Vote: Voting for the nextmap started
L 08/20/2025 - 14:54:44: [mapchooser.amxx] Vote: Voting for the nextmap finished. The nextmap will be fy_simpsons
L 08/20/2025 - 14:56:47: -------- Mapchange to fy_simpsons --------
L 08/20/2025 - 14:56:47: [csdm_spawn_preset.amxx] No spawn points file found (addons/amxmodx/configs\csdm\fy_simpsons.spawns.cfg)
L 08/20/2025 - 14:56:47: [csdm_main.amxx] CSDM spawn mode set to preset
L 08/20/2025 - 14:56:52: [CSTRIKE] Postponing of model update disabled, check your gamedata files
L 08/20/2025 - 14:56:52: [CSTRIKE] Postponing of model update disabled, check your gamedata files
L 08/20/2025 - 15:04:47: [mapchooser.amxx] Vote: Voting for the nextmap started
L 08/20/2025 - 15:05:02: [mapchooser.amxx] Vote: Voting for the nextmap finished. The nextmap will be aim_ak_colt_duel
L 08/20/2025 - 15:05:55: [CSTRIKE] svs global variable is not available
L 08/20/2025 - 15:05:55: [CSTRIKE] sv global variable is not available
L 08/20/2025 - 15:05:55: client_disconnected and client_remove forwards have been disabled - check your gamedata files.
L 08/20/2025 - 15:05:55: Binding/Hooking cvars have been disabled - check your gamedata files.
L 08/20/2025 - 15:05:55: -------- Mapchange to aim_map_2010 --------
L 08/20/2025 - 15:05:55: [csdm_spawn_preset.amxx] No spawn points file found (addons/amxmodx/configs\csdm\aim_map_2010.spawns.cfg)
L 08/20/2025 - 15:05:55: [csdm_main.amxx] CSDM spawn mode set to preset
L 08/20/2025 - 15:05:55: Invalid multi-lingual line (file "cstrike/addons/amxmodx/data/lang/gungame.txt" key "// For GunGame 2.13 - last updated 10:58 PM 1/2/2013" lang "")
L 08/20/2025 - 15:06:01: [CSTRIKE] Postponing of model update disabled, check your gamedata files
L 08/20/2025 - 15:06:01: [CSTRIKE] Postponing of model update disabled, check your gamedata files
L 08/20/2025 - 15:13:55: [mapchooser.amxx] Vote: Voting for the nextmap started
L 08/20/2025 - 15:14:10: [mapchooser.amxx] Vote: Voting for the nextmap finished. The nextmap will be fy_simpsons
L 08/20/2025 - 15:16:13: -------- Mapchange to fy_simpsons --------
L 08/20/2025 - 15:16:13: [csdm_spawn_preset.amxx] No spawn points file found (addons/amxmodx/configs\csdm\fy_simpsons.spawns.cfg)
L 08/20/2025 - 15:16:13: [csdm_main.amxx] CSDM spawn mode set to preset
L 08/20/2025 - 15:16:19: [CSTRIKE] Postponing of model update disabled, check your gamedata files
L 08/20/2025 - 15:16:19: [CSTRIKE] Postponing of model update disabled, check your gamedata files
L 08/20/2025 - 15:24:13: [mapchooser.amxx] Vote: Voting for the nextmap started
L 08/20/2025 - 15:24:28: [mapchooser.amxx] Vote: Voting for the nextmap finished. The nextmap will be aim_ak_colt_duel
L 08/20/2025 - 15:26:31: -------- Mapchange to aim_ak_colt_duel --------
L 08/20/2025 - 15:26:31: [csdm_spawn_preset.amxx] No spawn points file found (addons/amxmodx/configs\csdm\aim_ak_colt_duel.spawns.cfg)
L 08/20/2025 - 15:26:31: [csdm_main.amxx] CSDM spawn mode set to preset
L 08/20/2025 - 15:26:37: [CSTRIKE] Postponing of model update disabled, check your gamedata files
L 08/20/2025 - 15:26:37: [CSTRIKE] Postponing of model update disabled, check your gamedata files
L 08/20/2025 - 15:34:31: [mapchooser.amxx] Vote: Voting for the nextmap started
L 08/20/2025 - 15:34:46: [mapchooser.amxx] Vote: Voting for the nextmap finished. The nextmap will be fy_pool_day
L 08/20/2025 - 15:36:49: -------- Mapchange to fy_pool_day --------
L 08/20/2025 - 15:36:50: [csdm_spawn_preset.amxx] No spawn points file found (addons/amxmodx/configs\csdm\fy_pool_day.spawns.cfg)
L 08/20/2025 - 15:36:50: [csdm_main.amxx] CSDM spawn mode set to preset
L 08/20/2025 - 15:36:55: [CSTRIKE] Postponing of model update disabled, check your gamedata files
L 08/20/2025 - 15:36:55: [CSTRIKE] Postponing of model update disabled, check your gamedata files
L 08/20/2025 - 15:44:50: [mapchooser.amxx] Vote: Voting for the nextmap started
L 08/20/2025 - 15:45:05: [mapchooser.amxx] Vote: Voting for the nextmap finished. The nextmap will be aim_sOt
L 08/20/2025 - 15:47:08: -------- Mapchange to aim_sOt --------
L 08/20/2025 - 15:47:08: [csdm_spawn_preset.amxx] No spawn points file found (addons/amxmodx/configs\csdm\aim_sOt.spawns.cfg)
L 08/20/2025 - 15:47:08: [csdm_main.amxx] CSDM spawn mode set to preset
L 08/20/2025 - 15:47:13: [CSTRIKE] Postponing of model update disabled, check your gamedata files
L 08/20/2025 - 15:47:13: [CSTRIKE] Postponing of model update disabled, check your gamedata files
L 08/20/2025 - 15:55:08: [mapchooser.amxx] Vote: Voting for the nextmap started
L 08/20/2025 - 15:55:23: [mapchooser.amxx] Vote: Voting for the nextmap finished. The nextmap will be fy_iceworld
L 08/20/2025 - 15:57:26: -------- Mapchange to fy_iceworld --------
L 08/20/2025 - 15:57:26: [csdm_spawn_preset.amxx] Loaded 11 spawn points for map fy_iceworld.
L 08/20/2025 - 15:57:26: [csdm_main.amxx] CSDM spawn mode set to preset
L 08/20/2025 - 15:57:31: [CSTRIKE] Postponing of model update disabled, check your gamedata files
L 08/20/2025 - 15:57:36: [CSTRIKE] Postponing of model update disabled, check your gamedata files
L 08/20/2025 - 16:05:26: [mapchooser.amxx] Vote: Voting for the nextmap started
L 08/20/2025 - 16:05:41: [mapchooser.amxx] Vote: Voting for the nextmap finished. The nextmap will be aim_DM
L 08/20/2025 - 16:07:44: -------- Mapchange to aim_DM --------
L 08/20/2025 - 16:07:44: [csdm_spawn_preset.amxx] No spawn points file found (addons/amxmodx/configs\csdm\aim_DM.spawns.cfg)
L 08/20/2025 - 16:07:44: [csdm_main.amxx] CSDM spawn mode set to preset
L 08/20/2025 - 16:15:44: [mapchooser.amxx] Vote: Voting for the nextmap started
L 08/20/2025 - 16:15:59: [mapchooser.amxx] Vote: Voting for the nextmap finished. The nextmap will be fy_mario
L 08/20/2025 - 16:18:02: -------- Mapchange to fy_mario --------
L 08/20/2025 - 16:18:02: [csdm_spawn_preset.amxx] No spawn points file found (addons/amxmodx/configs\csdm\fy_mario.spawns.cfg)
L 08/20/2025 - 16:18:02: [csdm_main.amxx] CSDM spawn mode set to preset
L 08/20/2025 - 16:26:02: [mapchooser.amxx] Vote: Voting for the nextmap started
L 08/20/2025 - 16:26:17: [mapchooser.amxx] Vote: Voting for the nextmap finished. The nextmap will be aim_dust2
L 08/20/2025 - 16:28:20: -------- Mapchange to aim_dust2 --------
L 08/20/2025 - 16:28:20: [csdm_spawn_preset.amxx] No spawn points file found (addons/amxmodx/configs\csdm\aim_dust2.spawns.cfg)
L 08/20/2025 - 16:28:20: [csdm_main.amxx] CSDM spawn mode set to preset
L 08/20/2025 - 16:36:20: [mapchooser.amxx] Vote: Voting for the nextmap started
L 08/20/2025 - 16:36:35: [mapchooser.amxx] Vote: Voting for the nextmap finished. The nextmap will be fy_mrvideo
L 08/20/2025 - 16:38:38: -------- Mapchange to fy_mrvideo --------
L 08/20/2025 - 16:38:38: [csdm_spawn_preset.amxx] No spawn points file found (addons/amxmodx/configs\csdm\fy_mrvideo.spawns.cfg)
L 08/20/2025 - 16:38:38: [csdm_main.amxx] CSDM spawn mode set to preset
L 08/20/2025 - 16:46:38: [mapchooser.amxx] Vote: Voting for the nextmap started
L 08/20/2025 - 16:46:53: [mapchooser.amxx] Vote: Voting for the nextmap finished. The nextmap will be aim_headshot2
L 08/20/2025 - 16:48:56: -------- Mapchange to aim_headshot2 --------
L 08/20/2025 - 16:48:56: [csdm_spawn_preset.amxx] No spawn points file found (addons/amxmodx/configs\csdm\aim_headshot2.spawns.cfg)
L 08/20/2025 - 16:48:56: [csdm_main.amxx] CSDM spawn mode set to preset
L 08/20/2025 - 16:56:56: [mapchooser.amxx] Vote: Voting for the nextmap started
L 08/20/2025 - 16:57:11: [mapchooser.amxx] Vote: Voting for the nextmap finished. The nextmap will be fy_snow
L 08/20/2025 - 16:59:14: -------- Mapchange to fy_snow --------
L 08/20/2025 - 16:59:14: [csdm_spawn_preset.amxx] No spawn points file found (addons/amxmodx/configs\csdm\fy_snow.spawns.cfg)
L 08/20/2025 - 16:59:14: [csdm_main.amxx] CSDM spawn mode set to preset
L 08/20/2025 - 17:07:14: [mapchooser.amxx] Vote: Voting for the nextmap started
L 08/20/2025 - 17:07:29: [mapchooser.amxx] Vote: Voting for the nextmap finished. The nextmap will be aim_map_2010
L 08/20/2025 - 17:09:33: -------- Mapchange to aim_map_2010 --------
L 08/20/2025 - 17:09:33: [csdm_spawn_preset.amxx] No spawn points file found (addons/amxmodx/configs\csdm\aim_map_2010.spawns.cfg)
L 08/20/2025 - 17:09:33: [csdm_main.amxx] CSDM spawn mode set to preset
L 08/20/2025 - 17:17:33: [mapchooser.amxx] Vote: Voting for the nextmap started
L 08/20/2025 - 17:17:48: [mapchooser.amxx] Vote: Voting for the nextmap finished. The nextmap will be gg_winterhold
L 08/20/2025 - 17:19:51: -------- Mapchange to gg_winterhold --------
L 08/20/2025 - 17:19:51: [csdm_spawn_preset.amxx] No spawn points file found (addons/amxmodx/configs\csdm\gg_winterhold.spawns.cfg)
L 08/20/2025 - 17:19:51: [csdm_main.amxx] CSDM spawn mode set to preset
L 08/20/2025 - 17:27:51: [mapchooser.amxx] Vote: Voting for the nextmap started
L 08/20/2025 - 17:28:06: [mapchooser.amxx] Vote: Voting for the nextmap finished. The nextmap will be aim_1on1map
L 08/20/2025 - 17:30:09: -------- Mapchange to aim_1on1map --------
L 08/20/2025 - 17:30:09: [csdm_spawn_preset.amxx] No spawn points file found (addons/amxmodx/configs\csdm\aim_1on1map.spawns.cfg)
L 08/20/2025 - 17:30:09: [csdm_main.amxx] CSDM spawn mode set to preset
L 08/20/2025 - 17:38:09: [mapchooser.amxx] Vote: Voting for the nextmap started
L 08/20/2025 - 17:38:24: [mapchooser.amxx] Vote: Voting for the nextmap finished. The nextmap will be fy_nuketown
L 08/20/2025 - 17:40:27: -------- Mapchange to fy_nuketown --------
L 08/20/2025 - 17:40:27: [csdm_spawn_preset.amxx] No spawn points file found (addons/amxmodx/configs\csdm\fy_nuketown.spawns.cfg)
L 08/20/2025 - 17:40:27: [csdm_main.amxx] CSDM spawn mode set to preset
L 08/20/2025 - 17:48:27: [mapchooser.amxx] Vote: Voting for the nextmap started
L 08/20/2025 - 17:48:42: [mapchooser.amxx] Vote: Voting for the nextmap finished. The nextmap will be gg_ak-colt_palm_beach
L 08/20/2025 - 17:50:45: -------- Mapchange to gg_ak-colt_palm_beach --------
L 08/20/2025 - 17:50:45: [csdm_spawn_preset.amxx] No spawn points file found (addons/amxmodx/configs\csdm\gg_ak-colt_palm_beach.spawns.cfg)
L 08/20/2025 - 17:50:45: [csdm_main.amxx] CSDM spawn mode set to preset
L 08/20/2025 - 17:58:45: [mapchooser.amxx] Vote: Voting for the nextmap started
L 08/20/2025 - 17:59:00: [mapchooser.amxx] Vote: Voting for the nextmap finished. The nextmap will be gg_minecraftempire
L 08/20/2025 - 18:01:03: -------- Mapchange to gg_minecraftempire --------
L 08/20/2025 - 18:01:03: [csdm_spawn_preset.amxx] No spawn points file found (addons/amxmodx/configs\csdm\gg_minecraftempire.spawns.cfg)
L 08/20/2025 - 18:01:03: [csdm_main.amxx] CSDM spawn mode set to preset
L 08/20/2025 - 18:09:03: [mapchooser.amxx] Vote: Voting for the nextmap started
L 08/20/2025 - 18:09:18: [mapchooser.amxx] Vote: Voting for the nextmap finished. The nextmap will be Aim_training
L 08/20/2025 - 18:11:21: -------- Mapchange to Aim_training --------
L 08/20/2025 - 18:11:21: [csdm_spawn_preset.amxx] No spawn points file found (addons/amxmodx/configs\csdm\Aim_training.spawns.cfg)
L 08/20/2025 - 18:11:21: [csdm_main.amxx] CSDM spawn mode set to preset
L 08/20/2025 - 18:19:21: [mapchooser.amxx] Vote: Voting for the nextmap started
L 08/20/2025 - 18:19:36: [mapchooser.amxx] Vote: Voting for the nextmap finished. The nextmap will be fy_simpsons
L 08/20/2025 - 18:21:39: -------- Mapchange to fy_simpsons --------
L 08/20/2025 - 18:21:39: [csdm_spawn_preset.amxx] No spawn points file found (addons/amxmodx/configs\csdm\fy_simpsons.spawns.cfg)
L 08/20/2025 - 18:21:39: [csdm_main.amxx] CSDM spawn mode set to preset
L 08/20/2025 - 18:29:39: [mapchooser.amxx] Vote: Voting for the nextmap started
L 08/20/2025 - 18:29:54: [mapchooser.amxx] Vote: Voting for the nextmap finished. The nextmap will be aim_ak_colt_duel
L 08/20/2025 - 18:31:57: -------- Mapchange to aim_ak_colt_duel --------
L 08/20/2025 - 18:31:57: [csdm_spawn_preset.amxx] No spawn points file found (addons/amxmodx/configs\csdm\aim_ak_colt_duel.spawns.cfg)
L 08/20/2025 - 18:31:57: [csdm_main.amxx] CSDM spawn mode set to preset
L 08/20/2025 - 18:39:58: [mapchooser.amxx] Vote: Voting for the nextmap started
L 08/20/2025 - 18:40:13: [mapchooser.amxx] Vote: Voting for the nextmap finished. The nextmap will be fy_pool_day
L 08/20/2025 - 18:42:16: -------- Mapchange to fy_pool_day --------
L 08/20/2025 - 18:42:16: [csdm_spawn_preset.amxx] No spawn points file found (addons/amxmodx/configs\csdm\fy_pool_day.spawns.cfg)
L 08/20/2025 - 18:42:16: [csdm_main.amxx] CSDM spawn mode set to preset
L 08/20/2025 - 18:50:16: [mapchooser.amxx] Vote: Voting for the nextmap started
L 08/20/2025 - 18:50:31: [mapchooser.amxx] Vote: Voting for the nextmap finished. The nextmap will be aim_sOt
L 08/20/2025 - 18:52:34: -------- Mapchange to aim_sOt --------
L 08/20/2025 - 18:52:34: [csdm_spawn_preset.amxx] No spawn points file found (addons/amxmodx/configs\csdm\aim_sOt.spawns.cfg)
L 08/20/2025 - 18:52:34: [csdm_main.amxx] CSDM spawn mode set to preset
L 08/20/2025 - 19:00:34: [mapchooser.amxx] Vote: Voting for the nextmap started
L 08/20/2025 - 19:00:49: [mapchooser.amxx] Vote: Voting for the nextmap finished. The nextmap will be fy_iceworld
L 08/20/2025 - 19:02:52: -------- Mapchange to fy_iceworld --------
L 08/20/2025 - 19:02:52: [csdm_spawn_preset.amxx] Loaded 11 spawn points for map fy_iceworld.
L 08/20/2025 - 19:02:52: [csdm_main.amxx] CSDM spawn mode set to preset
L 08/20/2025 - 19:10:52: [mapchooser.amxx] Vote: Voting for the nextmap started
L 08/20/2025 - 19:11:07: [mapchooser.amxx] Vote: Voting for the nextmap finished. The nextmap will be aim_DM
L 08/20/2025 - 19:13:10: -------- Mapchange to aim_DM --------
L 08/20/2025 - 19:13:10: [csdm_spawn_preset.amxx] No spawn points file found (addons/amxmodx/configs\csdm\aim_DM.spawns.cfg)
L 08/20/2025 - 19:13:10: [csdm_main.amxx] CSDM spawn mode set to preset
L 08/20/2025 - 19:21:10: [mapchooser.amxx] Vote: Voting for the nextmap started
L 08/20/2025 - 19:21:25: [mapchooser.amxx] Vote: Voting for the nextmap finished. The nextmap will be fy_mario
L 08/20/2025 - 19:23:28: -------- Mapchange to fy_mario --------
L 08/20/2025 - 19:23:28: [csdm_spawn_preset.amxx] No spawn points file found (addons/amxmodx/configs\csdm\fy_mario.spawns.cfg)
L 08/20/2025 - 19:23:28: [csdm_main.amxx] CSDM spawn mode set to preset
L 08/20/2025 - 19:31:28: [mapchooser.amxx] Vote: Voting for the nextmap started
L 08/20/2025 - 19:31:43: [mapchooser.amxx] Vote: Voting for the nextmap finished. The nextmap will be aim_dust2
L 08/20/2025 - 19:33:46: -------- Mapchange to aim_dust2 --------
L 08/20/2025 - 19:33:46: [csdm_spawn_preset.amxx] No spawn points file found (addons/amxmodx/configs\csdm\aim_dust2.spawns.cfg)
L 08/20/2025 - 19:33:46: [csdm_main.amxx] CSDM spawn mode set to preset
L 08/20/2025 - 19:41:46: [mapchooser.amxx] Vote: Voting for the nextmap started
L 08/20/2025 - 19:42:01: [mapchooser.amxx] Vote: Voting for the nextmap finished. The nextmap will be fy_mrvideo
L 08/20/2025 - 19:44:04: -------- Mapchange to fy_mrvideo --------
L 08/20/2025 - 19:44:04: [csdm_spawn_preset.amxx] No spawn points file found (addons/amxmodx/configs\csdm\fy_mrvideo.spawns.cfg)
L 08/20/2025 - 19:44:04: [csdm_main.amxx] CSDM spawn mode set to preset
L 08/20/2025 - 19:52:04: [mapchooser.amxx] Vote: Voting for the nextmap started
L 08/20/2025 - 19:52:19: [mapchooser.amxx] Vote: Voting for the nextmap finished. The nextmap will be aim_headshot2
L 08/20/2025 - 19:54:22: -------- Mapchange to aim_headshot2 --------
L 08/20/2025 - 19:54:22: [csdm_spawn_preset.amxx] No spawn points file found (addons/amxmodx/configs\csdm\aim_headshot2.spawns.cfg)
L 08/20/2025 - 19:54:22: [csdm_main.amxx] CSDM spawn mode set to preset
L 08/20/2025 - 20:02:23: [mapchooser.amxx] Vote: Voting for the nextmap started
L 08/20/2025 - 20:02:38: [mapchooser.amxx] Vote: Voting for the nextmap finished. The nextmap will be fy_snow
L 08/20/2025 - 20:04:41: -------- Mapchange to fy_snow --------
L 08/20/2025 - 20:04:41: [csdm_spawn_preset.amxx] No spawn points file found (addons/amxmodx/configs\csdm\fy_snow.spawns.cfg)
L 08/20/2025 - 20:04:41: [csdm_main.amxx] CSDM spawn mode set to preset
L 08/20/2025 - 20:12:41: [mapchooser.amxx] Vote: Voting for the nextmap started
L 08/20/2025 - 20:12:56: [mapchooser.amxx] Vote: Voting for the nextmap finished. The nextmap will be aim_map_2010
L 08/20/2025 - 20:14:59: -------- Mapchange to aim_map_2010 --------
L 08/20/2025 - 20:14:59: [csdm_spawn_preset.amxx] No spawn points file found (addons/amxmodx/configs\csdm\aim_map_2010.spawns.cfg)
L 08/20/2025 - 20:14:59: [csdm_main.amxx] CSDM spawn mode set to preset
L 08/20/2025 - 20:22:59: [mapchooser.amxx] Vote: Voting for the nextmap started
L 08/20/2025 - 20:23:14: [mapchooser.amxx] Vote: Voting for the nextmap finished. The nextmap will be gg_winterhold
L 08/20/2025 - 20:25:17: -------- Mapchange to gg_winterhold --------
L 08/20/2025 - 20:25:17: [csdm_spawn_preset.amxx] No spawn points file found (addons/amxmodx/configs\csdm\gg_winterhold.spawns.cfg)
L 08/20/2025 - 20:25:17: [csdm_main.amxx] CSDM spawn mode set to preset
L 08/20/2025 - 20:33:17: [mapchooser.amxx] Vote: Voting for the nextmap started
L 08/20/2025 - 20:33:32: [mapchooser.amxx] Vote: Voting for the nextmap finished. The nextmap will be aim_1on1map
L 08/20/2025 - 20:35:35: -------- Mapchange to aim_1on1map --------
L 08/20/2025 - 20:35:35: [csdm_spawn_preset.amxx] No spawn points file found (addons/amxmodx/configs\csdm\aim_1on1map.spawns.cfg)
L 08/20/2025 - 20:35:35: [csdm_main.amxx] CSDM spawn mode set to preset
L 08/20/2025 - 20:43:35: [mapchooser.amxx] Vote: Voting for the nextmap started
L 08/20/2025 - 20:43:50: [mapchooser.amxx] Vote: Voting for the nextmap finished. The nextmap will be fy_nuketown
L 08/20/2025 - 20:45:53: -------- Mapchange to fy_nuketown --------
L 08/20/2025 - 20:45:53: [csdm_spawn_preset.amxx] No spawn points file found (addons/amxmodx/configs\csdm\fy_nuketown.spawns.cfg)
L 08/20/2025 - 20:45:53: [csdm_main.amxx] CSDM spawn mode set to preset
L 08/20/2025 - 20:53:53: [mapchooser.amxx] Vote: Voting for the nextmap started
L 08/20/2025 - 20:54:08: [mapchooser.amxx] Vote: Voting for the nextmap finished. The nextmap will be gg_ak-colt_palm_beach
L 08/20/2025 - 20:56:11: -------- Mapchange to gg_ak-colt_palm_beach --------
L 08/20/2025 - 20:56:11: [csdm_spawn_preset.amxx] No spawn points file found (addons/amxmodx/configs\csdm\gg_ak-colt_palm_beach.spawns.cfg)
L 08/20/2025 - 20:56:11: [csdm_main.amxx] CSDM spawn mode set to preset
L 08/20/2025 - 21:04:11: [mapchooser.amxx] Vote: Voting for the nextmap started
L 08/20/2025 - 21:04:26: [mapchooser.amxx] Vote: Voting for the nextmap finished. The nextmap will be gg_minecraftempire
L 08/20/2025 - 21:06:29: -------- Mapchange to gg_minecraftempire --------
L 08/20/2025 - 21:06:29: [csdm_spawn_preset.amxx] No spawn points file found (addons/amxmodx/configs\csdm\gg_minecraftempire.spawns.cfg)
L 08/20/2025 - 21:06:29: [csdm_main.amxx] CSDM spawn mode set to preset
L 08/20/2025 - 21:14:29: [mapchooser.amxx] Vote: Voting for the nextmap started
L 08/20/2025 - 21:14:44: [mapchooser.amxx] Vote: Voting for the nextmap finished. The nextmap will be Aim_training
L 08/20/2025 - 21:16:47: -------- Mapchange to Aim_training --------
L 08/20/2025 - 21:16:47: [csdm_spawn_preset.amxx] No spawn points file found (addons/amxmodx/configs\csdm\Aim_training.spawns.cfg)
L 08/20/2025 - 21:16:47: [csdm_main.amxx] CSDM spawn mode set to preset
L 08/20/2025 - 21:24:48: [mapchooser.amxx] Vote: Voting for the nextmap started
L 08/20/2025 - 21:25:03: [mapchooser.amxx] Vote: Voting for the nextmap finished. The nextmap will be fy_simpsons
L 08/20/2025 - 21:27:06: -------- Mapchange to fy_simpsons --------
L 08/20/2025 - 21:27:06: [csdm_spawn_preset.amxx] No spawn points file found (addons/amxmodx/configs\csdm\fy_simpsons.spawns.cfg)
L 08/20/2025 - 21:27:06: [csdm_main.amxx] CSDM spawn mode set to preset
L 08/20/2025 - 21:35:06: [mapchooser.amxx] Vote: Voting for the nextmap started
L 08/20/2025 - 21:35:21: [mapchooser.amxx] Vote: Voting for the nextmap finished. The nextmap will be aim_ak_colt_duel
L 08/20/2025 - 21:37:24: -------- Mapchange to aim_ak_colt_duel --------
L 08/20/2025 - 21:37:24: [csdm_spawn_preset.amxx] No spawn points file found (addons/amxmodx/configs\csdm\aim_ak_colt_duel.spawns.cfg)
L 08/20/2025 - 21:37:24: [csdm_main.amxx] CSDM spawn mode set to preset
L 08/20/2025 - 21:45:24: [mapchooser.amxx] Vote: Voting for the nextmap started
L 08/20/2025 - 21:45:39: [mapchooser.amxx] Vote: Voting for the nextmap finished. The nextmap will be fy_pool_day
L 08/20/2025 - 21:47:42: -------- Mapchange to fy_pool_day --------
L 08/20/2025 - 21:47:42: [csdm_spawn_preset.amxx] No spawn points file found (addons/amxmodx/configs\csdm\fy_pool_day.spawns.cfg)
L 08/20/2025 - 21:47:42: [csdm_main.amxx] CSDM spawn mode set to preset
L 08/20/2025 - 21:55:42: [mapchooser.amxx] Vote: Voting for the nextmap started
L 08/20/2025 - 21:55:57: [mapchooser.amxx] Vote: Voting for the nextmap finished. The nextmap will be aim_sOt
L 08/20/2025 - 21:58:00: -------- Mapchange to aim_sOt --------
L 08/20/2025 - 21:58:00: [csdm_spawn_preset.amxx] No spawn points file found (addons/amxmodx/configs\csdm\aim_sOt.spawns.cfg)
L 08/20/2025 - 21:58:00: [csdm_main.amxx] CSDM spawn mode set to preset
L 08/20/2025 - 22:06:00: [mapchooser.amxx] Vote: Voting for the nextmap started
L 08/20/2025 - 22:06:15: [mapchooser.amxx] Vote: Voting for the nextmap finished. The nextmap will be fy_iceworld
L 08/20/2025 - 22:08:18: -------- Mapchange to fy_iceworld --------
L 08/20/2025 - 22:08:18: [csdm_spawn_preset.amxx] Loaded 11 spawn points for map fy_iceworld.
L 08/20/2025 - 22:08:18: [csdm_main.amxx] CSDM spawn mode set to preset
L 08/20/2025 - 22:16:18: [mapchooser.amxx] Vote: Voting for the nextmap started
L 08/20/2025 - 22:16:33: [mapchooser.amxx] Vote: Voting for the nextmap finished. The nextmap will be aim_DM
L 08/20/2025 - 22:18:36: -------- Mapchange to aim_DM --------
L 08/20/2025 - 22:18:36: [csdm_spawn_preset.amxx] No spawn points file found (addons/amxmodx/configs\csdm\aim_DM.spawns.cfg)
L 08/20/2025 - 22:18:36: [csdm_main.amxx] CSDM spawn mode set to preset
L 08/20/2025 - 22:26:36: [mapchooser.amxx] Vote: Voting for the nextmap started
L 08/20/2025 - 22:26:51: [mapchooser.amxx] Vote: Voting for the nextmap finished. The nextmap will be fy_mario
L 08/20/2025 - 22:28:54: -------- Mapchange to fy_mario --------
L 08/20/2025 - 22:28:54: [csdm_spawn_preset.amxx] No spawn points file found (addons/amxmodx/configs\csdm\fy_mario.spawns.cfg)
L 08/20/2025 - 22:28:54: [csdm_main.amxx] CSDM spawn mode set to preset
L 08/20/2025 - 22:36:54: [mapchooser.amxx] Vote: Voting for the nextmap started
L 08/20/2025 - 22:37:09: [mapchooser.amxx] Vote: Voting for the nextmap finished. The nextmap will be aim_dust2
L 08/20/2025 - 22:39:12: -------- Mapchange to aim_dust2 --------
L 08/20/2025 - 22:39:12: [csdm_spawn_preset.amxx] No spawn points file found (addons/amxmodx/configs\csdm\aim_dust2.spawns.cfg)
L 08/20/2025 - 22:39:12: [csdm_main.amxx] CSDM spawn mode set to preset
L 08/20/2025 - 22:47:12: [mapchooser.amxx] Vote: Voting for the nextmap started
L 08/20/2025 - 22:47:27: [mapchooser.amxx] Vote: Voting for the nextmap finished. The nextmap will be fy_mrvideo
L 08/20/2025 - 22:49:30: -------- Mapchange to fy_mrvideo --------
L 08/20/2025 - 22:49:30: [csdm_spawn_preset.amxx] No spawn points file found (addons/amxmodx/configs\csdm\fy_mrvideo.spawns.cfg)
L 08/20/2025 - 22:49:30: [csdm_main.amxx] CSDM spawn mode set to preset
L 08/20/2025 - 22:57:30: [mapchooser.amxx] Vote: Voting for the nextmap started
L 08/20/2025 - 22:57:46: [mapchooser.amxx] Vote: Voting for the nextmap finished. The nextmap will be aim_headshot2
L 08/20/2025 - 22:59:49: -------- Mapchange to aim_headshot2 --------
L 08/20/2025 - 22:59:49: [csdm_spawn_preset.amxx] No spawn points file found (addons/amxmodx/configs\csdm\aim_headshot2.spawns.cfg)
L 08/20/2025 - 22:59:49: [csdm_main.amxx] CSDM spawn mode set to preset
L 08/20/2025 - 23:07:49: [mapchooser.amxx] Vote: Voting for the nextmap started
L 08/20/2025 - 23:08:04: [mapchooser.amxx] Vote: Voting for the nextmap finished. The nextmap will be fy_snow
L 08/20/2025 - 23:10:07: -------- Mapchange to fy_snow --------
L 08/20/2025 - 23:10:07: [csdm_spawn_preset.amxx] No spawn points file found (addons/amxmodx/configs\csdm\fy_snow.spawns.cfg)
L 08/20/2025 - 23:10:07: [csdm_main.amxx] CSDM spawn mode set to preset
L 08/20/2025 - 23:18:07: [mapchooser.amxx] Vote: Voting for the nextmap started
L 08/20/2025 - 23:18:22: [mapchooser.amxx] Vote: Voting for the nextmap finished. The nextmap will be aim_map_2010
L 08/20/2025 - 23:20:25: -------- Mapchange to aim_map_2010 --------
L 08/20/2025 - 23:20:25: [csdm_spawn_preset.amxx] No spawn points file found (addons/amxmodx/configs\csdm\aim_map_2010.spawns.cfg)
L 08/20/2025 - 23:20:25: [csdm_main.amxx] CSDM spawn mode set to preset
L 08/20/2025 - 23:28:25: [mapchooser.amxx] Vote: Voting for the nextmap started
L 08/20/2025 - 23:28:40: [mapchooser.amxx] Vote: Voting for the nextmap finished. The nextmap will be gg_winterhold
L 08/20/2025 - 23:30:43: -------- Mapchange to gg_winterhold --------
L 08/20/2025 - 23:30:43: [csdm_spawn_preset.amxx] No spawn points file found (addons/amxmodx/configs\csdm\gg_winterhold.spawns.cfg)
L 08/20/2025 - 23:30:43: [csdm_main.amxx] CSDM spawn mode set to preset
L 08/20/2025 - 23:38:43: [mapchooser.amxx] Vote: Voting for the nextmap started
L 08/20/2025 - 23:38:58: [mapchooser.amxx] Vote: Voting for the nextmap finished. The nextmap will be aim_1on1map
L 08/20/2025 - 23:41:01: -------- Mapchange to aim_1on1map --------
L 08/20/2025 - 23:41:01: [csdm_spawn_preset.amxx] No spawn points file found (addons/amxmodx/configs\csdm\aim_1on1map.spawns.cfg)
L 08/20/2025 - 23:41:01: [csdm_main.amxx] CSDM spawn mode set to preset
L 08/20/2025 - 23:49:01: [mapchooser.amxx] Vote: Voting for the nextmap started
L 08/20/2025 - 23:49:16: [mapchooser.amxx] Vote: Voting for the nextmap finished. The nextmap will be fy_nuketown
L 08/20/2025 - 23:51:19: -------- Mapchange to fy_nuketown --------
L 08/20/2025 - 23:51:19: [csdm_spawn_preset.amxx] No spawn points file found (addons/amxmodx/configs\csdm\fy_nuketown.spawns.cfg)
L 08/20/2025 - 23:51:19: [csdm_main.amxx] CSDM spawn mode set to preset
L 08/20/2025 - 23:59:19: [mapchooser.amxx] Vote: Voting for the nextmap started
L 08/20/2025 - 23:59:34: [mapchooser.amxx] Vote: Voting for the nextmap finished. The nextmap will be gg_ak-colt_palm_beach
