L 08/22/2025 - 06:59:27: [CSTRIKE] svs global variable is not available
L 08/22/2025 - 06:59:27: [CSTRIKE] sv global variable is not available
L 08/22/2025 - 06:59:27: client_disconnected and client_remove forwards have been disabled - check your gamedata files.
L 08/22/2025 - 06:59:27: Binding/Hooking cvars have been disabled - check your gamedata files.
L 08/22/2025 - 06:59:27: -------- Mapchange to aim_map_2010 --------
L 08/22/2025 - 06:59:30: [csdm_spawn_preset.amxx] No spawn points file found (addons/amxmodx/configs\csdm\aim_map_2010.spawns.cfg)
L 08/22/2025 - 06:59:30: [csdm_main.amxx] CSDM spawn mode set to preset
L 08/22/2025 - 06:59:30: Invalid multi-lingual line (file "cstrike/addons/amxmodx/data/lang/gungame.txt" key "// For GunGame 2.13 - last updated 10:58 PM 1/2/2013" lang "")
L 08/22/2025 - 06:59:36: [CSTRIKE] Postponing of model update disabled, check your gamedata files
L 08/22/2025 - 06:59:36: [CSTRIKE] Postponing of model update disabled, check your gamedata files
L 08/22/2025 - 08:26:17: [CSTRIKE] svs global variable is not available
L 08/22/2025 - 08:26:17: [CSTRIKE] sv global variable is not available
L 08/22/2025 - 08:26:17: client_disconnected and client_remove forwards have been disabled - check your gamedata files.
L 08/22/2025 - 08:26:17: Binding/Hooking cvars have been disabled - check your gamedata files.
L 08/22/2025 - 08:26:17: -------- Mapchange to aim_map_2010 --------
L 08/22/2025 - 08:26:17: [csdm_spawn_preset.amxx] No spawn points file found (addons/amxmodx/configs\csdm\aim_map_2010.spawns.cfg)
L 08/22/2025 - 08:26:17: [csdm_main.amxx] CSDM spawn mode set to preset
L 08/22/2025 - 08:26:17: Invalid multi-lingual line (file "cstrike/addons/amxmodx/data/lang/gungame.txt" key "// For GunGame 2.13 - last updated 10:58 PM 1/2/2013" lang "")
L 08/22/2025 - 08:26:23: [CSTRIKE] Postponing of model update disabled, check your gamedata files
L 08/22/2025 - 08:26:23: [CSTRIKE] Postponing of model update disabled, check your gamedata files
L 08/22/2025 - 08:31:07: [CSTRIKE] svs global variable is not available
L 08/22/2025 - 08:31:07: [CSTRIKE] sv global variable is not available
L 08/22/2025 - 08:31:07: client_disconnected and client_remove forwards have been disabled - check your gamedata files.
L 08/22/2025 - 08:31:07: Binding/Hooking cvars have been disabled - check your gamedata files.
L 08/22/2025 - 13:21:48: [CSTRIKE] svs global variable is not available
L 08/22/2025 - 13:21:48: [CSTRIKE] sv global variable is not available
L 08/22/2025 - 13:21:48: client_disconnected and client_remove forwards have been disabled - check your gamedata files.
L 08/22/2025 - 13:21:48: Binding/Hooking cvars have been disabled - check your gamedata files.
L 08/22/2025 - 13:22:39: [CSTRIKE] svs global variable is not available
L 08/22/2025 - 13:22:39: [CSTRIKE] sv global variable is not available
L 08/22/2025 - 13:22:39: client_disconnected and client_remove forwards have been disabled - check your gamedata files.
L 08/22/2025 - 13:22:39: Binding/Hooking cvars have been disabled - check your gamedata files.
L 08/22/2025 - 13:22:39: -------- Mapchange to aim_map_2010 --------
L 08/22/2025 - 13:22:40: [csdm_spawn_preset.amxx] No spawn points file found (addons/amxmodx/configs\csdm\aim_map_2010.spawns.cfg)
L 08/22/2025 - 13:22:40: [csdm_main.amxx] CSDM spawn mode set to preset
L 08/22/2025 - 13:22:40: Invalid multi-lingual line (file "cstrike/addons/amxmodx/data/lang/gungame.txt" key "// For GunGame 2.13 - last updated 10:58 PM 1/2/2013" lang "")
L 08/22/2025 - 13:22:46: [CSTRIKE] Postponing of model update disabled, check your gamedata files
L 08/22/2025 - 13:22:46: [CSTRIKE] Postponing of model update disabled, check your gamedata files
L 08/22/2025 - 13:23:10: [admin.amxx] Login: "Johannes<11><ID_7dea362b3fac8e00956a4952a3d4><>" became an admin (account "Johannes") (access "abcdefghijklmnopqrstuv") (address "0.31.24.249")
L 08/22/2025 - 13:23:43: -------- Mapchange to aim_map_2010 --------
L 08/22/2025 - 13:23:43: [csdm_spawn_preset.amxx] No spawn points file found (addons/amxmodx/configs\csdm\aim_map_2010.spawns.cfg)
L 08/22/2025 - 13:23:43: [csdm_main.amxx] CSDM spawn mode set to preset
L 08/22/2025 - 13:23:43: [admin.amxx] Login: "Johannes<12><ID_7dea362b3fac8e00956a4952a3d4><>" became an admin (account "Johannes") (access "abcdefghijklmnopqrstuv") (address "0.31.24.249")
L 08/22/2025 - 13:23:48: [CSTRIKE] Postponing of model update disabled, check your gamedata files
L 08/22/2025 - 13:23:48: [CSTRIKE] Postponing of model update disabled, check your gamedata files
L 08/22/2025 - 13:30:39: [gungame.amxx] Starting a map vote from Nextmap Chooser
L 08/22/2025 - 13:30:39: [mapchooser.amxx] Vote: Voting for the nextmap started
L 08/22/2025 - 13:30:54: [mapchooser.amxx] Vote: Voting for the nextmap finished. The nextmap will be fy_nuketown
L 08/22/2025 - 13:31:50: -------- Mapchange to fy_nuketown --------
L 08/22/2025 - 13:31:50: [csdm_spawn_preset.amxx] No spawn points file found (addons/amxmodx/configs\csdm\fy_nuketown.spawns.cfg)
L 08/22/2025 - 13:31:50: [csdm_main.amxx] CSDM spawn mode set to preset
L 08/22/2025 - 13:31:54: [admin.amxx] Login: "Johannes<22><ID_7dea362b3fac8e00956a4952a3d4><>" became an admin (account "Johannes") (access "abcdefghijklmnopqrstuv") (address "0.31.24.249")
L 08/22/2025 - 13:31:55: [CSTRIKE] Postponing of model update disabled, check your gamedata files
L 08/22/2025 - 13:31:55: [CSTRIKE] Postponing of model update disabled, check your gamedata files
L 08/22/2025 - 13:45:58: [gungame.amxx] Starting a map vote from Nextmap Chooser
L 08/22/2025 - 13:45:58: [mapchooser.amxx] Vote: Voting for the nextmap started
L 08/22/2025 - 13:46:13: [mapchooser.amxx] Vote: Voting for the nextmap finished. The nextmap will be fy_pool_day
L 08/22/2025 - 13:47:03: -------- Mapchange to fy_pool_day --------
L 08/22/2025 - 13:47:04: [csdm_spawn_preset.amxx] No spawn points file found (addons/amxmodx/configs\csdm\fy_pool_day.spawns.cfg)
L 08/22/2025 - 13:47:04: [csdm_main.amxx] CSDM spawn mode set to preset
L 08/22/2025 - 13:47:09: [CSTRIKE] Postponing of model update disabled, check your gamedata files
L 08/22/2025 - 13:47:09: [CSTRIKE] Postponing of model update disabled, check your gamedata files
L 08/22/2025 - 13:51:48: [CSTRIKE] svs global variable is not available
L 08/22/2025 - 13:51:48: [CSTRIKE] sv global variable is not available
L 08/22/2025 - 13:51:48: client_disconnected and client_remove forwards have been disabled - check your gamedata files.
L 08/22/2025 - 13:51:48: Binding/Hooking cvars have been disabled - check your gamedata files.
L 08/22/2025 - 13:51:48: -------- Mapchange to aim_map_2010 --------
L 08/22/2025 - 13:51:48: [csdm_spawn_preset.amxx] No spawn points file found (addons/amxmodx/configs\csdm\aim_map_2010.spawns.cfg)
L 08/22/2025 - 13:51:48: [csdm_main.amxx] CSDM spawn mode set to preset
L 08/22/2025 - 13:51:48: Invalid multi-lingual line (file "cstrike/addons/amxmodx/data/lang/gungame.txt" key "// For GunGame 2.13 - last updated 10:58 PM 1/2/2013" lang "")
L 08/22/2025 - 13:51:54: [CSTRIKE] Postponing of model update disabled, check your gamedata files
L 08/22/2025 - 13:51:54: [CSTRIKE] Postponing of model update disabled, check your gamedata files
L 08/22/2025 - 13:52:10: [admin.amxx] Login: "Johannes<9><ID_7dea362b3fac8e00956a4952a3d4><>" became an admin (account "Johannes") (access "abcdefghijklmnopqrstuv") (address "0.115.75.100")
L 08/22/2025 - 13:56:00: [CSTRIKE] svs global variable is not available
L 08/22/2025 - 13:56:00: [CSTRIKE] sv global variable is not available
L 08/22/2025 - 13:56:00: client_disconnected and client_remove forwards have been disabled - check your gamedata files.
L 08/22/2025 - 13:56:00: Binding/Hooking cvars have been disabled - check your gamedata files.
L 08/22/2025 - 13:56:00: -------- Mapchange to aim_map_2010 --------
L 08/22/2025 - 13:56:00: [csdm_spawn_preset.amxx] No spawn points file found (addons/amxmodx/configs\csdm\aim_map_2010.spawns.cfg)
L 08/22/2025 - 13:56:00: [csdm_main.amxx] CSDM spawn mode set to preset
L 08/22/2025 - 13:56:00: Invalid multi-lingual line (file "cstrike/addons/amxmodx/data/lang/gungame.txt" key "// For GunGame 2.13 - last updated 10:58 PM 1/2/2013" lang "")
L 08/22/2025 - 13:56:05: [CSTRIKE] Postponing of model update disabled, check your gamedata files
L 08/22/2025 - 13:56:05: [CSTRIKE] Postponing of model update disabled, check your gamedata files
L 08/22/2025 - 14:04:00: [mapchooser.amxx] Vote: Voting for the nextmap started
L 08/22/2025 - 14:04:15: [mapchooser.amxx] Vote: Voting for the nextmap finished. The nextmap will be fy_simpsons
L 08/22/2025 - 14:06:16: -------- Mapchange to fy_simpsons --------
L 08/22/2025 - 14:06:16: [csdm_spawn_preset.amxx] No spawn points file found (addons/amxmodx/configs\csdm\fy_simpsons.spawns.cfg)
L 08/22/2025 - 14:06:16: [csdm_main.amxx] CSDM spawn mode set to preset
L 08/22/2025 - 14:14:16: [mapchooser.amxx] Vote: Voting for the nextmap started
L 08/22/2025 - 14:14:31: [mapchooser.amxx] Vote: Voting for the nextmap finished. The nextmap will be aim_ak_colt_duel
L 08/22/2025 - 14:16:33: -------- Mapchange to aim_ak_colt_duel --------
L 08/22/2025 - 14:16:33: [csdm_spawn_preset.amxx] No spawn points file found (addons/amxmodx/configs\csdm\aim_ak_colt_duel.spawns.cfg)
L 08/22/2025 - 14:16:33: [csdm_main.amxx] CSDM spawn mode set to preset
L 08/22/2025 - 14:24:33: [mapchooser.amxx] Vote: Voting for the nextmap started
L 08/22/2025 - 14:24:48: [mapchooser.amxx] Vote: Voting for the nextmap finished. The nextmap will be fy_pool_day
L 08/22/2025 - 14:26:49: -------- Mapchange to fy_pool_day --------
L 08/22/2025 - 14:26:49: [csdm_spawn_preset.amxx] No spawn points file found (addons/amxmodx/configs\csdm\fy_pool_day.spawns.cfg)
L 08/22/2025 - 14:26:49: [csdm_main.amxx] CSDM spawn mode set to preset
L 08/22/2025 - 14:34:49: [mapchooser.amxx] Vote: Voting for the nextmap started
L 08/22/2025 - 14:35:04: [mapchooser.amxx] Vote: Voting for the nextmap finished. The nextmap will be aim_sOt
L 08/22/2025 - 14:37:06: -------- Mapchange to aim_sOt --------
L 08/22/2025 - 14:37:06: [csdm_spawn_preset.amxx] No spawn points file found (addons/amxmodx/configs\csdm\aim_sOt.spawns.cfg)
L 08/22/2025 - 14:37:06: [csdm_main.amxx] CSDM spawn mode set to preset
L 08/22/2025 - 14:45:06: [mapchooser.amxx] Vote: Voting for the nextmap started
L 08/22/2025 - 14:45:21: [mapchooser.amxx] Vote: Voting for the nextmap finished. The nextmap will be fy_iceworld
L 08/22/2025 - 14:47:23: -------- Mapchange to fy_iceworld --------
L 08/22/2025 - 14:47:23: [csdm_spawn_preset.amxx] Loaded 11 spawn points for map fy_iceworld.
L 08/22/2025 - 14:47:23: [csdm_main.amxx] CSDM spawn mode set to preset
L 08/22/2025 - 14:55:23: [mapchooser.amxx] Vote: Voting for the nextmap started
L 08/22/2025 - 14:55:38: [mapchooser.amxx] Vote: Voting for the nextmap finished. The nextmap will be aim_DM
L 08/22/2025 - 14:57:39: -------- Mapchange to aim_DM --------
L 08/22/2025 - 14:57:39: [csdm_spawn_preset.amxx] No spawn points file found (addons/amxmodx/configs\csdm\aim_DM.spawns.cfg)
L 08/22/2025 - 14:57:39: [csdm_main.amxx] CSDM spawn mode set to preset
L 08/22/2025 - 15:05:39: [mapchooser.amxx] Vote: Voting for the nextmap started
L 08/22/2025 - 15:05:54: [mapchooser.amxx] Vote: Voting for the nextmap finished. The nextmap will be fy_mario
L 08/22/2025 - 15:07:56: -------- Mapchange to fy_mario --------
L 08/22/2025 - 15:07:56: [csdm_spawn_preset.amxx] No spawn points file found (addons/amxmodx/configs\csdm\fy_mario.spawns.cfg)
L 08/22/2025 - 15:07:56: [csdm_main.amxx] CSDM spawn mode set to preset
L 08/22/2025 - 15:15:56: [mapchooser.amxx] Vote: Voting for the nextmap started
L 08/22/2025 - 15:16:11: [mapchooser.amxx] Vote: Voting for the nextmap finished. The nextmap will be aim_dust2
L 08/22/2025 - 15:18:12: -------- Mapchange to aim_dust2 --------
L 08/22/2025 - 15:18:12: [csdm_spawn_preset.amxx] No spawn points file found (addons/amxmodx/configs\csdm\aim_dust2.spawns.cfg)
L 08/22/2025 - 15:18:12: [csdm_main.amxx] CSDM spawn mode set to preset
L 08/22/2025 - 15:22:13: [admin.amxx] Login: "Johannes<57><ID_7dea362b3fac8e00956a4952a3d4><>" became an admin (account "Johannes") (access "abcdefghijklmnopqrstuv") (address "0.19.52.240")
L 08/22/2025 - 15:24:29: [admin.amxx] Login: "Johannes<58><ID_7dea362b3fac8e00956a4952a3d4><>" became an admin (account "Johannes") (access "abcdefghijklmnopqrstuv") (address "0.219.92.82")
L 08/22/2025 - 15:25:16: -------- Mapchange to aim_dust2 --------
L 08/22/2025 - 15:25:16: [csdm_spawn_preset.amxx] No spawn points file found (addons/amxmodx/configs\csdm\aim_dust2.spawns.cfg)
L 08/22/2025 - 15:25:16: [csdm_main.amxx] CSDM spawn mode set to preset
L 08/22/2025 - 15:25:16: [admin.amxx] Login: "Johannes<59><ID_7dea362b3fac8e00956a4952a3d4><>" became an admin (account "Johannes") (access "abcdefghijklmnopqrstuv") (address "0.219.92.82")
L 08/22/2025 - 15:25:25: [CSTRIKE] Postponing of model update disabled, check your gamedata files
L 08/22/2025 - 15:25:25: [CSTRIKE] Postponing of model update disabled, check your gamedata files
L 08/22/2025 - 15:32:20: [mapsmenu.amxx] Cmd: "Johannes<59><ID_7dea362b3fac8e00956a4952a3d4><>" changelevel "fy_simpsons"
L 08/22/2025 - 15:32:22: -------- Mapchange to fy_simpsons --------
L 08/22/2025 - 15:32:22: [csdm_spawn_preset.amxx] No spawn points file found (addons/amxmodx/configs\csdm\fy_simpsons.spawns.cfg)
L 08/22/2025 - 15:32:22: [csdm_main.amxx] CSDM spawn mode set to preset
L 08/22/2025 - 15:32:22: [admin.amxx] Login: "Johannes<67><ID_7dea362b3fac8e00956a4952a3d4><>" became an admin (account "Johannes") (access "abcdefghijklmnopqrstuv") (address "0.219.92.82")
L 08/22/2025 - 15:32:37: [CSTRIKE] Postponing of model update disabled, check your gamedata files
L 08/22/2025 - 15:32:37: [CSTRIKE] Postponing of model update disabled, check your gamedata files
L 08/22/2025 - 15:32:53: -------- Mapchange to fy_simpsons --------
L 08/22/2025 - 15:32:53: [csdm_spawn_preset.amxx] No spawn points file found (addons/amxmodx/configs\csdm\fy_simpsons.spawns.cfg)
L 08/22/2025 - 15:32:53: [csdm_main.amxx] CSDM spawn mode set to preset
L 08/22/2025 - 15:32:53: [admin.amxx] Login: "Johannes<76><ID_7dea362b3fac8e00956a4952a3d4><>" became an admin (account "Johannes") (access "abcdefghijklmnopqrstuv") (address "0.219.92.82")
L 08/22/2025 - 15:33:01: [CSTRIKE] Postponing of model update disabled, check your gamedata files
L 08/22/2025 - 15:33:01: [CSTRIKE] Postponing of model update disabled, check your gamedata files
L 08/22/2025 - 15:49:06: [gungame.amxx] Starting a map vote from Nextmap Chooser
L 08/22/2025 - 15:49:06: [mapchooser.amxx] Vote: Voting for the nextmap started
L 08/22/2025 - 15:49:21: [mapchooser.amxx] Vote: Voting for the nextmap finished. The nextmap will be fy_mario
L 08/22/2025 - 15:51:19: -------- Mapchange to fy_mario --------
L 08/22/2025 - 15:51:19: [csdm_spawn_preset.amxx] No spawn points file found (addons/amxmodx/configs\csdm\fy_mario.spawns.cfg)
L 08/22/2025 - 15:51:19: [csdm_main.amxx] CSDM spawn mode set to preset
L 08/22/2025 - 15:51:19: [admin.amxx] Login: "Johannes<84><ID_7dea362b3fac8e00956a4952a3d4><>" became an admin (account "Johannes") (access "abcdefghijklmnopqrstuv") (address "0.219.92.82")
L 08/22/2025 - 15:51:53: [CSTRIKE] Postponing of model update disabled, check your gamedata files
L 08/22/2025 - 15:51:58: [CSTRIKE] Postponing of model update disabled, check your gamedata files
L 08/22/2025 - 15:52:03: -------- Mapchange to fy_mario --------
L 08/22/2025 - 15:52:03: [csdm_spawn_preset.amxx] No spawn points file found (addons/amxmodx/configs\csdm\fy_mario.spawns.cfg)
L 08/22/2025 - 15:52:03: [csdm_main.amxx] CSDM spawn mode set to preset
L 08/22/2025 - 15:52:03: [admin.amxx] Login: "Johannes<92><ID_7dea362b3fac8e00956a4952a3d4><>" became an admin (account "Johannes") (access "abcdefghijklmnopqrstuv") (address "0.219.92.82")
L 08/22/2025 - 15:52:11: [CSTRIKE] Postponing of model update disabled, check your gamedata files
L 08/22/2025 - 15:52:16: [CSTRIKE] Postponing of model update disabled, check your gamedata files
L 08/22/2025 - 15:53:01: [plmenu.amxx] Cmd: "Johannes<92><ID_7dea362b3fac8e00956a4952a3d4><>" slap with 0 damage "Johannes<92><ID_7dea362b3fac8e00956a4952a3d4><>"
L 08/22/2025 - 15:53:02: [plmenu.amxx] Cmd: "Johannes<92><ID_7dea362b3fac8e00956a4952a3d4><>" slap with 0 damage "Johannes<92><ID_7dea362b3fac8e00956a4952a3d4><>"
L 08/22/2025 - 15:53:03: [plmenu.amxx] Cmd: "Johannes<92><ID_7dea362b3fac8e00956a4952a3d4><>" slap with 0 damage "Johannes<92><ID_7dea362b3fac8e00956a4952a3d4><>"
L 08/22/2025 - 15:53:05: [plmenu.amxx] Cmd: "Johannes<92><ID_7dea362b3fac8e00956a4952a3d4><>" slap with 0 damage "Johannes<92><ID_7dea362b3fac8e00956a4952a3d4><>"
L 08/22/2025 - 15:53:05: [plmenu.amxx] Cmd: "Johannes<92><ID_7dea362b3fac8e00956a4952a3d4><>" slap with 0 damage "Johannes<92><ID_7dea362b3fac8e00956a4952a3d4><>"
L 08/22/2025 - 15:53:06: [plmenu.amxx] Cmd: "Johannes<92><ID_7dea362b3fac8e00956a4952a3d4><>" slap with 0 damage "Johannes<92><ID_7dea362b3fac8e00956a4952a3d4><>"
L 08/22/2025 - 15:53:06: [plmenu.amxx] Cmd: "Johannes<92><ID_7dea362b3fac8e00956a4952a3d4><>" slap with 0 damage "Johannes<92><ID_7dea362b3fac8e00956a4952a3d4><>"
L 08/22/2025 - 15:53:06: [plmenu.amxx] Cmd: "Johannes<92><ID_7dea362b3fac8e00956a4952a3d4><>" slap with 0 damage "Johannes<92><ID_7dea362b3fac8e00956a4952a3d4><>"
L 08/22/2025 - 15:53:06: [plmenu.amxx] Cmd: "Johannes<92><ID_7dea362b3fac8e00956a4952a3d4><>" slap with 0 damage "Johannes<92><ID_7dea362b3fac8e00956a4952a3d4><>"
L 08/22/2025 - 15:53:07: [plmenu.amxx] Cmd: "Johannes<92><ID_7dea362b3fac8e00956a4952a3d4><>" slap with 0 damage "Johannes<92><ID_7dea362b3fac8e00956a4952a3d4><>"
L 08/22/2025 - 15:53:07: [plmenu.amxx] Cmd: "Johannes<92><ID_7dea362b3fac8e00956a4952a3d4><>" slap with 0 damage "Johannes<92><ID_7dea362b3fac8e00956a4952a3d4><>"
L 08/22/2025 - 15:53:07: [plmenu.amxx] Cmd: "Johannes<92><ID_7dea362b3fac8e00956a4952a3d4><>" slap with 0 damage "Johannes<92><ID_7dea362b3fac8e00956a4952a3d4><>"
L 08/22/2025 - 15:53:07: [plmenu.amxx] Cmd: "Johannes<92><ID_7dea362b3fac8e00956a4952a3d4><>" slap with 0 damage "Johannes<92><ID_7dea362b3fac8e00956a4952a3d4><>"
L 08/22/2025 - 15:53:07: [plmenu.amxx] Cmd: "Johannes<92><ID_7dea362b3fac8e00956a4952a3d4><>" slap with 0 damage "Johannes<92><ID_7dea362b3fac8e00956a4952a3d4><>"
L 08/22/2025 - 15:53:08: [plmenu.amxx] Cmd: "Johannes<92><ID_7dea362b3fac8e00956a4952a3d4><>" slap with 0 damage "Johannes<92><ID_7dea362b3fac8e00956a4952a3d4><>"
L 08/22/2025 - 15:53:08: [plmenu.amxx] Cmd: "Johannes<92><ID_7dea362b3fac8e00956a4952a3d4><>" slap with 0 damage "Johannes<92><ID_7dea362b3fac8e00956a4952a3d4><>"
L 08/22/2025 - 15:53:08: [plmenu.amxx] Cmd: "Johannes<92><ID_7dea362b3fac8e00956a4952a3d4><>" slap with 0 damage "Johannes<92><ID_7dea362b3fac8e00956a4952a3d4><>"
L 08/22/2025 - 15:53:08: [plmenu.amxx] Cmd: "Johannes<92><ID_7dea362b3fac8e00956a4952a3d4><>" slap with 0 damage "Johannes<92><ID_7dea362b3fac8e00956a4952a3d4><>"
L 08/22/2025 - 15:53:24: -------- Mapchange to fy_mario --------
L 08/22/2025 - 15:53:24: [csdm_spawn_preset.amxx] No spawn points file found (addons/amxmodx/configs\csdm\fy_mario.spawns.cfg)
L 08/22/2025 - 15:53:24: [csdm_main.amxx] CSDM spawn mode set to preset
L 08/22/2025 - 15:53:24: [admin.amxx] Login: "Johannes<100><ID_7dea362b3fac8e00956a4952a3d4><>" became an admin (account "Johannes") (access "abcdefghijklmnopqrstuv") (address "0.219.92.82")
L 08/22/2025 - 15:53:38: [CSTRIKE] Postponing of model update disabled, check your gamedata files
L 08/22/2025 - 15:53:42: -------- Mapchange to fy_mario --------
L 08/22/2025 - 15:53:42: [csdm_spawn_preset.amxx] No spawn points file found (addons/amxmodx/configs\csdm\fy_mario.spawns.cfg)
L 08/22/2025 - 15:53:42: [csdm_main.amxx] CSDM spawn mode set to preset
L 08/22/2025 - 15:53:42: [admin.amxx] Login: "Johannes<103><ID_7dea362b3fac8e00956a4952a3d4><>" became an admin (account "Johannes") (access "abcdefghijklmnopqrstuv") (address "0.219.92.82")
L 08/22/2025 - 16:05:17: [CSTRIKE] Postponing of model update disabled, check your gamedata files
L 08/22/2025 - 16:17:51: [CSTRIKE] svs global variable is not available
L 08/22/2025 - 16:17:51: [CSTRIKE] sv global variable is not available
L 08/22/2025 - 16:17:51: client_disconnected and client_remove forwards have been disabled - check your gamedata files.
L 08/22/2025 - 16:17:51: Binding/Hooking cvars have been disabled - check your gamedata files.
L 08/22/2025 - 16:17:51: -------- Mapchange to aim_map_2010 --------
L 08/22/2025 - 16:17:51: [csdm_spawn_preset.amxx] No spawn points file found (addons/amxmodx/configs\csdm\aim_map_2010.spawns.cfg)
L 08/22/2025 - 16:17:51: [csdm_main.amxx] CSDM spawn mode set to preset
L 08/22/2025 - 16:17:51: Invalid multi-lingual line (file "cstrike/addons/amxmodx/data/lang/gungame.txt" key "// For GunGame 2.13 - last updated 10:58 PM 1/2/2013" lang "")
L 08/22/2025 - 16:17:57: [CSTRIKE] Postponing of model update disabled, check your gamedata files
L 08/22/2025 - 16:17:57: [CSTRIKE] Postponing of model update disabled, check your gamedata files
L 08/22/2025 - 16:19:57: [admin.amxx] Login: "Johannes<9><ID_7dea362b3fac8e00956a4952a3d4><>" became an admin (account "Johannes") (access "abcdefghijklmnopqrstuv") (address "0.52.141.248")
L 08/22/2025 - 16:22:14: [admin.amxx] Login: "Johannes<10><ID_7dea362b3fac8e00956a4952a3d4><>" became an admin (account "Johannes") (access "abcdefghijklmnopqrstuv") (address "0.73.187.138")
L 08/22/2025 - 16:25:54: [admin.amxx] Login: "Johannes<11><ID_7dea362b3fac8e00956a4952a3d4><>" became an admin (account "Johannes") (access "abcdefghijklmnopqrstuv") (address "0.74.220.29")
L 08/22/2025 - 16:26:36: [mapchooser.amxx] Vote: Voting for the nextmap started
L 08/22/2025 - 16:26:51: [mapchooser.amxx] Vote: Voting for the nextmap finished. The nextmap will be fy_simpsons
L 08/22/2025 - 16:28:53: -------- Mapchange to fy_simpsons --------
L 08/22/2025 - 16:28:53: [csdm_spawn_preset.amxx] No spawn points file found (addons/amxmodx/configs\csdm\fy_simpsons.spawns.cfg)
L 08/22/2025 - 16:28:53: [csdm_main.amxx] CSDM spawn mode set to preset
L 08/22/2025 - 16:28:58: [CSTRIKE] Postponing of model update disabled, check your gamedata files
L 08/22/2025 - 16:28:58: [CSTRIKE] Postponing of model update disabled, check your gamedata files
L 08/22/2025 - 16:30:08: [admin.amxx] Login: "Johannes<20><ID_7dea362b3fac8e00956a4952a3d4><>" became an admin (account "Johannes") (access "abcdefghijklmnopqrstuv") (address "0.1.212.34")
L 08/22/2025 - 16:31:01: -------- Mapchange to fy_simpsons --------
L 08/22/2025 - 16:31:01: [csdm_spawn_preset.amxx] No spawn points file found (addons/amxmodx/configs\csdm\fy_simpsons.spawns.cfg)
L 08/22/2025 - 16:31:01: [csdm_main.amxx] CSDM spawn mode set to preset
L 08/22/2025 - 16:31:01: [admin.amxx] Login: "Johannes<21><ID_7dea362b3fac8e00956a4952a3d4><>" became an admin (account "Johannes") (access "abcdefghijklmnopqrstuv") (address "0.1.212.34")
L 08/22/2025 - 16:34:59: [admin.amxx] Login: "Johannes<28><ID_7dea362b3fac8e00956a4952a3d4><>" became an admin (account "Johannes") (access "abcdefghijklmnopqrstuv") (address "0.102.191.45")
L 08/22/2025 - 16:36:39: -------- Mapchange to fy_simpsons --------
L 08/22/2025 - 16:36:39: [csdm_spawn_preset.amxx] No spawn points file found (addons/amxmodx/configs\csdm\fy_simpsons.spawns.cfg)
L 08/22/2025 - 16:36:39: [csdm_main.amxx] CSDM spawn mode set to preset
L 08/22/2025 - 16:36:40: [admin.amxx] Login: "Johannes<29><ID_7dea362b3fac8e00956a4952a3d4><>" became an admin (account "Johannes") (access "abcdefghijklmnopqrstuv") (address "0.102.191.45")
L 08/22/2025 - 16:36:45: [CSTRIKE] Postponing of model update disabled, check your gamedata files
L 08/22/2025 - 16:36:45: [CSTRIKE] Postponing of model update disabled, check your gamedata files
L 08/22/2025 - 16:36:59: -------- Mapchange to fy_simpsons --------
L 08/22/2025 - 16:36:59: [csdm_spawn_preset.amxx] No spawn points file found (addons/amxmodx/configs\csdm\fy_simpsons.spawns.cfg)
L 08/22/2025 - 16:36:59: [csdm_main.amxx] CSDM spawn mode set to preset
L 08/22/2025 - 16:36:59: [admin.amxx] Login: "Johannes<37><ID_7dea362b3fac8e00956a4952a3d4><>" became an admin (account "Johannes") (access "abcdefghijklmnopqrstuv") (address "0.102.191.45")
L 08/22/2025 - 16:37:19: [CSTRIKE] Postponing of model update disabled, check your gamedata files
L 08/22/2025 - 16:37:19: [CSTRIKE] Postponing of model update disabled, check your gamedata files
L 08/22/2025 - 16:38:19: [mapsmenu.amxx] Cmd: "Johannes<37><ID_7dea362b3fac8e00956a4952a3d4><>" changelevel "aim_ak_colt_duel"
L 08/22/2025 - 16:38:21: -------- Mapchange to aim_ak_colt_duel --------
L 08/22/2025 - 16:38:21: [csdm_spawn_preset.amxx] No spawn points file found (addons/amxmodx/configs\csdm\aim_ak_colt_duel.spawns.cfg)
L 08/22/2025 - 16:38:21: [csdm_main.amxx] CSDM spawn mode set to preset
L 08/22/2025 - 16:38:21: [admin.amxx] Login: "Johannes<49><ID_7dea362b3fac8e00956a4952a3d4><>" became an admin (account "Johannes") (access "abcdefghijklmnopqrstuv") (address "0.102.191.45")
L 08/22/2025 - 16:42:02: -------- Mapchange to aim_ak_colt_duel --------
L 08/22/2025 - 16:42:02: [csdm_spawn_preset.amxx] No spawn points file found (addons/amxmodx/configs\csdm\aim_ak_colt_duel.spawns.cfg)
L 08/22/2025 - 16:42:02: [csdm_main.amxx] CSDM spawn mode set to preset
L 08/22/2025 - 16:42:02: [admin.amxx] Login: "Johannes<59><ID_7dea362b3fac8e00956a4952a3d4><>" became an admin (account "Johannes") (access "abcdefghijklmnopqrstuv") (address "0.102.191.45")
L 08/22/2025 - 16:42:24: [CSTRIKE] Postponing of model update disabled, check your gamedata files
L 08/22/2025 - 16:42:24: [CSTRIKE] Postponing of model update disabled, check your gamedata files
L 08/22/2025 - 16:45:48: [CSTRIKE] svs global variable is not available
L 08/22/2025 - 16:45:48: [CSTRIKE] sv global variable is not available
L 08/22/2025 - 16:45:48: client_disconnected and client_remove forwards have been disabled - check your gamedata files.
L 08/22/2025 - 16:45:48: Binding/Hooking cvars have been disabled - check your gamedata files.
L 08/22/2025 - 16:45:48: -------- Mapchange to aim_map_2010 --------
L 08/22/2025 - 16:45:48: [csdm_spawn_preset.amxx] No spawn points file found (addons/amxmodx/configs\csdm\aim_map_2010.spawns.cfg)
L 08/22/2025 - 16:45:48: [csdm_main.amxx] CSDM spawn mode set to preset
L 08/22/2025 - 16:45:48: Invalid multi-lingual line (file "cstrike/addons/amxmodx/data/lang/gungame.txt" key "// For GunGame 2.13 - last updated 10:58 PM 1/2/2013" lang "")
L 08/22/2025 - 16:45:53: [CSTRIKE] Postponing of model update disabled, check your gamedata files
L 08/22/2025 - 16:45:53: [CSTRIKE] Postponing of model update disabled, check your gamedata files
L 08/22/2025 - 16:52:23: [CSTRIKE] svs global variable is not available
L 08/22/2025 - 16:52:23: [CSTRIKE] sv global variable is not available
L 08/22/2025 - 16:52:23: client_disconnected and client_remove forwards have been disabled - check your gamedata files.
L 08/22/2025 - 16:52:23: Binding/Hooking cvars have been disabled - check your gamedata files.
L 08/22/2025 - 16:52:23: -------- Mapchange to aim_map_2010 --------
L 08/22/2025 - 16:52:23: [csdm_spawn_preset.amxx] No spawn points file found (addons/amxmodx/configs\csdm\aim_map_2010.spawns.cfg)
L 08/22/2025 - 16:52:23: [csdm_main.amxx] CSDM spawn mode set to preset
L 08/22/2025 - 16:52:23: Invalid multi-lingual line (file "cstrike/addons/amxmodx/data/lang/gungame.txt" key "// For GunGame 2.13 - last updated 10:58 PM 1/2/2013" lang "")
L 08/22/2025 - 16:52:29: [CSTRIKE] Postponing of model update disabled, check your gamedata files
L 08/22/2025 - 16:52:29: [CSTRIKE] Postponing of model update disabled, check your gamedata files
L 08/22/2025 - 16:54:29: [admin.amxx] Login: "Johannes<9><ID_7dea362b3fac8e00956a4952a3d4><>" became an admin (account "Johannes") (access "abcdefghijklmnopqrstuv") (address "0.21.50.0")
L 08/22/2025 - 16:55:00: -------- Mapchange to aim_map_2010 --------
L 08/22/2025 - 16:55:00: [csdm_spawn_preset.amxx] No spawn points file found (addons/amxmodx/configs\csdm\aim_map_2010.spawns.cfg)
L 08/22/2025 - 16:55:00: [csdm_main.amxx] CSDM spawn mode set to preset
L 08/22/2025 - 16:57:09: [admin.amxx] Login: "Johannes<19><ID_7dea362b3fac8e00956a4952a3d4><>" became an admin (account "Johannes") (access "abcdefghijklmnopqrstuv") (address "0.175.0.105")
L 08/22/2025 - 16:58:03: [CSTRIKE] Postponing of model update disabled, check your gamedata files
L 08/22/2025 - 16:58:03: [CSTRIKE] Postponing of model update disabled, check your gamedata files
L 08/22/2025 - 17:00:43: [CSTRIKE] svs global variable is not available
L 08/22/2025 - 17:00:43: [CSTRIKE] sv global variable is not available
L 08/22/2025 - 17:00:43: client_disconnected and client_remove forwards have been disabled - check your gamedata files.
L 08/22/2025 - 17:00:43: Binding/Hooking cvars have been disabled - check your gamedata files.
L 08/22/2025 - 17:00:43: -------- Mapchange to aim_map_2010 --------
L 08/22/2025 - 17:00:43: [csdm_spawn_preset.amxx] No spawn points file found (addons/amxmodx/configs\csdm\aim_map_2010.spawns.cfg)
L 08/22/2025 - 17:00:43: [csdm_main.amxx] CSDM spawn mode set to preset
L 08/22/2025 - 17:00:43: Invalid multi-lingual line (file "cstrike/addons/amxmodx/data/lang/gungame.txt" key "// For GunGame 2.13 - last updated 10:58 PM 1/2/2013" lang "")
L 08/22/2025 - 17:00:48: [CSTRIKE] Postponing of model update disabled, check your gamedata files
L 08/22/2025 - 17:00:48: [CSTRIKE] Postponing of model update disabled, check your gamedata files
L 08/22/2025 - 17:00:52: -------- Mapchange to aim_map_2010 --------
L 08/22/2025 - 17:00:52: [csdm_spawn_preset.amxx] No spawn points file found (addons/amxmodx/configs\csdm\aim_map_2010.spawns.cfg)
L 08/22/2025 - 17:00:52: [csdm_main.amxx] CSDM spawn mode set to preset
L 08/22/2025 - 17:00:58: [CSTRIKE] Postponing of model update disabled, check your gamedata files
L 08/22/2025 - 17:00:58: [CSTRIKE] Postponing of model update disabled, check your gamedata files
L 08/22/2025 - 17:02:22: [CSTRIKE] svs global variable is not available
L 08/22/2025 - 17:02:22: [CSTRIKE] sv global variable is not available
L 08/22/2025 - 17:02:22: client_disconnected and client_remove forwards have been disabled - check your gamedata files.
L 08/22/2025 - 17:02:22: Binding/Hooking cvars have been disabled - check your gamedata files.
L 08/22/2025 - 17:02:22: -------- Mapchange to aim_map_2010 --------
L 08/22/2025 - 17:02:22: [csdm_spawn_preset.amxx] No spawn points file found (addons/amxmodx/configs\csdm\aim_map_2010.spawns.cfg)
L 08/22/2025 - 17:02:22: [csdm_main.amxx] CSDM spawn mode set to preset
L 08/22/2025 - 17:02:22: Invalid multi-lingual line (file "cstrike/addons/amxmodx/data/lang/gungame.txt" key "// For GunGame 2.13 - last updated 10:58 PM 1/2/2013" lang "")
L 08/22/2025 - 17:02:27: [CSTRIKE] Postponing of model update disabled, check your gamedata files
L 08/22/2025 - 17:02:27: [CSTRIKE] Postponing of model update disabled, check your gamedata files
L 08/22/2025 - 17:04:26: [admin.amxx] Login: "Johannes<9><ID_7dea362b3fac8e00956a4952a3d4><>" became an admin (account "Johannes") (access "abcdefghijklmnopqrstuv") (address "0.219.223.130")
L 08/22/2025 - 17:06:44: [admin.amxx] Login: "Johannes<10><ID_7dea362b3fac8e00956a4952a3d4><>" became an admin (account "Johannes") (access "abcdefghijklmnopqrstuv") (address "0.166.170.140")
L 08/22/2025 - 17:10:54: [mapchooser.amxx] Vote: Voting for the nextmap started
L 08/22/2025 - 17:11:09: [mapchooser.amxx] Vote: Voting for the nextmap finished. The nextmap will be fy_simpsons
L 08/22/2025 - 17:13:11: -------- Mapchange to fy_simpsons --------
L 08/22/2025 - 17:13:11: [csdm_spawn_preset.amxx] No spawn points file found (addons/amxmodx/configs\csdm\fy_simpsons.spawns.cfg)
L 08/22/2025 - 17:13:11: [csdm_main.amxx] CSDM spawn mode set to preset
L 08/22/2025 - 17:13:16: [CSTRIKE] Postponing of model update disabled, check your gamedata files
L 08/22/2025 - 17:13:16: [CSTRIKE] Postponing of model update disabled, check your gamedata files
L 08/22/2025 - 17:21:11: [mapchooser.amxx] Vote: Voting for the nextmap started
L 08/22/2025 - 17:21:26: [mapchooser.amxx] Vote: Voting for the nextmap finished. The nextmap will be aim_ak_colt_duel
L 08/22/2025 - 17:23:27: -------- Mapchange to aim_ak_colt_duel --------
L 08/22/2025 - 17:23:27: [csdm_spawn_preset.amxx] No spawn points file found (addons/amxmodx/configs\csdm\aim_ak_colt_duel.spawns.cfg)
L 08/22/2025 - 17:23:27: [csdm_main.amxx] CSDM spawn mode set to preset
L 08/22/2025 - 17:23:33: [CSTRIKE] Postponing of model update disabled, check your gamedata files
L 08/22/2025 - 17:23:33: [CSTRIKE] Postponing of model update disabled, check your gamedata files
L 08/22/2025 - 17:31:27: [mapchooser.amxx] Vote: Voting for the nextmap started
L 08/22/2025 - 17:31:42: [mapchooser.amxx] Vote: Voting for the nextmap finished. The nextmap will be fy_pool_day
L 08/22/2025 - 17:33:44: -------- Mapchange to fy_pool_day --------
L 08/22/2025 - 17:33:44: [csdm_spawn_preset.amxx] No spawn points file found (addons/amxmodx/configs\csdm\fy_pool_day.spawns.cfg)
L 08/22/2025 - 17:33:44: [csdm_main.amxx] CSDM spawn mode set to preset
L 08/22/2025 - 17:33:49: [CSTRIKE] Postponing of model update disabled, check your gamedata files
L 08/22/2025 - 17:33:49: [CSTRIKE] Postponing of model update disabled, check your gamedata files
L 08/22/2025 - 17:41:44: [mapchooser.amxx] Vote: Voting for the nextmap started
L 08/22/2025 - 17:41:59: [mapchooser.amxx] Vote: Voting for the nextmap finished. The nextmap will be aim_sOt
L 08/22/2025 - 17:44:01: -------- Mapchange to aim_sOt --------
L 08/22/2025 - 17:44:01: [csdm_spawn_preset.amxx] No spawn points file found (addons/amxmodx/configs\csdm\aim_sOt.spawns.cfg)
L 08/22/2025 - 17:44:01: [csdm_main.amxx] CSDM spawn mode set to preset
L 08/22/2025 - 17:44:06: [CSTRIKE] Postponing of model update disabled, check your gamedata files
L 08/22/2025 - 17:44:06: [CSTRIKE] Postponing of model update disabled, check your gamedata files
L 08/22/2025 - 17:52:01: [mapchooser.amxx] Vote: Voting for the nextmap started
L 08/22/2025 - 17:52:16: [mapchooser.amxx] Vote: Voting for the nextmap finished. The nextmap will be fy_iceworld
L 08/22/2025 - 17:54:17: -------- Mapchange to fy_iceworld --------
L 08/22/2025 - 17:54:17: [csdm_spawn_preset.amxx] Loaded 11 spawn points for map fy_iceworld.
L 08/22/2025 - 17:54:17: [csdm_main.amxx] CSDM spawn mode set to preset
L 08/22/2025 - 17:54:23: [CSTRIKE] Postponing of model update disabled, check your gamedata files
L 08/22/2025 - 17:54:23: [CSTRIKE] Postponing of model update disabled, check your gamedata files
L 08/22/2025 - 18:02:17: [mapchooser.amxx] Vote: Voting for the nextmap started
L 08/22/2025 - 18:02:32: [mapchooser.amxx] Vote: Voting for the nextmap finished. The nextmap will be aim_DM
L 08/22/2025 - 18:04:34: -------- Mapchange to aim_DM --------
L 08/22/2025 - 18:04:34: [csdm_spawn_preset.amxx] No spawn points file found (addons/amxmodx/configs\csdm\aim_DM.spawns.cfg)
L 08/22/2025 - 18:04:34: [csdm_main.amxx] CSDM spawn mode set to preset
L 08/22/2025 - 18:04:39: [CSTRIKE] Postponing of model update disabled, check your gamedata files
L 08/22/2025 - 18:04:39: [CSTRIKE] Postponing of model update disabled, check your gamedata files
L 08/22/2025 - 18:12:34: [mapchooser.amxx] Vote: Voting for the nextmap started
L 08/22/2025 - 18:12:49: [mapchooser.amxx] Vote: Voting for the nextmap finished. The nextmap will be fy_mario
L 08/22/2025 - 18:14:50: -------- Mapchange to fy_mario --------
L 08/22/2025 - 18:14:50: [csdm_spawn_preset.amxx] No spawn points file found (addons/amxmodx/configs\csdm\fy_mario.spawns.cfg)
L 08/22/2025 - 18:14:50: [csdm_main.amxx] CSDM spawn mode set to preset
L 08/22/2025 - 18:14:56: [CSTRIKE] Postponing of model update disabled, check your gamedata files
L 08/22/2025 - 18:14:56: [CSTRIKE] Postponing of model update disabled, check your gamedata files
L 08/22/2025 - 18:22:50: [mapchooser.amxx] Vote: Voting for the nextmap started
L 08/22/2025 - 18:23:05: [mapchooser.amxx] Vote: Voting for the nextmap finished. The nextmap will be aim_dust2
L 08/22/2025 - 18:25:07: -------- Mapchange to aim_dust2 --------
L 08/22/2025 - 18:25:07: [csdm_spawn_preset.amxx] No spawn points file found (addons/amxmodx/configs\csdm\aim_dust2.spawns.cfg)
L 08/22/2025 - 18:25:07: [csdm_main.amxx] CSDM spawn mode set to preset
L 08/22/2025 - 18:25:12: [CSTRIKE] Postponing of model update disabled, check your gamedata files
L 08/22/2025 - 18:25:12: [CSTRIKE] Postponing of model update disabled, check your gamedata files
L 08/22/2025 - 18:33:07: [mapchooser.amxx] Vote: Voting for the nextmap started
L 08/22/2025 - 18:33:22: [mapchooser.amxx] Vote: Voting for the nextmap finished. The nextmap will be fy_mrvideo
L 08/22/2025 - 18:35:23: -------- Mapchange to fy_mrvideo --------
L 08/22/2025 - 18:35:23: [csdm_spawn_preset.amxx] No spawn points file found (addons/amxmodx/configs\csdm\fy_mrvideo.spawns.cfg)
L 08/22/2025 - 18:35:23: [csdm_main.amxx] CSDM spawn mode set to preset
L 08/22/2025 - 18:35:29: [CSTRIKE] Postponing of model update disabled, check your gamedata files
L 08/22/2025 - 18:35:29: [CSTRIKE] Postponing of model update disabled, check your gamedata files
L 08/22/2025 - 18:35:29: [admin.amxx] Login: "Johannes<83><ID_7dea362b3fac8e00956a4952a3d4><>" became an admin (account "Johannes") (access "abcdefghijklmnopqrstuv") (address "0.152.247.249")
L 08/22/2025 - 18:43:42: [mapchooser.amxx] Vote: Voting for the nextmap started
L 08/22/2025 - 18:43:57: [mapchooser.amxx] Vote: Voting for the nextmap finished. The nextmap will be aim_headshot2
L 08/22/2025 - 18:45:59: -------- Mapchange to aim_headshot2 --------
L 08/22/2025 - 18:45:59: [csdm_spawn_preset.amxx] No spawn points file found (addons/amxmodx/configs\csdm\aim_headshot2.spawns.cfg)
L 08/22/2025 - 18:45:59: [csdm_main.amxx] CSDM spawn mode set to preset
L 08/22/2025 - 18:46:04: [CSTRIKE] Postponing of model update disabled, check your gamedata files
L 08/22/2025 - 18:46:04: [CSTRIKE] Postponing of model update disabled, check your gamedata files
L 08/22/2025 - 18:53:59: [mapchooser.amxx] Vote: Voting for the nextmap started
L 08/22/2025 - 18:54:14: [mapchooser.amxx] Vote: Voting for the nextmap finished. The nextmap will be fy_snow
L 08/22/2025 - 18:56:15: -------- Mapchange to fy_snow --------
L 08/22/2025 - 18:56:15: [csdm_spawn_preset.amxx] No spawn points file found (addons/amxmodx/configs\csdm\fy_snow.spawns.cfg)
L 08/22/2025 - 18:56:15: [csdm_main.amxx] CSDM spawn mode set to preset
L 08/22/2025 - 18:56:21: [CSTRIKE] Postponing of model update disabled, check your gamedata files
L 08/22/2025 - 18:56:21: [CSTRIKE] Postponing of model update disabled, check your gamedata files
L 08/22/2025 - 19:04:15: [mapchooser.amxx] Vote: Voting for the nextmap started
L 08/22/2025 - 19:04:30: [mapchooser.amxx] Vote: Voting for the nextmap finished. The nextmap will be aim_map_2010
L 08/22/2025 - 19:06:32: -------- Mapchange to aim_map_2010 --------
L 08/22/2025 - 19:06:32: [csdm_spawn_preset.amxx] No spawn points file found (addons/amxmodx/configs\csdm\aim_map_2010.spawns.cfg)
L 08/22/2025 - 19:06:32: [csdm_main.amxx] CSDM spawn mode set to preset
L 08/22/2025 - 19:06:37: [CSTRIKE] Postponing of model update disabled, check your gamedata files
L 08/22/2025 - 19:06:37: [CSTRIKE] Postponing of model update disabled, check your gamedata files
L 08/22/2025 - 19:14:32: [mapchooser.amxx] Vote: Voting for the nextmap started
L 08/22/2025 - 19:14:47: [mapchooser.amxx] Vote: Voting for the nextmap finished. The nextmap will be gg_winterhold
L 08/22/2025 - 19:16:48: -------- Mapchange to gg_winterhold --------
L 08/22/2025 - 19:16:48: [csdm_spawn_preset.amxx] No spawn points file found (addons/amxmodx/configs\csdm\gg_winterhold.spawns.cfg)
L 08/22/2025 - 19:16:48: [csdm_main.amxx] CSDM spawn mode set to preset
L 08/22/2025 - 19:16:54: [CSTRIKE] Postponing of model update disabled, check your gamedata files
L 08/22/2025 - 19:16:54: [CSTRIKE] Postponing of model update disabled, check your gamedata files
L 08/22/2025 - 19:23:30: [admin.amxx] Login: "Johannes<116><ID_7dea362b3fac8e00956a4952a3d4><>" became an admin (account "Johannes") (access "abcdefghijklmnopqrstuv") (address "0.115.94.73")
L 08/22/2025 - 19:24:25: [CSTRIKE] svs global variable is not available
L 08/22/2025 - 19:24:25: [CSTRIKE] sv global variable is not available
L 08/22/2025 - 19:24:25: client_disconnected and client_remove forwards have been disabled - check your gamedata files.
L 08/22/2025 - 19:24:25: Binding/Hooking cvars have been disabled - check your gamedata files.
L 08/22/2025 - 19:24:25: -------- Mapchange to aim_map_2010 --------
L 08/22/2025 - 19:24:25: [csdm_spawn_preset.amxx] No spawn points file found (addons/amxmodx/configs\csdm\aim_map_2010.spawns.cfg)
L 08/22/2025 - 19:24:25: [csdm_main.amxx] CSDM spawn mode set to preset
L 08/22/2025 - 19:24:25: Invalid multi-lingual line (file "cstrike/addons/amxmodx/data/lang/gungame.txt" key "// For GunGame 2.13 - last updated 10:58 PM 1/2/2013" lang "")
L 08/22/2025 - 19:24:31: [CSTRIKE] Postponing of model update disabled, check your gamedata files
L 08/22/2025 - 19:24:31: [CSTRIKE] Postponing of model update disabled, check your gamedata files
L 08/22/2025 - 19:26:43: [admin.amxx] Login: "Johannes<9><ID_7dea362b3fac8e00956a4952a3d4><>" became an admin (account "Johannes") (access "abcdefghijklmnopqrstuv") (address "0.22.62.147")
L 08/22/2025 - 19:32:35: [mapchooser.amxx] Vote: Voting for the nextmap started
L 08/22/2025 - 19:32:50: [mapchooser.amxx] Vote: Voting for the nextmap finished. The nextmap will be fy_simpsons
L 08/22/2025 - 19:34:51: -------- Mapchange to fy_simpsons --------
L 08/22/2025 - 19:34:51: [csdm_spawn_preset.amxx] No spawn points file found (addons/amxmodx/configs\csdm\fy_simpsons.spawns.cfg)
L 08/22/2025 - 19:34:51: [csdm_main.amxx] CSDM spawn mode set to preset
L 08/22/2025 - 19:34:52: [admin.amxx] Login: "Johannes<10><ID_7dea362b3fac8e00956a4952a3d4><>" became an admin (account "Johannes") (access "abcdefghijklmnopqrstuv") (address "0.22.62.147")
L 08/22/2025 - 19:35:02: [CSTRIKE] Postponing of model update disabled, check your gamedata files
L 08/22/2025 - 19:35:02: [CSTRIKE] Postponing of model update disabled, check your gamedata files
L 08/22/2025 - 19:42:57: [mapchooser.amxx] Vote: Voting for the nextmap started
L 08/22/2025 - 19:43:12: [mapchooser.amxx] Vote: Voting for the nextmap finished. The nextmap will be aim_ak_colt_duel
L 08/22/2025 - 19:45:14: -------- Mapchange to aim_ak_colt_duel --------
L 08/22/2025 - 19:45:14: [csdm_spawn_preset.amxx] No spawn points file found (addons/amxmodx/configs\csdm\aim_ak_colt_duel.spawns.cfg)
L 08/22/2025 - 19:45:14: [csdm_main.amxx] CSDM spawn mode set to preset
L 08/22/2025 - 19:45:14: [admin.amxx] Login: "Johannes<19><ID_7dea362b3fac8e00956a4952a3d4><>" became an admin (account "Johannes") (access "abcdefghijklmnopqrstuv") (address "0.22.62.147")
L 08/22/2025 - 19:45:19: [CSTRIKE] Postponing of model update disabled, check your gamedata files
L 08/22/2025 - 19:45:19: [CSTRIKE] Postponing of model update disabled, check your gamedata files
L 08/22/2025 - 19:46:18: -------- Mapchange to aim_ak_colt_duel --------
L 08/22/2025 - 19:46:18: [csdm_spawn_preset.amxx] No spawn points file found (addons/amxmodx/configs\csdm\aim_ak_colt_duel.spawns.cfg)
L 08/22/2025 - 19:46:18: [csdm_main.amxx] CSDM spawn mode set to preset
L 08/22/2025 - 19:46:18: [admin.amxx] Login: "Johannes<27><ID_7dea362b3fac8e00956a4952a3d4><>" became an admin (account "Johannes") (access "abcdefghijklmnopqrstuv") (address "0.22.62.147")
L 08/22/2025 - 19:53:59: [CSTRIKE] Postponing of model update disabled, check your gamedata files
L 08/22/2025 - 19:53:59: [CSTRIKE] Postponing of model update disabled, check your gamedata files
L 08/22/2025 - 20:02:19: [gungame.amxx] Starting a map vote from Nextmap Chooser
L 08/22/2025 - 20:02:19: [mapchooser.amxx] Vote: Voting for the nextmap started
L 08/22/2025 - 20:02:34: [mapchooser.amxx] Vote: Voting for the nextmap finished. The nextmap will be aim_dust2
L 08/22/2025 - 20:04:17: -------- Mapchange to aim_dust2 --------
L 08/22/2025 - 20:04:17: [csdm_spawn_preset.amxx] No spawn points file found (addons/amxmodx/configs\csdm\aim_dust2.spawns.cfg)
L 08/22/2025 - 20:04:17: [csdm_main.amxx] CSDM spawn mode set to preset
L 08/22/2025 - 20:04:17: [admin.amxx] Login: "Johannes<35><ID_7dea362b3fac8e00956a4952a3d4><>" became an admin (account "Johannes") (access "abcdefghijklmnopqrstuv") (address "0.22.62.147")
L 08/22/2025 - 20:04:25: [CSTRIKE] Postponing of model update disabled, check your gamedata files
L 08/22/2025 - 20:04:25: [CSTRIKE] Postponing of model update disabled, check your gamedata files
L 08/22/2025 - 20:14:31: [gungame.amxx] Starting a map vote from Nextmap Chooser
L 08/22/2025 - 20:14:31: [mapchooser.amxx] Vote: Voting for the nextmap started
L 08/22/2025 - 20:14:46: [mapchooser.amxx] Vote: Voting for the nextmap finished. The nextmap will be fy_iceworld
L 08/22/2025 - 20:16:08: -------- Mapchange to fy_iceworld --------
L 08/22/2025 - 20:16:08: [csdm_spawn_preset.amxx] Loaded 11 spawn points for map fy_iceworld.
L 08/22/2025 - 20:16:08: [csdm_main.amxx] CSDM spawn mode set to preset
L 08/22/2025 - 20:16:08: [admin.amxx] Login: "Johannes<47><ID_7dea362b3fac8e00956a4952a3d4><>" became an admin (account "Johannes") (access "abcdefghijklmnopqrstuv") (address "0.22.62.147")
L 08/22/2025 - 20:16:17: [CSTRIKE] Postponing of model update disabled, check your gamedata files
L 08/22/2025 - 20:16:22: [CSTRIKE] Postponing of model update disabled, check your gamedata files
L 08/22/2025 - 20:16:22: [CSTRIKE] Postponing of model update disabled, check your gamedata files
L 08/22/2025 - 20:42:30: [CSTRIKE] svs global variable is not available
L 08/22/2025 - 20:42:30: [CSTRIKE] sv global variable is not available
L 08/22/2025 - 20:42:30: client_disconnected and client_remove forwards have been disabled - check your gamedata files.
L 08/22/2025 - 20:42:30: Binding/Hooking cvars have been disabled - check your gamedata files.
L 08/22/2025 - 20:42:30: -------- Mapchange to aim_map_2010 --------
L 08/22/2025 - 20:42:30: [csdm_spawn_preset.amxx] No spawn points file found (addons/amxmodx/configs\csdm\aim_map_2010.spawns.cfg)
L 08/22/2025 - 20:42:30: [csdm_main.amxx] CSDM spawn mode set to preset
L 08/22/2025 - 20:42:30: Invalid multi-lingual line (file "cstrike/addons/amxmodx/data/lang/gungame.txt" key "// For GunGame 2.13 - last updated 10:58 PM 1/2/2013" lang "")
L 08/22/2025 - 20:42:36: [CSTRIKE] Postponing of model update disabled, check your gamedata files
L 08/22/2025 - 20:42:36: [CSTRIKE] Postponing of model update disabled, check your gamedata files
L 08/22/2025 - 20:42:40: -------- Mapchange to aim_map_2010 --------
L 08/22/2025 - 20:42:40: [csdm_spawn_preset.amxx] No spawn points file found (addons/amxmodx/configs\csdm\aim_map_2010.spawns.cfg)
L 08/22/2025 - 20:42:40: [csdm_main.amxx] CSDM spawn mode set to preset
L 08/22/2025 - 20:42:45: [CSTRIKE] Postponing of model update disabled, check your gamedata files
L 08/22/2025 - 20:42:45: [CSTRIKE] Postponing of model update disabled, check your gamedata files
L 08/22/2025 - 20:47:07: [admin.amxx] Login: "Johannes<17><ID_7dea362b3fac8e00956a4952a3d4><>" became an admin (account "Johannes") (access "abcdefghijklmnopqrstuv") (address "0.79.55.212")
