L 08/15/2025 - 06:46:15: client_disconnected and client_remove forwards have been disabled - check your gamedata files.
L 08/15/2025 - 06:46:15: Binding/Hooking cvars have been disabled - check your gamedata files.
L 08/15/2025 - 06:46:15: -------- Mapchange to aim_map_2010 --------
L 08/15/2025 - 06:46:15: [CSTRIKE] svs global variable is not available
L 08/15/2025 - 06:46:15: [CSTRIKE] sv global variable is not available
L 08/15/2025 - 06:46:15: [csdm_spawn_preset.amxx] No spawn points file found (addons/amxmodx/configs\csdm\aim_map_2010.spawns.cfg)
L 08/15/2025 - 06:46:15: [csdm_main.amxx] CSDM spawn mode set to preset
L 08/15/2025 - 06:49:09: [admin.amxx] Login: "Johannes<5><ID_7dea362b3fac8e00956a4952a3d4><>" became an admin (account "Johannes") (access "abcdefghijklmnopqrstuv") (address "0.19.65.222")
L 08/15/2025 - 06:49:24: -------- Mapchange to aim_map_2010 --------
L 08/15/2025 - 06:49:24: [csdm_spawn_preset.amxx] No spawn points file found (addons/amxmodx/configs\csdm\aim_map_2010.spawns.cfg)
L 08/15/2025 - 06:49:24: [csdm_main.amxx] CSDM spawn mode set to preset
L 08/15/2025 - 06:49:24: [admin.amxx] Login: "Johannes<6><ID_7dea362b3fac8e00956a4952a3d4><>" became an admin (account "Johannes") (access "abcdefghijklmnopqrstuv") (address "0.19.65.222")
L 08/15/2025 - 06:51:02: [mapsmenu.amxx] Cmd: "Johannes<6><ID_7dea362b3fac8e00956a4952a3d4><>" changelevel "aim_skatepark_csz"
L 08/15/2025 - 06:51:04: -------- Mapchange to aim_skatepark_csz --------
L 08/15/2025 - 06:51:04: [csdm_spawn_preset.amxx] No spawn points file found (addons/amxmodx/configs\csdm\aim_skatepark_csz.spawns.cfg)
L 08/15/2025 - 06:51:04: [csdm_main.amxx] CSDM spawn mode set to preset
L 08/15/2025 - 06:51:05: [admin.amxx] Login: "Johannes<10><ID_7dea362b3fac8e00956a4952a3d4><>" became an admin (account "Johannes") (access "abcdefghijklmnopqrstuv") (address "0.19.65.222")
L 08/15/2025 - 06:51:21: client_disconnected and client_remove forwards have been disabled - check your gamedata files.
L 08/15/2025 - 06:51:21: Binding/Hooking cvars have been disabled - check your gamedata files.
L 08/15/2025 - 06:51:21: -------- Mapchange to aim_map_2010 --------
L 08/15/2025 - 06:51:21: [CSTRIKE] svs global variable is not available
L 08/15/2025 - 06:51:21: [CSTRIKE] sv global variable is not available
L 08/15/2025 - 06:51:21: [csdm_spawn_preset.amxx] No spawn points file found (addons/amxmodx/configs\csdm\aim_map_2010.spawns.cfg)
L 08/15/2025 - 06:51:21: [csdm_main.amxx] CSDM spawn mode set to preset
L 08/15/2025 - 06:51:45: [admin.amxx] Login: "Johannes<5><ID_7dea362b3fac8e00956a4952a3d4><>" became an admin (account "Johannes") (access "abcdefghijklmnopqrstuv") (address "0.20.1.232")
L 08/15/2025 - 06:53:20: client_disconnected and client_remove forwards have been disabled - check your gamedata files.
L 08/15/2025 - 06:53:20: Binding/Hooking cvars have been disabled - check your gamedata files.
L 08/15/2025 - 06:53:20: -------- Mapchange to aim_map_2010 --------
L 08/15/2025 - 06:53:20: [CSTRIKE] svs global variable is not available
L 08/15/2025 - 06:53:20: [CSTRIKE] sv global variable is not available
L 08/15/2025 - 06:53:20: [csdm_spawn_preset.amxx] No spawn points file found (addons/amxmodx/configs\csdm\aim_map_2010.spawns.cfg)
L 08/15/2025 - 06:53:20: [csdm_main.amxx] CSDM spawn mode set to preset
L 08/15/2025 - 06:54:29: [admin.amxx] Login: "Johannes<5><ID_7dea362b3fac8e00956a4952a3d4><>" became an admin (account "Johannes") (access "abcdefghijklmnopqrstuv") (address "0.83.124.90")
L 08/15/2025 - 06:54:47: [mapsmenu.amxx] Cmd: "Johannes<5><ID_7dea362b3fac8e00956a4952a3d4><>" changelevel "fy_simpsons_house"
L 08/15/2025 - 06:54:49: -------- Mapchange to fy_simpsons_house --------
L 08/15/2025 - 06:54:49: [csdm_spawn_preset.amxx] No spawn points file found (addons/amxmodx/configs\csdm\fy_simpsons_house.spawns.cfg)
L 08/15/2025 - 06:54:49: [csdm_main.amxx] CSDM spawn mode set to preset
L 08/15/2025 - 06:54:49: [admin.amxx] Login: "Johannes<6><ID_7dea362b3fac8e00956a4952a3d4><>" became an admin (account "Johannes") (access "abcdefghijklmnopqrstuv") (address "0.83.124.90")
L 08/15/2025 - 07:09:35: client_disconnected and client_remove forwards have been disabled - check your gamedata files.
L 08/15/2025 - 07:09:35: Binding/Hooking cvars have been disabled - check your gamedata files.
L 08/15/2025 - 07:09:35: -------- Mapchange to aim_map_2010 --------
L 08/15/2025 - 07:09:35: [CSTRIKE] svs global variable is not available
L 08/15/2025 - 07:09:35: [CSTRIKE] sv global variable is not available
L 08/15/2025 - 07:09:35: [csdm_spawn_preset.amxx] No spawn points file found (addons/amxmodx/configs\csdm\aim_map_2010.spawns.cfg)
L 08/15/2025 - 07:09:35: [csdm_main.amxx] CSDM spawn mode set to preset
L 08/15/2025 - 07:09:51: [admin.amxx] Login: "Johannes<5><ID_7dea362b3fac8e00956a4952a3d4><>" became an admin (account "Johannes") (access "abcdefghijklmnopqrstuv") (address "0.91.226.139")
L 08/15/2025 - 07:10:42: [mapsmenu.amxx] Cmd: "Johannes<5><ID_7dea362b3fac8e00956a4952a3d4><>" changelevel "fy_simpsons"
L 08/15/2025 - 07:10:44: -------- Mapchange to fy_simpsons --------
L 08/15/2025 - 07:10:44: [csdm_spawn_preset.amxx] No spawn points file found (addons/amxmodx/configs\csdm\fy_simpsons.spawns.cfg)
L 08/15/2025 - 07:10:44: [csdm_main.amxx] CSDM spawn mode set to preset
L 08/15/2025 - 07:10:45: [admin.amxx] Login: "Johannes<6><ID_7dea362b3fac8e00956a4952a3d4><>" became an admin (account "Johannes") (access "abcdefghijklmnopqrstuv") (address "0.91.226.139")
L 08/15/2025 - 07:18:23: client_disconnected and client_remove forwards have been disabled - check your gamedata files.
L 08/15/2025 - 07:18:23: Binding/Hooking cvars have been disabled - check your gamedata files.
L 08/15/2025 - 07:18:23: -------- Mapchange to aim_map_2010 --------
L 08/15/2025 - 07:18:23: [CSTRIKE] svs global variable is not available
L 08/15/2025 - 07:18:23: [CSTRIKE] sv global variable is not available
L 08/15/2025 - 07:18:23: [csdm_spawn_preset.amxx] No spawn points file found (addons/amxmodx/configs\csdm\aim_map_2010.spawns.cfg)
L 08/15/2025 - 07:18:23: [csdm_main.amxx] CSDM spawn mode set to preset
L 08/15/2025 - 07:18:45: [admin.amxx] Login: "Johannes<5><ID_7dea362b3fac8e00956a4952a3d4><>" became an admin (account "Johannes") (access "abcdefghijklmnopqrstuv") (address "0.221.210.172")
L 08/15/2025 - 07:18:56: [mapsmenu.amxx] Cmd: "Johannes<5><ID_7dea362b3fac8e00956a4952a3d4><>" changelevel "fy_snow"
L 08/15/2025 - 07:18:58: -------- Mapchange to fy_snow --------
L 08/15/2025 - 07:18:58: [csdm_spawn_preset.amxx] No spawn points file found (addons/amxmodx/configs\csdm\fy_snow.spawns.cfg)
L 08/15/2025 - 07:18:58: [csdm_main.amxx] CSDM spawn mode set to preset
L 08/15/2025 - 07:18:58: [admin.amxx] Login: "Johannes<6><ID_7dea362b3fac8e00956a4952a3d4><>" became an admin (account "Johannes") (access "abcdefghijklmnopqrstuv") (address "0.221.210.172")
L 08/15/2025 - 07:19:38: [mapsmenu.amxx] Cmd: "Johannes<6><ID_7dea362b3fac8e00956a4952a3d4><>" changelevel "fy_spongebob"
L 08/15/2025 - 07:19:40: -------- Mapchange to fy_spongebob --------
L 08/15/2025 - 07:19:40: [csdm_spawn_preset.amxx] No spawn points file found (addons/amxmodx/configs\csdm\fy_spongebob.spawns.cfg)
L 08/15/2025 - 07:19:40: [csdm_main.amxx] CSDM spawn mode set to preset
L 08/15/2025 - 07:19:40: [admin.amxx] Login: "Johannes<10><ID_7dea362b3fac8e00956a4952a3d4><>" became an admin (account "Johannes") (access "abcdefghijklmnopqrstuv") (address "0.221.210.172")
L 08/15/2025 - 07:19:42: client_disconnected and client_remove forwards have been disabled - check your gamedata files.
L 08/15/2025 - 07:19:42: Binding/Hooking cvars have been disabled - check your gamedata files.
L 08/15/2025 - 07:19:42: -------- Mapchange to aim_map_2010 --------
L 08/15/2025 - 07:19:42: [CSTRIKE] svs global variable is not available
L 08/15/2025 - 07:19:42: [CSTRIKE] sv global variable is not available
L 08/15/2025 - 07:19:42: [csdm_spawn_preset.amxx] No spawn points file found (addons/amxmodx/configs\csdm\aim_map_2010.spawns.cfg)
L 08/15/2025 - 07:19:42: [csdm_main.amxx] CSDM spawn mode set to preset
L 08/15/2025 - 07:21:04: [admin.amxx] Login: "Johannes<5><ID_7dea362b3fac8e00956a4952a3d4><>" became an admin (account "Johannes") (access "abcdefghijklmnopqrstuv") (address "0.131.255.24")
L 08/15/2025 - 07:21:30: [mapsmenu.amxx] Cmd: "Johannes<5><ID_7dea362b3fac8e00956a4952a3d4><>" changelevel "fy_spongebob"
L 08/15/2025 - 07:21:32: -------- Mapchange to fy_spongebob --------
L 08/15/2025 - 07:21:32: [csdm_spawn_preset.amxx] No spawn points file found (addons/amxmodx/configs\csdm\fy_spongebob.spawns.cfg)
L 08/15/2025 - 07:21:32: [csdm_main.amxx] CSDM spawn mode set to preset
L 08/15/2025 - 07:21:32: [admin.amxx] Login: "Johannes<6><ID_7dea362b3fac8e00956a4952a3d4><>" became an admin (account "Johannes") (access "abcdefghijklmnopqrstuv") (address "0.131.255.24")
L 08/15/2025 - 07:21:33: client_disconnected and client_remove forwards have been disabled - check your gamedata files.
L 08/15/2025 - 07:21:33: Binding/Hooking cvars have been disabled - check your gamedata files.
L 08/15/2025 - 07:21:33: -------- Mapchange to aim_map_2010 --------
L 08/15/2025 - 07:21:33: [CSTRIKE] svs global variable is not available
L 08/15/2025 - 07:21:33: [CSTRIKE] sv global variable is not available
L 08/15/2025 - 07:21:34: [csdm_spawn_preset.amxx] No spawn points file found (addons/amxmodx/configs\csdm\aim_map_2010.spawns.cfg)
L 08/15/2025 - 07:21:34: [csdm_main.amxx] CSDM spawn mode set to preset
L 08/15/2025 - 07:25:51: [admin.amxx] Login: "Johannes<5><ID_7dea362b3fac8e00956a4952a3d4><>" became an admin (account "Johannes") (access "abcdefghijklmnopqrstuv") (address "0.123.71.48")
L 08/15/2025 - 07:26:09: [mapsmenu.amxx] Cmd: "Johannes<5><ID_7dea362b3fac8e00956a4952a3d4><>" changelevel "fy_spongebob"
L 08/15/2025 - 07:26:12: -------- Mapchange to fy_spongebob --------
L 08/15/2025 - 07:26:12: [csdm_spawn_preset.amxx] No spawn points file found (addons/amxmodx/configs\csdm\fy_spongebob.spawns.cfg)
L 08/15/2025 - 07:26:12: [csdm_main.amxx] CSDM spawn mode set to preset
L 08/15/2025 - 07:26:12: [admin.amxx] Login: "Johannes<6><ID_7dea362b3fac8e00956a4952a3d4><>" became an admin (account "Johannes") (access "abcdefghijklmnopqrstuv") (address "0.123.71.48")
L 08/15/2025 - 07:26:13: client_disconnected and client_remove forwards have been disabled - check your gamedata files.
L 08/15/2025 - 07:26:13: Binding/Hooking cvars have been disabled - check your gamedata files.
L 08/15/2025 - 07:26:13: -------- Mapchange to aim_map_2010 --------
L 08/15/2025 - 07:26:13: [CSTRIKE] svs global variable is not available
L 08/15/2025 - 07:26:13: [CSTRIKE] sv global variable is not available
L 08/15/2025 - 07:26:13: [csdm_spawn_preset.amxx] No spawn points file found (addons/amxmodx/configs\csdm\aim_map_2010.spawns.cfg)
L 08/15/2025 - 07:26:13: [csdm_main.amxx] CSDM spawn mode set to preset
L 08/15/2025 - 07:34:13: [mapchooser.amxx] Vote: Voting for the nextmap started
L 08/15/2025 - 07:34:28: [mapchooser.amxx] Vote: Voting for the nextmap finished. The nextmap will be aim_1on1map
L 08/15/2025 - 07:36:32: -------- Mapchange to aim_1on1map --------
L 08/15/2025 - 07:36:32: [csdm_spawn_preset.amxx] No spawn points file found (addons/amxmodx/configs\csdm\aim_1on1map.spawns.cfg)
L 08/15/2025 - 07:36:32: [csdm_main.amxx] CSDM spawn mode set to preset
L 08/15/2025 - 07:44:32: [mapchooser.amxx] Vote: Voting for the nextmap started
L 08/15/2025 - 07:44:47: [mapchooser.amxx] Vote: Voting for the nextmap finished. The nextmap will be aim_ak_colt_duel
L 08/15/2025 - 07:46:51: -------- Mapchange to aim_ak_colt_duel --------
L 08/15/2025 - 07:46:51: [csdm_spawn_preset.amxx] No spawn points file found (addons/amxmodx/configs\csdm\aim_ak_colt_duel.spawns.cfg)
L 08/15/2025 - 07:46:51: [csdm_main.amxx] CSDM spawn mode set to preset
L 08/15/2025 - 07:54:51: [mapchooser.amxx] Vote: Voting for the nextmap started
L 08/15/2025 - 07:55:06: [mapchooser.amxx] Vote: Voting for the nextmap finished. The nextmap will be aim_DM
L 08/15/2025 - 07:57:10: -------- Mapchange to aim_DM --------
L 08/15/2025 - 07:57:10: [csdm_spawn_preset.amxx] No spawn points file found (addons/amxmodx/configs\csdm\aim_DM.spawns.cfg)
L 08/15/2025 - 07:57:10: [csdm_main.amxx] CSDM spawn mode set to preset
L 08/15/2025 - 08:38:59: client_disconnected and client_remove forwards have been disabled - check your gamedata files.
L 08/15/2025 - 08:38:59: Binding/Hooking cvars have been disabled - check your gamedata files.
L 08/15/2025 - 08:38:59: -------- Mapchange to aim_map_2010 --------
L 08/15/2025 - 08:38:59: [CSTRIKE] svs global variable is not available
L 08/15/2025 - 08:38:59: [CSTRIKE] sv global variable is not available
L 08/15/2025 - 08:38:59: [csdm_spawn_preset.amxx] No spawn points file found (addons/amxmodx/configs\csdm\aim_map_2010.spawns.cfg)
L 08/15/2025 - 08:38:59: [csdm_main.amxx] CSDM spawn mode set to preset
L 08/15/2025 - 08:39:33: [admin.amxx] Login: "Johannes<5><ID_7dea362b3fac8e00956a4952a3d4><>" became an admin (account "Johannes") (access "abcdefghijklmnopqrstuv") (address "0.161.130.218")
L 08/15/2025 - 08:39:44: [mapsmenu.amxx] Cmd: "Johannes<5><ID_7dea362b3fac8e00956a4952a3d4><>" changelevel "gg_ak-colt_palm_beach"
L 08/15/2025 - 08:39:46: -------- Mapchange to gg_ak-colt_palm_beach --------
L 08/15/2025 - 08:39:46: [csdm_spawn_preset.amxx] No spawn points file found (addons/amxmodx/configs\csdm\gg_ak-colt_palm_beach.spawns.cfg)
L 08/15/2025 - 08:39:46: [csdm_main.amxx] CSDM spawn mode set to preset
L 08/15/2025 - 08:39:46: [admin.amxx] Login: "Johannes<6><ID_7dea362b3fac8e00956a4952a3d4><>" became an admin (account "Johannes") (access "abcdefghijklmnopqrstuv") (address "0.161.130.218")
L 08/15/2025 - 08:40:27: [mapsmenu.amxx] Cmd: "Johannes<6><ID_7dea362b3fac8e00956a4952a3d4><>" changelevel "gg_minecraft"
L 08/15/2025 - 08:40:29: -------- Mapchange to gg_minecraft --------
L 08/15/2025 - 08:40:29: [csdm_spawn_preset.amxx] No spawn points file found (addons/amxmodx/configs\csdm\gg_minecraft.spawns.cfg)
L 08/15/2025 - 08:40:29: [csdm_main.amxx] CSDM spawn mode set to preset
L 08/15/2025 - 08:40:29: [admin.amxx] Login: "Johannes<10><ID_7dea362b3fac8e00956a4952a3d4><>" became an admin (account "Johannes") (access "abcdefghijklmnopqrstuv") (address "0.161.130.218")
L 08/15/2025 - 08:41:31: client_disconnected and client_remove forwards have been disabled - check your gamedata files.
L 08/15/2025 - 08:41:31: Binding/Hooking cvars have been disabled - check your gamedata files.
L 08/15/2025 - 08:41:31: -------- Mapchange to aim_map_2010 --------
L 08/15/2025 - 08:41:31: [CSTRIKE] svs global variable is not available
L 08/15/2025 - 08:41:31: [CSTRIKE] sv global variable is not available
L 08/15/2025 - 08:41:31: [csdm_spawn_preset.amxx] No spawn points file found (addons/amxmodx/configs\csdm\aim_map_2010.spawns.cfg)
L 08/15/2025 - 08:41:31: [csdm_main.amxx] CSDM spawn mode set to preset
L 08/15/2025 - 08:41:48: [admin.amxx] Login: "Johannes<5><ID_7dea362b3fac8e00956a4952a3d4><>" became an admin (account "Johannes") (access "abcdefghijklmnopqrstuv") (address "0.236.28.164")
L 08/15/2025 - 08:42:17: [mapsmenu.amxx] Cmd: "Johannes<5><ID_7dea362b3fac8e00956a4952a3d4><>" changelevel "gg_minecraft"
L 08/15/2025 - 08:42:19: -------- Mapchange to gg_minecraft --------
L 08/15/2025 - 08:42:19: [csdm_spawn_preset.amxx] No spawn points file found (addons/amxmodx/configs\csdm\gg_minecraft.spawns.cfg)
L 08/15/2025 - 08:42:19: [csdm_main.amxx] CSDM spawn mode set to preset
L 08/15/2025 - 08:42:19: [admin.amxx] Login: "Johannes<6><ID_7dea362b3fac8e00956a4952a3d4><>" became an admin (account "Johannes") (access "abcdefghijklmnopqrstuv") (address "0.236.28.164")
L 08/15/2025 - 08:43:11: client_disconnected and client_remove forwards have been disabled - check your gamedata files.
L 08/15/2025 - 08:43:11: Binding/Hooking cvars have been disabled - check your gamedata files.
L 08/15/2025 - 08:43:11: -------- Mapchange to aim_map_2010 --------
L 08/15/2025 - 08:43:11: [CSTRIKE] svs global variable is not available
L 08/15/2025 - 08:43:11: [CSTRIKE] sv global variable is not available
L 08/15/2025 - 08:43:11: [csdm_spawn_preset.amxx] No spawn points file found (addons/amxmodx/configs\csdm\aim_map_2010.spawns.cfg)
L 08/15/2025 - 08:43:11: [csdm_main.amxx] CSDM spawn mode set to preset
L 08/15/2025 - 08:43:30: [admin.amxx] Login: "Johannes<5><ID_7dea362b3fac8e00956a4952a3d4><>" became an admin (account "Johannes") (access "abcdefghijklmnopqrstuv") (address "0.18.253.129")
L 08/15/2025 - 08:43:39: [mapsmenu.amxx] Cmd: "Johannes<5><ID_7dea362b3fac8e00956a4952a3d4><>" changelevel "gg_minecraftempire"
L 08/15/2025 - 08:43:41: -------- Mapchange to gg_minecraftempire --------
L 08/15/2025 - 08:43:41: [csdm_spawn_preset.amxx] No spawn points file found (addons/amxmodx/configs\csdm\gg_minecraftempire.spawns.cfg)
L 08/15/2025 - 08:43:41: [csdm_main.amxx] CSDM spawn mode set to preset
L 08/15/2025 - 08:43:42: [admin.amxx] Login: "Johannes<6><ID_7dea362b3fac8e00956a4952a3d4><>" became an admin (account "Johannes") (access "abcdefghijklmnopqrstuv") (address "0.18.253.129")
L 08/15/2025 - 08:45:48: client_disconnected and client_remove forwards have been disabled - check your gamedata files.
L 08/15/2025 - 08:45:48: Binding/Hooking cvars have been disabled - check your gamedata files.
L 08/15/2025 - 08:45:48: -------- Mapchange to aim_map_2010 --------
L 08/15/2025 - 08:45:48: [CSTRIKE] svs global variable is not available
L 08/15/2025 - 08:45:48: [CSTRIKE] sv global variable is not available
L 08/15/2025 - 08:45:48: [csdm_spawn_preset.amxx] No spawn points file found (addons/amxmodx/configs\csdm\aim_map_2010.spawns.cfg)
L 08/15/2025 - 08:45:48: [csdm_main.amxx] CSDM spawn mode set to preset
L 08/15/2025 - 08:46:12: [admin.amxx] Login: "Johannes<5><ID_7dea362b3fac8e00956a4952a3d4><>" became an admin (account "Johannes") (access "abcdefghijklmnopqrstuv") (address "0.64.40.129")
L 08/15/2025 - 08:46:22: [mapsmenu.amxx] Cmd: "Johannes<5><ID_7dea362b3fac8e00956a4952a3d4><>" changelevel "gg_winterhold"
L 08/15/2025 - 08:46:24: -------- Mapchange to gg_winterhold --------
L 08/15/2025 - 08:46:24: [csdm_spawn_preset.amxx] No spawn points file found (addons/amxmodx/configs\csdm\gg_winterhold.spawns.cfg)
L 08/15/2025 - 08:46:24: [csdm_main.amxx] CSDM spawn mode set to preset
L 08/15/2025 - 08:46:24: [admin.amxx] Login: "Johannes<6><ID_7dea362b3fac8e00956a4952a3d4><>" became an admin (account "Johannes") (access "abcdefghijklmnopqrstuv") (address "0.64.40.129")
L 08/15/2025 - 08:48:12: client_disconnected and client_remove forwards have been disabled - check your gamedata files.
L 08/15/2025 - 08:48:12: Binding/Hooking cvars have been disabled - check your gamedata files.
L 08/15/2025 - 08:48:12: -------- Mapchange to aim_map_2010 --------
L 08/15/2025 - 08:48:12: [CSTRIKE] svs global variable is not available
L 08/15/2025 - 08:48:12: [CSTRIKE] sv global variable is not available
L 08/15/2025 - 08:48:13: [csdm_spawn_preset.amxx] No spawn points file found (addons/amxmodx/configs\csdm\aim_map_2010.spawns.cfg)
L 08/15/2025 - 08:48:13: [csdm_main.amxx] CSDM spawn mode set to preset
L 08/15/2025 - 10:06:33: client_disconnected and client_remove forwards have been disabled - check your gamedata files.
L 08/15/2025 - 10:06:33: Binding/Hooking cvars have been disabled - check your gamedata files.
L 08/15/2025 - 10:06:33: -------- Mapchange to aim_map_2010 --------
L 08/15/2025 - 10:06:33: [CSTRIKE] svs global variable is not available
L 08/15/2025 - 10:06:33: [CSTRIKE] sv global variable is not available
L 08/15/2025 - 10:06:34: [csdm_spawn_preset.amxx] No spawn points file found (addons/amxmodx/configs\csdm\aim_map_2010.spawns.cfg)
L 08/15/2025 - 10:06:34: [csdm_main.amxx] CSDM spawn mode set to preset
L 08/15/2025 - 10:06:54: [admin.amxx] Login: "Johannes<5><ID_7dea362b3fac8e00956a4952a3d4><>" became an admin (account "Johannes") (access "abcdefghijklmnopqrstuv") (address "0.10.90.194")
L 08/15/2025 - 10:07:10: [mapsmenu.amxx] Cmd: "Johannes<5><ID_7dea362b3fac8e00956a4952a3d4><>" changelevel "gg_winterhold"
L 08/15/2025 - 10:07:12: -------- Mapchange to gg_winterhold --------
L 08/15/2025 - 10:07:12: [csdm_spawn_preset.amxx] No spawn points file found (addons/amxmodx/configs\csdm\gg_winterhold.spawns.cfg)
L 08/15/2025 - 10:07:12: [csdm_main.amxx] CSDM spawn mode set to preset
L 08/15/2025 - 10:07:12: [admin.amxx] Login: "Johannes<6><ID_7dea362b3fac8e00956a4952a3d4><>" became an admin (account "Johannes") (access "abcdefghijklmnopqrstuv") (address "0.10.90.194")
L 08/15/2025 - 10:07:32: -------- Mapchange to gg_winterhold --------
L 08/15/2025 - 10:07:32: [csdm_spawn_preset.amxx] No spawn points file found (addons/amxmodx/configs\csdm\gg_winterhold.spawns.cfg)
L 08/15/2025 - 10:07:32: [csdm_main.amxx] CSDM spawn mode set to preset
L 08/15/2025 - 10:07:32: [admin.amxx] Login: "Johannes<10><ID_7dea362b3fac8e00956a4952a3d4><>" became an admin (account "Johannes") (access "abcdefghijklmnopqrstuv") (address "0.10.90.194")
L 08/15/2025 - 10:09:17: [mapsmenu.amxx] Cmd: "Johannes<10><ID_7dea362b3fac8e00956a4952a3d4><>" changelevel "gg_minecraftempire"
L 08/15/2025 - 10:09:19: -------- Mapchange to gg_minecraftempire --------
L 08/15/2025 - 10:09:19: [csdm_spawn_preset.amxx] No spawn points file found (addons/amxmodx/configs\csdm\gg_minecraftempire.spawns.cfg)
L 08/15/2025 - 10:09:19: [csdm_main.amxx] CSDM spawn mode set to preset
L 08/15/2025 - 10:09:19: [admin.amxx] Login: "Johannes<14><ID_7dea362b3fac8e00956a4952a3d4><>" became an admin (account "Johannes") (access "abcdefghijklmnopqrstuv") (address "0.10.90.194")
L 08/15/2025 - 10:10:57: client_disconnected and client_remove forwards have been disabled - check your gamedata files.
L 08/15/2025 - 10:10:57: Binding/Hooking cvars have been disabled - check your gamedata files.
L 08/15/2025 - 10:10:57: -------- Mapchange to aim_map_2010 --------
L 08/15/2025 - 10:10:57: [CSTRIKE] svs global variable is not available
L 08/15/2025 - 10:10:57: [CSTRIKE] sv global variable is not available
L 08/15/2025 - 10:10:58: [csdm_spawn_preset.amxx] No spawn points file found (addons/amxmodx/configs\csdm\aim_map_2010.spawns.cfg)
L 08/15/2025 - 10:10:58: [csdm_main.amxx] CSDM spawn mode set to preset
L 08/15/2025 - 10:17:31: client_disconnected and client_remove forwards have been disabled - check your gamedata files.
L 08/15/2025 - 10:17:31: Binding/Hooking cvars have been disabled - check your gamedata files.
L 08/15/2025 - 10:17:32: -------- Mapchange to aim_map_2010 --------
L 08/15/2025 - 10:17:32: [CSTRIKE] svs global variable is not available
L 08/15/2025 - 10:17:32: [CSTRIKE] sv global variable is not available
L 08/15/2025 - 10:17:32: [csdm_spawn_preset.amxx] No spawn points file found (addons/amxmodx/configs\csdm\aim_map_2010.spawns.cfg)
L 08/15/2025 - 10:17:32: [csdm_main.amxx] CSDM spawn mode set to preset
L 08/15/2025 - 10:17:49: [admin.amxx] Login: "Johannes<5><ID_7dea362b3fac8e00956a4952a3d4><>" became an admin (account "Johannes") (access "abcdefghijklmnopqrstuv") (address "0.138.76.229")
L 08/15/2025 - 10:17:56: [mapsmenu.amxx] Cmd: "Johannes<5><ID_7dea362b3fac8e00956a4952a3d4><>" changelevel "gg_minecraft"
L 08/15/2025 - 10:17:58: -------- Mapchange to gg_minecraft --------
L 08/15/2025 - 10:17:58: [csdm_spawn_preset.amxx] No spawn points file found (addons/amxmodx/configs\csdm\gg_minecraft.spawns.cfg)
L 08/15/2025 - 10:17:58: [csdm_main.amxx] CSDM spawn mode set to preset
L 08/15/2025 - 10:17:58: [admin.amxx] Login: "Johannes<6><ID_7dea362b3fac8e00956a4952a3d4><>" became an admin (account "Johannes") (access "abcdefghijklmnopqrstuv") (address "0.138.76.229")
L 08/15/2025 - 10:46:16: client_disconnected and client_remove forwards have been disabled - check your gamedata files.
L 08/15/2025 - 10:46:16: Binding/Hooking cvars have been disabled - check your gamedata files.
L 08/15/2025 - 10:46:16: -------- Mapchange to aim_map_2010 --------
L 08/15/2025 - 10:46:16: [CSTRIKE] svs global variable is not available
L 08/15/2025 - 10:46:16: [CSTRIKE] sv global variable is not available
L 08/15/2025 - 10:46:16: [csdm_spawn_preset.amxx] No spawn points file found (addons/amxmodx/configs\csdm\aim_map_2010.spawns.cfg)
L 08/15/2025 - 10:46:16: [csdm_main.amxx] CSDM spawn mode set to preset
L 08/15/2025 - 10:46:31: [admin.amxx] Login: "Johannes<5><ID_7dea362b3fac8e00956a4952a3d4><>" became an admin (account "Johannes") (access "abcdefghijklmnopqrstuv") (address "0.101.223.88")
L 08/15/2025 - 10:47:03: [mapsmenu.amxx] Cmd: "Johannes<5><ID_7dea362b3fac8e00956a4952a3d4><>" changelevel "fy_mrvideo"
L 08/15/2025 - 10:47:05: -------- Mapchange to fy_mrvideo --------
L 08/15/2025 - 10:47:05: [csdm_spawn_preset.amxx] No spawn points file found (addons/amxmodx/configs\csdm\fy_mrvideo.spawns.cfg)
L 08/15/2025 - 10:47:05: [csdm_main.amxx] CSDM spawn mode set to preset
L 08/15/2025 - 10:47:05: [admin.amxx] Login: "Johannes<6><ID_7dea362b3fac8e00956a4952a3d4><>" became an admin (account "Johannes") (access "abcdefghijklmnopqrstuv") (address "0.101.223.88")
L 08/15/2025 - 10:49:23: client_disconnected and client_remove forwards have been disabled - check your gamedata files.
L 08/15/2025 - 10:49:23: Binding/Hooking cvars have been disabled - check your gamedata files.
L 08/15/2025 - 10:49:23: -------- Mapchange to aim_map_2010 --------
L 08/15/2025 - 10:49:23: [CSTRIKE] svs global variable is not available
L 08/15/2025 - 10:49:23: [CSTRIKE] sv global variable is not available
L 08/15/2025 - 10:49:24: [csdm_spawn_preset.amxx] No spawn points file found (addons/amxmodx/configs\csdm\aim_map_2010.spawns.cfg)
L 08/15/2025 - 10:49:24: [csdm_main.amxx] CSDM spawn mode set to preset
L 08/15/2025 - 10:51:05: [admin.amxx] Login: "Johannes<5><ID_7dea362b3fac8e00956a4952a3d4><>" became an admin (account "Johannes") (access "abcdefghijklmnopqrstuv") (address "0.58.193.218")
L 08/15/2025 - 10:55:24: [mapsmenu.amxx] Cmd: "Johannes<5><ID_7dea362b3fac8e00956a4952a3d4><>" changelevel "aim_1on1map"
L 08/15/2025 - 10:55:26: -------- Mapchange to aim_1on1map --------
L 08/15/2025 - 10:55:26: [csdm_spawn_preset.amxx] No spawn points file found (addons/amxmodx/configs\csdm\aim_1on1map.spawns.cfg)
L 08/15/2025 - 10:55:26: [csdm_main.amxx] CSDM spawn mode set to preset
L 08/15/2025 - 10:55:26: [admin.amxx] Login: "Johannes<6><ID_7dea362b3fac8e00956a4952a3d4><>" became an admin (account "Johannes") (access "abcdefghijklmnopqrstuv") (address "0.58.193.218")
L 08/15/2025 - 10:56:23: [mapsmenu.amxx] Cmd: "Johannes<6><ID_7dea362b3fac8e00956a4952a3d4><>" changelevel "aim_ak_colt_duel"
L 08/15/2025 - 10:56:25: -------- Mapchange to aim_ak_colt_duel --------
L 08/15/2025 - 10:56:25: [csdm_spawn_preset.amxx] No spawn points file found (addons/amxmodx/configs\csdm\aim_ak_colt_duel.spawns.cfg)
L 08/15/2025 - 10:56:25: [csdm_main.amxx] CSDM spawn mode set to preset
L 08/15/2025 - 10:56:26: [admin.amxx] Login: "Johannes<10><ID_7dea362b3fac8e00956a4952a3d4><>" became an admin (account "Johannes") (access "abcdefghijklmnopqrstuv") (address "0.58.193.218")
L 08/15/2025 - 10:57:09: [mapsmenu.amxx] Cmd: "Johannes<10><ID_7dea362b3fac8e00956a4952a3d4><>" changelevel "aim_dust2"
L 08/15/2025 - 10:57:11: -------- Mapchange to aim_dust2 --------
L 08/15/2025 - 10:57:11: [csdm_spawn_preset.amxx] No spawn points file found (addons/amxmodx/configs\csdm\aim_dust2.spawns.cfg)
L 08/15/2025 - 10:57:11: [csdm_main.amxx] CSDM spawn mode set to preset
L 08/15/2025 - 10:57:11: [admin.amxx] Login: "Johannes<14><ID_7dea362b3fac8e00956a4952a3d4><>" became an admin (account "Johannes") (access "abcdefghijklmnopqrstuv") (address "0.58.193.218")
L 08/15/2025 - 11:00:56: client_disconnected and client_remove forwards have been disabled - check your gamedata files.
L 08/15/2025 - 11:00:56: Binding/Hooking cvars have been disabled - check your gamedata files.
L 08/15/2025 - 11:00:56: -------- Mapchange to aim_map_2010 --------
L 08/15/2025 - 11:00:56: [CSTRIKE] svs global variable is not available
L 08/15/2025 - 11:00:56: [CSTRIKE] sv global variable is not available
L 08/15/2025 - 11:00:57: [csdm_spawn_preset.amxx] No spawn points file found (addons/amxmodx/configs\csdm\aim_map_2010.spawns.cfg)
L 08/15/2025 - 11:00:57: [csdm_main.amxx] CSDM spawn mode set to preset
L 08/15/2025 - 11:02:05: [admin.amxx] Login: "Johannes<5><ID_7dea362b3fac8e00956a4952a3d4><>" became an admin (account "Johannes") (access "abcdefghijklmnopqrstuv") (address "0.34.75.135")
L 08/15/2025 - 11:06:01: client_disconnected and client_remove forwards have been disabled - check your gamedata files.
L 08/15/2025 - 11:06:01: Binding/Hooking cvars have been disabled - check your gamedata files.
L 08/15/2025 - 11:06:01: -------- Mapchange to aim_map_2010 --------
L 08/15/2025 - 11:06:01: [CSTRIKE] svs global variable is not available
L 08/15/2025 - 11:06:01: [CSTRIKE] sv global variable is not available
L 08/15/2025 - 11:06:01: [csdm_spawn_preset.amxx] No spawn points file found (addons/amxmodx/configs\csdm\aim_map_2010.spawns.cfg)
L 08/15/2025 - 11:06:01: [csdm_main.amxx] CSDM spawn mode set to preset
L 08/15/2025 - 11:06:17: [admin.amxx] Login: "Johannes<5><ID_7dea362b3fac8e00956a4952a3d4><>" became an admin (account "Johannes") (access "abcdefghijklmnopqrstuv") (address "0.65.231.94")
L 08/15/2025 - 11:13:49: client_disconnected and client_remove forwards have been disabled - check your gamedata files.
L 08/15/2025 - 11:13:49: Binding/Hooking cvars have been disabled - check your gamedata files.
L 08/15/2025 - 11:13:49: -------- Mapchange to aim_map_2010 --------
L 08/15/2025 - 11:13:49: [CSTRIKE] svs global variable is not available
L 08/15/2025 - 11:13:49: [CSTRIKE] sv global variable is not available
L 08/15/2025 - 11:13:49: [csdm_spawn_preset.amxx] No spawn points file found (addons/amxmodx/configs\csdm\aim_map_2010.spawns.cfg)
L 08/15/2025 - 11:13:49: [csdm_main.amxx] CSDM spawn mode set to preset
L 08/15/2025 - 11:14:10: [admin.amxx] Login: "Johannes<5><ID_7dea362b3fac8e00956a4952a3d4><>" became an admin (account "Johannes") (access "abcdefghijklmnopqrstuv") (address "0.188.71.194")
L 08/15/2025 - 11:20:32: client_disconnected and client_remove forwards have been disabled - check your gamedata files.
L 08/15/2025 - 11:20:32: Binding/Hooking cvars have been disabled - check your gamedata files.
L 08/15/2025 - 11:20:32: -------- Mapchange to aim_map_2010 --------
L 08/15/2025 - 11:20:32: [CSTRIKE] svs global variable is not available
L 08/15/2025 - 11:20:32: [CSTRIKE] sv global variable is not available
L 08/15/2025 - 11:20:32: [csdm_spawn_preset.amxx] No spawn points file found (addons/amxmodx/configs\csdm\aim_map_2010.spawns.cfg)
L 08/15/2025 - 11:20:32: [csdm_main.amxx] CSDM spawn mode set to preset
L 08/15/2025 - 11:22:00: [admin.amxx] Login: "Johannes<5><ID_7dea362b3fac8e00956a4952a3d4><>" became an admin (account "Johannes") (access "abcdefghijklmnopqrstuv") (address "0.49.23.241")
L 08/15/2025 - 11:22:17: [mapsmenu.amxx] Cmd: "Johannes<5><ID_7dea362b3fac8e00956a4952a3d4><>" changelevel "aim_dust2"
L 08/15/2025 - 11:22:19: -------- Mapchange to aim_dust2 --------
L 08/15/2025 - 11:22:19: [csdm_spawn_preset.amxx] No spawn points file found (addons/amxmodx/configs\csdm\aim_dust2.spawns.cfg)
L 08/15/2025 - 11:22:19: [csdm_main.amxx] CSDM spawn mode set to preset
L 08/15/2025 - 11:22:19: [admin.amxx] Login: "Johannes<6><ID_7dea362b3fac8e00956a4952a3d4><>" became an admin (account "Johannes") (access "abcdefghijklmnopqrstuv") (address "0.49.23.241")
L 08/15/2025 - 11:23:47: client_disconnected and client_remove forwards have been disabled - check your gamedata files.
L 08/15/2025 - 11:23:47: Binding/Hooking cvars have been disabled - check your gamedata files.
L 08/15/2025 - 11:23:47: -------- Mapchange to aim_map_2010 --------
L 08/15/2025 - 11:23:47: [CSTRIKE] svs global variable is not available
L 08/15/2025 - 11:23:47: [CSTRIKE] sv global variable is not available
L 08/15/2025 - 11:23:47: [csdm_spawn_preset.amxx] No spawn points file found (addons/amxmodx/configs\csdm\aim_map_2010.spawns.cfg)
L 08/15/2025 - 11:23:47: [csdm_main.amxx] CSDM spawn mode set to preset
L 08/15/2025 - 11:25:39: client_disconnected and client_remove forwards have been disabled - check your gamedata files.
L 08/15/2025 - 11:25:39: Binding/Hooking cvars have been disabled - check your gamedata files.
L 08/15/2025 - 11:25:39: -------- Mapchange to aim_map_2010 --------
L 08/15/2025 - 11:25:39: [CSTRIKE] svs global variable is not available
L 08/15/2025 - 11:25:39: [CSTRIKE] sv global variable is not available
L 08/15/2025 - 11:25:39: [csdm_spawn_preset.amxx] No spawn points file found (addons/amxmodx/configs\csdm\aim_map_2010.spawns.cfg)
L 08/15/2025 - 11:25:39: [csdm_main.amxx] CSDM spawn mode set to preset
L 08/15/2025 - 11:25:54: [admin.amxx] Login: "Johannes<5><ID_7dea362b3fac8e00956a4952a3d4><>" became an admin (account "Johannes") (access "abcdefghijklmnopqrstuv") (address "0.150.180.185")
L 08/15/2025 - 11:27:24: client_disconnected and client_remove forwards have been disabled - check your gamedata files.
L 08/15/2025 - 11:27:24: Binding/Hooking cvars have been disabled - check your gamedata files.
L 08/15/2025 - 11:27:24: -------- Mapchange to aim_map_2010 --------
L 08/15/2025 - 11:27:24: [CSTRIKE] svs global variable is not available
L 08/15/2025 - 11:27:24: [CSTRIKE] sv global variable is not available
L 08/15/2025 - 11:27:24: [csdm_spawn_preset.amxx] No spawn points file found (addons/amxmodx/configs\csdm\aim_map_2010.spawns.cfg)
L 08/15/2025 - 11:27:24: [csdm_main.amxx] CSDM spawn mode set to preset
L 08/15/2025 - 11:28:52: client_disconnected and client_remove forwards have been disabled - check your gamedata files.
L 08/15/2025 - 11:28:52: Binding/Hooking cvars have been disabled - check your gamedata files.
L 08/15/2025 - 11:28:52: -------- Mapchange to aim_map_2010 --------
L 08/15/2025 - 11:28:52: [CSTRIKE] svs global variable is not available
L 08/15/2025 - 11:28:52: [CSTRIKE] sv global variable is not available
L 08/15/2025 - 11:28:52: [csdm_spawn_preset.amxx] No spawn points file found (addons/amxmodx/configs\csdm\aim_map_2010.spawns.cfg)
L 08/15/2025 - 11:28:52: [csdm_main.amxx] CSDM spawn mode set to preset
L 08/15/2025 - 11:29:05: [admin.amxx] Login: "Johannes<5><ID_7dea362b3fac8e00956a4952a3d4><>" became an admin (account "Johannes") (access "abcdefghijklmnopqrstuv") (address "0.205.48.54")
L 08/15/2025 - 11:32:24: client_disconnected and client_remove forwards have been disabled - check your gamedata files.
L 08/15/2025 - 11:32:24: Binding/Hooking cvars have been disabled - check your gamedata files.
L 08/15/2025 - 11:32:24: -------- Mapchange to aim_map_2010 --------
L 08/15/2025 - 11:32:24: [CSTRIKE] svs global variable is not available
L 08/15/2025 - 11:32:24: [CSTRIKE] sv global variable is not available
L 08/15/2025 - 11:32:24: [csdm_spawn_preset.amxx] No spawn points file found (addons/amxmodx/configs\csdm\aim_map_2010.spawns.cfg)
L 08/15/2025 - 11:32:24: [csdm_main.amxx] CSDM spawn mode set to preset
L 08/15/2025 - 11:32:37: [admin.amxx] Login: "Johannes<5><ID_7dea362b3fac8e00956a4952a3d4><>" became an admin (account "Johannes") (access "abcdefghijklmnopqrstuv") (address "0.218.221.217")
L 08/15/2025 - 11:43:05: client_disconnected and client_remove forwards have been disabled - check your gamedata files.
L 08/15/2025 - 11:43:05: Binding/Hooking cvars have been disabled - check your gamedata files.
L 08/15/2025 - 11:43:06: -------- Mapchange to aim_map_2010 --------
L 08/15/2025 - 11:43:06: [CSTRIKE] svs global variable is not available
L 08/15/2025 - 11:43:06: [CSTRIKE] sv global variable is not available
L 08/15/2025 - 11:43:06: [csdm_spawn_preset.amxx] No spawn points file found (addons/amxmodx/configs\csdm\aim_map_2010.spawns.cfg)
L 08/15/2025 - 11:43:06: [csdm_main.amxx] CSDM spawn mode set to preset
L 08/15/2025 - 11:43:34: [admin.amxx] Login: "Johannes<5><ID_7dea362b3fac8e00956a4952a3d4><>" became an admin (account "Johannes") (access "abcdefghijklmnopqrstuv") (address "0.149.149.130")
L 08/15/2025 - 11:51:06: [mapchooser.amxx] Vote: Voting for the nextmap started
L 08/15/2025 - 11:51:21: [mapchooser.amxx] Vote: Voting for the nextmap finished. The nextmap will be aim_1on1map
L 08/15/2025 - 11:53:25: -------- Mapchange to aim_1on1map --------
L 08/15/2025 - 11:53:25: [csdm_spawn_preset.amxx] No spawn points file found (addons/amxmodx/configs\csdm\aim_1on1map.spawns.cfg)
L 08/15/2025 - 11:53:25: [csdm_main.amxx] CSDM spawn mode set to preset
L 08/15/2025 - 11:53:25: [admin.amxx] Login: "Johannes<6><ID_7dea362b3fac8e00956a4952a3d4><>" became an admin (account "Johannes") (access "abcdefghijklmnopqrstuv") (address "0.149.149.130")
L 08/15/2025 - 11:55:15: client_disconnected and client_remove forwards have been disabled - check your gamedata files.
L 08/15/2025 - 11:55:15: Binding/Hooking cvars have been disabled - check your gamedata files.
L 08/15/2025 - 11:55:15: -------- Mapchange to aim_map_2010 --------
L 08/15/2025 - 11:55:15: [CSTRIKE] svs global variable is not available
L 08/15/2025 - 11:55:15: [CSTRIKE] sv global variable is not available
L 08/15/2025 - 11:55:15: [csdm_spawn_preset.amxx] No spawn points file found (addons/amxmodx/configs\csdm\aim_map_2010.spawns.cfg)
L 08/15/2025 - 11:55:15: [csdm_main.amxx] CSDM spawn mode set to preset
L 08/15/2025 - 12:07:44: client_disconnected and client_remove forwards have been disabled - check your gamedata files.
L 08/15/2025 - 12:07:44: Binding/Hooking cvars have been disabled - check your gamedata files.
L 08/15/2025 - 12:07:44: -------- Mapchange to aim_map_2010 --------
L 08/15/2025 - 12:07:44: [CSTRIKE] svs global variable is not available
L 08/15/2025 - 12:07:44: [CSTRIKE] sv global variable is not available
L 08/15/2025 - 12:07:44: [csdm_spawn_preset.amxx] No spawn points file found (addons/amxmodx/configs\csdm\aim_map_2010.spawns.cfg)
L 08/15/2025 - 12:07:44: [csdm_main.amxx] CSDM spawn mode set to preset
L 08/15/2025 - 12:10:26: [admin.amxx] Login: "Johannes<5><ID_7dea362b3fac8e00956a4952a3d4><>" became an admin (account "Johannes") (access "abcdefghijklmnopqrstuv") (address "0.11.146.135")
L 08/15/2025 - 12:15:44: [mapchooser.amxx] Vote: Voting for the nextmap started
L 08/15/2025 - 12:15:59: [mapchooser.amxx] Vote: Voting for the nextmap finished. The nextmap will be aim_1on1map
L 08/15/2025 - 12:18:03: -------- Mapchange to aim_1on1map --------
L 08/15/2025 - 12:18:03: [csdm_spawn_preset.amxx] No spawn points file found (addons/amxmodx/configs\csdm\aim_1on1map.spawns.cfg)
L 08/15/2025 - 12:18:03: [csdm_main.amxx] CSDM spawn mode set to preset
L 08/15/2025 - 12:18:03: [admin.amxx] Login: "Johannes<7><ID_7dea362b3fac8e00956a4952a3d4><>" became an admin (account "Johannes") (access "abcdefghijklmnopqrstuv") (address "0.11.146.135")
L 08/15/2025 - 12:18:19: client_disconnected and client_remove forwards have been disabled - check your gamedata files.
L 08/15/2025 - 12:18:19: Binding/Hooking cvars have been disabled - check your gamedata files.
L 08/15/2025 - 12:18:19: -------- Mapchange to aim_map_2010 --------
L 08/15/2025 - 12:18:19: [CSTRIKE] svs global variable is not available
L 08/15/2025 - 12:18:19: [CSTRIKE] sv global variable is not available
L 08/15/2025 - 12:18:19: [csdm_spawn_preset.amxx] No spawn points file found (addons/amxmodx/configs\csdm\aim_map_2010.spawns.cfg)
L 08/15/2025 - 12:18:19: [csdm_main.amxx] CSDM spawn mode set to preset
L 08/15/2025 - 12:20:29: [admin.amxx] Login: "Johannes<5><ID_7dea362b3fac8e00956a4952a3d4><>" became an admin (account "Johannes") (access "abcdefghijklmnopqrstuv") (address "0.58.89.69")
L 08/15/2025 - 12:26:19: [mapchooser.amxx] Vote: Voting for the nextmap started
L 08/15/2025 - 12:26:34: [mapchooser.amxx] Vote: Voting for the nextmap finished. The nextmap will be fy_simpsons
L 08/15/2025 - 12:28:38: -------- Mapchange to fy_simpsons --------
L 08/15/2025 - 12:28:38: [csdm_spawn_preset.amxx] No spawn points file found (addons/amxmodx/configs\csdm\fy_simpsons.spawns.cfg)
L 08/15/2025 - 12:28:38: [csdm_main.amxx] CSDM spawn mode set to preset
L 08/15/2025 - 12:28:38: [admin.amxx] Login: "Johannes<6><ID_7dea362b3fac8e00956a4952a3d4><>" became an admin (account "Johannes") (access "abcdefghijklmnopqrstuv") (address "0.58.89.69")
L 08/15/2025 - 12:36:38: [mapchooser.amxx] Vote: Voting for the nextmap started
L 08/15/2025 - 12:36:53: [mapchooser.amxx] Vote: Voting for the nextmap finished. The nextmap will be aim_ak_colt_duel
L 08/15/2025 - 12:38:56: -------- Mapchange to aim_ak_colt_duel --------
L 08/15/2025 - 12:38:56: [csdm_spawn_preset.amxx] No spawn points file found (addons/amxmodx/configs\csdm\aim_ak_colt_duel.spawns.cfg)
L 08/15/2025 - 12:38:56: [csdm_main.amxx] CSDM spawn mode set to preset
L 08/15/2025 - 12:38:56: [admin.amxx] Login: "Johannes<10><ID_7dea362b3fac8e00956a4952a3d4><>" became an admin (account "Johannes") (access "abcdefghijklmnopqrstuv") (address "0.58.89.69")
L 08/15/2025 - 12:42:23: client_disconnected and client_remove forwards have been disabled - check your gamedata files.
L 08/15/2025 - 12:42:23: Binding/Hooking cvars have been disabled - check your gamedata files.
L 08/15/2025 - 12:42:23: -------- Mapchange to aim_map_2010 --------
L 08/15/2025 - 12:42:23: [CSTRIKE] svs global variable is not available
L 08/15/2025 - 12:42:23: [CSTRIKE] sv global variable is not available
L 08/15/2025 - 12:42:24: [csdm_spawn_preset.amxx] No spawn points file found (addons/amxmodx/configs\csdm\aim_map_2010.spawns.cfg)
L 08/15/2025 - 12:42:24: [csdm_main.amxx] CSDM spawn mode set to preset
L 08/15/2025 - 12:42:41: [admin.amxx] Login: "Johannes<5><ID_7dea362b3fac8e00956a4952a3d4><>" became an admin (account "Johannes") (access "abcdefghijklmnopqrstuv") (address "0.134.234.159")
L 08/15/2025 - 12:50:23: [mapchooser.amxx] Vote: Voting for the nextmap started
L 08/15/2025 - 12:50:39: [mapchooser.amxx] Vote: Voting for the nextmap finished. The nextmap will be fy_mario
L 08/15/2025 - 12:52:43: -------- Mapchange to fy_mario --------
L 08/15/2025 - 12:52:43: [csdm_spawn_preset.amxx] No spawn points file found (addons/amxmodx/configs\csdm\fy_mario.spawns.cfg)
L 08/15/2025 - 12:52:43: [csdm_main.amxx] CSDM spawn mode set to preset
L 08/15/2025 - 13:00:43: [mapchooser.amxx] Vote: Voting for the nextmap started
L 08/15/2025 - 13:00:58: [mapchooser.amxx] Vote: Voting for the nextmap finished. The nextmap will be aim_ak_colt_duel
L 08/15/2025 - 13:03:02: -------- Mapchange to aim_ak_colt_duel --------
L 08/15/2025 - 13:03:02: [csdm_spawn_preset.amxx] No spawn points file found (addons/amxmodx/configs\csdm\aim_ak_colt_duel.spawns.cfg)
L 08/15/2025 - 13:03:02: [csdm_main.amxx] CSDM spawn mode set to preset
L 08/15/2025 - 13:04:21: [admin.amxx] Login: "Johannes<15><ID_7dea362b3fac8e00956a4952a3d4><>" became an admin (account "Johannes") (access "abcdefghijklmnopqrstuv") (address "0.125.13.209")
L 08/15/2025 - 13:08:37: [mapsmenu.amxx] Cmd: "Johannes<15><ID_7dea362b3fac8e00956a4952a3d4><>" changelevel "Aim_training"
L 08/15/2025 - 13:08:39: -------- Mapchange to Aim_training --------
L 08/15/2025 - 13:08:39: [csdm_spawn_preset.amxx] No spawn points file found (addons/amxmodx/configs\csdm\Aim_training.spawns.cfg)
L 08/15/2025 - 13:08:39: [csdm_main.amxx] CSDM spawn mode set to preset
L 08/15/2025 - 13:08:39: [admin.amxx] Login: "Johannes<16><ID_7dea362b3fac8e00956a4952a3d4><>" became an admin (account "Johannes") (access "abcdefghijklmnopqrstuv") (address "0.125.13.209")
L 08/15/2025 - 13:11:35: [mapsmenu.amxx] Cmd: "Johannes<16><ID_7dea362b3fac8e00956a4952a3d4><>" changelevel "aim_dust2"
L 08/15/2025 - 13:11:37: -------- Mapchange to aim_dust2 --------
L 08/15/2025 - 13:11:37: [csdm_spawn_preset.amxx] No spawn points file found (addons/amxmodx/configs\csdm\aim_dust2.spawns.cfg)
L 08/15/2025 - 13:11:37: [csdm_main.amxx] CSDM spawn mode set to preset
L 08/15/2025 - 13:11:37: [admin.amxx] Login: "Johannes<19><ID_7dea362b3fac8e00956a4952a3d4><>" became an admin (account "Johannes") (access "abcdefghijklmnopqrstuv") (address "0.125.13.209")
L 08/15/2025 - 13:13:39: client_disconnected and client_remove forwards have been disabled - check your gamedata files.
L 08/15/2025 - 13:13:39: Binding/Hooking cvars have been disabled - check your gamedata files.
L 08/15/2025 - 13:13:39: -------- Mapchange to aim_map_2010 --------
L 08/15/2025 - 13:13:39: [CSTRIKE] svs global variable is not available
L 08/15/2025 - 13:13:39: [CSTRIKE] sv global variable is not available
L 08/15/2025 - 13:13:39: [csdm_spawn_preset.amxx] No spawn points file found (addons/amxmodx/configs\csdm\aim_map_2010.spawns.cfg)
L 08/15/2025 - 13:13:39: [csdm_main.amxx] CSDM spawn mode set to preset
L 08/15/2025 - 13:16:10: client_disconnected and client_remove forwards have been disabled - check your gamedata files.
L 08/15/2025 - 13:16:10: Binding/Hooking cvars have been disabled - check your gamedata files.
L 08/15/2025 - 13:16:11: -------- Mapchange to aim_map_2010 --------
L 08/15/2025 - 13:16:11: [CSTRIKE] svs global variable is not available
L 08/15/2025 - 13:16:11: [CSTRIKE] sv global variable is not available
L 08/15/2025 - 13:16:11: [csdm_spawn_preset.amxx] No spawn points file found (addons/amxmodx/configs\csdm\aim_map_2010.spawns.cfg)
L 08/15/2025 - 13:16:11: [csdm_main.amxx] CSDM spawn mode set to preset
L 08/15/2025 - 13:16:36: [admin.amxx] Login: "Johannes<5><ID_7dea362b3fac8e00956a4952a3d4><>" became an admin (account "Johannes") (access "abcdefghijklmnopqrstuv") (address "0.246.28.59")
L 08/15/2025 - 13:24:11: [mapchooser.amxx] Vote: Voting for the nextmap started
L 08/15/2025 - 13:24:26: [mapchooser.amxx] Vote: Voting for the nextmap finished. The nextmap will be aim_1on1map
L 08/15/2025 - 13:26:30: -------- Mapchange to aim_1on1map --------
L 08/15/2025 - 13:26:30: [csdm_spawn_preset.amxx] No spawn points file found (addons/amxmodx/configs\csdm\aim_1on1map.spawns.cfg)
L 08/15/2025 - 13:26:30: [csdm_main.amxx] CSDM spawn mode set to preset
L 08/15/2025 - 13:34:30: [mapchooser.amxx] Vote: Voting for the nextmap started
L 08/15/2025 - 13:34:45: [mapchooser.amxx] Vote: Voting for the nextmap finished. The nextmap will be aim_ak_colt_duel
L 08/15/2025 - 13:36:49: -------- Mapchange to aim_ak_colt_duel --------
L 08/15/2025 - 13:36:49: [csdm_spawn_preset.amxx] No spawn points file found (addons/amxmodx/configs\csdm\aim_ak_colt_duel.spawns.cfg)
L 08/15/2025 - 13:36:49: [csdm_main.amxx] CSDM spawn mode set to preset
L 08/15/2025 - 13:39:58: [admin.amxx] Login: "Johannes<16><ID_7dea362b3fac8e00956a4952a3d4><>" became an admin (account "Johannes") (access "abcdefghijklmnopqrstuv") (address "0.216.7.11")
L 08/15/2025 - 13:44:49: [mapchooser.amxx] Vote: Voting for the nextmap started
L 08/15/2025 - 13:45:04: [mapchooser.amxx] Vote: Voting for the nextmap finished. The nextmap will be aim_DM
L 08/15/2025 - 13:47:08: -------- Mapchange to aim_DM --------
L 08/15/2025 - 13:47:08: [csdm_spawn_preset.amxx] No spawn points file found (addons/amxmodx/configs\csdm\aim_DM.spawns.cfg)
L 08/15/2025 - 13:47:08: [csdm_main.amxx] CSDM spawn mode set to preset
L 08/15/2025 - 13:47:08: [admin.amxx] Login: "Johannes<17><ID_7dea362b3fac8e00956a4952a3d4><>" became an admin (account "Johannes") (access "abcdefghijklmnopqrstuv") (address "0.216.7.11")
L 08/15/2025 - 13:49:02: client_disconnected and client_remove forwards have been disabled - check your gamedata files.
L 08/15/2025 - 13:49:02: Binding/Hooking cvars have been disabled - check your gamedata files.
L 08/15/2025 - 13:49:03: -------- Mapchange to aim_map_2010 --------
L 08/15/2025 - 13:49:03: [CSTRIKE] svs global variable is not available
L 08/15/2025 - 13:49:03: [CSTRIKE] sv global variable is not available
L 08/15/2025 - 13:49:03: [csdm_spawn_preset.amxx] No spawn points file found (addons/amxmodx/configs\csdm\aim_map_2010.spawns.cfg)
L 08/15/2025 - 13:49:03: [csdm_main.amxx] CSDM spawn mode set to preset
L 08/15/2025 - 13:57:03: [mapchooser.amxx] Vote: Voting for the nextmap started
L 08/15/2025 - 13:57:18: [mapchooser.amxx] Vote: Voting for the nextmap finished. The nextmap will be aim_1on1map
L 08/15/2025 - 13:59:18: [admin.amxx] Login: "Johannes<5><ID_7dea362b3fac8e00956a4952a3d4><>" became an admin (account "Johannes") (access "abcdefghijklmnopqrstuv") (address "0.68.243.92")
L 08/15/2025 - 13:59:22: -------- Mapchange to aim_1on1map --------
L 08/15/2025 - 13:59:22: [csdm_spawn_preset.amxx] No spawn points file found (addons/amxmodx/configs\csdm\aim_1on1map.spawns.cfg)
L 08/15/2025 - 13:59:22: [csdm_main.amxx] CSDM spawn mode set to preset
L 08/15/2025 - 14:07:22: [mapchooser.amxx] Vote: Voting for the nextmap started
L 08/15/2025 - 14:07:37: [mapchooser.amxx] Vote: Voting for the nextmap finished. The nextmap will be aim_ak_colt_duel
L 08/15/2025 - 14:09:41: -------- Mapchange to aim_ak_colt_duel --------
L 08/15/2025 - 14:09:41: [csdm_spawn_preset.amxx] No spawn points file found (addons/amxmodx/configs\csdm\aim_ak_colt_duel.spawns.cfg)
L 08/15/2025 - 14:09:41: [csdm_main.amxx] CSDM spawn mode set to preset
L 08/15/2025 - 14:13:54: [admin.amxx] Login: "Johannes<14><ID_7dea362b3fac8e00956a4952a3d4><>" became an admin (account "Johannes") (access "abcdefghijklmnopqrstuv") (address "0.189.145.246")
L 08/15/2025 - 14:14:07: [mapsmenu.amxx] Cmd: "Johannes<14><ID_7dea362b3fac8e00956a4952a3d4><>" changelevel "aim_DM"
L 08/15/2025 - 14:14:09: -------- Mapchange to aim_DM --------
L 08/15/2025 - 14:14:09: [csdm_spawn_preset.amxx] No spawn points file found (addons/amxmodx/configs\csdm\aim_DM.spawns.cfg)
L 08/15/2025 - 14:14:09: [csdm_main.amxx] CSDM spawn mode set to preset
L 08/15/2025 - 14:14:09: [admin.amxx] Login: "Johannes<15><ID_7dea362b3fac8e00956a4952a3d4><>" became an admin (account "Johannes") (access "abcdefghijklmnopqrstuv") (address "0.189.145.246")
L 08/15/2025 - 14:14:22: [mapsmenu.amxx] Cmd: "Johannes<15><ID_7dea362b3fac8e00956a4952a3d4><>" changelevel "aim_headshot2"
L 08/15/2025 - 14:14:24: -------- Mapchange to aim_headshot2 --------
L 08/15/2025 - 14:14:24: [csdm_spawn_preset.amxx] No spawn points file found (addons/amxmodx/configs\csdm\aim_headshot2.spawns.cfg)
L 08/15/2025 - 14:14:24: [csdm_main.amxx] CSDM spawn mode set to preset
L 08/15/2025 - 14:14:24: [admin.amxx] Login: "Johannes<20><ID_7dea362b3fac8e00956a4952a3d4><>" became an admin (account "Johannes") (access "abcdefghijklmnopqrstuv") (address "0.189.145.246")
L 08/15/2025 - 14:22:24: [mapchooser.amxx] Vote: Voting for the nextmap started
L 08/15/2025 - 14:22:39: [mapchooser.amxx] Vote: Voting for the nextmap finished. The nextmap will be aim_sOt
L 08/15/2025 - 14:24:43: -------- Mapchange to aim_sOt --------
L 08/15/2025 - 14:24:43: [csdm_spawn_preset.amxx] No spawn points file found (addons/amxmodx/configs\csdm\aim_sOt.spawns.cfg)
L 08/15/2025 - 14:24:43: [csdm_main.amxx] CSDM spawn mode set to preset
L 08/15/2025 - 14:24:44: [admin.amxx] Login: "Johannes<24><ID_7dea362b3fac8e00956a4952a3d4><>" became an admin (account "Johannes") (access "abcdefghijklmnopqrstuv") (address "0.189.145.246")
L 08/15/2025 - 14:27:06: client_disconnected and client_remove forwards have been disabled - check your gamedata files.
L 08/15/2025 - 14:27:06: Binding/Hooking cvars have been disabled - check your gamedata files.
L 08/15/2025 - 14:27:06: -------- Mapchange to aim_map_2010 --------
L 08/15/2025 - 14:27:06: [CSTRIKE] svs global variable is not available
L 08/15/2025 - 14:27:06: [CSTRIKE] sv global variable is not available
L 08/15/2025 - 14:27:06: [csdm_spawn_preset.amxx] No spawn points file found (addons/amxmodx/configs\csdm\aim_map_2010.spawns.cfg)
L 08/15/2025 - 14:27:06: [csdm_main.amxx] CSDM spawn mode set to preset
L 08/15/2025 - 14:28:28: [admin.amxx] Login: "Johannes<5><ID_7dea362b3fac8e00956a4952a3d4><>" became an admin (account "Johannes") (access "abcdefghijklmnopqrstuv") (address "0.131.33.146")
L 08/15/2025 - 14:35:06: [mapchooser.amxx] Vote: Voting for the nextmap started
L 08/15/2025 - 14:35:21: [mapchooser.amxx] Vote: Voting for the nextmap finished. The nextmap will be aim_1on1map
L 08/15/2025 - 14:37:25: -------- Mapchange to aim_1on1map --------
L 08/15/2025 - 14:37:25: [csdm_spawn_preset.amxx] No spawn points file found (addons/amxmodx/configs\csdm\aim_1on1map.spawns.cfg)
L 08/15/2025 - 14:37:25: [csdm_main.amxx] CSDM spawn mode set to preset
L 08/15/2025 - 14:45:26: [mapchooser.amxx] Vote: Voting for the nextmap started
L 08/15/2025 - 14:45:41: [mapchooser.amxx] Vote: Voting for the nextmap finished. The nextmap will be aim_ak_colt_duel
L 08/15/2025 - 14:47:45: -------- Mapchange to aim_ak_colt_duel --------
L 08/15/2025 - 14:47:45: [csdm_spawn_preset.amxx] No spawn points file found (addons/amxmodx/configs\csdm\aim_ak_colt_duel.spawns.cfg)
L 08/15/2025 - 14:47:45: [csdm_main.amxx] CSDM spawn mode set to preset
L 08/15/2025 - 14:55:45: [mapchooser.amxx] Vote: Voting for the nextmap started
L 08/15/2025 - 14:56:00: [mapchooser.amxx] Vote: Voting for the nextmap finished. The nextmap will be aim_DM
L 08/15/2025 - 14:58:04: -------- Mapchange to aim_DM --------
L 08/15/2025 - 14:58:04: [csdm_spawn_preset.amxx] No spawn points file found (addons/amxmodx/configs\csdm\aim_DM.spawns.cfg)
L 08/15/2025 - 14:58:04: [csdm_main.amxx] CSDM spawn mode set to preset
L 08/15/2025 - 15:06:04: [mapchooser.amxx] Vote: Voting for the nextmap started
L 08/15/2025 - 15:06:19: [mapchooser.amxx] Vote: Voting for the nextmap finished. The nextmap will be aim_dust2
L 08/15/2025 - 15:08:23: -------- Mapchange to aim_dust2 --------
L 08/15/2025 - 15:08:23: [csdm_spawn_preset.amxx] No spawn points file found (addons/amxmodx/configs\csdm\aim_dust2.spawns.cfg)
L 08/15/2025 - 15:08:23: [csdm_main.amxx] CSDM spawn mode set to preset
L 08/15/2025 - 15:16:23: [mapchooser.amxx] Vote: Voting for the nextmap started
L 08/15/2025 - 15:16:38: [mapchooser.amxx] Vote: Voting for the nextmap finished. The nextmap will be aim_headshot2
L 08/15/2025 - 15:18:42: -------- Mapchange to aim_headshot2 --------
L 08/15/2025 - 15:18:42: [csdm_spawn_preset.amxx] No spawn points file found (addons/amxmodx/configs\csdm\aim_headshot2.spawns.cfg)
L 08/15/2025 - 15:18:42: [csdm_main.amxx] CSDM spawn mode set to preset
L 08/15/2025 - 15:26:42: [mapchooser.amxx] Vote: Voting for the nextmap started
L 08/15/2025 - 15:26:57: [mapchooser.amxx] Vote: Voting for the nextmap finished. The nextmap will be aim_map_2010
L 08/15/2025 - 15:29:01: -------- Mapchange to aim_map_2010 --------
L 08/15/2025 - 15:29:01: [csdm_spawn_preset.amxx] No spawn points file found (addons/amxmodx/configs\csdm\aim_map_2010.spawns.cfg)
L 08/15/2025 - 15:29:01: [csdm_main.amxx] CSDM spawn mode set to preset
L 08/15/2025 - 15:37:01: [mapchooser.amxx] Vote: Voting for the nextmap started
L 08/15/2025 - 15:37:16: [mapchooser.amxx] Vote: Voting for the nextmap finished. The nextmap will be aim_sOt
L 08/15/2025 - 15:39:20: -------- Mapchange to aim_sOt --------
L 08/15/2025 - 15:39:20: [csdm_spawn_preset.amxx] No spawn points file found (addons/amxmodx/configs\csdm\aim_sOt.spawns.cfg)
L 08/15/2025 - 15:39:20: [csdm_main.amxx] CSDM spawn mode set to preset
L 08/15/2025 - 15:47:20: [mapchooser.amxx] Vote: Voting for the nextmap started
L 08/15/2025 - 15:47:36: [mapchooser.amxx] Vote: Voting for the nextmap finished. The nextmap will be Aim_training
L 08/15/2025 - 15:49:40: -------- Mapchange to Aim_training --------
L 08/15/2025 - 15:49:40: [csdm_spawn_preset.amxx] No spawn points file found (addons/amxmodx/configs\csdm\Aim_training.spawns.cfg)
L 08/15/2025 - 15:49:40: [csdm_main.amxx] CSDM spawn mode set to preset
L 08/15/2025 - 16:41:40: [mapchooser.amxx] Vote: Voting for the nextmap started
L 08/15/2025 - 16:41:55: [mapchooser.amxx] Vote: Voting for the nextmap finished. The nextmap will be fy_iceworld
L 08/15/2025 - 16:43:53: -------- Mapchange to fy_iceworld --------
L 08/15/2025 - 16:43:53: [csdm_spawn_preset.amxx] Loaded 11 spawn points for map fy_iceworld.
L 08/15/2025 - 16:43:53: [csdm_main.amxx] CSDM spawn mode set to preset
L 08/15/2025 - 16:51:54: [mapchooser.amxx] Vote: Voting for the nextmap started
L 08/15/2025 - 16:52:09: [mapchooser.amxx] Vote: Voting for the nextmap finished. The nextmap will be fy_mario
L 08/15/2025 - 16:54:13: -------- Mapchange to fy_mario --------
L 08/15/2025 - 16:54:13: [csdm_spawn_preset.amxx] No spawn points file found (addons/amxmodx/configs\csdm\fy_mario.spawns.cfg)
L 08/15/2025 - 16:54:13: [csdm_main.amxx] CSDM spawn mode set to preset
L 08/15/2025 - 17:02:13: [mapchooser.amxx] Vote: Voting for the nextmap started
L 08/15/2025 - 17:02:28: [mapchooser.amxx] Vote: Voting for the nextmap finished. The nextmap will be fy_mrvideo
L 08/15/2025 - 17:04:32: -------- Mapchange to fy_mrvideo --------
L 08/15/2025 - 17:04:32: [csdm_spawn_preset.amxx] No spawn points file found (addons/amxmodx/configs\csdm\fy_mrvideo.spawns.cfg)
L 08/15/2025 - 17:04:32: [csdm_main.amxx] CSDM spawn mode set to preset
L 08/15/2025 - 17:12:32: [mapchooser.amxx] Vote: Voting for the nextmap started
L 08/15/2025 - 17:12:47: [mapchooser.amxx] Vote: Voting for the nextmap finished. The nextmap will be fy_nuketown
L 08/15/2025 - 17:14:51: -------- Mapchange to fy_nuketown --------
L 08/15/2025 - 17:14:51: [csdm_spawn_preset.amxx] No spawn points file found (addons/amxmodx/configs\csdm\fy_nuketown.spawns.cfg)
L 08/15/2025 - 17:14:51: [csdm_main.amxx] CSDM spawn mode set to preset
L 08/15/2025 - 17:22:51: [mapchooser.amxx] Vote: Voting for the nextmap started
L 08/15/2025 - 17:23:06: [mapchooser.amxx] Vote: Voting for the nextmap finished. The nextmap will be fy_simpsons
L 08/15/2025 - 17:25:10: -------- Mapchange to fy_simpsons --------
L 08/15/2025 - 17:25:10: [csdm_spawn_preset.amxx] No spawn points file found (addons/amxmodx/configs\csdm\fy_simpsons.spawns.cfg)
L 08/15/2025 - 17:25:10: [csdm_main.amxx] CSDM spawn mode set to preset
L 08/15/2025 - 17:33:10: [mapchooser.amxx] Vote: Voting for the nextmap started
L 08/15/2025 - 17:33:25: [mapchooser.amxx] Vote: Voting for the nextmap finished. The nextmap will be fy_snow
L 08/15/2025 - 17:35:29: -------- Mapchange to fy_snow --------
L 08/15/2025 - 17:35:29: [csdm_spawn_preset.amxx] No spawn points file found (addons/amxmodx/configs\csdm\fy_snow.spawns.cfg)
L 08/15/2025 - 17:35:29: [csdm_main.amxx] CSDM spawn mode set to preset
L 08/15/2025 - 17:43:29: [mapchooser.amxx] Vote: Voting for the nextmap started
L 08/15/2025 - 17:43:44: [mapchooser.amxx] Vote: Voting for the nextmap finished. The nextmap will be fy_pool_day
L 08/15/2025 - 17:45:48: -------- Mapchange to fy_pool_day --------
L 08/15/2025 - 17:45:48: [csdm_spawn_preset.amxx] No spawn points file found (addons/amxmodx/configs\csdm\fy_pool_day.spawns.cfg)
L 08/15/2025 - 17:45:48: [csdm_main.amxx] CSDM spawn mode set to preset
L 08/15/2025 - 17:53:48: [mapchooser.amxx] Vote: Voting for the nextmap started
L 08/15/2025 - 17:54:03: [mapchooser.amxx] Vote: Voting for the nextmap finished. The nextmap will be gg_ak-colt_palm_beach
L 08/15/2025 - 17:56:08: -------- Mapchange to gg_ak-colt_palm_beach --------
L 08/15/2025 - 17:56:08: [csdm_spawn_preset.amxx] No spawn points file found (addons/amxmodx/configs\csdm\gg_ak-colt_palm_beach.spawns.cfg)
L 08/15/2025 - 17:56:08: [csdm_main.amxx] CSDM spawn mode set to preset
L 08/15/2025 - 18:04:08: [mapchooser.amxx] Vote: Voting for the nextmap started
L 08/15/2025 - 18:04:23: [mapchooser.amxx] Vote: Voting for the nextmap finished. The nextmap will be gg_minecraftempire
L 08/15/2025 - 18:06:27: -------- Mapchange to gg_minecraftempire --------
L 08/15/2025 - 18:06:27: [csdm_spawn_preset.amxx] No spawn points file found (addons/amxmodx/configs\csdm\gg_minecraftempire.spawns.cfg)
L 08/15/2025 - 18:06:27: [csdm_main.amxx] CSDM spawn mode set to preset
L 08/15/2025 - 18:14:27: [mapchooser.amxx] Vote: Voting for the nextmap started
L 08/15/2025 - 18:14:42: [mapchooser.amxx] Vote: Voting for the nextmap finished. The nextmap will be gg_winterhold
L 08/15/2025 - 18:16:46: -------- Mapchange to gg_winterhold --------
L 08/15/2025 - 18:16:46: [csdm_spawn_preset.amxx] No spawn points file found (addons/amxmodx/configs\csdm\gg_winterhold.spawns.cfg)
L 08/15/2025 - 18:16:46: [csdm_main.amxx] CSDM spawn mode set to preset
L 08/15/2025 - 18:24:46: [mapchooser.amxx] Vote: Voting for the nextmap started
L 08/15/2025 - 18:25:01: [mapchooser.amxx] Vote: Voting for the nextmap finished. The nextmap will be aim_1on1map
L 08/15/2025 - 18:27:05: -------- Mapchange to aim_1on1map --------
L 08/15/2025 - 18:27:05: [csdm_spawn_preset.amxx] No spawn points file found (addons/amxmodx/configs\csdm\aim_1on1map.spawns.cfg)
L 08/15/2025 - 18:27:05: [csdm_main.amxx] CSDM spawn mode set to preset
L 08/15/2025 - 18:35:05: [mapchooser.amxx] Vote: Voting for the nextmap started
L 08/15/2025 - 18:35:20: [mapchooser.amxx] Vote: Voting for the nextmap finished. The nextmap will be aim_ak_colt_duel
L 08/15/2025 - 18:37:24: -------- Mapchange to aim_ak_colt_duel --------
L 08/15/2025 - 18:37:24: [csdm_spawn_preset.amxx] No spawn points file found (addons/amxmodx/configs\csdm\aim_ak_colt_duel.spawns.cfg)
L 08/15/2025 - 18:37:24: [csdm_main.amxx] CSDM spawn mode set to preset
L 08/15/2025 - 18:45:24: [mapchooser.amxx] Vote: Voting for the nextmap started
L 08/15/2025 - 18:45:39: [mapchooser.amxx] Vote: Voting for the nextmap finished. The nextmap will be aim_DM
L 08/15/2025 - 18:47:44: -------- Mapchange to aim_DM --------
L 08/15/2025 - 18:47:44: [csdm_spawn_preset.amxx] No spawn points file found (addons/amxmodx/configs\csdm\aim_DM.spawns.cfg)
L 08/15/2025 - 18:47:44: [csdm_main.amxx] CSDM spawn mode set to preset
L 08/15/2025 - 18:55:44: [mapchooser.amxx] Vote: Voting for the nextmap started
L 08/15/2025 - 18:55:59: [mapchooser.amxx] Vote: Voting for the nextmap finished. The nextmap will be aim_dust2
L 08/15/2025 - 18:58:03: -------- Mapchange to aim_dust2 --------
L 08/15/2025 - 18:58:03: [csdm_spawn_preset.amxx] No spawn points file found (addons/amxmodx/configs\csdm\aim_dust2.spawns.cfg)
L 08/15/2025 - 18:58:03: [csdm_main.amxx] CSDM spawn mode set to preset
L 08/15/2025 - 19:06:03: [mapchooser.amxx] Vote: Voting for the nextmap started
L 08/15/2025 - 19:06:18: [mapchooser.amxx] Vote: Voting for the nextmap finished. The nextmap will be aim_headshot2
L 08/15/2025 - 19:08:22: -------- Mapchange to aim_headshot2 --------
L 08/15/2025 - 19:08:22: [csdm_spawn_preset.amxx] No spawn points file found (addons/amxmodx/configs\csdm\aim_headshot2.spawns.cfg)
L 08/15/2025 - 19:08:22: [csdm_main.amxx] CSDM spawn mode set to preset
L 08/15/2025 - 19:16:22: [mapchooser.amxx] Vote: Voting for the nextmap started
L 08/15/2025 - 19:16:37: [mapchooser.amxx] Vote: Voting for the nextmap finished. The nextmap will be aim_map_2010
L 08/15/2025 - 19:18:41: -------- Mapchange to aim_map_2010 --------
L 08/15/2025 - 19:18:41: [csdm_spawn_preset.amxx] No spawn points file found (addons/amxmodx/configs\csdm\aim_map_2010.spawns.cfg)
L 08/15/2025 - 19:18:41: [csdm_main.amxx] CSDM spawn mode set to preset
L 08/15/2025 - 19:26:41: [mapchooser.amxx] Vote: Voting for the nextmap started
L 08/15/2025 - 19:26:56: [mapchooser.amxx] Vote: Voting for the nextmap finished. The nextmap will be aim_sOt
L 08/15/2025 - 19:28:07: [admin.amxx] Login: "Johannes<655><ID_7dea362b3fac8e00956a4952a3d4><>" became an admin (account "Johannes") (access "abcdefghijklmnopqrstuv") (address "0.22.218.212")
L 08/15/2025 - 19:29:00: -------- Mapchange to aim_sOt --------
L 08/15/2025 - 19:29:00: [csdm_spawn_preset.amxx] No spawn points file found (addons/amxmodx/configs\csdm\aim_sOt.spawns.cfg)
L 08/15/2025 - 19:29:00: [csdm_main.amxx] CSDM spawn mode set to preset
L 08/15/2025 - 19:29:00: [admin.amxx] Login: "Johannes<656><ID_7dea362b3fac8e00956a4952a3d4><>" became an admin (account "Johannes") (access "abcdefghijklmnopqrstuv") (address "0.22.218.212")
L 08/15/2025 - 19:37:06: [mapchooser.amxx] Vote: Voting for the nextmap started
L 08/15/2025 - 19:37:21: [mapchooser.amxx] Vote: Voting for the nextmap finished. The nextmap will be gg_winterhold
L 08/15/2025 - 19:39:24: -------- Mapchange to gg_winterhold --------
L 08/15/2025 - 19:39:24: [csdm_spawn_preset.amxx] No spawn points file found (addons/amxmodx/configs\csdm\gg_winterhold.spawns.cfg)
L 08/15/2025 - 19:39:24: [csdm_main.amxx] CSDM spawn mode set to preset
L 08/15/2025 - 19:39:24: [admin.amxx] Login: "Johannes<660><ID_7dea362b3fac8e00956a4952a3d4><>" became an admin (account "Johannes") (access "abcdefghijklmnopqrstuv") (address "0.22.218.212")
L 08/15/2025 - 19:47:28: [mapchooser.amxx] Vote: Voting for the nextmap started
L 08/15/2025 - 19:47:43: [mapchooser.amxx] Vote: Voting for the nextmap finished. The nextmap will be fy_simpsons
L 08/15/2025 - 19:49:47: -------- Mapchange to fy_simpsons --------
L 08/15/2025 - 19:49:47: [csdm_spawn_preset.amxx] No spawn points file found (addons/amxmodx/configs\csdm\fy_simpsons.spawns.cfg)
L 08/15/2025 - 19:49:47: [csdm_main.amxx] CSDM spawn mode set to preset
L 08/15/2025 - 19:49:47: [admin.amxx] Login: "Johannes<664><ID_7dea362b3fac8e00956a4952a3d4><>" became an admin (account "Johannes") (access "abcdefghijklmnopqrstuv") (address "0.22.218.212")
L 08/15/2025 - 19:57:52: [mapchooser.amxx] Vote: Voting for the nextmap started
L 08/15/2025 - 19:58:07: [mapchooser.amxx] Vote: Voting for the nextmap finished. The nextmap will be fy_nuketown
L 08/15/2025 - 20:00:10: -------- Mapchange to fy_nuketown --------
L 08/15/2025 - 20:00:10: [csdm_spawn_preset.amxx] No spawn points file found (addons/amxmodx/configs\csdm\fy_nuketown.spawns.cfg)
L 08/15/2025 - 20:00:10: [csdm_main.amxx] CSDM spawn mode set to preset
L 08/15/2025 - 20:00:10: [admin.amxx] Login: "Johannes<668><ID_7dea362b3fac8e00956a4952a3d4><>" became an admin (account "Johannes") (access "abcdefghijklmnopqrstuv") (address "0.22.218.212")
L 08/15/2025 - 20:02:05: client_disconnected and client_remove forwards have been disabled - check your gamedata files.
L 08/15/2025 - 20:02:05: Binding/Hooking cvars have been disabled - check your gamedata files.
L 08/15/2025 - 20:02:05: -------- Mapchange to aim_map_2010 --------
L 08/15/2025 - 20:02:05: [CSTRIKE] svs global variable is not available
L 08/15/2025 - 20:02:05: [CSTRIKE] sv global variable is not available
L 08/15/2025 - 20:02:05: [csdm_spawn_preset.amxx] No spawn points file found (addons/amxmodx/configs\csdm\aim_map_2010.spawns.cfg)
L 08/15/2025 - 20:02:05: [csdm_main.amxx] CSDM spawn mode set to preset
L 08/15/2025 - 20:23:42: client_disconnected and client_remove forwards have been disabled - check your gamedata files.
L 08/15/2025 - 20:23:42: Binding/Hooking cvars have been disabled - check your gamedata files.
L 08/15/2025 - 20:23:42: -------- Mapchange to aim_map_2010 --------
L 08/15/2025 - 20:23:42: [CSTRIKE] svs global variable is not available
L 08/15/2025 - 20:23:42: [CSTRIKE] sv global variable is not available
L 08/15/2025 - 20:23:42: [csdm_spawn_preset.amxx] No spawn points file found (addons/amxmodx/configs\csdm\aim_map_2010.spawns.cfg)
L 08/15/2025 - 20:23:42: [csdm_main.amxx] CSDM spawn mode set to preset
L 08/15/2025 - 20:23:42: Invalid multi-lingual line (file "cstrike/addons/amxmodx/data/lang/gungame.txt" key "// For GunGame 2.13 - last updated 10:58 PM 1/2/2013" lang "")
L 08/15/2025 - 20:28:26: client_disconnected and client_remove forwards have been disabled - check your gamedata files.
L 08/15/2025 - 20:28:26: Binding/Hooking cvars have been disabled - check your gamedata files.
L 08/15/2025 - 20:28:26: -------- Mapchange to aim_map_2010 --------
L 08/15/2025 - 20:28:26: [CSTRIKE] svs global variable is not available
L 08/15/2025 - 20:28:26: [CSTRIKE] sv global variable is not available
L 08/15/2025 - 20:28:27: [csdm_spawn_preset.amxx] No spawn points file found (addons/amxmodx/configs\csdm\aim_map_2010.spawns.cfg)
L 08/15/2025 - 20:28:27: [csdm_main.amxx] CSDM spawn mode set to preset
L 08/15/2025 - 20:28:27: Invalid multi-lingual line (file "cstrike/addons/amxmodx/data/lang/gungame.txt" key "// For GunGame 2.13 - last updated 10:58 PM 1/2/2013" lang "")
L 08/15/2025 - 20:31:11: [admin.amxx] Login: "Johannes<5><ID_7dea362b3fac8e00956a4952a3d4><>" became an admin (account "Johannes") (access "abcdefghijklmnopqrstuv") (address "0.132.158.134")
L 08/15/2025 - 20:34:12: [admin.amxx] Login: "Johannes<6><ID_7dea362b3fac8e00956a4952a3d4><>" became an admin (account "Johannes") (access "abcdefghijklmnopqrstuv") (address "0.186.146.244")
L 08/15/2025 - 20:35:41: client_disconnected and client_remove forwards have been disabled - check your gamedata files.
L 08/15/2025 - 20:35:41: Binding/Hooking cvars have been disabled - check your gamedata files.
L 08/15/2025 - 20:35:41: -------- Mapchange to aim_map_2010 --------
L 08/15/2025 - 20:35:41: [CSTRIKE] svs global variable is not available
L 08/15/2025 - 20:35:41: [CSTRIKE] sv global variable is not available
L 08/15/2025 - 20:35:41: [csdm_spawn_preset.amxx] No spawn points file found (addons/amxmodx/configs\csdm\aim_map_2010.spawns.cfg)
L 08/15/2025 - 20:35:41: [csdm_main.amxx] CSDM spawn mode set to preset
L 08/15/2025 - 20:38:09: [admin.amxx] Login: "Johannes<5><ID_7dea362b3fac8e00956a4952a3d4><>" became an admin (account "Johannes") (access "abcdefghijklmnopqrstuv") (address "0.135.212.98")
L 08/15/2025 - 20:40:14: client_disconnected and client_remove forwards have been disabled - check your gamedata files.
L 08/15/2025 - 20:40:14: Binding/Hooking cvars have been disabled - check your gamedata files.
L 08/15/2025 - 20:40:14: -------- Mapchange to aim_map_2010 --------
L 08/15/2025 - 20:40:14: [CSTRIKE] svs global variable is not available
L 08/15/2025 - 20:40:14: [CSTRIKE] sv global variable is not available
L 08/15/2025 - 20:40:15: [csdm_spawn_preset.amxx] No spawn points file found (addons/amxmodx/configs\csdm\aim_map_2010.spawns.cfg)
L 08/15/2025 - 20:40:15: [csdm_main.amxx] CSDM spawn mode set to preset
L 08/15/2025 - 20:42:28: [admin.amxx] Login: "Johannes<5><ID_7dea362b3fac8e00956a4952a3d4><>" became an admin (account "Johannes") (access "abcdefghijklmnopqrstuv") (address "0.186.122.159")
L 08/15/2025 - 20:42:41: client_disconnected and client_remove forwards have been disabled - check your gamedata files.
L 08/15/2025 - 20:42:41: Binding/Hooking cvars have been disabled - check your gamedata files.
L 08/15/2025 - 20:42:41: -------- Mapchange to aim_map_2010 --------
L 08/15/2025 - 20:42:41: [CSTRIKE] svs global variable is not available
L 08/15/2025 - 20:42:41: [CSTRIKE] sv global variable is not available
L 08/15/2025 - 20:42:41: [csdm_spawn_preset.amxx] No spawn points file found (addons/amxmodx/configs\csdm\aim_map_2010.spawns.cfg)
L 08/15/2025 - 20:42:41: [csdm_main.amxx] CSDM spawn mode set to preset
L 08/15/2025 - 20:43:30: client_disconnected and client_remove forwards have been disabled - check your gamedata files.
L 08/15/2025 - 20:43:30: Binding/Hooking cvars have been disabled - check your gamedata files.
L 08/15/2025 - 20:43:30: -------- Mapchange to aim_map_2010 --------
L 08/15/2025 - 20:43:30: [CSTRIKE] svs global variable is not available
L 08/15/2025 - 20:43:30: [CSTRIKE] sv global variable is not available
L 08/15/2025 - 20:43:30: [csdm_spawn_preset.amxx] No spawn points file found (addons/amxmodx/configs\csdm\aim_map_2010.spawns.cfg)
L 08/15/2025 - 20:43:30: [csdm_main.amxx] CSDM spawn mode set to preset
L 08/15/2025 - 20:51:30: [mapchooser.amxx] Vote: Voting for the nextmap started
L 08/15/2025 - 20:51:45: [mapchooser.amxx] Vote: Voting for the nextmap finished. The nextmap will be aim_1on1map
L 08/15/2025 - 20:53:49: -------- Mapchange to aim_1on1map --------
L 08/15/2025 - 20:53:49: [csdm_spawn_preset.amxx] No spawn points file found (addons/amxmodx/configs\csdm\aim_1on1map.spawns.cfg)
L 08/15/2025 - 20:53:49: [csdm_main.amxx] CSDM spawn mode set to preset
L 08/15/2025 - 21:01:49: [mapchooser.amxx] Vote: Voting for the nextmap started
L 08/15/2025 - 21:02:04: [mapchooser.amxx] Vote: Voting for the nextmap finished. The nextmap will be aim_ak_colt_duel
L 08/15/2025 - 21:04:08: -------- Mapchange to aim_ak_colt_duel --------
L 08/15/2025 - 21:04:08: [csdm_spawn_preset.amxx] No spawn points file found (addons/amxmodx/configs\csdm\aim_ak_colt_duel.spawns.cfg)
L 08/15/2025 - 21:04:08: [csdm_main.amxx] CSDM spawn mode set to preset
L 08/15/2025 - 21:12:08: [mapchooser.amxx] Vote: Voting for the nextmap started
L 08/15/2025 - 21:12:23: [mapchooser.amxx] Vote: Voting for the nextmap finished. The nextmap will be aim_DM
L 08/15/2025 - 21:14:27: -------- Mapchange to aim_DM --------
L 08/15/2025 - 21:14:27: [csdm_spawn_preset.amxx] No spawn points file found (addons/amxmodx/configs\csdm\aim_DM.spawns.cfg)
L 08/15/2025 - 21:14:27: [csdm_main.amxx] CSDM spawn mode set to preset
L 08/15/2025 - 21:22:27: [mapchooser.amxx] Vote: Voting for the nextmap started
L 08/15/2025 - 21:22:42: [mapchooser.amxx] Vote: Voting for the nextmap finished. The nextmap will be aim_dust2
L 08/15/2025 - 21:24:46: -------- Mapchange to aim_dust2 --------
L 08/15/2025 - 21:24:46: [csdm_spawn_preset.amxx] No spawn points file found (addons/amxmodx/configs\csdm\aim_dust2.spawns.cfg)
L 08/15/2025 - 21:24:46: [csdm_main.amxx] CSDM spawn mode set to preset
L 08/15/2025 - 21:32:46: [mapchooser.amxx] Vote: Voting for the nextmap started
L 08/15/2025 - 21:33:02: [mapchooser.amxx] Vote: Voting for the nextmap finished. The nextmap will be aim_headshot2
L 08/15/2025 - 21:35:06: -------- Mapchange to aim_headshot2 --------
L 08/15/2025 - 21:35:06: [csdm_spawn_preset.amxx] No spawn points file found (addons/amxmodx/configs\csdm\aim_headshot2.spawns.cfg)
L 08/15/2025 - 21:35:06: [csdm_main.amxx] CSDM spawn mode set to preset
L 08/15/2025 - 21:43:06: [mapchooser.amxx] Vote: Voting for the nextmap started
L 08/15/2025 - 21:43:21: [mapchooser.amxx] Vote: Voting for the nextmap finished. The nextmap will be aim_map_2010
L 08/15/2025 - 21:45:25: -------- Mapchange to aim_map_2010 --------
L 08/15/2025 - 21:45:25: [csdm_spawn_preset.amxx] No spawn points file found (addons/amxmodx/configs\csdm\aim_map_2010.spawns.cfg)
L 08/15/2025 - 21:45:25: [csdm_main.amxx] CSDM spawn mode set to preset
L 08/15/2025 - 21:53:25: [mapchooser.amxx] Vote: Voting for the nextmap started
L 08/15/2025 - 21:53:40: [mapchooser.amxx] Vote: Voting for the nextmap finished. The nextmap will be aim_sOt
L 08/15/2025 - 21:55:44: -------- Mapchange to aim_sOt --------
L 08/15/2025 - 21:55:44: [csdm_spawn_preset.amxx] No spawn points file found (addons/amxmodx/configs\csdm\aim_sOt.spawns.cfg)
L 08/15/2025 - 21:55:44: [csdm_main.amxx] CSDM spawn mode set to preset
L 08/15/2025 - 22:03:44: [mapchooser.amxx] Vote: Voting for the nextmap started
L 08/15/2025 - 22:03:59: [mapchooser.amxx] Vote: Voting for the nextmap finished. The nextmap will be Aim_training
L 08/15/2025 - 22:06:03: -------- Mapchange to Aim_training --------
L 08/15/2025 - 22:06:03: [csdm_spawn_preset.amxx] No spawn points file found (addons/amxmodx/configs\csdm\Aim_training.spawns.cfg)
L 08/15/2025 - 22:06:03: [csdm_main.amxx] CSDM spawn mode set to preset
